2020-08-11 15:11:35 [INFO] <KERNEL> Starting common-lisp kernel
2020-08-11 15:11:35 [INFO] <KERNEL> Parsing connection file /home/app/.local/share/jupyter/runtime/kernel-eaba4e60-7758-411d-95cc-35b7a60741bb.json
2020-08-11 15:11:35 [INFO] <KERNEL> (OBJ (shell_port . 36989)
                                     (iopub_port . 56377) (stdin_port . 45817)
                                     (control_port . 49439) (hb_port . 37619)
                                     (ip . 127.0.0.1)
                                     (key . 3d5e302f-b0d3649faf5a53cd4737e3d2)
                                     (transport . tcp)
                                     (signature_scheme . hmac-sha256)
                                     (kernel_name . cando))
2020-08-11 15:11:36 [INFO] <MAC> Starting message authentification
2020-08-11 15:11:36 [INFO] <MAC> Using signature scheme hmac-sha256 for message signing.
2020-08-11 15:11:36 [INFO] <HB-CHANNEL> Starting channel on tcp://127.0.0.1:37619
2020-08-11 15:11:36 [INFO] <HB-CHANNEL> Starting thread
2020-08-11 15:11:36 [INFO] <IOPUB-CHANNEL> Starting channel on tcp://127.0.0.1:56377
2020-08-11 15:11:36 [INFO] <SHELL-CHANNEL> Starting channel on tcp://127.0.0.1:36989
2020-08-11 15:11:36 [INFO] <SHELL-CHANNEL> Starting thread
2020-08-11 15:11:36 [INFO] <STDIN-CHANNEL> Starting channel on tcp://127.0.0.1:45817
2020-08-11 15:11:36 [INFO] <CONTROL-CHANNEL> Starting channel on tcp://127.0.0.1:49439
2020-08-11 15:11:36 [INFO] <CONTROL-CHANNEL> Starting thread
2020-08-11 15:11:36 [INFO] <HISTORY> Starting history
2020-08-11 15:11:36 [INFO] <KERNEL> Setting amber host pathname translation -> /opt/amber18/
2020-08-11 15:11:36 [INFO] <KERNEL> Loading CLHS map
2020-08-11 15:11:36 [INFO] <SHELL-CHANNEL> Received kernel_info_request message
2020-08-11 15:11:36 [INFO] <KERNEL> Handling kernel_info_request message
2020-08-11 15:11:36 [INFO] <SHELL-CHANNEL> Received kernel_info_request message
2020-08-11 15:11:36 [INFO] <SHELL-CHANNEL> Received comm_info_request message
2020-08-11 15:11:36 [INFO] <KERNEL> Handling kernel_info_request message
2020-08-11 15:11:36 [INFO] <KERNEL> Handling comm_info_request message
2020-08-11 15:19:39 [INFO] <CONTROL-CHANNEL> Received shutdown_request message
2020-08-11 15:19:39 [INFO] <KERNEL> Handling shutdown_request message
2020-08-11 15:19:39 [INFO] <KERNEL> Stopping common-lisp kernel
2020-08-11 15:19:39 [INFO] <HB-CHANNEL> Stopping thread
2020-08-11 15:19:39 [INFO] <HB-CHANNEL> Stopping channel
2020-08-11 15:19:39 [INFO] <IOPUB-CHANNEL> Stopping channel
2020-08-11 15:19:39 [INFO] <SHELL-CHANNEL> Stopping thread
2020-08-11 15:19:39 [INFO] <SHELL-CHANNEL> Stopping channel
2020-08-11 15:19:39 [INFO] <STDIN-CHANNEL> Stopping channel
2020-08-11 15:19:39 [INFO] <CONTROL-CHANNEL> Stopping thread
2020-08-11 15:19:39 [INFO] <CONTROL-CHANNEL> Stopping channel
2020-08-11 15:19:39 [INFO] <MAC> Stopping message authentification
2020-08-11 15:19:39 [INFO] <HISTORY> Stopping history
