2020-08-20 12:22:18 [INFO] <KERNEL> Starting common-lisp kernel
2020-08-20 12:22:18 [INFO] <KERNEL> Parsing connection file /Users/yonkunas/Library/Jupyter/runtime/kernel-48518934-831b-4a72-a330-d5a66a3b7bdf.json
2020-08-20 12:22:18 [INFO] <KERNEL> (OBJ (shell_port . 55977)
                                     (iopub_port . 55978) (stdin_port . 55979)
                                     (control_port . 55981) (hb_port . 55980)
                                     (ip . 127.0.0.1)
                                     (key . 8b1a920a-fc030697260f58b058eb64c4)
                                     (transport . tcp)
                                     (signature_scheme . hmac-sha256)
                                     (kernel_name . cando))
2020-08-20 12:22:18 [INFO] <MAC> Starting message authentification
2020-08-20 12:22:18 [INFO] <MAC> Using signature scheme hmac-sha256 for message signing.
2020-08-20 12:22:18 [INFO] <HB-CHANNEL> Starting channel on tcp://127.0.0.1:55980
2020-08-20 12:22:18 [INFO] <IOPUB-CHANNEL> Starting channel on tcp://127.0.0.1:55978
2020-08-20 12:22:18 [INFO] <SHELL-CHANNEL> Starting channel on tcp://127.0.0.1:55977
2020-08-20 12:22:18 [INFO] <HB-CHANNEL> Starting thread
2020-08-20 12:22:18 [INFO] <STDIN-CHANNEL> Starting channel on tcp://127.0.0.1:55979
2020-08-20 12:22:18 [INFO] <CONTROL-CHANNEL> Starting channel on tcp://127.0.0.1:55981
2020-08-20 12:22:18 [INFO] <HISTORY> Starting history
2020-08-20 12:22:18 [INFO] <KERNEL> Setting amber host pathname translation -> /opt/amber/
2020-08-20 12:22:18 [INFO] <KERNEL> Waiting for control message
2020-08-20 12:22:18 [INFO] <KERNEL> Loading CLHS map
2020-08-20 12:22:18 [INFO] <KERNEL> Handling kernel_info_request message
2020-08-20 12:22:18 [INFO] <KERNEL> Handling kernel_info_request message
2020-08-20 12:22:18 [INFO] <KERNEL> Handling comm_info_request message
2020-08-20 14:51:35 [INFO] <KERNEL> Handling shutdown_request message
2020-08-20 14:51:35 [INFO] <KERNEL> Stopping common-lisp kernel
2020-08-20 14:51:35 [INFO] <HB-CHANNEL> Stopping thread
2020-08-20 14:51:35 [INFO] <HB-CHANNEL> Stopping channel
2020-08-20 14:51:35 [INFO] <IOPUB-CHANNEL> Stopping channel
2020-08-20 14:51:35 [INFO] <SHELL-CHANNEL> Stopping channel
2020-08-20 14:51:35 [INFO] <STDIN-CHANNEL> Stopping channel
2020-08-20 14:51:35 [INFO] <CONTROL-CHANNEL> Stopping channel
2020-08-20 14:51:35 [INFO] <MAC> Stopping message authentification
2020-08-20 14:51:35 [INFO] <HISTORY> Stopping history
