2020-08-11 15:25:38 [INFO] <KERNEL> Starting common-lisp kernel
2020-08-11 15:25:38 [INFO] <KERNEL> Parsing connection file /home/app/.local/share/jupyter/runtime/kernel-0c293005-0146-424d-98a1-bb9ce49f0e61.json
2020-08-11 15:25:38 [INFO] <KERNEL> (OBJ (shell_port . 49599)
                                     (iopub_port . 36579) (stdin_port . 40945)
                                     (control_port . 53873) (hb_port . 45221)
                                     (ip . 127.0.0.1)
                                     (key . d5054f34-ea21cc034a816efa7b421c5e)
                                     (transport . tcp)
                                     (signature_scheme . hmac-sha256)
                                     (kernel_name . cando))
2020-08-11 15:25:38 [INFO] <MAC> Starting message authentification
2020-08-11 15:25:38 [INFO] <MAC> Using signature scheme hmac-sha256 for message signing.
2020-08-11 15:25:38 [INFO] <HB-CHANNEL> Starting channel on tcp://127.0.0.1:45221
2020-08-11 15:25:38 [INFO] <IOPUB-CHANNEL> Starting channel on tcp://127.0.0.1:36579
2020-08-11 15:25:38 [INFO] <HB-CHANNEL> Starting thread
2020-08-11 15:25:38 [INFO] <SHELL-CHANNEL> Starting channel on tcp://127.0.0.1:49599
2020-08-11 15:25:38 [INFO] <SHELL-CHANNEL> Starting thread
2020-08-11 15:25:38 [INFO] <STDIN-CHANNEL> Starting channel on tcp://127.0.0.1:40945
2020-08-11 15:25:38 [INFO] <CONTROL-CHANNEL> Starting channel on tcp://127.0.0.1:53873
2020-08-11 15:25:38 [INFO] <CONTROL-CHANNEL> Starting thread
2020-08-11 15:25:38 [INFO] <HISTORY> Starting history
2020-08-11 15:25:38 [INFO] <KERNEL> Setting amber host pathname translation -> /opt/amber18/
2020-08-11 15:25:38 [INFO] <KERNEL> Loading CLHS map
2020-08-11 15:25:38 [INFO] <SHELL-CHANNEL> Received kernel_info_request message
2020-08-11 15:25:38 [INFO] <KERNEL> Handling kernel_info_request message
2020-08-11 15:25:38 [INFO] <SHELL-CHANNEL> Received kernel_info_request message
2020-08-11 15:25:38 [INFO] <KERNEL> Handling kernel_info_request message
2020-08-11 15:25:38 [INFO] <SHELL-CHANNEL> Received comm_info_request message
2020-08-11 15:25:38 [INFO] <KERNEL> Handling comm_info_request message
2020-08-11 20:08:51 [INFO] <CONTROL-CHANNEL> Received shutdown_request message
2020-08-11 20:08:51 [INFO] <KERNEL> Handling shutdown_request message
2020-08-11 20:08:51 [INFO] <KERNEL> Stopping common-lisp kernel
2020-08-11 20:08:51 [INFO] <HB-CHANNEL> Stopping thread
2020-08-11 20:08:51 [INFO] <HB-CHANNEL> Stopping channel
2020-08-11 20:08:51 [INFO] <IOPUB-CHANNEL> Stopping channel
2020-08-11 20:08:51 [INFO] <SHELL-CHANNEL> Stopping thread
2020-08-11 20:08:51 [INFO] <SHELL-CHANNEL> Stopping channel
2020-08-11 20:08:51 [INFO] <STDIN-CHANNEL> Stopping channel
2020-08-11 20:08:51 [INFO] <CONTROL-CHANNEL> Stopping thread
2020-08-11 20:08:51 [INFO] <CONTROL-CHANNEL> Stopping channel
2020-08-11 20:08:51 [INFO] <MAC> Stopping message authentification
2020-08-11 20:08:51 [INFO] <HISTORY> Stopping history
