2020-08-18 12:48:12 [INFO] <KERNEL> Starting common-lisp kernel
2020-08-18 12:48:12 [INFO] <KERNEL> Parsing connection file /Users/yonkunas/Library/Jupyter/runtime/kernel-f6b92bcb-6f26-4065-ac3d-fc1eec90f66f.json
2020-08-18 12:48:12 [INFO] <KERNEL> (OBJ (shell_port . 61224)
                                     (iopub_port . 61225) (stdin_port . 61226)
                                     (control_port . 61228) (hb_port . 61227)
                                     (ip . 127.0.0.1)
                                     (key . 43aefeee-92389cbf38c2089be38e9fb3)
                                     (transport . tcp)
                                     (signature_scheme . hmac-sha256)
                                     (kernel_name . cando))
2020-08-18 12:48:12 [INFO] <MAC> Starting message authentification
2020-08-18 12:48:12 [INFO] <MAC> Using signature scheme hmac-sha256 for message signing.
2020-08-18 12:48:12 [INFO] <HB-CHANNEL> Starting channel on tcp://127.0.0.1:61227
2020-08-18 12:48:12 [INFO] <IOPUB-CHANNEL> Starting channel on tcp://127.0.0.1:61225
2020-08-18 12:48:12 [INFO] <SHELL-CHANNEL> Starting channel on tcp://127.0.0.1:61224
2020-08-18 12:48:12 [INFO] <STDIN-CHANNEL> Starting channel on tcp://127.0.0.1:61226
2020-08-18 12:48:12 [INFO] <HB-CHANNEL> Starting thread
2020-08-18 12:48:12 [INFO] <CONTROL-CHANNEL> Starting channel on tcp://127.0.0.1:61228
2020-08-18 12:48:12 [INFO] <HISTORY> Starting history
2020-08-18 12:48:12 [INFO] <KERNEL> Setting amber host pathname translation -> /opt/amber/
2020-08-18 12:48:12 [INFO] <KERNEL> Waiting for control message
2020-08-18 12:48:12 [INFO] <KERNEL> Loading CLHS map
2020-08-18 12:48:12 [INFO] <KERNEL> Handling kernel_info_request message
2020-08-18 12:48:12 [INFO] <KERNEL> Handling kernel_info_request message
2020-08-18 12:48:12 [INFO] <KERNEL> Handling kernel_info_request message
2020-08-18 12:48:12 [INFO] <KERNEL> Handling comm_info_request message
2020-08-18 12:48:24 [INFO] <KERNEL> Handling execute_request message
2020-08-18 12:48:30 [INFO] <KERNEL> Handling execute_request message
2020-08-18 12:48:30 [INFO] <NULL> Setting up the *remote-call-thread-queue* and *remote-call-thread*
2020-08-18 12:48:31 [INFO] <KERNEL> Handling comm_close
2020-08-18 12:48:31 [INFO] <KERNEL> Handling comm_close
2020-08-18 12:48:31 [INFO] <KERNEL> Handling comm_msg message
2020-08-18 12:48:31 [INFO] <KERNEL> Handling comm_msg message
2020-08-18 12:48:31 [INFO] <KERNEL> Handling comm_close
2020-08-18 12:48:31 [INFO] <KERNEL> Handling comm_close
2020-08-18 12:48:31 [INFO] <KERNEL> Handling comm_close
2020-08-18 12:48:31 [INFO] <KERNEL> Handling comm_close
2020-08-18 12:48:31 [INFO] <KERNEL> Handling comm_close
2020-08-18 12:53:18 [INFO] <KERNEL> Handling execute_request message
2020-08-18 12:53:19 [INFO] <KERNEL> Handling comm_close
2020-08-18 12:53:19 [INFO] <KERNEL> Handling comm_close
2020-08-18 12:53:19 [INFO] <KERNEL> Handling comm_close
2020-08-18 12:53:19 [INFO] <KERNEL> Handling comm_close
2020-08-18 12:53:19 [INFO] <KERNEL> Handling comm_close
2020-08-18 13:02:59 [INFO] <KERNEL> Handling kernel_info_request message
2020-08-18 13:02:59 [INFO] <KERNEL> Handling comm_info_request message
2020-08-18 13:03:08 [INFO] <KERNEL> Handling kernel_info_request message
2020-08-18 13:03:22 [INFO] <KERNEL> Handling shutdown_request message
2020-08-18 13:03:22 [INFO] <KERNEL> Stopping common-lisp kernel
2020-08-18 13:03:22 [INFO] <HB-CHANNEL> Stopping thread
2020-08-18 13:03:22 [INFO] <HB-CHANNEL> Stopping channel
2020-08-18 13:03:22 [INFO] <IOPUB-CHANNEL> Stopping channel
2020-08-18 13:03:22 [INFO] <SHELL-CHANNEL> Stopping channel
2020-08-18 13:03:22 [INFO] <STDIN-CHANNEL> Stopping channel
2020-08-18 13:03:22 [INFO] <CONTROL-CHANNEL> Stopping channel
2020-08-18 13:03:22 [INFO] <MAC> Stopping message authentification
2020-08-18 13:03:22 [INFO] <HISTORY> Stopping history
