2020-08-17 15:35:38 [INFO] <KERNEL> Starting common-lisp kernel
2020-08-17 15:35:38 [INFO] <KERNEL> Parsing connection file /Users/yonkunas/Library/Jupyter/runtime/kernel-e364df5e-4b7b-4ce0-b1ab-c7da85e1e262.json
2020-08-17 15:35:38 [INFO] <KERNEL> (OBJ (shell_port . 58863)
                                     (iopub_port . 58864) (stdin_port . 58865)
                                     (control_port . 58867) (hb_port . 58866)
                                     (ip . 127.0.0.1)
                                     (key . 577f658b-d786d8d8f7f41f8b3ab431dc)
                                     (transport . tcp)
                                     (signature_scheme . hmac-sha256)
                                     (kernel_name . cando))
2020-08-17 15:35:38 [INFO] <MAC> Starting message authentification
2020-08-17 15:35:38 [INFO] <MAC> Using signature scheme hmac-sha256 for message signing.
2020-08-17 15:35:38 [INFO] <HB-CHANNEL> Starting channel on tcp://127.0.0.1:58866
2020-08-17 15:35:38 [INFO] <IOPUB-CHANNEL> Starting channel on tcp://127.0.0.1:58864
2020-08-17 15:35:38 [INFO] <SHELL-CHANNEL> Starting channel on tcp://127.0.0.1:58863
2020-08-17 15:35:38 [INFO] <STDIN-CHANNEL> Starting channel on tcp://127.0.0.1:58865
2020-08-17 15:35:38 [INFO] <HB-CHANNEL> Starting thread
2020-08-17 15:35:38 [INFO] <CONTROL-CHANNEL> Starting channel on tcp://127.0.0.1:58867
2020-08-17 15:35:38 [INFO] <HISTORY> Starting history
2020-08-17 15:35:38 [INFO] <KERNEL> Setting amber host pathname translation -> /opt/amber/
2020-08-17 15:35:38 [INFO] <KERNEL> Waiting for control message
2020-08-17 15:35:38 [INFO] <KERNEL> Loading CLHS map
2020-08-17 15:35:38 [INFO] <KERNEL> Handling kernel_info_request message
2020-08-17 15:35:38 [INFO] <KERNEL> Handling kernel_info_request message
2020-08-17 15:35:38 [INFO] <KERNEL> Handling comm_info_request message
2020-08-17 19:03:37 [INFO] <KERNEL> Handling shutdown_request message
2020-08-17 19:03:37 [INFO] <KERNEL> Stopping common-lisp kernel
2020-08-17 19:03:37 [INFO] <HB-CHANNEL> Stopping thread
2020-08-17 19:03:37 [INFO] <HB-CHANNEL> Stopping channel
2020-08-17 19:03:37 [INFO] <IOPUB-CHANNEL> Stopping channel
2020-08-17 19:03:37 [INFO] <SHELL-CHANNEL> Stopping channel
2020-08-17 19:03:37 [INFO] <STDIN-CHANNEL> Stopping channel
2020-08-17 19:03:37 [INFO] <CONTROL-CHANNEL> Stopping channel
2020-08-17 19:03:37 [INFO] <MAC> Stopping message authentification
2020-08-17 19:03:37 [INFO] <HISTORY> Stopping history
