2020-08-17 22:41:42 [INFO] <KERNEL> Starting common-lisp kernel
2020-08-17 22:41:42 [INFO] <KERNEL> Parsing connection file /Users/yonkunas/Library/Jupyter/runtime/kernel-0c40b45a-5fbb-495a-9984-5fbf876378c0.json
2020-08-17 22:41:42 [INFO] <KERNEL> (OBJ (shell_port . 63295)
                                     (iopub_port . 63296) (stdin_port . 63297)
                                     (control_port . 63299) (hb_port . 63298)
                                     (ip . 127.0.0.1)
                                     (key . 842ae2e9-d1819729c13a6e9834ba6720)
                                     (transport . tcp)
                                     (signature_scheme . hmac-sha256)
                                     (kernel_name . cando))
2020-08-17 22:41:42 [INFO] <MAC> Starting message authentification
2020-08-17 22:41:42 [INFO] <MAC> Using signature scheme hmac-sha256 for message signing.
2020-08-17 22:41:42 [INFO] <HB-CHANNEL> Starting channel on tcp://127.0.0.1:63298
2020-08-17 22:41:42 [INFO] <IOPUB-CHANNEL> Starting channel on tcp://127.0.0.1:63296
2020-08-17 22:41:42 [INFO] <SHELL-CHANNEL> Starting channel on tcp://127.0.0.1:63295
2020-08-17 22:41:42 [INFO] <HB-CHANNEL> Starting thread
2020-08-17 22:41:42 [INFO] <STDIN-CHANNEL> Starting channel on tcp://127.0.0.1:63297
2020-08-17 22:41:42 [INFO] <CONTROL-CHANNEL> Starting channel on tcp://127.0.0.1:63299
2020-08-17 22:41:42 [INFO] <HISTORY> Starting history
2020-08-17 22:41:42 [INFO] <KERNEL> Setting amber host pathname translation -> /opt/amber/
2020-08-17 22:41:42 [INFO] <KERNEL> Waiting for control message
2020-08-17 22:41:42 [INFO] <KERNEL> Loading CLHS map
2020-08-17 22:41:42 [INFO] <KERNEL> Handling kernel_info_request message
2020-08-17 22:41:42 [INFO] <KERNEL> Handling kernel_info_request message
2020-08-17 22:41:42 [INFO] <KERNEL> Handling kernel_info_request message
2020-08-17 22:41:42 [INFO] <KERNEL> Handling comm_info_request message
2020-08-17 22:41:52 [INFO] <KERNEL> Handling execute_request message
2020-08-17 22:42:00 [INFO] <KERNEL> Handling execute_request message
2020-08-17 22:42:00 [INFO] <NULL> Setting up the *remote-call-thread-queue* and *remote-call-thread*
2020-08-17 22:42:01 [INFO] <KERNEL> Handling comm_close
2020-08-17 22:42:01 [INFO] <KERNEL> Handling comm_close
2020-08-17 22:42:01 [INFO] <KERNEL> Handling comm_msg message
2020-08-17 22:42:01 [INFO] <KERNEL> Handling comm_msg message
2020-08-17 22:42:01 [INFO] <KERNEL> Handling comm_close
2020-08-17 22:42:01 [INFO] <KERNEL> Handling comm_close
2020-08-17 22:42:01 [INFO] <KERNEL> Handling comm_close
2020-08-17 22:42:01 [INFO] <KERNEL> Handling comm_close
2020-08-17 22:42:01 [INFO] <KERNEL> Handling comm_close
2020-08-17 22:46:23 [INFO] <KERNEL> Handling shutdown_request message
2020-08-17 22:46:23 [INFO] <KERNEL> Stopping common-lisp kernel
2020-08-17 22:46:23 [INFO] <HB-CHANNEL> Stopping thread
2020-08-17 22:46:23 [INFO] <HB-CHANNEL> Stopping channel
2020-08-17 22:46:23 [INFO] <IOPUB-CHANNEL> Stopping channel
2020-08-17 22:46:23 [INFO] <SHELL-CHANNEL> Stopping channel
2020-08-17 22:46:23 [INFO] <STDIN-CHANNEL> Stopping channel
2020-08-17 22:46:23 [INFO] <CONTROL-CHANNEL> Stopping channel
2020-08-17 22:46:23 [INFO] <MAC> Stopping message authentification
2020-08-17 22:46:23 [INFO] <HISTORY> Stopping history
