2020-08-11 20:38:11 [INFO] <KERNEL> Starting common-lisp kernel
2020-08-11 20:38:11 [INFO] <KERNEL> Parsing connection file /home/app/.local/share/jupyter/runtime/kernel-7e922ea7-24d2-498d-902a-730a95eb3c2f.json
2020-08-11 20:38:11 [INFO] <KERNEL> (OBJ (shell_port . 34873)
                                     (iopub_port . 57195) (stdin_port . 35205)
                                     (control_port . 33945) (hb_port . 50749)
                                     (ip . 127.0.0.1)
                                     (key . 88b574be-72b9c0a89b8e9229f80512a6)
                                     (transport . tcp)
                                     (signature_scheme . hmac-sha256)
                                     (kernel_name . cando))
2020-08-11 20:38:11 [INFO] <MAC> Starting message authentification
2020-08-11 20:38:11 [INFO] <MAC> Using signature scheme hmac-sha256 for message signing.
2020-08-11 20:38:11 [INFO] <HB-CHANNEL> Starting channel on tcp://127.0.0.1:50749
2020-08-11 20:38:11 [INFO] <IOPUB-CHANNEL> Starting channel on tcp://127.0.0.1:57195
2020-08-11 20:38:11 [INFO] <HB-CHANNEL> Starting thread
2020-08-11 20:38:11 [INFO] <SHELL-CHANNEL> Starting channel on tcp://127.0.0.1:34873
2020-08-11 20:38:11 [INFO] <SHELL-CHANNEL> Starting thread
2020-08-11 20:38:11 [INFO] <STDIN-CHANNEL> Starting channel on tcp://127.0.0.1:35205
2020-08-11 20:38:11 [INFO] <CONTROL-CHANNEL> Starting channel on tcp://127.0.0.1:33945
2020-08-11 20:38:11 [INFO] <CONTROL-CHANNEL> Starting thread
2020-08-11 20:38:11 [INFO] <HISTORY> Starting history
2020-08-11 20:38:11 [INFO] <KERNEL> Loading CLHS map
2020-08-11 20:38:11 [INFO] <KERNEL> Setting amber host pathname translation -> /opt/amber18/
2020-08-11 20:38:12 [INFO] <SHELL-CHANNEL> Received kernel_info_request message
2020-08-11 20:38:12 [INFO] <KERNEL> Handling kernel_info_request message
2020-08-11 20:38:12 [INFO] <SHELL-CHANNEL> Received kernel_info_request message
2020-08-11 20:38:12 [INFO] <KERNEL> Handling kernel_info_request message
2020-08-11 20:38:12 [INFO] <SHELL-CHANNEL> Received comm_info_request message
2020-08-11 20:38:12 [INFO] <KERNEL> Handling comm_info_request message
2020-08-11 20:38:25 [INFO] <SHELL-CHANNEL> Received execute_request message
2020-08-11 20:38:25 [INFO] <KERNEL> Handling execute_request message
2020-08-11 20:39:13 [INFO] <SHELL-CHANNEL> Received execute_request message
2020-08-11 20:39:13 [INFO] <KERNEL> Handling execute_request message
2020-08-11 20:39:17 [INFO] <SHELL-CHANNEL> Received execute_request message
2020-08-11 20:39:17 [INFO] <KERNEL> Handling execute_request message
2020-08-11 20:39:21 [INFO] <SHELL-CHANNEL> Received execute_request message
2020-08-11 20:39:21 [INFO] <KERNEL> Handling execute_request message
2020-08-11 23:32:21 [INFO] <SHELL-CHANNEL> Received kernel_info_request message
2020-08-11 23:32:21 [INFO] <SHELL-CHANNEL> Received comm_info_request message
2020-08-11 23:32:21 [INFO] <KERNEL> Handling kernel_info_request message
2020-08-11 23:32:21 [INFO] <KERNEL> Handling comm_info_request message
2020-08-12 00:24:26 [INFO] <SHELL-CHANNEL> Received execute_request message
2020-08-12 00:24:26 [INFO] <KERNEL> Handling execute_request message
2020-08-12 00:24:57 [INFO] <SHELL-CHANNEL> Received execute_request message
2020-08-12 00:24:57 [INFO] <KERNEL> Handling execute_request message
2020-08-12 00:25:01 [INFO] <SHELL-CHANNEL> Received execute_request message
2020-08-12 00:25:01 [INFO] <KERNEL> Handling execute_request message
2020-08-12 00:25:10 [INFO] <SHELL-CHANNEL> Received execute_request message
2020-08-12 00:25:10 [INFO] <KERNEL> Handling execute_request message
2020-08-12 00:25:39 [INFO] <SHELL-CHANNEL> Received execute_request message
2020-08-12 00:25:39 [INFO] <KERNEL> Handling execute_request message
2020-08-12 00:26:24 [INFO] <CONTROL-CHANNEL> Received shutdown_request message
2020-08-12 00:26:24 [INFO] <KERNEL> Handling shutdown_request message
2020-08-12 00:26:24 [INFO] <KERNEL> Stopping common-lisp kernel
2020-08-12 00:26:24 [INFO] <HB-CHANNEL> Stopping thread
2020-08-12 00:26:24 [INFO] <HB-CHANNEL> Stopping channel
2020-08-12 00:26:24 [INFO] <IOPUB-CHANNEL> Stopping channel
2020-08-12 00:26:24 [INFO] <SHELL-CHANNEL> Stopping thread
2020-08-12 00:26:24 [INFO] <SHELL-CHANNEL> Stopping channel
2020-08-12 00:26:24 [INFO] <STDIN-CHANNEL> Stopping channel
2020-08-12 00:26:24 [INFO] <CONTROL-CHANNEL> Stopping thread
2020-08-12 00:26:24 [INFO] <CONTROL-CHANNEL> Stopping channel
2020-08-12 00:26:24 [INFO] <MAC> Stopping message authentification
2020-08-12 00:26:24 [INFO] <HISTORY> Stopping history
