2020-08-11 13:29:39 [INFO] <KERNEL> Starting common-lisp kernel
2020-08-11 13:29:39 [INFO] <KERNEL> Parsing connection file /home/app/.local/share/jupyter/runtime/kernel-d8d8af20-d5f7-4bae-b718-159963a51f0e.json
2020-08-11 13:29:39 [INFO] <KERNEL> (OBJ (shell_port . 43603)
                                     (iopub_port . 33815) (stdin_port . 59521)
                                     (control_port . 44845) (hb_port . 54367)
                                     (ip . 127.0.0.1)
                                     (key . 595ffc02-6c4b000a28113677f2e6754d)
                                     (transport . tcp)
                                     (signature_scheme . hmac-sha256)
                                     (kernel_name . cando))
2020-08-11 13:29:39 [INFO] <MAC> Starting message authentification
2020-08-11 13:29:39 [INFO] <MAC> Using signature scheme hmac-sha256 for message signing.
2020-08-11 13:29:39 [INFO] <HB-CHANNEL> Starting channel on tcp://127.0.0.1:54367
2020-08-11 13:29:39 [INFO] <HB-CHANNEL> Starting thread
2020-08-11 13:29:39 [INFO] <IOPUB-CHANNEL> Starting channel on tcp://127.0.0.1:33815
2020-08-11 13:29:39 [INFO] <SHELL-CHANNEL> Starting channel on tcp://127.0.0.1:43603
2020-08-11 13:29:39 [INFO] <SHELL-CHANNEL> Starting thread
2020-08-11 13:29:39 [INFO] <STDIN-CHANNEL> Starting channel on tcp://127.0.0.1:59521
2020-08-11 13:29:39 [INFO] <CONTROL-CHANNEL> Starting channel on tcp://127.0.0.1:44845
2020-08-11 13:29:39 [INFO] <CONTROL-CHANNEL> Starting thread
2020-08-11 13:29:39 [INFO] <HISTORY> Starting history
2020-08-11 13:29:39 [INFO] <KERNEL> Setting amber host pathname translation -> /opt/amber18/
2020-08-11 13:29:39 [INFO] <KERNEL> Loading CLHS map
2020-08-11 13:29:39 [INFO] <SHELL-CHANNEL> Received kernel_info_request message
2020-08-11 13:29:39 [INFO] <KERNEL> Handling kernel_info_request message
2020-08-11 13:29:39 [INFO] <SHELL-CHANNEL> Received kernel_info_request message
2020-08-11 13:29:39 [INFO] <SHELL-CHANNEL> Received comm_info_request message
2020-08-11 13:29:39 [INFO] <KERNEL> Handling kernel_info_request message
2020-08-11 13:29:39 [INFO] <KERNEL> Handling comm_info_request message
2020-08-11 13:31:19 [INFO] <SHELL-CHANNEL> Received execute_request message
2020-08-11 13:31:19 [INFO] <KERNEL> Handling execute_request message
2020-08-11 13:32:34 [INFO] <SHELL-CHANNEL> Received execute_request message
2020-08-11 13:32:34 [INFO] <KERNEL> Handling execute_request message
2020-08-11 13:32:56 [INFO] <SHELL-CHANNEL> Received execute_request message
2020-08-11 13:32:56 [INFO] <KERNEL> Handling execute_request message
2020-08-11 13:33:01 [INFO] <SHELL-CHANNEL> Received execute_request message
2020-08-11 13:33:01 [INFO] <KERNEL> Handling execute_request message
2020-08-11 13:33:37 [INFO] <CONTROL-CHANNEL> Received shutdown_request message
2020-08-11 13:33:37 [INFO] <KERNEL> Handling shutdown_request message
2020-08-11 13:33:37 [INFO] <KERNEL> Stopping common-lisp kernel
2020-08-11 13:33:37 [INFO] <HB-CHANNEL> Stopping thread
2020-08-11 13:33:37 [INFO] <HB-CHANNEL> Stopping channel
2020-08-11 13:33:37 [INFO] <IOPUB-CHANNEL> Stopping channel
2020-08-11 13:33:37 [INFO] <SHELL-CHANNEL> Stopping thread
2020-08-11 13:33:37 [INFO] <SHELL-CHANNEL> Stopping channel
2020-08-11 13:33:37 [INFO] <STDIN-CHANNEL> Stopping channel
2020-08-11 13:33:37 [INFO] <CONTROL-CHANNEL> Stopping thread
2020-08-11 13:33:37 [INFO] <CONTROL-CHANNEL> Stopping channel
2020-08-11 13:33:37 [INFO] <MAC> Stopping message authentification
2020-08-11 13:33:37 [INFO] <HISTORY> Stopping history
