2020-08-18 13:21:53 [INFO] <KERNEL> Starting common-lisp kernel
2020-08-18 13:21:53 [INFO] <KERNEL> Parsing connection file /Users/yonkunas/Library/Jupyter/runtime/kernel-0b8f8209-772c-422b-8855-fc049f8070e8.json
2020-08-18 13:21:53 [INFO] <KERNEL> (OBJ (shell_port . 61476)
                                     (iopub_port . 61477) (stdin_port . 61478)
                                     (control_port . 61480) (hb_port . 61479)
                                     (ip . 127.0.0.1)
                                     (key . a7bbd2bd-949ee158d21cb3fa86fa65f6)
                                     (transport . tcp)
                                     (signature_scheme . hmac-sha256)
                                     (kernel_name . cando))
2020-08-18 13:21:53 [INFO] <MAC> Starting message authentification
2020-08-18 13:21:53 [INFO] <MAC> Using signature scheme hmac-sha256 for message signing.
2020-08-18 13:21:53 [INFO] <HB-CHANNEL> Starting channel on tcp://127.0.0.1:61479
2020-08-18 13:21:53 [INFO] <IOPUB-CHANNEL> Starting channel on tcp://127.0.0.1:61477
2020-08-18 13:21:53 [INFO] <SHELL-CHANNEL> Starting channel on tcp://127.0.0.1:61476
2020-08-18 13:21:53 [INFO] <STDIN-CHANNEL> Starting channel on tcp://127.0.0.1:61478
2020-08-18 13:21:53 [INFO] <HB-CHANNEL> Starting thread
2020-08-18 13:21:53 [INFO] <CONTROL-CHANNEL> Starting channel on tcp://127.0.0.1:61480
2020-08-18 13:21:53 [INFO] <HISTORY> Starting history
2020-08-18 13:21:53 [INFO] <KERNEL> Setting amber host pathname translation -> /opt/amber/
2020-08-18 13:21:53 [INFO] <KERNEL> Waiting for control message
2020-08-18 13:21:53 [INFO] <KERNEL> Loading CLHS map
2020-08-18 13:21:54 [INFO] <KERNEL> Handling kernel_info_request message
2020-08-18 13:21:54 [INFO] <KERNEL> Handling kernel_info_request message
2020-08-18 13:21:54 [INFO] <KERNEL> Handling kernel_info_request message
2020-08-18 13:21:54 [INFO] <KERNEL> Handling comm_info_request message
2020-08-18 13:22:02 [INFO] <KERNEL> Handling execute_request message
2020-08-18 13:22:09 [INFO] <KERNEL> Handling execute_request message
2020-08-18 13:22:09 [INFO] <NULL> Setting up the *remote-call-thread-queue* and *remote-call-thread*
2020-08-18 13:22:09 [INFO] <KERNEL> Handling comm_close
2020-08-18 13:22:09 [INFO] <KERNEL> Handling comm_close
2020-08-18 13:22:09 [INFO] <KERNEL> Handling comm_msg message
2020-08-18 13:22:09 [INFO] <KERNEL> Handling comm_msg message
2020-08-18 13:22:09 [INFO] <KERNEL> Handling comm_close
2020-08-18 13:22:09 [INFO] <KERNEL> Handling comm_close
2020-08-18 13:22:09 [INFO] <KERNEL> Handling comm_close
2020-08-18 13:22:09 [INFO] <KERNEL> Handling comm_close
2020-08-18 13:22:09 [INFO] <KERNEL> Handling comm_close
2020-08-18 13:23:42 [INFO] <KERNEL> Handling shutdown_request message
2020-08-18 13:23:42 [INFO] <KERNEL> Stopping common-lisp kernel
2020-08-18 13:23:42 [INFO] <HB-CHANNEL> Stopping thread
2020-08-18 13:23:42 [INFO] <HB-CHANNEL> Stopping channel
2020-08-18 13:23:42 [INFO] <IOPUB-CHANNEL> Stopping channel
2020-08-18 13:23:42 [INFO] <SHELL-CHANNEL> Stopping channel
2020-08-18 13:23:42 [INFO] <STDIN-CHANNEL> Stopping channel
2020-08-18 13:23:42 [INFO] <CONTROL-CHANNEL> Stopping channel
2020-08-18 13:23:42 [INFO] <MAC> Stopping message authentification
2020-08-18 13:23:42 [INFO] <HISTORY> Stopping history
