2020-08-12 14:55:11 [INFO] <KERNEL> Starting common-lisp kernel
2020-08-12 14:55:11 [INFO] <KERNEL> Parsing connection file /home/app/.local/share/jupyter/runtime/kernel-2e1df6a2-c7ed-42b4-8f86-304e39ebbb6b.json
2020-08-12 14:55:11 [INFO] <KERNEL> (OBJ (shell_port . 51515)
                                     (iopub_port . 49981) (stdin_port . 54229)
                                     (control_port . 60843) (hb_port . 48161)
                                     (ip . 127.0.0.1)
                                     (key . af7e0923-d6e08e4f91a4125575671870)
                                     (transport . tcp)
                                     (signature_scheme . hmac-sha256)
                                     (kernel_name . cando))
2020-08-12 14:55:11 [INFO] <MAC> Starting message authentification
2020-08-12 14:55:11 [INFO] <MAC> Using signature scheme hmac-sha256 for message signing.
2020-08-12 14:55:11 [INFO] <HB-CHANNEL> Starting channel on tcp://127.0.0.1:48161
2020-08-12 14:55:11 [INFO] <IOPUB-CHANNEL> Starting channel on tcp://127.0.0.1:49981
2020-08-12 14:55:11 [INFO] <HB-CHANNEL> Starting thread
2020-08-12 14:55:11 [INFO] <SHELL-CHANNEL> Starting channel on tcp://127.0.0.1:51515
2020-08-12 14:55:11 [INFO] <SHELL-CHANNEL> Starting thread
2020-08-12 14:55:11 [INFO] <STDIN-CHANNEL> Starting channel on tcp://127.0.0.1:54229
2020-08-12 14:55:11 [INFO] <CONTROL-CHANNEL> Starting channel on tcp://127.0.0.1:60843
2020-08-12 14:55:11 [INFO] <CONTROL-CHANNEL> Starting thread
2020-08-12 14:55:11 [INFO] <HISTORY> Starting history
2020-08-12 14:55:11 [INFO] <KERNEL> Setting amber host pathname translation -> /opt/amber18/
2020-08-12 14:55:11 [INFO] <KERNEL> Loading CLHS map
2020-08-12 14:55:11 [INFO] <SHELL-CHANNEL> Received kernel_info_request message
2020-08-12 14:55:11 [INFO] <KERNEL> Handling kernel_info_request message
2020-08-12 14:55:11 [INFO] <SHELL-CHANNEL> Received kernel_info_request message
2020-08-12 14:55:11 [INFO] <SHELL-CHANNEL> Received comm_info_request message
2020-08-12 14:55:11 [INFO] <SHELL-CHANNEL> Received execute_request message
2020-08-12 14:55:11 [INFO] <KERNEL> Handling kernel_info_request message
2020-08-12 14:55:11 [INFO] <KERNEL> Handling comm_info_request message
2020-08-12 14:55:11 [INFO] <KERNEL> Handling execute_request message
2020-08-12 14:55:17 [INFO] <SHELL-CHANNEL> Received execute_request message
2020-08-12 14:55:17 [INFO] <KERNEL> Handling execute_request message
2020-08-12 14:55:33 [INFO] <SHELL-CHANNEL> Received kernel_info_request message
2020-08-12 14:55:33 [INFO] <SHELL-CHANNEL> Received comm_info_request message
2020-08-12 14:55:33 [INFO] <KERNEL> Handling kernel_info_request message
2020-08-12 14:55:33 [INFO] <KERNEL> Handling comm_info_request message
2020-08-12 15:29:05 [INFO] <SHELL-CHANNEL> Received kernel_info_request message
2020-08-12 15:29:05 [INFO] <SHELL-CHANNEL> Received comm_info_request message
2020-08-12 15:29:05 [INFO] <KERNEL> Handling kernel_info_request message
2020-08-12 15:29:05 [INFO] <KERNEL> Handling comm_info_request message
2020-08-12 15:44:55 [INFO] <SHELL-CHANNEL> Received execute_request message
2020-08-12 15:44:55 [INFO] <KERNEL> Handling execute_request message
