2020-08-12 03:10:29 [INFO] <KERNEL> Starting common-lisp kernel
2020-08-12 03:10:29 [INFO] <KERNEL> Parsing connection file /home/app/.local/share/jupyter/runtime/kernel-7ca71e3d-4019-4f65-b133-52928cc0a5da.json
2020-08-12 03:10:29 [INFO] <KERNEL> (OBJ (shell_port . 51321)
                                     (iopub_port . 54723) (stdin_port . 54115)
                                     (control_port . 54685) (hb_port . 52991)
                                     (ip . 127.0.0.1)
                                     (key . 3ccdb482-471ebf1210d8dc3a40a2bfa6)
                                     (transport . tcp)
                                     (signature_scheme . hmac-sha256)
                                     (kernel_name . cando))
2020-08-12 03:10:29 [INFO] <MAC> Starting message authentification
2020-08-12 03:10:29 [INFO] <MAC> Using signature scheme hmac-sha256 for message signing.
2020-08-12 03:10:29 [INFO] <HB-CHANNEL> Starting channel on tcp://127.0.0.1:52991
2020-08-12 03:10:29 [INFO] <IOPUB-CHANNEL> Starting channel on tcp://127.0.0.1:54723
2020-08-12 03:10:29 [INFO] <HB-CHANNEL> Starting thread
2020-08-12 03:10:29 [INFO] <SHELL-CHANNEL> Starting channel on tcp://127.0.0.1:51321
2020-08-12 03:10:29 [INFO] <SHELL-CHANNEL> Starting thread
2020-08-12 03:10:29 [INFO] <STDIN-CHANNEL> Starting channel on tcp://127.0.0.1:54115
2020-08-12 03:10:29 [INFO] <CONTROL-CHANNEL> Starting channel on tcp://127.0.0.1:54685
2020-08-12 03:10:29 [INFO] <CONTROL-CHANNEL> Starting thread
2020-08-12 03:10:29 [INFO] <HISTORY> Starting history
2020-08-12 03:10:29 [INFO] <KERNEL> Loading CLHS map
2020-08-12 03:10:29 [INFO] <KERNEL> Setting amber host pathname translation -> /opt/amber18/
2020-08-12 03:10:29 [INFO] <SHELL-CHANNEL> Received kernel_info_request message
2020-08-12 03:10:29 [INFO] <KERNEL> Handling kernel_info_request message
2020-08-12 03:11:10 [INFO] <CONTROL-CHANNEL> Received shutdown_request message
2020-08-12 03:11:10 [INFO] <KERNEL> Handling shutdown_request message
2020-08-12 03:11:10 [INFO] <KERNEL> Stopping common-lisp kernel
2020-08-12 03:11:10 [INFO] <HB-CHANNEL> Stopping thread
2020-08-12 03:11:10 [INFO] <HB-CHANNEL> Stopping channel
2020-08-12 03:11:10 [INFO] <IOPUB-CHANNEL> Stopping channel
2020-08-12 03:11:10 [INFO] <SHELL-CHANNEL> Stopping thread
2020-08-12 03:11:10 [INFO] <SHELL-CHANNEL> Stopping channel
2020-08-12 03:11:10 [INFO] <STDIN-CHANNEL> Stopping channel
2020-08-12 03:11:10 [INFO] <CONTROL-CHANNEL> Stopping thread
2020-08-12 03:11:10 [INFO] <CONTROL-CHANNEL> Stopping channel
2020-08-12 03:11:10 [INFO] <MAC> Stopping message authentification
2020-08-12 03:11:10 [INFO] <HISTORY> Stopping history
