2020-08-12 15:58:07 [INFO] <KERNEL> Starting common-lisp kernel
2020-08-12 15:58:07 [INFO] <KERNEL> Parsing connection file /home/app/.local/share/jupyter/runtime/kernel-2871f6b3-71f2-4f77-afa9-d4f2d2b85dc6.json
2020-08-12 15:58:07 [INFO] <KERNEL> (OBJ (shell_port . 60433)
                                     (iopub_port . 44335) (stdin_port . 34859)
                                     (control_port . 54337) (hb_port . 32895)
                                     (ip . 127.0.0.1)
                                     (key . e32a88bf-eeb768e592672bd2bb9be276)
                                     (transport . tcp)
                                     (signature_scheme . hmac-sha256)
                                     (kernel_name . cando))
2020-08-12 15:58:08 [INFO] <MAC> Starting message authentification
2020-08-12 15:58:08 [INFO] <MAC> Using signature scheme hmac-sha256 for message signing.
2020-08-12 15:58:08 [INFO] <HB-CHANNEL> Starting channel on tcp://127.0.0.1:32895
2020-08-12 15:58:08 [INFO] <HB-CHANNEL> Starting thread
2020-08-12 15:58:08 [INFO] <IOPUB-CHANNEL> Starting channel on tcp://127.0.0.1:44335
2020-08-12 15:58:08 [INFO] <SHELL-CHANNEL> Starting channel on tcp://127.0.0.1:60433
2020-08-12 15:58:08 [INFO] <SHELL-CHANNEL> Starting thread
2020-08-12 15:58:08 [INFO] <STDIN-CHANNEL> Starting channel on tcp://127.0.0.1:34859
2020-08-12 15:58:08 [INFO] <CONTROL-CHANNEL> Starting channel on tcp://127.0.0.1:54337
2020-08-12 15:58:08 [INFO] <CONTROL-CHANNEL> Starting thread
2020-08-12 15:58:08 [INFO] <HISTORY> Starting history
2020-08-12 15:58:08 [INFO] <KERNEL> Setting amber host pathname translation -> /opt/amber18/
2020-08-12 15:58:08 [INFO] <KERNEL> Loading CLHS map
2020-08-12 15:58:08 [INFO] <SHELL-CHANNEL> Received kernel_info_request message
2020-08-12 15:58:08 [INFO] <KERNEL> Handling kernel_info_request message
2020-08-12 16:02:09 [INFO] <SHELL-CHANNEL> Received execute_request message
2020-08-12 16:02:09 [INFO] <KERNEL> Handling execute_request message
2020-08-12 16:02:25 [INFO] <SHELL-CHANNEL> Received execute_request message
2020-08-12 16:02:25 [INFO] <KERNEL> Handling execute_request message
2020-08-12 16:02:44 [INFO] <SHELL-CHANNEL> Received complete_request message
2020-08-12 16:02:44 [INFO] <KERNEL> Handling complete_request message
2020-08-12 16:03:32 [INFO] <SHELL-CHANNEL> Received execute_request message
2020-08-12 16:03:32 [INFO] <KERNEL> Handling execute_request message
2020-08-12 16:03:52 [INFO] <SHELL-CHANNEL> Received execute_request message
2020-08-12 16:03:52 [INFO] <KERNEL> Handling execute_request message
2020-08-12 16:03:52 [INFO] <NULL> Setting up the *remote-call-thread-queue* and *remote-call-thread*
2020-08-12 16:03:52 [INFO] <NULL> In add-structure  (loaded self) -> NIL
2020-08-12 16:03:52 [INFO] <NULL> entered %load-data NIL
2020-08-12 16:03:52 [INFO] <NULL> Generating mol2 as string

2020-08-12 16:03:52 [INFO] <NGLWIDGET> entered %remote-call loadFile
2020-08-12 16:03:52 [INFO] <NULL> About to make-remote-call-callback before-loaded
2020-08-12 16:03:52 [INFO] <NULL> About to make-remote-call-callback after-loaded
2020-08-12 16:03:52 [INFO] <NULL> leaving %remote-call loadFile
2020-08-12 16:03:52 [INFO] <NULL> leaving %load-data
2020-08-12 16:03:52 [INFO] <SHELL-CHANNEL> Received comm_msg message
2020-08-12 16:03:52 [INFO] <KERNEL> Handling comm_msg message
2020-08-12 16:03:52 [INFO] <SHELL-CHANNEL> Received comm_msg message
2020-08-12 16:03:52 [INFO] <KERNEL> Handling comm_msg message
2020-08-12 16:03:53 [INFO] <SHELL-CHANNEL> Received comm_close message
2020-08-12 16:03:53 [INFO] <KERNEL> Handling comm_close
2020-08-12 16:03:53 [INFO] <SHELL-CHANNEL> Received comm_msg message
2020-08-12 16:03:53 [INFO] <KERNEL> Handling comm_msg message
2020-08-12 16:03:53 [INFO] <SHELL-CHANNEL> Received comm_msg message
2020-08-12 16:03:53 [INFO] <SHELL-CHANNEL> Received comm_msg message
2020-08-12 16:03:53 [INFO] <KERNEL> Handling comm_msg message
2020-08-12 16:03:53 [INFO] <NGLWIDGET> Handling custom message request_loaded
2020-08-12 16:03:53 [INFO] <NULL> entered on-loaded - firing before-loaded callbacks new -> NIL
2020-08-12 16:03:53 [INFO] <NULL> entered on-loaded - firing before-loaded callbacks new -> T
2020-08-12 16:03:53 [INFO] <NULL> %fire-callbacks entered in process #<PROCESS TOP-LEVEL @0x9251611 (Running)>
  callbacks: (("loadFile" "before-loaded"))
2020-08-12 16:03:53 [INFO] <NULL> Done %fire-callbacks
2020-08-12 16:03:53 [INFO] <KERNEL> Handling comm_msg message
2020-08-12 16:03:53 [INFO] <NGLWIDGET> Handling custom message updateIDs
2020-08-12 16:03:53 [INFO] <SHELL-CHANNEL> Received comm_msg message
2020-08-12 16:03:53 [INFO] <SHELL-CHANNEL> Received comm_msg message
2020-08-12 16:03:53 [INFO] <KERNEL> Handling comm_msg message
2020-08-12 16:03:53 [INFO] <SHELL-CHANNEL> Received comm_msg message
2020-08-12 16:03:53 [INFO] <KERNEL> Handling comm_msg message
2020-08-12 16:03:53 [INFO] <NGLWIDGET> Handling custom message async_message
2020-08-12 16:03:53 [INFO] <NGLWIDGET> Setting event
2020-08-12 16:03:53 [INFO] <KERNEL> Handling comm_msg message
2020-08-12 16:03:53 [INFO] <NGLWIDGET> Handling custom message request_repr_dict
2020-08-12 16:03:53 [INFO] <SHELL-CHANNEL> Received comm_msg message
2020-08-12 16:03:53 [INFO] <KERNEL> Handling comm_msg message
2020-08-12 16:03:55 [INFO] <SHELL-CHANNEL> Received comm_msg message
2020-08-12 16:03:55 [INFO] <KERNEL> Handling comm_msg message
2020-08-12 16:03:55 [INFO] <SHELL-CHANNEL> Received comm_msg message
2020-08-12 16:03:55 [INFO] <KERNEL> Handling comm_msg message
2020-08-12 16:03:55 [INFO] <SHELL-CHANNEL> Received comm_msg message
2020-08-12 16:03:55 [INFO] <KERNEL> Handling comm_msg message
2020-08-12 16:03:55 [INFO] <SHELL-CHANNEL> Received comm_msg message
2020-08-12 16:03:55 [INFO] <KERNEL> Handling comm_msg message
2020-08-12 16:03:55 [INFO] <SHELL-CHANNEL> Received comm_msg message
2020-08-12 16:03:55 [INFO] <KERNEL> Handling comm_msg message
2020-08-12 16:03:55 [INFO] <SHELL-CHANNEL> Received comm_msg message
2020-08-12 16:03:55 [INFO] <KERNEL> Handling comm_msg message
2020-08-12 16:03:55 [INFO] <SHELL-CHANNEL> Received comm_msg message
2020-08-12 16:03:55 [INFO] <KERNEL> Handling comm_msg message
2020-08-12 16:03:55 [INFO] <SHELL-CHANNEL> Received comm_msg message
2020-08-12 16:03:55 [INFO] <KERNEL> Handling comm_msg message
2020-08-12 16:03:55 [INFO] <SHELL-CHANNEL> Received comm_msg message
2020-08-12 16:03:55 [INFO] <KERNEL> Handling comm_msg message
2020-08-12 16:03:56 [INFO] <SHELL-CHANNEL> Received comm_msg message
2020-08-12 16:03:56 [INFO] <KERNEL> Handling comm_msg message
2020-08-12 16:03:56 [INFO] <SHELL-CHANNEL> Received comm_msg message
2020-08-12 16:03:56 [INFO] <KERNEL> Handling comm_msg message
2020-08-12 16:03:56 [INFO] <SHELL-CHANNEL> Received comm_msg message
2020-08-12 16:03:56 [INFO] <KERNEL> Handling comm_msg message
2020-08-12 16:03:56 [INFO] <SHELL-CHANNEL> Received comm_msg message
2020-08-12 16:03:56 [INFO] <KERNEL> Handling comm_msg message
2020-08-12 16:03:56 [INFO] <SHELL-CHANNEL> Received comm_msg message
2020-08-12 16:03:56 [INFO] <KERNEL> Handling comm_msg message
2020-08-12 16:03:56 [INFO] <SHELL-CHANNEL> Received comm_msg message
2020-08-12 16:03:56 [INFO] <KERNEL> Handling comm_msg message
2020-08-12 16:03:56 [INFO] <SHELL-CHANNEL> Received comm_msg message
2020-08-12 16:03:56 [INFO] <KERNEL> Handling comm_msg message
2020-08-12 16:03:56 [INFO] <SHELL-CHANNEL> Received comm_msg message
2020-08-12 16:03:56 [INFO] <KERNEL> Handling comm_msg message
2020-08-12 16:04:31 [INFO] <CONTROL-CHANNEL> Received shutdown_request message
2020-08-12 16:04:31 [INFO] <KERNEL> Handling shutdown_request message
2020-08-12 16:04:31 [INFO] <KERNEL> Stopping common-lisp kernel
2020-08-12 16:04:31 [INFO] <HB-CHANNEL> Stopping thread
2020-08-12 16:04:31 [INFO] <HB-CHANNEL> Stopping channel
2020-08-12 16:04:31 [INFO] <IOPUB-CHANNEL> Stopping channel
2020-08-12 16:04:31 [INFO] <SHELL-CHANNEL> Stopping thread
2020-08-12 16:04:31 [INFO] <SHELL-CHANNEL> Stopping channel
2020-08-12 16:04:31 [INFO] <STDIN-CHANNEL> Stopping channel
2020-08-12 16:04:31 [INFO] <CONTROL-CHANNEL> Stopping thread
2020-08-12 16:04:31 [INFO] <CONTROL-CHANNEL> Stopping channel
2020-08-12 16:04:31 [INFO] <MAC> Stopping message authentification
2020-08-12 16:04:31 [INFO] <HISTORY> Stopping history
