2020-08-18 14:46:04 [INFO] <KERNEL> Starting common-lisp kernel
2020-08-18 14:46:04 [INFO] <KERNEL> Parsing connection file /Users/yonkunas/Library/Jupyter/runtime/kernel-754c06c4-129f-4495-8df7-cc81a2755775.json
2020-08-18 14:46:04 [INFO] <KERNEL> (OBJ (shell_port . 60233)
                                     (iopub_port . 60234) (stdin_port . 60235)
                                     (control_port . 60237) (hb_port . 60236)
                                     (ip . 127.0.0.1)
                                     (key . 3d9cc123-2eef866018d2c512278a52f7)
                                     (transport . tcp)
                                     (signature_scheme . hmac-sha256)
                                     (kernel_name . cando))
2020-08-18 14:46:04 [INFO] <MAC> Starting message authentification
2020-08-18 14:46:04 [INFO] <MAC> Using signature scheme hmac-sha256 for message signing.
2020-08-18 14:46:04 [INFO] <HB-CHANNEL> Starting channel on tcp://127.0.0.1:60236
2020-08-18 14:46:04 [INFO] <IOPUB-CHANNEL> Starting channel on tcp://127.0.0.1:60234
2020-08-18 14:46:04 [INFO] <HB-CHANNEL> Starting thread
2020-08-18 14:46:04 [INFO] <SHELL-CHANNEL> Starting channel on tcp://127.0.0.1:60233
2020-08-18 14:46:04 [INFO] <STDIN-CHANNEL> Starting channel on tcp://127.0.0.1:60235
2020-08-18 14:46:04 [INFO] <CONTROL-CHANNEL> Starting channel on tcp://127.0.0.1:60237
2020-08-18 14:46:04 [INFO] <HISTORY> Starting history
2020-08-18 14:46:04 [INFO] <KERNEL> Loading CLHS map
2020-08-18 14:46:04 [INFO] <KERNEL> Setting amber host pathname translation -> /opt/amber/
2020-08-18 14:46:04 [INFO] <KERNEL> Waiting for control message
2020-08-18 14:46:04 [INFO] <KERNEL> Handling kernel_info_request message
2020-08-18 14:46:04 [INFO] <KERNEL> Handling kernel_info_request message
2020-08-18 14:46:04 [INFO] <KERNEL> Handling kernel_info_request message
2020-08-18 14:46:04 [INFO] <KERNEL> Handling comm_info_request message
2020-08-18 14:46:37 [INFO] <KERNEL> Handling execute_request message
2020-08-18 14:46:37 [INFO] <NULL> Setting up the *remote-call-thread-queue* and *remote-call-thread*
2020-08-18 14:46:38 [INFO] <NULL> In add-structure  (loaded self) -> NIL
2020-08-18 14:46:38 [INFO] <NULL> entered %load-data NIL
2020-08-18 14:46:38 [INFO] <NGLWIDGET> entered %remote-call loadFile
2020-08-18 14:46:38 [INFO] <NULL> About to make-remote-call-callback before-loaded
2020-08-18 14:46:38 [INFO] <NULL> About to make-remote-call-callback after-loaded
2020-08-18 14:46:38 [INFO] <NULL> leaving %remote-call loadFile
2020-08-18 14:46:38 [INFO] <NULL> leaving %load-data
2020-08-18 14:46:38 [INFO] <KERNEL> Handling comm_msg message
2020-08-18 14:46:38 [INFO] <KERNEL> Handling comm_msg message
2020-08-18 14:46:38 [INFO] <KERNEL> Handling comm_close
2020-08-18 14:46:38 [INFO] <KERNEL> Handling comm_msg message
2020-08-18 14:46:38 [INFO] <KERNEL> Handling comm_msg message
2020-08-18 14:46:38 [INFO] <NGLWIDGET> Handling custom message request_loaded
2020-08-18 14:46:38 [INFO] <NULL> entered on-loaded - firing before-loaded callbacks new -> NIL
2020-08-18 14:46:38 [INFO] <NULL> entered on-loaded - firing before-loaded callbacks new -> T
2020-08-18 14:46:38 [INFO] <NULL> %fire-callbacks entered in process #<PROCESS "SHELL Thread" @0x149e7f911 (Running)>
  callbacks: (("loadFile" "before-loaded"))
2020-08-18 14:46:38 [INFO] <NULL> Done %fire-callbacks
2020-08-18 14:46:38 [INFO] <KERNEL> Handling comm_msg message
2020-08-18 14:46:38 [INFO] <NGLWIDGET> Handling custom message updateIDs
2020-08-18 14:46:38 [INFO] <KERNEL> Handling comm_msg message
2020-08-18 14:46:39 [INFO] <KERNEL> Handling comm_msg message
2020-08-18 14:46:39 [INFO] <NGLWIDGET> Handling custom message async_message
2020-08-18 14:46:39 [INFO] <NGLWIDGET> Setting event
2020-08-18 14:46:39 [INFO] <KERNEL> Handling comm_msg message
2020-08-18 14:46:39 [INFO] <KERNEL> Handling comm_msg message
2020-08-18 14:46:39 [INFO] <NGLWIDGET> Handling custom message request_repr_dict
2020-08-18 14:46:39 [INFO] <KERNEL> Handling comm_msg message
2020-08-18 14:46:39 [INFO] <NGLWIDGET> Handling custom message request_repr_dict
2020-08-18 14:46:39 [INFO] <KERNEL> Handling comm_msg message
2020-08-18 14:46:39 [INFO] <NGLWIDGET> Handling custom message request_repr_dict
2020-08-18 14:46:39 [INFO] <KERNEL> Handling comm_msg message
2020-08-18 14:46:40 [INFO] <KERNEL> Handling comm_msg message
2020-08-18 14:46:40 [INFO] <KERNEL> Handling comm_msg message
2020-08-18 14:46:40 [INFO] <KERNEL> Handling comm_msg message
2020-08-18 14:46:40 [INFO] <KERNEL> Handling comm_msg message
2020-08-18 14:46:41 [INFO] <KERNEL> Handling comm_msg message
2020-08-18 14:46:41 [INFO] <KERNEL> Handling comm_msg message
2020-08-18 14:46:41 [INFO] <KERNEL> Handling comm_msg message
2020-08-18 14:46:41 [INFO] <KERNEL> Handling comm_msg message
2020-08-18 14:46:44 [INFO] <KERNEL> Handling comm_msg message
2020-08-18 14:46:44 [INFO] <KERNEL> Handling comm_msg message
2020-08-18 14:46:44 [INFO] <KERNEL> Handling comm_msg message
2020-08-18 14:46:44 [INFO] <KERNEL> Handling comm_msg message
2020-08-18 14:46:45 [INFO] <KERNEL> Handling comm_msg message
2020-08-18 14:46:45 [INFO] <KERNEL> Handling comm_msg message
2020-08-18 14:46:45 [INFO] <KERNEL> Handling comm_msg message
2020-08-18 14:46:45 [INFO] <KERNEL> Handling comm_msg message
2020-08-18 14:46:45 [INFO] <KERNEL> Handling comm_msg message
2020-08-18 14:46:45 [INFO] <KERNEL> Handling comm_msg message
2020-08-18 14:46:45 [INFO] <KERNEL> Handling comm_msg message
2020-08-18 14:46:45 [INFO] <KERNEL> Handling comm_msg message
2020-08-18 14:46:45 [INFO] <KERNEL> Handling comm_msg message
2020-08-18 14:46:45 [INFO] <KERNEL> Handling comm_msg message
2020-08-18 14:46:45 [INFO] <KERNEL> Handling comm_msg message
2020-08-18 14:46:45 [INFO] <KERNEL> Handling comm_msg message
2020-08-18 14:46:45 [INFO] <KERNEL> Handling comm_msg message
2020-08-18 14:46:45 [INFO] <KERNEL> Handling comm_msg message
2020-08-18 14:46:45 [INFO] <KERNEL> Handling comm_msg message
2020-08-18 14:46:45 [INFO] <KERNEL> Handling comm_msg message
2020-08-18 14:46:45 [INFO] <KERNEL> Handling comm_msg message
2020-08-18 14:46:45 [INFO] <KERNEL> Handling comm_msg message
2020-08-18 14:46:45 [INFO] <KERNEL> Handling comm_msg message
2020-08-18 14:46:45 [INFO] <KERNEL> Handling comm_msg message
2020-08-18 14:46:45 [INFO] <KERNEL> Handling comm_msg message
2020-08-18 14:46:45 [INFO] <KERNEL> Handling comm_msg message
2020-08-18 14:46:45 [INFO] <KERNEL> Handling comm_msg message
2020-08-18 14:46:45 [INFO] <KERNEL> Handling comm_msg message
2020-08-18 14:46:46 [INFO] <KERNEL> Handling comm_msg message
2020-08-18 14:46:46 [INFO] <KERNEL> Handling comm_msg message
2020-08-18 14:46:46 [INFO] <KERNEL> Handling comm_msg message
2020-08-18 14:46:46 [INFO] <KERNEL> Handling comm_msg message
2020-08-18 14:46:46 [INFO] <KERNEL> Handling comm_msg message
2020-08-18 14:46:46 [INFO] <KERNEL> Handling comm_msg message
2020-08-18 14:46:46 [INFO] <KERNEL> Handling comm_msg message
2020-08-18 14:46:46 [INFO] <KERNEL> Handling comm_msg message
2020-08-18 14:46:46 [INFO] <KERNEL> Handling comm_msg message
2020-08-18 14:46:46 [INFO] <KERNEL> Handling comm_msg message
2020-08-18 14:46:50 [INFO] <KERNEL> Handling execute_request message
2020-08-18 14:46:50 [INFO] <KERNEL> Handling comm_close
2020-08-18 14:46:50 [INFO] <KERNEL> Handling comm_close
2020-08-18 14:46:50 [INFO] <KERNEL> Handling comm_close
2020-08-18 14:46:50 [INFO] <KERNEL> Handling comm_close
2020-08-18 14:46:50 [INFO] <KERNEL> Handling comm_close
2020-08-18 14:46:50 [INFO] <KERNEL> Handling comm_close
2020-08-18 14:46:50 [INFO] <KERNEL> Handling comm_close
2020-08-18 14:47:18 [INFO] <KERNEL> Handling comm_msg message
2020-08-18 14:47:18 [INFO] <KERNEL> Handling comm_msg message
2020-08-18 14:47:18 [INFO] <KERNEL> Handling comm_msg message
2020-08-18 14:47:18 [INFO] <KERNEL> Handling comm_msg message
2020-08-18 14:47:19 [INFO] <KERNEL> Handling comm_msg message
2020-08-18 14:47:19 [INFO] <KERNEL> Handling comm_msg message
2020-08-18 14:47:19 [INFO] <KERNEL> Handling comm_msg message
2020-08-18 14:47:19 [INFO] <KERNEL> Handling comm_msg message
2020-08-18 14:47:19 [INFO] <KERNEL> Handling comm_msg message
2020-08-18 14:47:20 [INFO] <KERNEL> Handling comm_msg message
2020-08-18 14:47:20 [INFO] <KERNEL> Handling comm_msg message
2020-08-18 14:47:20 [INFO] <KERNEL> Handling comm_msg message
2020-08-18 14:47:20 [INFO] <KERNEL> Handling comm_msg message
2020-08-18 14:47:21 [INFO] <KERNEL> Handling comm_msg message
2020-08-18 14:47:21 [INFO] <KERNEL> Handling comm_msg message
2020-08-18 14:47:21 [INFO] <KERNEL> Handling comm_msg message
2020-08-18 14:47:21 [INFO] <KERNEL> Handling comm_msg message
2020-08-18 14:47:21 [INFO] <KERNEL> Handling comm_msg message
2020-08-18 14:47:21 [INFO] <KERNEL> Handling comm_msg message
2020-08-18 14:47:21 [INFO] <KERNEL> Handling comm_msg message
2020-08-18 14:47:21 [INFO] <KERNEL> Handling comm_msg message
2020-08-18 14:47:21 [INFO] <KERNEL> Handling comm_msg message
2020-08-18 14:47:21 [INFO] <KERNEL> Handling comm_msg message
2020-08-18 14:47:21 [INFO] <KERNEL> Handling comm_msg message
2020-08-18 14:47:21 [INFO] <KERNEL> Handling comm_msg message
2020-08-18 14:47:21 [INFO] <KERNEL> Handling comm_msg message
2020-08-18 14:47:21 [INFO] <KERNEL> Handling comm_msg message
2020-08-18 14:47:21 [INFO] <KERNEL> Handling comm_msg message
2020-08-18 14:47:21 [INFO] <KERNEL> Handling comm_msg message
2020-08-18 14:47:21 [INFO] <KERNEL> Handling comm_msg message
2020-08-18 14:47:21 [INFO] <KERNEL> Handling comm_msg message
2020-08-18 14:47:21 [INFO] <KERNEL> Handling comm_msg message
2020-08-18 14:47:21 [INFO] <KERNEL> Handling comm_msg message
2020-08-18 14:47:21 [INFO] <KERNEL> Handling comm_msg message
2020-08-18 14:47:21 [INFO] <KERNEL> Handling comm_msg message
2020-08-18 14:47:21 [INFO] <KERNEL> Handling comm_msg message
2020-08-18 14:47:21 [INFO] <KERNEL> Handling comm_msg message
2020-08-18 14:47:21 [INFO] <KERNEL> Handling comm_msg message
2020-08-18 14:47:22 [INFO] <KERNEL> Handling comm_msg message
2020-08-18 14:47:22 [INFO] <KERNEL> Handling comm_msg message
2020-08-18 14:47:22 [INFO] <KERNEL> Handling comm_msg message
2020-08-18 14:47:22 [INFO] <KERNEL> Handling comm_msg message
2020-08-18 14:47:22 [INFO] <KERNEL> Handling comm_msg message
2020-08-18 14:47:22 [INFO] <KERNEL> Handling comm_msg message
2020-08-18 14:47:22 [INFO] <KERNEL> Handling comm_msg message
2020-08-18 14:47:22 [INFO] <KERNEL> Handling comm_msg message
2020-08-18 14:47:22 [INFO] <KERNEL> Handling comm_msg message
2020-08-18 14:47:22 [INFO] <KERNEL> Handling comm_msg message
2020-08-18 14:47:22 [INFO] <KERNEL> Handling comm_msg message
2020-08-18 14:47:22 [INFO] <KERNEL> Handling comm_msg message
2020-08-18 14:47:22 [INFO] <KERNEL> Handling comm_msg message
2020-08-18 14:47:22 [INFO] <KERNEL> Handling comm_msg message
2020-08-18 14:47:22 [INFO] <KERNEL> Handling comm_msg message
2020-08-18 14:47:22 [INFO] <KERNEL> Handling comm_msg message
2020-08-18 14:47:23 [INFO] <KERNEL> Handling comm_msg message
2020-08-18 14:47:23 [INFO] <KERNEL> Handling comm_msg message
2020-08-18 14:47:23 [INFO] <KERNEL> Handling comm_msg message
2020-08-18 14:47:23 [INFO] <KERNEL> Handling comm_msg message
2020-08-18 14:47:23 [INFO] <KERNEL> Handling comm_msg message
2020-08-18 14:47:23 [INFO] <KERNEL> Handling comm_msg message
2020-08-18 14:47:23 [INFO] <KERNEL> Handling comm_msg message
2020-08-18 14:47:23 [INFO] <KERNEL> Handling comm_msg message
2020-08-18 14:47:23 [INFO] <KERNEL> Handling comm_msg message
2020-08-18 14:47:23 [INFO] <KERNEL> Handling comm_msg message
2020-08-18 14:47:23 [INFO] <KERNEL> Handling comm_msg message
2020-08-18 14:47:23 [INFO] <KERNEL> Handling comm_msg message
2020-08-18 14:47:23 [INFO] <KERNEL> Handling comm_msg message
2020-08-18 14:47:23 [INFO] <KERNEL> Handling comm_msg message
2020-08-18 14:47:23 [INFO] <KERNEL> Handling comm_msg message
2020-08-18 14:47:23 [INFO] <KERNEL> Handling comm_msg message
2020-08-18 14:47:23 [INFO] <KERNEL> Handling comm_msg message
2020-08-18 14:47:23 [INFO] <KERNEL> Handling comm_msg message
2020-08-18 14:47:23 [INFO] <KERNEL> Handling comm_msg message
2020-08-18 14:47:23 [INFO] <KERNEL> Handling comm_msg message
2020-08-18 14:47:24 [INFO] <KERNEL> Handling comm_msg message
2020-08-18 14:47:24 [INFO] <KERNEL> Handling comm_msg message
2020-08-18 14:47:24 [INFO] <KERNEL> Handling comm_msg message
2020-08-18 14:47:24 [INFO] <KERNEL> Handling comm_msg message
2020-08-18 14:47:24 [INFO] <KERNEL> Handling comm_msg message
2020-08-18 14:47:24 [INFO] <KERNEL> Handling comm_msg message
2020-08-18 14:47:24 [INFO] <KERNEL> Handling comm_msg message
2020-08-18 14:47:24 [INFO] <KERNEL> Handling comm_msg message
2020-08-18 14:47:24 [INFO] <KERNEL> Handling comm_msg message
2020-08-18 14:47:24 [INFO] <KERNEL> Handling comm_msg message
2020-08-18 14:47:24 [INFO] <KERNEL> Handling comm_msg message
2020-08-18 14:47:24 [INFO] <KERNEL> Handling comm_msg message
2020-08-18 14:47:24 [INFO] <KERNEL> Handling comm_msg message
2020-08-18 14:47:24 [INFO] <KERNEL> Handling comm_msg message
2020-08-18 14:47:24 [INFO] <KERNEL> Handling comm_msg message
2020-08-18 14:47:24 [INFO] <KERNEL> Handling comm_msg message
2020-08-18 14:47:24 [INFO] <KERNEL> Handling comm_msg message
2020-08-18 14:47:24 [INFO] <KERNEL> Handling comm_msg message
2020-08-18 14:47:24 [INFO] <KERNEL> Handling comm_msg message
2020-08-18 14:47:24 [INFO] <KERNEL> Handling comm_msg message
2020-08-18 14:47:24 [INFO] <KERNEL> Handling comm_msg message
2020-08-18 14:47:24 [INFO] <KERNEL> Handling comm_msg message
2020-08-18 14:47:24 [INFO] <KERNEL> Handling comm_msg message
2020-08-18 14:47:24 [INFO] <KERNEL> Handling comm_msg message
2020-08-18 14:47:24 [INFO] <KERNEL> Handling comm_msg message
2020-08-18 14:47:24 [INFO] <KERNEL> Handling comm_msg message
2020-08-18 14:47:24 [INFO] <KERNEL> Handling comm_msg message
2020-08-18 14:47:24 [INFO] <KERNEL> Handling comm_msg message
2020-08-18 14:47:24 [INFO] <KERNEL> Handling comm_msg message
2020-08-18 14:47:25 [INFO] <KERNEL> Handling comm_msg message
2020-08-18 14:47:25 [INFO] <KERNEL> Handling comm_msg message
2020-08-18 14:47:25 [INFO] <KERNEL> Handling comm_msg message
2020-08-18 14:47:25 [INFO] <KERNEL> Handling comm_msg message
2020-08-18 14:47:25 [INFO] <KERNEL> Handling comm_msg message
2020-08-18 14:47:25 [INFO] <KERNEL> Handling comm_msg message
2020-08-18 14:47:25 [INFO] <KERNEL> Handling comm_msg message
2020-08-18 14:47:25 [INFO] <KERNEL> Handling comm_msg message
2020-08-18 14:47:25 [INFO] <KERNEL> Handling comm_msg message
2020-08-18 14:47:25 [INFO] <KERNEL> Handling comm_msg message
2020-08-18 14:47:25 [INFO] <KERNEL> Handling comm_msg message
2020-08-18 14:47:25 [INFO] <KERNEL> Handling comm_msg message
2020-08-18 14:47:25 [INFO] <KERNEL> Handling comm_msg message
2020-08-18 14:47:25 [INFO] <KERNEL> Handling comm_msg message
2020-08-18 14:47:25 [INFO] <KERNEL> Handling comm_msg message
2020-08-18 14:47:25 [INFO] <KERNEL> Handling comm_msg message
2020-08-18 14:47:25 [INFO] <KERNEL> Handling comm_msg message
2020-08-18 14:47:25 [INFO] <KERNEL> Handling comm_msg message
2020-08-18 14:47:25 [INFO] <KERNEL> Handling comm_msg message
2020-08-18 14:47:25 [INFO] <KERNEL> Handling comm_msg message
2020-08-18 14:47:25 [INFO] <KERNEL> Handling comm_msg message
2020-08-18 14:47:25 [INFO] <KERNEL> Handling comm_msg message
2020-08-18 14:47:25 [INFO] <KERNEL> Handling comm_msg message
2020-08-18 14:47:25 [INFO] <KERNEL> Handling comm_msg message
2020-08-18 14:47:25 [INFO] <KERNEL> Handling comm_msg message
2020-08-18 14:47:25 [INFO] <KERNEL> Handling comm_msg message
2020-08-18 14:47:25 [INFO] <KERNEL> Handling comm_msg message
2020-08-18 14:47:25 [INFO] <KERNEL> Handling comm_msg message
2020-08-18 14:47:26 [INFO] <KERNEL> Handling comm_msg message
2020-08-18 14:47:26 [INFO] <KERNEL> Handling comm_msg message
2020-08-18 14:47:26 [INFO] <KERNEL> Handling comm_msg message
2020-08-18 14:47:26 [INFO] <KERNEL> Handling comm_msg message
2020-08-18 14:47:26 [INFO] <KERNEL> Handling comm_msg message
2020-08-18 14:47:26 [INFO] <KERNEL> Handling comm_msg message
2020-08-18 14:47:26 [INFO] <KERNEL> Handling comm_msg message
2020-08-18 14:47:26 [INFO] <KERNEL> Handling comm_msg message
2020-08-18 14:47:26 [INFO] <KERNEL> Handling comm_msg message
2020-08-18 14:47:26 [INFO] <KERNEL> Handling comm_msg message
2020-08-18 14:47:26 [INFO] <KERNEL> Handling comm_msg message
2020-08-18 14:47:26 [INFO] <KERNEL> Handling comm_msg message
2020-08-18 14:47:26 [INFO] <KERNEL> Handling comm_msg message
2020-08-18 14:47:26 [INFO] <KERNEL> Handling comm_msg message
2020-08-18 14:47:26 [INFO] <KERNEL> Handling comm_msg message
2020-08-18 14:47:26 [INFO] <KERNEL> Handling comm_msg message
2020-08-18 14:47:26 [INFO] <KERNEL> Handling comm_msg message
2020-08-18 14:47:26 [INFO] <KERNEL> Handling comm_msg message
2020-08-18 14:47:26 [INFO] <KERNEL> Handling comm_msg message
2020-08-18 14:47:26 [INFO] <KERNEL> Handling comm_msg message
2020-08-18 14:47:26 [INFO] <KERNEL> Handling comm_msg message
2020-08-18 14:47:26 [INFO] <KERNEL> Handling comm_msg message
2020-08-18 14:47:26 [INFO] <KERNEL> Handling comm_msg message
2020-08-18 14:47:26 [INFO] <KERNEL> Handling comm_msg message
2020-08-18 14:47:26 [INFO] <KERNEL> Handling comm_msg message
2020-08-18 14:47:27 [INFO] <KERNEL> Handling comm_msg message
2020-08-18 14:47:27 [INFO] <KERNEL> Handling comm_msg message
2020-08-18 14:47:27 [INFO] <KERNEL> Handling comm_msg message
2020-08-18 14:47:27 [INFO] <KERNEL> Handling comm_msg message
2020-08-18 14:47:27 [INFO] <KERNEL> Handling comm_msg message
2020-08-18 14:47:27 [INFO] <KERNEL> Handling comm_msg message
2020-08-18 14:47:27 [INFO] <KERNEL> Handling comm_msg message
2020-08-18 14:47:27 [INFO] <KERNEL> Handling comm_msg message
2020-08-18 14:47:27 [INFO] <KERNEL> Handling comm_msg message
2020-08-18 14:47:27 [INFO] <KERNEL> Handling comm_msg message
2020-08-18 14:47:27 [INFO] <KERNEL> Handling comm_msg message
2020-08-18 14:47:27 [INFO] <KERNEL> Handling comm_msg message
2020-08-18 14:47:27 [INFO] <KERNEL> Handling comm_msg message
2020-08-18 14:47:27 [INFO] <KERNEL> Handling comm_msg message
2020-08-18 14:47:27 [INFO] <KERNEL> Handling comm_msg message
2020-08-18 14:47:27 [INFO] <KERNEL> Handling comm_msg message
2020-08-18 14:47:27 [INFO] <KERNEL> Handling comm_msg message
2020-08-18 14:47:27 [INFO] <KERNEL> Handling comm_msg message
2020-08-18 14:47:27 [INFO] <KERNEL> Handling comm_msg message
2020-08-18 14:47:27 [INFO] <KERNEL> Handling comm_msg message
2020-08-18 14:47:27 [INFO] <KERNEL> Handling comm_msg message
2020-08-18 14:47:27 [INFO] <KERNEL> Handling comm_msg message
2020-08-18 14:47:27 [INFO] <KERNEL> Handling comm_msg message
2020-08-18 14:47:27 [INFO] <KERNEL> Handling comm_msg message
2020-08-18 14:47:28 [INFO] <KERNEL> Handling comm_msg message
2020-08-18 14:47:28 [INFO] <KERNEL> Handling comm_msg message
2020-08-18 14:47:28 [INFO] <KERNEL> Handling comm_msg message
2020-08-18 14:47:49 [INFO] <KERNEL> Handling execute_request message
2020-08-18 14:47:56 [INFO] <KERNEL> Handling execute_request message
2020-08-18 14:47:56 [INFO] <KERNEL> Handling comm_close
2020-08-18 14:47:56 [INFO] <KERNEL> Handling comm_close
2020-08-18 14:47:56 [INFO] <KERNEL> Handling comm_close
2020-08-18 14:47:56 [INFO] <KERNEL> Handling comm_close
2020-08-18 14:47:56 [INFO] <KERNEL> Handling comm_close
2020-08-18 14:47:56 [INFO] <KERNEL> Handling comm_close
2020-08-18 14:47:56 [INFO] <KERNEL> Handling comm_close
2020-08-18 14:47:59 [INFO] <KERNEL> Handling execute_request message
2020-08-18 14:48:00 [INFO] <KERNEL> Handling comm_close
2020-08-18 14:48:00 [INFO] <KERNEL> Handling comm_close
2020-08-18 14:48:00 [INFO] <KERNEL> Handling comm_close
2020-08-18 14:48:00 [INFO] <KERNEL> Handling comm_close
2020-08-18 14:48:00 [INFO] <KERNEL> Handling comm_close
2020-08-18 14:48:55 [INFO] <KERNEL> Handling comm_msg message
2020-08-18 14:48:56 [INFO] <KERNEL> Handling comm_msg message
2020-08-18 14:48:56 [INFO] <KERNEL> Handling comm_msg message
2020-08-18 14:48:56 [INFO] <KERNEL> Handling comm_msg message
2020-08-18 14:48:56 [INFO] <KERNEL> Handling comm_msg message
2020-08-18 14:49:06 [INFO] <KERNEL> Handling execute_request message
2020-08-18 14:50:40 [INFO] <KERNEL> Handling execute_request message
2020-08-18 14:51:13 [INFO] <KERNEL> Handling comm_msg message
2020-08-18 14:51:59 [INFO] <KERNEL> Handling execute_request message
2020-08-18 14:52:14 [INFO] <KERNEL> Handling complete_request message
2020-08-18 14:52:18 [INFO] <KERNEL> Handling execute_request message
2020-08-18 14:54:42 [INFO] <KERNEL> Handling execute_request message
2020-08-18 14:54:52 [INFO] <KERNEL> Handling complete_request message
2020-08-18 14:54:57 [INFO] <KERNEL> Handling execute_request message
2020-08-18 14:57:22 [INFO] <KERNEL> Handling shutdown_request message
2020-08-18 14:57:22 [INFO] <KERNEL> Stopping common-lisp kernel
2020-08-18 14:57:22 [INFO] <HB-CHANNEL> Stopping thread
2020-08-18 14:57:22 [INFO] <HB-CHANNEL> Stopping channel
2020-08-18 14:57:22 [INFO] <IOPUB-CHANNEL> Stopping channel
2020-08-18 14:57:22 [INFO] <SHELL-CHANNEL> Stopping channel
2020-08-18 14:57:22 [INFO] <STDIN-CHANNEL> Stopping channel
2020-08-18 14:57:22 [INFO] <CONTROL-CHANNEL> Stopping channel
2020-08-18 14:57:22 [INFO] <MAC> Stopping message authentification
2020-08-18 14:57:22 [INFO] <HISTORY> Stopping history
