2020-08-13 16:38:42 [INFO] <KERNEL> Starting common-lisp kernel
2020-08-13 16:38:42 [INFO] <KERNEL> Parsing connection file /Users/yonkunas/Library/Jupyter/runtime/kernel-574e9ee5-0c68-4779-bdb8-8d2ebecf3c61.json
2020-08-13 16:38:42 [INFO] <KERNEL> (OBJ (shell_port . 58941)
                                     (iopub_port . 58942) (stdin_port . 58943)
                                     (control_port . 58945) (hb_port . 58944)
                                     (ip . 127.0.0.1)
                                     (key . 00bf9f38-ff8efb59d4b21beb772d53be)
                                     (transport . tcp)
                                     (signature_scheme . hmac-sha256)
                                     (kernel_name . cando))
2020-08-13 16:38:42 [INFO] <MAC> Starting message authentification
2020-08-13 16:38:42 [INFO] <MAC> Using signature scheme hmac-sha256 for message signing.
2020-08-13 16:38:42 [INFO] <HB-CHANNEL> Starting channel on tcp://127.0.0.1:58944
2020-08-13 16:38:42 [INFO] <IOPUB-CHANNEL> Starting channel on tcp://127.0.0.1:58942
2020-08-13 16:38:42 [INFO] <HB-CHANNEL> Starting thread
2020-08-13 16:38:42 [INFO] <SHELL-CHANNEL> Starting channel on tcp://127.0.0.1:58941
2020-08-13 16:38:42 [INFO] <STDIN-CHANNEL> Starting channel on tcp://127.0.0.1:58943
2020-08-13 16:38:42 [INFO] <CONTROL-CHANNEL> Starting channel on tcp://127.0.0.1:58945
2020-08-13 16:38:42 [INFO] <HISTORY> Starting history
2020-08-13 16:38:42 [INFO] <KERNEL> Setting amber host pathname translation -> /opt/amber/
2020-08-13 16:38:42 [INFO] <KERNEL> Loading CLHS map
2020-08-13 16:38:42 [INFO] <KERNEL> Waiting for control message
2020-08-13 16:38:43 [INFO] <KERNEL> Handling kernel_info_request message
2020-08-13 16:38:43 [INFO] <KERNEL> Handling kernel_info_request message
2020-08-13 16:38:43 [INFO] <KERNEL> Handling kernel_info_request message
2020-08-13 16:38:43 [INFO] <KERNEL> Handling kernel_info_request message
2020-08-13 16:38:43 [INFO] <KERNEL> Handling kernel_info_request message
2020-08-13 16:38:43 [INFO] <KERNEL> Handling kernel_info_request message
2020-08-13 16:38:43 [INFO] <KERNEL> Handling kernel_info_request message
2020-08-13 16:38:43 [INFO] <KERNEL> Handling kernel_info_request message
2020-08-13 16:38:43 [INFO] <KERNEL> Handling kernel_info_request message
2020-08-13 16:38:43 [INFO] <KERNEL> Handling kernel_info_request message
2020-08-13 16:38:43 [INFO] <KERNEL> Handling kernel_info_request message
2020-08-13 16:38:43 [INFO] <KERNEL> Handling kernel_info_request message
2020-08-13 16:38:43 [INFO] <KERNEL> Handling kernel_info_request message
2020-08-13 16:38:43 [INFO] <KERNEL> Handling kernel_info_request message
2020-08-13 16:38:43 [INFO] <KERNEL> Handling kernel_info_request message
2020-08-13 16:38:43 [INFO] <KERNEL> Handling kernel_info_request message
2020-08-13 16:38:43 [INFO] <KERNEL> Handling kernel_info_request message
2020-08-13 16:38:43 [INFO] <KERNEL> Handling kernel_info_request message
2020-08-13 16:38:43 [INFO] <KERNEL> Handling kernel_info_request message
2020-08-13 16:38:43 [INFO] <KERNEL> Handling kernel_info_request message
2020-08-13 16:38:43 [INFO] <KERNEL> Handling kernel_info_request message
2020-08-13 16:38:43 [INFO] <KERNEL> Handling kernel_info_request message
2020-08-13 16:38:43 [INFO] <KERNEL> Handling kernel_info_request message
2020-08-13 16:38:43 [INFO] <KERNEL> Handling kernel_info_request message
2020-08-13 16:38:43 [INFO] <KERNEL> Handling kernel_info_request message
2020-08-13 16:38:43 [INFO] <KERNEL> Handling kernel_info_request message
2020-08-13 16:38:43 [INFO] <KERNEL> Handling kernel_info_request message
2020-08-13 16:38:43 [INFO] <KERNEL> Handling kernel_info_request message
2020-08-13 16:38:43 [INFO] <KERNEL> Handling kernel_info_request message
2020-08-13 16:38:43 [INFO] <KERNEL> Handling kernel_info_request message
2020-08-13 16:38:43 [INFO] <KERNEL> Handling kernel_info_request message
2020-08-13 16:38:43 [INFO] <KERNEL> Handling kernel_info_request message
2020-08-13 16:38:43 [INFO] <KERNEL> Handling kernel_info_request message
2020-08-13 16:38:43 [INFO] <KERNEL> Handling kernel_info_request message
2020-08-13 16:38:43 [INFO] <KERNEL> Handling kernel_info_request message
2020-08-13 16:38:43 [INFO] <KERNEL> Handling kernel_info_request message
2020-08-13 16:38:43 [INFO] <KERNEL> Handling kernel_info_request message
2020-08-13 16:38:43 [INFO] <KERNEL> Handling kernel_info_request message
2020-08-13 16:38:43 [INFO] <KERNEL> Handling kernel_info_request message
2020-08-13 16:38:43 [INFO] <KERNEL> Handling kernel_info_request message
2020-08-13 16:38:43 [INFO] <KERNEL> Handling comm_info_request message
2020-08-13 16:38:43 [INFO] <KERNEL> Handling kernel_info_request message
2020-08-13 16:38:44 [INFO] <KERNEL> Handling kernel_info_request message
2020-08-13 16:38:44 [INFO] <KERNEL> Handling kernel_info_request message
2020-08-13 16:44:22 [INFO] <KERNEL> Handling execute_request message
2020-08-13 16:44:35 [INFO] <KERNEL> Handling execute_request message
2020-08-13 16:44:38 [INFO] <KERNEL> Handling execute_request message
2020-08-13 16:44:59 [INFO] <KERNEL> Handling execute_request message
2020-08-13 16:45:23 [INFO] <KERNEL> Handling execute_request message
2020-08-13 16:45:54 [INFO] <KERNEL> Handling execute_request message
2020-08-13 16:45:55 [INFO] <KERNEL> Handling execute_request message
2020-08-13 16:45:56 [INFO] <KERNEL> Handling execute_request message
2020-08-13 16:45:56 [INFO] <KERNEL> Handling execute_request message
2020-08-13 16:45:57 [INFO] <KERNEL> Handling execute_request message
2020-08-13 16:46:01 [INFO] <KERNEL> Handling execute_request message
2020-08-13 16:46:05 [INFO] <KERNEL> Handling execute_request message
2020-08-13 16:46:09 [INFO] <KERNEL> Stopping common-lisp kernel
