2020-08-19 14:01:17 [INFO] <KERNEL> Starting common-lisp kernel
2020-08-19 14:01:17 [INFO] <KERNEL> Parsing connection file /Users/yonkunas/Library/Jupyter/runtime/kernel-81b325c7-754a-4abe-90d5-f1e6c4b6cf0b.json
2020-08-19 14:01:17 [INFO] <KERNEL> (OBJ (shell_port . 63833)
                                     (iopub_port . 63834) (stdin_port . 63835)
                                     (control_port . 63837) (hb_port . 63836)
                                     (ip . 127.0.0.1)
                                     (key . 3c4a8f89-25e3e4ef4fb067c34af3f9ce)
                                     (transport . tcp)
                                     (signature_scheme . hmac-sha256)
                                     (kernel_name . cando))
2020-08-19 14:01:17 [INFO] <MAC> Starting message authentification
2020-08-19 14:01:17 [INFO] <MAC> Using signature scheme hmac-sha256 for message signing.
2020-08-19 14:01:17 [INFO] <HB-CHANNEL> Starting channel on tcp://127.0.0.1:63836
2020-08-19 14:01:17 [INFO] <HB-CHANNEL> Starting thread
2020-08-19 14:01:17 [INFO] <IOPUB-CHANNEL> Starting channel on tcp://127.0.0.1:63834
2020-08-19 14:01:17 [INFO] <SHELL-CHANNEL> Starting channel on tcp://127.0.0.1:63833
2020-08-19 14:01:17 [INFO] <STDIN-CHANNEL> Starting channel on tcp://127.0.0.1:63835
2020-08-19 14:01:17 [INFO] <CONTROL-CHANNEL> Starting channel on tcp://127.0.0.1:63837
2020-08-19 14:01:17 [INFO] <HISTORY> Starting history
2020-08-19 14:01:17 [INFO] <KERNEL> Loading CLHS map
2020-08-19 14:01:17 [INFO] <KERNEL> Setting amber host pathname translation -> /opt/amber/
2020-08-19 14:01:17 [INFO] <KERNEL> Waiting for control message
2020-08-19 14:01:17 [INFO] <KERNEL> Handling kernel_info_request message
2020-08-19 14:01:17 [INFO] <KERNEL> Handling kernel_info_request message
2020-08-19 14:01:17 [INFO] <KERNEL> Handling comm_info_request message
2020-08-19 14:01:17 [INFO] <KERNEL> Handling kernel_info_request message
2020-08-19 14:03:06 [INFO] <KERNEL> Handling kernel_info_request message
2020-08-19 14:03:13 [INFO] <KERNEL> Handling execute_request message
2020-08-19 14:03:20 [INFO] <KERNEL> Handling execute_request message
2020-08-19 14:03:20 [INFO] <NULL> Setting up the *remote-call-thread-queue* and *remote-call-thread*
2020-08-19 14:03:20 [INFO] <KERNEL> Handling comm_msg message
2020-08-19 14:03:20 [INFO] <KERNEL> Handling comm_msg message
2020-08-19 14:03:20 [INFO] <KERNEL> Handling comm_close
2020-08-19 14:03:21 [INFO] <KERNEL> Handling comm_msg message
2020-08-19 14:03:21 [INFO] <KERNEL> Handling comm_msg message
2020-08-19 14:03:21 [INFO] <NGLWIDGET> Handling custom message request_loaded
2020-08-19 14:03:21 [INFO] <NULL> entered on-loaded - firing before-loaded callbacks new -> NIL
2020-08-19 14:03:21 [INFO] <NULL> entered on-loaded - firing before-loaded callbacks new -> T
2020-08-19 14:03:21 [INFO] <NULL> %fire-callbacks entered in process #<PROCESS "SHELL Thread" @0x1656b0011 (Running)>
  callbacks: NIL
2020-08-19 14:03:21 [INFO] <NULL> Done %fire-callbacks
2020-08-19 14:03:21 [INFO] <KERNEL> Handling comm_msg message
2020-08-19 14:03:21 [INFO] <NGLWIDGET> Handling custom message updateIDs
2020-08-19 14:03:21 [INFO] <KERNEL> Handling comm_msg message
2020-08-19 14:05:32 [INFO] <KERNEL> Handling kernel_info_request message
2020-08-19 14:05:32 [INFO] <KERNEL> Handling kernel_info_request message
2020-08-19 20:54:48 [INFO] <KERNEL> Handling shutdown_request message
2020-08-19 20:54:48 [INFO] <KERNEL> Stopping common-lisp kernel
2020-08-19 20:54:48 [INFO] <HB-CHANNEL> Stopping thread
2020-08-19 20:54:48 [INFO] <HB-CHANNEL> Stopping channel
2020-08-19 20:54:48 [INFO] <IOPUB-CHANNEL> Stopping channel
2020-08-19 20:54:48 [INFO] <SHELL-CHANNEL> Stopping channel
2020-08-19 20:54:48 [INFO] <STDIN-CHANNEL> Stopping channel
2020-08-19 20:54:48 [INFO] <CONTROL-CHANNEL> Stopping channel
2020-08-19 20:54:48 [INFO] <MAC> Stopping message authentification
2020-08-19 20:54:48 [INFO] <HISTORY> Stopping history
