2020-08-19 22:22:23 [INFO] <KERNEL> Starting common-lisp kernel
2020-08-19 22:22:23 [INFO] <KERNEL> Parsing connection file /Users/yonkunas/Library/Jupyter/runtime/kernel-f1fdbe80-ead9-4e2b-80cd-fa8b4e2c5972.json
2020-08-19 22:22:23 [INFO] <KERNEL> (OBJ (shell_port . 53488)
                                     (iopub_port . 53489) (stdin_port . 53490)
                                     (control_port . 53492) (hb_port . 53491)
                                     (ip . 127.0.0.1)
                                     (key . bbf4959a-85d26db99fbeb4490a3435e6)
                                     (transport . tcp)
                                     (signature_scheme . hmac-sha256)
                                     (kernel_name . cando))
2020-08-19 22:22:23 [INFO] <MAC> Starting message authentification
2020-08-19 22:22:23 [INFO] <MAC> Using signature scheme hmac-sha256 for message signing.
2020-08-19 22:22:23 [INFO] <HB-CHANNEL> Starting channel on tcp://127.0.0.1:53491
2020-08-19 22:22:23 [INFO] <IOPUB-CHANNEL> Starting channel on tcp://127.0.0.1:53489
2020-08-19 22:22:23 [INFO] <SHELL-CHANNEL> Starting channel on tcp://127.0.0.1:53488
2020-08-19 22:22:23 [INFO] <STDIN-CHANNEL> Starting channel on tcp://127.0.0.1:53490
2020-08-19 22:22:23 [INFO] <HB-CHANNEL> Starting thread
2020-08-19 22:22:23 [INFO] <CONTROL-CHANNEL> Starting channel on tcp://127.0.0.1:53492
2020-08-19 22:22:23 [INFO] <HISTORY> Starting history
2020-08-19 22:22:23 [INFO] <KERNEL> Setting amber host pathname translation -> /opt/amber/
2020-08-19 22:22:23 [INFO] <KERNEL> Waiting for control message
2020-08-19 22:22:23 [INFO] <KERNEL> Loading CLHS map
2020-08-19 22:22:23 [INFO] <KERNEL> Handling kernel_info_request message
2020-08-19 22:22:23 [INFO] <KERNEL> Handling kernel_info_request message
2020-08-19 22:22:23 [INFO] <KERNEL> Handling kernel_info_request message
2020-08-19 22:22:23 [INFO] <KERNEL> Handling comm_info_request message
2020-08-19 22:22:31 [INFO] <KERNEL> Handling execute_request message
2020-08-19 22:34:41 [INFO] <KERNEL> Handling execute_request message
2020-08-19 22:34:48 [INFO] <KERNEL> Handling execute_request message
2020-08-19 22:34:49 [INFO] <NULL> Setting up the *remote-call-thread-queue* and *remote-call-thread*
2020-08-19 22:34:49 [INFO] <KERNEL> Handling comm_msg message
2020-08-19 22:34:49 [INFO] <KERNEL> Handling comm_msg message
2020-08-19 22:34:49 [INFO] <KERNEL> Handling comm_close
2020-08-19 22:34:49 [INFO] <KERNEL> Handling comm_msg message
2020-08-19 22:34:49 [INFO] <KERNEL> Handling comm_msg message
2020-08-19 22:34:49 [INFO] <NGLWIDGET> Handling custom message request_loaded
2020-08-19 22:34:49 [INFO] <NULL> entered on-loaded - firing before-loaded callbacks new -> NIL
2020-08-19 22:34:49 [INFO] <NULL> entered on-loaded - firing before-loaded callbacks new -> T
2020-08-19 22:34:49 [INFO] <NULL> %fire-callbacks entered in process #<PROCESS "SHELL Thread" @0x12f8f0011 (Running)>
  callbacks: NIL
2020-08-19 22:34:49 [INFO] <NULL> Done %fire-callbacks
2020-08-19 22:34:49 [INFO] <KERNEL> Handling comm_msg message
2020-08-19 22:34:49 [INFO] <NGLWIDGET> Handling custom message updateIDs
2020-08-19 22:34:49 [INFO] <KERNEL> Handling comm_msg message
2020-08-19 22:34:57 [INFO] <KERNEL> Handling comm_msg message
2020-08-19 22:35:12 [INFO] <KERNEL> Handling comm_msg message
2020-08-19 22:35:14 [INFO] <KERNEL> Handling comm_msg message
2020-08-19 22:35:16 [INFO] <KERNEL> Handling comm_msg message
2020-08-19 22:35:16 [INFO] <NULL> In add-structure  (loaded self) -> T
2020-08-19 22:35:16 [INFO] <NULL> entered %load-data NIL
2020-08-19 22:35:16 [INFO] <NGLWIDGET> entered %remote-call loadFile
2020-08-19 22:35:16 [INFO] <NULL> About to make-remote-call-callback remote-call-add
2020-08-19 22:35:16 [INFO] <NULL> enqueing remote-call #<REMOTE-CALL-CALLBACK loadFile remote-call-add>
2020-08-19 22:35:16 [INFO] <NULL> remote-call-add #<REMOTE-CALL-CALLBACK loadFile remote-call-add>
2020-08-19 22:35:16 [INFO] <NULL> About to make-remote-call-callback after-loaded
2020-08-19 22:35:16 [INFO] <NULL> leaving %remote-call loadFile
2020-08-19 22:35:16 [INFO] <NULL> leaving %load-data
2020-08-19 22:35:17 [ERROR] <KERNEL> The variable TIRUN-JUPYTER::*SMALLEST-LIGAND-SKETCH* is unbound.
   [Condition of type UNBOUND-VARIABLE]

#<DISSECT:ENVIRONMENT>
   [Environment of thread #<PROCESS "SHELL Thread" @0x12f8f0011 (Running)>]

Backtrace:
 8: (#<FUNCTION TIRUN-JUPYTER::OBSERVE-LIGAND-SELECTOR> #<NGLVIEW:NGLWIDGET> #<JUPYTER-WIDGETS:HTML> #<JUPYTER-WIDGETS:TEXT-AREA> #<tirun-calculation> #<JUPYTER-WIDGETS:LABEL> 1)
 9: (#<FUNCTION (LAMBDA (TIRUN-JUPYTER::INSTANCE TYPE TIRUN-JUPYTER::NAME TIRUN-JUPYTER::OLD-VALUE TIRUN-JUPYTER::NEW-VALUE TIRUN-JUPYTER::SOURCE))> #<JUPYTER-WIDGETS:BOUNDED-INT-TEXT> INT VALUE 0 1 NIL)
 10: (#<FUNCTION (METHOD JUPYTER-WIDGETS:ON-TRAIT-CHANGE (:AFTER) (JUPYTER-WIDGETS:HAS-TRAITS T T T T T))> #<JUPYTER-WIDGETS:BOUNDED-INT-TEXT> INT VALUE 0 1 NIL)
 13: (#<FUNCTION CORE:REPL> #<JUPYTER-WIDGETS:BOUNDED-INT-TEXT> INT VALUE 0 1 NIL)
 24: (#<FUNCTION (METHOD (SETF CLOS:SLOT-VALUE-USING-CLASS) (:AROUND) (T JUPYTER-WIDGETS:TRAIT-METACLASS T JUPYTER-WIDGETS::EFFECTIVE-TRAIT))> #<FUNCTION EMF-FROM-CONTF.LAMBDA> 1 #<The JUPYTER-WIDGETS:TRAIT-METACLASS JUPYTER-WIDGETS:BOUNDED-INT-TEXT> #<JUPYTER-WIDGETS:BOUNDED-INT-TEXT> #<EFFECTIVE-TRAIT VALUE>)
 26: (#<FUNCTION CLOS::EMF-FROM-CONTF.LAMBDA> 1 #<The JUPYTER-WIDGETS:TRAIT-METACLASS JUPYTER-WIDGETS:BOUNDED-INT-TEXT> #<JUPYTER-WIDGETS:BOUNDED-INT-TEXT> #<EFFECTIVE-TRAIT VALUE>)
 30: (#<FUNCTION (SETF SLOT-VALUE)> 1 #<JUPYTER-WIDGETS:BOUNDED-INT-TEXT> VALUE)
 31: (#<FUNCTION JUPYTER-WIDGETS::UPDATE-STATE> #<JUPYTER-WIDGETS:BOUNDED-INT-TEXT> (OBJ (method . update) (state OBJ (value . 1)) (buffer_paths)) NIL)
 32: (#<FUNCTION (METHOD JUPYTER:ON-COMM-MESSAGE (JUPYTER-WIDGETS:WIDGET T T T))> #<FUNCTION (METHOD ON-COMM-MESSAGE (T T T T))> #<JUPYTER-WIDGETS:BOUNDED-INT-TEXT> (OBJ (method . update) (state OBJ (value . 1)) (buffer_paths)) (OBJ) NIL)
 34: (#<FUNCTION CLOS::EMF-FROM-CONTF.LAMBDA> #<JUPYTER-WIDGETS:BOUNDED-INT-TEXT> (OBJ (method . update) (state OBJ (value . 1)) (buffer_paths)) (OBJ) NIL)
 44: (#<FUNCTION JUPYTER::HANDLE-COMM-MESSAGE> #<CANDO-JUPYTER:KERNEL> #<JUPYTER::MESSAGE>)
 45: (#<FUNCTION JUPYTER::HANDLE-SHELL-MESSAGE> #<CANDO-JUPYTER:KERNEL> #<JUPYTER::MESSAGE>)
 50: (#<FUNCTION JUPYTER::RUN-SHELL> #<CANDO-JUPYTER:KERNEL>)
 51: (#<FUNCTION (LAMBDA NIL)>)
 54: (#<FUNCTION (LAMBDA NIL)>)
2020-08-19 22:35:17 [INFO] <KERNEL> Handling comm_msg message
2020-08-19 22:35:17 [INFO] <NGLWIDGET> Handling custom message async_message
2020-08-19 22:35:17 [INFO] <NGLWIDGET> Setting event
2020-08-19 22:35:17 [INFO] <KERNEL> Handling comm_msg message
2020-08-19 22:35:17 [INFO] <KERNEL> Handling comm_msg message
2020-08-19 22:35:17 [INFO] <NGLWIDGET> Handling custom message request_repr_dict
2020-08-19 22:35:17 [INFO] <KERNEL> Handling comm_msg message
2020-08-19 22:35:17 [INFO] <KERNEL> Handling comm_msg message
2020-08-19 22:35:17 [INFO] <NULL> In add-structure  (loaded self) -> T
2020-08-19 22:35:17 [INFO] <NULL> entered %load-data NIL
2020-08-19 22:35:17 [INFO] <NGLWIDGET> entered %remote-call loadFile
2020-08-19 22:35:17 [INFO] <NULL> About to make-remote-call-callback remote-call-add
2020-08-19 22:35:17 [INFO] <NULL> enqueing remote-call #<REMOTE-CALL-CALLBACK loadFile remote-call-add>
2020-08-19 22:35:17 [INFO] <NULL> remote-call-add #<REMOTE-CALL-CALLBACK loadFile remote-call-add>
2020-08-19 22:35:17 [INFO] <NULL> About to make-remote-call-callback after-loaded
2020-08-19 22:35:17 [INFO] <NULL> leaving %remote-call loadFile
2020-08-19 22:35:17 [INFO] <NULL> leaving %load-data
2020-08-19 22:35:17 [ERROR] <KERNEL> The variable TIRUN-JUPYTER::*SMALLEST-LIGAND-SKETCH* is unbound.
   [Condition of type UNBOUND-VARIABLE]

#<DISSECT:ENVIRONMENT>
   [Environment of thread #<PROCESS "SHELL Thread" @0x12f8f0011 (Running)>]

Backtrace:
 8: (#<FUNCTION TIRUN-JUPYTER::OBSERVE-LIGAND-SELECTOR> #<NGLVIEW:NGLWIDGET> #<JUPYTER-WIDGETS:HTML> #<JUPYTER-WIDGETS:TEXT-AREA> #<tirun-calculation> #<JUPYTER-WIDGETS:LABEL> 2)
 9: (#<FUNCTION (LAMBDA (TIRUN-JUPYTER::INSTANCE TYPE TIRUN-JUPYTER::NAME TIRUN-JUPYTER::OLD-VALUE TIRUN-JUPYTER::NEW-VALUE TIRUN-JUPYTER::SOURCE))> #<JUPYTER-WIDGETS:BOUNDED-INT-TEXT> INT VALUE 1 2 NIL)
 10: (#<FUNCTION (METHOD JUPYTER-WIDGETS:ON-TRAIT-CHANGE (:AFTER) (JUPYTER-WIDGETS:HAS-TRAITS T T T T T))> #<JUPYTER-WIDGETS:BOUNDED-INT-TEXT> INT VALUE 1 2 NIL)
 13: (#<FUNCTION CORE:REPL> #<JUPYTER-WIDGETS:BOUNDED-INT-TEXT> INT VALUE 1 2 NIL)
 24: (#<FUNCTION (METHOD (SETF CLOS:SLOT-VALUE-USING-CLASS) (:AROUND) (T JUPYTER-WIDGETS:TRAIT-METACLASS T JUPYTER-WIDGETS::EFFECTIVE-TRAIT))> #<FUNCTION EMF-FROM-CONTF.LAMBDA> 2 #<The JUPYTER-WIDGETS:TRAIT-METACLASS JUPYTER-WIDGETS:BOUNDED-INT-TEXT> #<JUPYTER-WIDGETS:BOUNDED-INT-TEXT> #<EFFECTIVE-TRAIT VALUE>)
 26: (#<FUNCTION CLOS::EMF-FROM-CONTF.LAMBDA> 2 #<The JUPYTER-WIDGETS:TRAIT-METACLASS JUPYTER-WIDGETS:BOUNDED-INT-TEXT> #<JUPYTER-WIDGETS:BOUNDED-INT-TEXT> #<EFFECTIVE-TRAIT VALUE>)
 30: (#<FUNCTION (SETF SLOT-VALUE)> 2 #<JUPYTER-WIDGETS:BOUNDED-INT-TEXT> VALUE)
 31: (#<FUNCTION JUPYTER-WIDGETS::UPDATE-STATE> #<JUPYTER-WIDGETS:BOUNDED-INT-TEXT> (OBJ (method . update) (state OBJ (value . 2)) (buffer_paths)) NIL)
 32: (#<FUNCTION (METHOD JUPYTER:ON-COMM-MESSAGE (JUPYTER-WIDGETS:WIDGET T T T))> #<FUNCTION (METHOD ON-COMM-MESSAGE (T T T T))> #<JUPYTER-WIDGETS:BOUNDED-INT-TEXT> (OBJ (method . update) (state OBJ (value . 2)) (buffer_paths)) (OBJ) NIL)
 34: (#<FUNCTION CLOS::EMF-FROM-CONTF.LAMBDA> #<JUPYTER-WIDGETS:BOUNDED-INT-TEXT> (OBJ (method . update) (state OBJ (value . 2)) (buffer_paths)) (OBJ) NIL)
 38: (#<FUNCTION JUPYTER::HANDLE-COMM-MESSAGE> #<CANDO-JUPYTER:KERNEL> #<JUPYTER::MESSAGE>)
 39: (#<FUNCTION JUPYTER::HANDLE-SHELL-MESSAGE> #<CANDO-JUPYTER:KERNEL> #<JUPYTER::MESSAGE>)
 44: (#<FUNCTION JUPYTER::RUN-SHELL> #<CANDO-JUPYTER:KERNEL>)
 45: (#<FUNCTION (LAMBDA NIL)>)
 48: (#<FUNCTION (LAMBDA NIL)>)
2020-08-19 22:35:17 [INFO] <KERNEL> Handling comm_msg message
2020-08-19 22:35:17 [INFO] <NGLWIDGET> Handling custom message async_message
2020-08-19 22:35:17 [INFO] <NGLWIDGET> Setting event
2020-08-19 22:35:17 [INFO] <KERNEL> Handling comm_msg message
2020-08-19 22:35:17 [INFO] <KERNEL> Handling comm_msg message
2020-08-19 22:35:17 [INFO] <NGLWIDGET> Handling custom message request_repr_dict
2020-08-19 22:35:49 [INFO] <KERNEL> Handling shutdown_request message
2020-08-19 22:35:49 [INFO] <KERNEL> Stopping common-lisp kernel
2020-08-19 22:35:49 [INFO] <HB-CHANNEL> Stopping thread
2020-08-19 22:35:49 [INFO] <HB-CHANNEL> Stopping channel
2020-08-19 22:35:49 [INFO] <IOPUB-CHANNEL> Stopping channel
2020-08-19 22:35:49 [INFO] <SHELL-CHANNEL> Stopping channel
2020-08-19 22:35:49 [INFO] <STDIN-CHANNEL> Stopping channel
2020-08-19 22:35:49 [INFO] <CONTROL-CHANNEL> Stopping channel
2020-08-19 22:35:49 [INFO] <MAC> Stopping message authentification
2020-08-19 22:35:49 [INFO] <HISTORY> Stopping history
