2020-08-20 01:08:41 [INFO] <KERNEL> Starting common-lisp kernel
2020-08-20 01:08:41 [INFO] <KERNEL> Parsing connection file /Users/yonkunas/Library/Jupyter/runtime/kernel-3b9a9558-aec6-434a-b318-8bd44a6de98d.json
2020-08-20 01:08:41 [INFO] <KERNEL> (OBJ (shell_port . 51193)
                                     (iopub_port . 51194) (stdin_port . 51195)
                                     (control_port . 51197) (hb_port . 51196)
                                     (ip . 127.0.0.1)
                                     (key . 653b0503-8b166f63534ee3cccb6a3085)
                                     (transport . tcp)
                                     (signature_scheme . hmac-sha256)
                                     (kernel_name . cando))
2020-08-20 01:08:41 [INFO] <MAC> Starting message authentification
2020-08-20 01:08:41 [INFO] <MAC> Using signature scheme hmac-sha256 for message signing.
2020-08-20 01:08:41 [INFO] <HB-CHANNEL> Starting channel on tcp://127.0.0.1:51196
2020-08-20 01:08:41 [INFO] <HB-CHANNEL> Starting thread
2020-08-20 01:08:41 [INFO] <IOPUB-CHANNEL> Starting channel on tcp://127.0.0.1:51194
2020-08-20 01:08:41 [INFO] <SHELL-CHANNEL> Starting channel on tcp://127.0.0.1:51193
2020-08-20 01:08:41 [INFO] <STDIN-CHANNEL> Starting channel on tcp://127.0.0.1:51195
2020-08-20 01:08:41 [INFO] <CONTROL-CHANNEL> Starting channel on tcp://127.0.0.1:51197
2020-08-20 01:08:41 [INFO] <HISTORY> Starting history
2020-08-20 01:08:41 [INFO] <KERNEL> Loading CLHS map
2020-08-20 01:08:41 [INFO] <KERNEL> Setting amber host pathname translation -> /opt/amber/
2020-08-20 01:08:41 [INFO] <KERNEL> Waiting for control message
2020-08-20 01:08:41 [INFO] <KERNEL> Handling kernel_info_request message
2020-08-20 01:08:41 [INFO] <KERNEL> Handling kernel_info_request message
2020-08-20 01:08:41 [INFO] <KERNEL> Handling comm_info_request message
2020-08-20 01:09:11 [INFO] <KERNEL> Handling execute_request message
2020-08-20 01:09:18 [INFO] <KERNEL> Handling execute_request message
2020-08-20 01:09:19 [INFO] <NULL> Setting up the *remote-call-thread-queue* and *remote-call-thread*
2020-08-20 01:09:19 [INFO] <KERNEL> Handling comm_msg message
2020-08-20 01:09:19 [INFO] <KERNEL> Handling comm_msg message
2020-08-20 01:09:19 [INFO] <KERNEL> Handling comm_close
2020-08-20 01:09:19 [INFO] <KERNEL> Handling comm_msg message
2020-08-20 01:09:19 [INFO] <KERNEL> Handling comm_msg message
2020-08-20 01:09:19 [INFO] <NGLWIDGET> Handling custom message request_loaded
2020-08-20 01:09:19 [INFO] <NULL> entered on-loaded - firing before-loaded callbacks new -> NIL
2020-08-20 01:09:19 [INFO] <NULL> entered on-loaded - firing before-loaded callbacks new -> T
2020-08-20 01:09:19 [INFO] <NULL> %fire-callbacks entered in process #<PROCESS "SHELL Thread" @0x1311a46d1 (Running)>
  callbacks: NIL
2020-08-20 01:09:20 [INFO] <NULL> Done %fire-callbacks
2020-08-20 01:09:20 [INFO] <KERNEL> Handling comm_msg message
2020-08-20 01:09:20 [INFO] <NGLWIDGET> Handling custom message updateIDs
2020-08-20 01:09:20 [INFO] <KERNEL> Handling comm_msg message
2020-08-20 01:09:26 [INFO] <KERNEL> Handling comm_msg message
2020-08-20 01:09:30 [INFO] <KERNEL> Handling comm_msg message
2020-08-20 01:09:31 [INFO] <KERNEL> Handling comm_msg message
2020-08-20 01:09:34 [INFO] <KERNEL> Handling comm_msg message
2020-08-20 01:09:34 [INFO] <NULL> In add-structure  (loaded self) -> T
2020-08-20 01:09:34 [INFO] <NULL> entered %load-data NIL
2020-08-20 01:09:34 [INFO] <NGLWIDGET> entered %remote-call loadFile
2020-08-20 01:09:34 [INFO] <NULL> About to make-remote-call-callback remote-call-add
2020-08-20 01:09:34 [INFO] <NULL> enqueing remote-call #<REMOTE-CALL-CALLBACK loadFile remote-call-add>
2020-08-20 01:09:34 [INFO] <NULL> remote-call-add #<REMOTE-CALL-CALLBACK loadFile remote-call-add>
2020-08-20 01:09:34 [INFO] <NULL> About to make-remote-call-callback after-loaded
2020-08-20 01:09:34 [INFO] <NULL> leaving %remote-call loadFile
2020-08-20 01:09:34 [INFO] <NULL> leaving %load-data
2020-08-20 01:09:34 [ERROR] <KERNEL> The variable TIRUN-JUPYTER::*SMALLEST-LIGAND-SKETCH* is unbound.
   [Condition of type UNBOUND-VARIABLE]

#<DISSECT:ENVIRONMENT>
   [Environment of thread #<PROCESS "SHELL Thread" @0x1311a46d1 (Running)>]

Backtrace:
 8: (#<FUNCTION TIRUN-JUPYTER::OBSERVE-LIGAND-SELECTOR> #<NGLVIEW:NGLWIDGET> #<JUPYTER-WIDGETS:HTML> #<JUPYTER-WIDGETS:TEXT-AREA> #<tirun-calculation> #<JUPYTER-WIDGETS:LABEL> 1)
 9: (#<FUNCTION (LAMBDA (TIRUN-JUPYTER::INSTANCE TYPE TIRUN-JUPYTER::NAME TIRUN-JUPYTER::OLD-VALUE TIRUN-JUPYTER::NEW-VALUE TIRUN-JUPYTER::SOURCE))> #<JUPYTER-WIDGETS:BOUNDED-INT-TEXT> INT VALUE 0 1 NIL)
 10: (#<FUNCTION (METHOD JUPYTER-WIDGETS:ON-TRAIT-CHANGE (:AFTER) (JUPYTER-WIDGETS:HAS-TRAITS T T T T T))> #<JUPYTER-WIDGETS:BOUNDED-INT-TEXT> INT VALUE 0 1 NIL)
 13: (#<FUNCTION CORE:REPL> #<JUPYTER-WIDGETS:BOUNDED-INT-TEXT> INT VALUE 0 1 NIL)
 24: (#<FUNCTION (METHOD (SETF CLOS:SLOT-VALUE-USING-CLASS) (:AROUND) (T JUPYTER-WIDGETS:TRAIT-METACLASS T JUPYTER-WIDGETS::EFFECTIVE-TRAIT))> #<FUNCTION EMF-FROM-CONTF.LAMBDA> 1 #<The JUPYTER-WIDGETS:TRAIT-METACLASS JUPYTER-WIDGETS:BOUNDED-INT-TEXT> #<JUPYTER-WIDGETS:BOUNDED-INT-TEXT> #<EFFECTIVE-TRAIT VALUE>)
 26: (#<FUNCTION CLOS::EMF-FROM-CONTF.LAMBDA> 1 #<The JUPYTER-WIDGETS:TRAIT-METACLASS JUPYTER-WIDGETS:BOUNDED-INT-TEXT> #<JUPYTER-WIDGETS:BOUNDED-INT-TEXT> #<EFFECTIVE-TRAIT VALUE>)
 30: (#<FUNCTION (SETF SLOT-VALUE)> 1 #<JUPYTER-WIDGETS:BOUNDED-INT-TEXT> VALUE)
 31: (#<FUNCTION JUPYTER-WIDGETS::UPDATE-STATE> #<JUPYTER-WIDGETS:BOUNDED-INT-TEXT> (OBJ (method . update) (state OBJ (value . 1)) (buffer_paths)) NIL)
 32: (#<FUNCTION (METHOD JUPYTER:ON-COMM-MESSAGE (JUPYTER-WIDGETS:WIDGET T T T))> #<FUNCTION (METHOD ON-COMM-MESSAGE (T T T T))> #<JUPYTER-WIDGETS:BOUNDED-INT-TEXT> (OBJ (method . update) (state OBJ (value . 1)) (buffer_paths)) (OBJ) NIL)
 34: (#<FUNCTION CLOS::EMF-FROM-CONTF.LAMBDA> #<JUPYTER-WIDGETS:BOUNDED-INT-TEXT> (OBJ (method . update) (state OBJ (value . 1)) (buffer_paths)) (OBJ) NIL)
 44: (#<FUNCTION JUPYTER::HANDLE-COMM-MESSAGE> #<CANDO-JUPYTER:KERNEL> #<JUPYTER::MESSAGE>)
 45: (#<FUNCTION JUPYTER::HANDLE-SHELL-MESSAGE> #<CANDO-JUPYTER:KERNEL> #<JUPYTER::MESSAGE>)
 50: (#<FUNCTION JUPYTER::RUN-SHELL> #<CANDO-JUPYTER:KERNEL>)
 51: (#<FUNCTION (LAMBDA NIL)>)
 54: (#<FUNCTION (LAMBDA NIL)>)
2020-08-20 01:09:34 [INFO] <KERNEL> Handling comm_msg message
2020-08-20 01:09:34 [INFO] <NGLWIDGET> Handling custom message async_message
2020-08-20 01:09:34 [INFO] <NGLWIDGET> Setting event
2020-08-20 01:09:34 [INFO] <KERNEL> Handling comm_msg message
2020-08-20 01:09:34 [INFO] <KERNEL> Handling comm_msg message
2020-08-20 01:09:34 [INFO] <NGLWIDGET> Handling custom message request_repr_dict
2020-08-20 01:09:34 [INFO] <KERNEL> Handling comm_msg message
2020-08-20 01:09:35 [INFO] <KERNEL> Handling comm_msg message
2020-08-20 01:09:35 [INFO] <NULL> In add-structure  (loaded self) -> T
2020-08-20 01:09:35 [INFO] <NULL> entered %load-data NIL
2020-08-20 01:09:35 [INFO] <NGLWIDGET> entered %remote-call loadFile
2020-08-20 01:09:35 [INFO] <NULL> About to make-remote-call-callback remote-call-add
2020-08-20 01:09:35 [INFO] <NULL> enqueing remote-call #<REMOTE-CALL-CALLBACK loadFile remote-call-add>
2020-08-20 01:09:35 [INFO] <NULL> remote-call-add #<REMOTE-CALL-CALLBACK loadFile remote-call-add>
2020-08-20 01:09:35 [INFO] <NULL> About to make-remote-call-callback after-loaded
2020-08-20 01:09:35 [INFO] <NULL> leaving %remote-call loadFile
2020-08-20 01:09:35 [INFO] <NULL> leaving %load-data
2020-08-20 01:09:35 [ERROR] <KERNEL> The variable TIRUN-JUPYTER::*SMALLEST-LIGAND-SKETCH* is unbound.
   [Condition of type UNBOUND-VARIABLE]

#<DISSECT:ENVIRONMENT>
   [Environment of thread #<PROCESS "SHELL Thread" @0x1311a46d1 (Running)>]

Backtrace:
 8: (#<FUNCTION TIRUN-JUPYTER::OBSERVE-LIGAND-SELECTOR> #<NGLVIEW:NGLWIDGET> #<JUPYTER-WIDGETS:HTML> #<JUPYTER-WIDGETS:TEXT-AREA> #<tirun-calculation> #<JUPYTER-WIDGETS:LABEL> 2)
 9: (#<FUNCTION (LAMBDA (TIRUN-JUPYTER::INSTANCE TYPE TIRUN-JUPYTER::NAME TIRUN-JUPYTER::OLD-VALUE TIRUN-JUPYTER::NEW-VALUE TIRUN-JUPYTER::SOURCE))> #<JUPYTER-WIDGETS:BOUNDED-INT-TEXT> INT VALUE 1 2 NIL)
 10: (#<FUNCTION (METHOD JUPYTER-WIDGETS:ON-TRAIT-CHANGE (:AFTER) (JUPYTER-WIDGETS:HAS-TRAITS T T T T T))> #<JUPYTER-WIDGETS:BOUNDED-INT-TEXT> INT VALUE 1 2 NIL)
 13: (#<FUNCTION CORE:REPL> #<JUPYTER-WIDGETS:BOUNDED-INT-TEXT> INT VALUE 1 2 NIL)
 24: (#<FUNCTION (METHOD (SETF CLOS:SLOT-VALUE-USING-CLASS) (:AROUND) (T JUPYTER-WIDGETS:TRAIT-METACLASS T JUPYTER-WIDGETS::EFFECTIVE-TRAIT))> #<FUNCTION EMF-FROM-CONTF.LAMBDA> 2 #<The JUPYTER-WIDGETS:TRAIT-METACLASS JUPYTER-WIDGETS:BOUNDED-INT-TEXT> #<JUPYTER-WIDGETS:BOUNDED-INT-TEXT> #<EFFECTIVE-TRAIT VALUE>)
 26: (#<FUNCTION CLOS::EMF-FROM-CONTF.LAMBDA> 2 #<The JUPYTER-WIDGETS:TRAIT-METACLASS JUPYTER-WIDGETS:BOUNDED-INT-TEXT> #<JUPYTER-WIDGETS:BOUNDED-INT-TEXT> #<EFFECTIVE-TRAIT VALUE>)
 30: (#<FUNCTION (SETF SLOT-VALUE)> 2 #<JUPYTER-WIDGETS:BOUNDED-INT-TEXT> VALUE)
 31: (#<FUNCTION JUPYTER-WIDGETS::UPDATE-STATE> #<JUPYTER-WIDGETS:BOUNDED-INT-TEXT> (OBJ (method . update) (state OBJ (value . 2)) (buffer_paths)) NIL)
 32: (#<FUNCTION (METHOD JUPYTER:ON-COMM-MESSAGE (JUPYTER-WIDGETS:WIDGET T T T))> #<FUNCTION (METHOD ON-COMM-MESSAGE (T T T T))> #<JUPYTER-WIDGETS:BOUNDED-INT-TEXT> (OBJ (method . update) (state OBJ (value . 2)) (buffer_paths)) (OBJ) NIL)
 34: (#<FUNCTION CLOS::EMF-FROM-CONTF.LAMBDA> #<JUPYTER-WIDGETS:BOUNDED-INT-TEXT> (OBJ (method . update) (state OBJ (value . 2)) (buffer_paths)) (OBJ) NIL)
 38: (#<FUNCTION JUPYTER::HANDLE-COMM-MESSAGE> #<CANDO-JUPYTER:KERNEL> #<JUPYTER::MESSAGE>)
 39: (#<FUNCTION JUPYTER::HANDLE-SHELL-MESSAGE> #<CANDO-JUPYTER:KERNEL> #<JUPYTER::MESSAGE>)
 44: (#<FUNCTION JUPYTER::RUN-SHELL> #<CANDO-JUPYTER:KERNEL>)
 45: (#<FUNCTION (LAMBDA NIL)>)
 48: (#<FUNCTION (LAMBDA NIL)>)
2020-08-20 01:09:35 [INFO] <KERNEL> Handling comm_msg message
2020-08-20 01:09:35 [INFO] <NGLWIDGET> Handling custom message async_message
2020-08-20 01:09:35 [INFO] <NGLWIDGET> Setting event
2020-08-20 01:09:35 [INFO] <KERNEL> Handling comm_msg message
2020-08-20 01:09:35 [INFO] <KERNEL> Handling comm_msg message
2020-08-20 01:09:35 [INFO] <NGLWIDGET> Handling custom message request_repr_dict
2020-08-20 01:09:35 [INFO] <KERNEL> Handling comm_msg message
2020-08-20 01:09:35 [INFO] <NULL> In add-structure  (loaded self) -> T
2020-08-20 01:09:35 [INFO] <NULL> entered %load-data NIL
2020-08-20 01:09:35 [INFO] <NGLWIDGET> entered %remote-call loadFile
2020-08-20 01:09:35 [INFO] <NULL> About to make-remote-call-callback remote-call-add
2020-08-20 01:09:35 [INFO] <NULL> enqueing remote-call #<REMOTE-CALL-CALLBACK loadFile remote-call-add>
2020-08-20 01:09:35 [INFO] <NULL> remote-call-add #<REMOTE-CALL-CALLBACK loadFile remote-call-add>
2020-08-20 01:09:35 [INFO] <NULL> About to make-remote-call-callback after-loaded
2020-08-20 01:09:35 [INFO] <NULL> leaving %remote-call loadFile
2020-08-20 01:09:35 [INFO] <NULL> leaving %load-data
2020-08-20 01:09:35 [INFO] <NGLWIDGET> entered %remote-call autoView
2020-08-20 01:09:35 [INFO] <NULL> About to make-remote-call-callback remote-call-add
2020-08-20 01:09:35 [INFO] <NULL> enqueing remote-call #<REMOTE-CALL-CALLBACK autoView remote-call-add>
2020-08-20 01:09:35 [INFO] <NULL> remote-call-add #<REMOTE-CALL-CALLBACK autoView remote-call-add>
2020-08-20 01:09:35 [INFO] <NULL> leaving %remote-call autoView
2020-08-20 01:09:36 [ERROR] <KERNEL> The variable TIRUN-JUPYTER::*SMALLEST-LIGAND-SKETCH* is unbound.
   [Condition of type UNBOUND-VARIABLE]

#<DISSECT:ENVIRONMENT>
   [Environment of thread #<PROCESS "SHELL Thread" @0x1311a46d1 (Running)>]

Backtrace:
 8: (#<FUNCTION TIRUN-JUPYTER::OBSERVE-LIGAND-SELECTOR> #<NGLVIEW:NGLWIDGET> #<JUPYTER-WIDGETS:HTML> #<JUPYTER-WIDGETS:TEXT-AREA> #<tirun-calculation> #<JUPYTER-WIDGETS:LABEL> 3)
 9: (#<FUNCTION (LAMBDA (TIRUN-JUPYTER::INSTANCE TYPE TIRUN-JUPYTER::NAME TIRUN-JUPYTER::OLD-VALUE TIRUN-JUPYTER::NEW-VALUE TIRUN-JUPYTER::SOURCE))> #<JUPYTER-WIDGETS:BOUNDED-INT-TEXT> INT VALUE 2 3 NIL)
 10: (#<FUNCTION (METHOD JUPYTER-WIDGETS:ON-TRAIT-CHANGE (:AFTER) (JUPYTER-WIDGETS:HAS-TRAITS T T T T T))> #<JUPYTER-WIDGETS:BOUNDED-INT-TEXT> INT VALUE 2 3 NIL)
 13: (#<FUNCTION CORE:REPL> #<JUPYTER-WIDGETS:BOUNDED-INT-TEXT> INT VALUE 2 3 NIL)
 24: (#<FUNCTION (METHOD (SETF CLOS:SLOT-VALUE-USING-CLASS) (:AROUND) (T JUPYTER-WIDGETS:TRAIT-METACLASS T JUPYTER-WIDGETS::EFFECTIVE-TRAIT))> #<FUNCTION EMF-FROM-CONTF.LAMBDA> 3 #<The JUPYTER-WIDGETS:TRAIT-METACLASS JUPYTER-WIDGETS:BOUNDED-INT-TEXT> #<JUPYTER-WIDGETS:BOUNDED-INT-TEXT> #<EFFECTIVE-TRAIT VALUE>)
 26: (#<FUNCTION CLOS::EMF-FROM-CONTF.LAMBDA> 3 #<The JUPYTER-WIDGETS:TRAIT-METACLASS JUPYTER-WIDGETS:BOUNDED-INT-TEXT> #<JUPYTER-WIDGETS:BOUNDED-INT-TEXT> #<EFFECTIVE-TRAIT VALUE>)
 30: (#<FUNCTION (SETF SLOT-VALUE)> 3 #<JUPYTER-WIDGETS:BOUNDED-INT-TEXT> VALUE)
 31: (#<FUNCTION JUPYTER-WIDGETS::UPDATE-STATE> #<JUPYTER-WIDGETS:BOUNDED-INT-TEXT> (OBJ (method . update) (state OBJ (value . 3)) (buffer_paths)) NIL)
 32: (#<FUNCTION (METHOD JUPYTER:ON-COMM-MESSAGE (JUPYTER-WIDGETS:WIDGET T T T))> #<FUNCTION (METHOD ON-COMM-MESSAGE (T T T T))> #<JUPYTER-WIDGETS:BOUNDED-INT-TEXT> (OBJ (method . update) (state OBJ (value . 3)) (buffer_paths)) (OBJ) NIL)
 34: (#<FUNCTION CLOS::EMF-FROM-CONTF.LAMBDA> #<JUPYTER-WIDGETS:BOUNDED-INT-TEXT> (OBJ (method . update) (state OBJ (value . 3)) (buffer_paths)) (OBJ) NIL)
 38: (#<FUNCTION JUPYTER::HANDLE-COMM-MESSAGE> #<CANDO-JUPYTER:KERNEL> #<JUPYTER::MESSAGE>)
 39: (#<FUNCTION JUPYTER::HANDLE-SHELL-MESSAGE> #<CANDO-JUPYTER:KERNEL> #<JUPYTER::MESSAGE>)
 44: (#<FUNCTION JUPYTER::RUN-SHELL> #<CANDO-JUPYTER:KERNEL>)
 45: (#<FUNCTION (LAMBDA NIL)>)
 48: (#<FUNCTION (LAMBDA NIL)>)
2020-08-20 01:09:36 [INFO] <KERNEL> Handling comm_msg message
2020-08-20 01:09:36 [INFO] <NGLWIDGET> Handling custom message async_message
2020-08-20 01:09:36 [INFO] <NGLWIDGET> Setting event
2020-08-20 01:09:36 [INFO] <KERNEL> Handling comm_msg message
2020-08-20 01:09:36 [INFO] <KERNEL> Handling comm_msg message
2020-08-20 01:09:36 [INFO] <NGLWIDGET> Handling custom message request_repr_dict
2020-08-20 01:10:45 [INFO] <KERNEL> Handling comm_msg message
2020-08-20 01:10:45 [INFO] <NULL> In add-structure  (loaded self) -> T
2020-08-20 01:10:45 [INFO] <NULL> entered %load-data NIL
2020-08-20 01:10:45 [INFO] <NGLWIDGET> entered %remote-call loadFile
2020-08-20 01:10:45 [INFO] <NULL> About to make-remote-call-callback remote-call-add
2020-08-20 01:10:45 [INFO] <NULL> enqueing remote-call #<REMOTE-CALL-CALLBACK loadFile remote-call-add>
2020-08-20 01:10:45 [INFO] <NULL> remote-call-add #<REMOTE-CALL-CALLBACK loadFile remote-call-add>
2020-08-20 01:10:45 [INFO] <NULL> About to make-remote-call-callback after-loaded
2020-08-20 01:10:45 [INFO] <NULL> leaving %remote-call loadFile
2020-08-20 01:10:45 [INFO] <NULL> leaving %load-data
2020-08-20 01:10:45 [INFO] <NGLWIDGET> entered %remote-call autoView
2020-08-20 01:10:45 [INFO] <NULL> About to make-remote-call-callback remote-call-add
2020-08-20 01:10:45 [INFO] <NULL> enqueing remote-call #<REMOTE-CALL-CALLBACK autoView remote-call-add>
2020-08-20 01:10:45 [INFO] <NULL> remote-call-add #<REMOTE-CALL-CALLBACK autoView remote-call-add>
2020-08-20 01:10:45 [INFO] <NULL> leaving %remote-call autoView
2020-08-20 01:10:46 [ERROR] <KERNEL> The variable TIRUN-JUPYTER::*SMALLEST-LIGAND-SKETCH* is unbound.
   [Condition of type UNBOUND-VARIABLE]

#<DISSECT:ENVIRONMENT>
   [Environment of thread #<PROCESS "SHELL Thread" @0x1311a46d1 (Running)>]

Backtrace:
 8: (#<FUNCTION TIRUN-JUPYTER::OBSERVE-LIGAND-SELECTOR> #<NGLVIEW:NGLWIDGET> #<JUPYTER-WIDGETS:HTML> #<JUPYTER-WIDGETS:TEXT-AREA> #<tirun-calculation> #<JUPYTER-WIDGETS:LABEL> 4)
 9: (#<FUNCTION (LAMBDA (TIRUN-JUPYTER::INSTANCE TYPE TIRUN-JUPYTER::NAME TIRUN-JUPYTER::OLD-VALUE TIRUN-JUPYTER::NEW-VALUE TIRUN-JUPYTER::SOURCE))> #<JUPYTER-WIDGETS:BOUNDED-INT-TEXT> INT VALUE 3 4 NIL)
 10: (#<FUNCTION (METHOD JUPYTER-WIDGETS:ON-TRAIT-CHANGE (:AFTER) (JUPYTER-WIDGETS:HAS-TRAITS T T T T T))> #<JUPYTER-WIDGETS:BOUNDED-INT-TEXT> INT VALUE 3 4 NIL)
 13: (#<FUNCTION CORE:REPL> #<JUPYTER-WIDGETS:BOUNDED-INT-TEXT> INT VALUE 3 4 NIL)
 24: (#<FUNCTION (METHOD (SETF CLOS:SLOT-VALUE-USING-CLASS) (:AROUND) (T JUPYTER-WIDGETS:TRAIT-METACLASS T JUPYTER-WIDGETS::EFFECTIVE-TRAIT))> #<FUNCTION EMF-FROM-CONTF.LAMBDA> 4 #<The JUPYTER-WIDGETS:TRAIT-METACLASS JUPYTER-WIDGETS:BOUNDED-INT-TEXT> #<JUPYTER-WIDGETS:BOUNDED-INT-TEXT> #<EFFECTIVE-TRAIT VALUE>)
 26: (#<FUNCTION CLOS::EMF-FROM-CONTF.LAMBDA> 4 #<The JUPYTER-WIDGETS:TRAIT-METACLASS JUPYTER-WIDGETS:BOUNDED-INT-TEXT> #<JUPYTER-WIDGETS:BOUNDED-INT-TEXT> #<EFFECTIVE-TRAIT VALUE>)
 30: (#<FUNCTION (SETF SLOT-VALUE)> 4 #<JUPYTER-WIDGETS:BOUNDED-INT-TEXT> VALUE)
 31: (#<FUNCTION JUPYTER-WIDGETS::UPDATE-STATE> #<JUPYTER-WIDGETS:BOUNDED-INT-TEXT> (OBJ (method . update) (state OBJ (value . 4)) (buffer_paths)) NIL)
 32: (#<FUNCTION (METHOD JUPYTER:ON-COMM-MESSAGE (JUPYTER-WIDGETS:WIDGET T T T))> #<FUNCTION (METHOD ON-COMM-MESSAGE (T T T T))> #<JUPYTER-WIDGETS:BOUNDED-INT-TEXT> (OBJ (method . update) (state OBJ (value . 4)) (buffer_paths)) (OBJ) NIL)
 34: (#<FUNCTION CLOS::EMF-FROM-CONTF.LAMBDA> #<JUPYTER-WIDGETS:BOUNDED-INT-TEXT> (OBJ (method . update) (state OBJ (value . 4)) (buffer_paths)) (OBJ) NIL)
 38: (#<FUNCTION JUPYTER::HANDLE-COMM-MESSAGE> #<CANDO-JUPYTER:KERNEL> #<JUPYTER::MESSAGE>)
 39: (#<FUNCTION JUPYTER::HANDLE-SHELL-MESSAGE> #<CANDO-JUPYTER:KERNEL> #<JUPYTER::MESSAGE>)
 44: (#<FUNCTION JUPYTER::RUN-SHELL> #<CANDO-JUPYTER:KERNEL>)
 45: (#<FUNCTION (LAMBDA NIL)>)
 48: (#<FUNCTION (LAMBDA NIL)>)
2020-08-20 01:10:46 [INFO] <KERNEL> Handling comm_msg message
2020-08-20 01:10:46 [INFO] <NGLWIDGET> Handling custom message async_message
2020-08-20 01:10:46 [INFO] <NGLWIDGET> Setting event
2020-08-20 01:10:46 [INFO] <KERNEL> Handling comm_msg message
2020-08-20 01:10:46 [INFO] <KERNEL> Handling comm_msg message
2020-08-20 01:10:46 [INFO] <NGLWIDGET> Handling custom message request_repr_dict
2020-08-20 01:10:46 [INFO] <KERNEL> Handling comm_msg message
2020-08-20 01:10:46 [ERROR] <KERNEL> Sequence index 27 is out of bounds (INTEGER 0 7).
   [Condition of type CORE:SEQUENCE-OUT-OF-BOUNDS]

#<DISSECT:ENVIRONMENT>
   [Environment of thread #<PROCESS "SHELL Thread" @0x1311a46d1 (Running)>]

Backtrace:
 4: (#<FUNCTION TIRUN-JUPYTER::OBSERVE-LIGAND-SELECTOR> #<NGLVIEW:NGLWIDGET> #<JUPYTER-WIDGETS:HTML> #<JUPYTER-WIDGETS:TEXT-AREA> #<tirun-calculation> #<JUPYTER-WIDGETS:LABEL> 27)
 5: (#<FUNCTION (LAMBDA (TIRUN-JUPYTER::INSTANCE TYPE TIRUN-JUPYTER::NAME TIRUN-JUPYTER::OLD-VALUE TIRUN-JUPYTER::NEW-VALUE TIRUN-JUPYTER::SOURCE))> #<JUPYTER-WIDGETS:BOUNDED-INT-TEXT> INT VALUE 4 27 NIL)
 6: (#<FUNCTION (METHOD JUPYTER-WIDGETS:ON-TRAIT-CHANGE (:AFTER) (JUPYTER-WIDGETS:HAS-TRAITS T T T T T))> #<JUPYTER-WIDGETS:BOUNDED-INT-TEXT> INT VALUE 4 27 NIL)
 9: (#<FUNCTION CORE:REPL> #<JUPYTER-WIDGETS:BOUNDED-INT-TEXT> INT VALUE 4 27 NIL)
 20: (#<FUNCTION (METHOD (SETF CLOS:SLOT-VALUE-USING-CLASS) (:AROUND) (T JUPYTER-WIDGETS:TRAIT-METACLASS T JUPYTER-WIDGETS::EFFECTIVE-TRAIT))> #<FUNCTION EMF-FROM-CONTF.LAMBDA> 27 #<The JUPYTER-WIDGETS:TRAIT-METACLASS JUPYTER-WIDGETS:BOUNDED-INT-TEXT> #<JUPYTER-WIDGETS:BOUNDED-INT-TEXT> #<EFFECTIVE-TRAIT VALUE>)
 22: (#<FUNCTION CLOS::EMF-FROM-CONTF.LAMBDA> 27 #<The JUPYTER-WIDGETS:TRAIT-METACLASS JUPYTER-WIDGETS:BOUNDED-INT-TEXT> #<JUPYTER-WIDGETS:BOUNDED-INT-TEXT> #<EFFECTIVE-TRAIT VALUE>)
 26: (#<FUNCTION (SETF SLOT-VALUE)> 27 #<JUPYTER-WIDGETS:BOUNDED-INT-TEXT> VALUE)
 27: (#<FUNCTION JUPYTER-WIDGETS::UPDATE-STATE> #<JUPYTER-WIDGETS:BOUNDED-INT-TEXT> (OBJ (method . update) (state OBJ (value . 27)) (buffer_paths)) NIL)
 28: (#<FUNCTION (METHOD JUPYTER:ON-COMM-MESSAGE (JUPYTER-WIDGETS:WIDGET T T T))> #<FUNCTION (METHOD ON-COMM-MESSAGE (T T T T))> #<JUPYTER-WIDGETS:BOUNDED-INT-TEXT> (OBJ (method . update) (state OBJ (value . 27)) (buffer_paths)) (OBJ) NIL)
 30: (#<FUNCTION CLOS::EMF-FROM-CONTF.LAMBDA> #<JUPYTER-WIDGETS:BOUNDED-INT-TEXT> (OBJ (method . update) (state OBJ (value . 27)) (buffer_paths)) (OBJ) NIL)
 34: (#<FUNCTION JUPYTER::HANDLE-COMM-MESSAGE> #<CANDO-JUPYTER:KERNEL> #<JUPYTER::MESSAGE>)
 35: (#<FUNCTION JUPYTER::HANDLE-SHELL-MESSAGE> #<CANDO-JUPYTER:KERNEL> #<JUPYTER::MESSAGE>)
 40: (#<FUNCTION JUPYTER::RUN-SHELL> #<CANDO-JUPYTER:KERNEL>)
 41: (#<FUNCTION (LAMBDA NIL)>)
 44: (#<FUNCTION (LAMBDA NIL)>)
2020-08-20 01:12:01 [INFO] <KERNEL> Handling comm_msg message
2020-08-20 01:12:01 [INFO] <KERNEL> Handling comm_msg message
2020-08-20 01:12:01 [INFO] <KERNEL> Handling comm_msg message
2020-08-20 01:12:01 [INFO] <KERNEL> Handling comm_msg message
2020-08-20 01:12:01 [INFO] <KERNEL> Handling comm_msg message
2020-08-20 01:12:01 [INFO] <KERNEL> Handling comm_msg message
2020-08-20 01:12:01 [INFO] <KERNEL> Handling comm_msg message
2020-08-20 01:12:01 [INFO] <KERNEL> Handling comm_msg message
2020-08-20 01:12:01 [INFO] <KERNEL> Handling comm_msg message
2020-08-20 01:12:01 [INFO] <KERNEL> Handling comm_msg message
2020-08-20 01:12:02 [INFO] <KERNEL> Handling comm_msg message
2020-08-20 01:12:02 [INFO] <KERNEL> Handling comm_msg message
2020-08-20 01:12:02 [INFO] <KERNEL> Handling comm_msg message
2020-08-20 01:12:03 [INFO] <KERNEL> Handling comm_msg message
2020-08-20 01:12:03 [INFO] <KERNEL> Handling comm_msg message
2020-08-20 01:12:03 [INFO] <KERNEL> Handling comm_msg message
2020-08-20 01:12:03 [INFO] <KERNEL> Handling comm_msg message
2020-08-20 01:12:03 [INFO] <KERNEL> Handling comm_msg message
2020-08-20 01:12:03 [INFO] <KERNEL> Handling comm_msg message
2020-08-20 01:12:03 [INFO] <KERNEL> Handling comm_msg message
2020-08-20 01:12:03 [INFO] <KERNEL> Handling comm_msg message
2020-08-20 01:12:03 [INFO] <KERNEL> Handling comm_msg message
2020-08-20 01:12:03 [INFO] <KERNEL> Handling comm_msg message
2020-08-20 01:12:03 [INFO] <KERNEL> Handling comm_msg message
2020-08-20 01:12:07 [INFO] <KERNEL> Handling execute_request message
2020-08-20 01:12:10 [INFO] <KERNEL> Handling comm_msg message
2020-08-20 01:12:42 [INFO] <KERNEL> Handling execute_request message
2020-08-20 01:18:03 [INFO] <KERNEL> Handling execute_request message
2020-08-20 01:21:18 [INFO] <KERNEL> Handling shutdown_request message
2020-08-20 01:21:18 [INFO] <KERNEL> Stopping common-lisp kernel
2020-08-20 01:21:18 [INFO] <HB-CHANNEL> Stopping thread
2020-08-20 01:21:18 [INFO] <HB-CHANNEL> Stopping channel
2020-08-20 01:21:18 [INFO] <IOPUB-CHANNEL> Stopping channel
2020-08-20 01:21:18 [INFO] <SHELL-CHANNEL> Stopping channel
2020-08-20 01:21:18 [INFO] <STDIN-CHANNEL> Stopping channel
2020-08-20 01:21:18 [INFO] <CONTROL-CHANNEL> Stopping channel
2020-08-20 01:21:18 [INFO] <MAC> Stopping message authentification
2020-08-20 01:21:18 [INFO] <HISTORY> Stopping history
