2020-08-11 13:34:44 [INFO] <KERNEL> Starting common-lisp kernel
2020-08-11 13:34:44 [INFO] <KERNEL> Parsing connection file /home/app/.local/share/jupyter/runtime/kernel-ec67a40d-4749-4b55-bff2-cc2d392ba569.json
2020-08-11 13:34:44 [INFO] <KERNEL> (OBJ (shell_port . 54663)
                                     (iopub_port . 37229) (stdin_port . 51923)
                                     (control_port . 53195) (hb_port . 46529)
                                     (ip . 127.0.0.1)
                                     (key . 443c1e82-65579fa9e69066480a1d53db)
                                     (transport . tcp)
                                     (signature_scheme . hmac-sha256)
                                     (kernel_name . cando))
2020-08-11 13:34:44 [INFO] <MAC> Starting message authentification
2020-08-11 13:34:44 [INFO] <MAC> Using signature scheme hmac-sha256 for message signing.
2020-08-11 13:34:44 [INFO] <HB-CHANNEL> Starting channel on tcp://127.0.0.1:46529
2020-08-11 13:34:44 [INFO] <HB-CHANNEL> Starting thread
2020-08-11 13:34:44 [INFO] <IOPUB-CHANNEL> Starting channel on tcp://127.0.0.1:37229
2020-08-11 13:34:44 [INFO] <SHELL-CHANNEL> Starting channel on tcp://127.0.0.1:54663
2020-08-11 13:34:44 [INFO] <SHELL-CHANNEL> Starting thread
2020-08-11 13:34:44 [INFO] <STDIN-CHANNEL> Starting channel on tcp://127.0.0.1:51923
2020-08-11 13:34:44 [INFO] <CONTROL-CHANNEL> Starting channel on tcp://127.0.0.1:53195
2020-08-11 13:34:44 [INFO] <HISTORY> Starting history
2020-08-11 13:34:44 [INFO] <CONTROL-CHANNEL> Starting thread
2020-08-11 13:34:44 [INFO] <KERNEL> Setting amber host pathname translation -> /opt/amber18/
2020-08-11 13:34:44 [INFO] <KERNEL> Loading CLHS map
2020-08-11 13:34:45 [INFO] <SHELL-CHANNEL> Received kernel_info_request message
2020-08-11 13:34:45 [INFO] <KERNEL> Handling kernel_info_request message
2020-08-11 13:34:45 [INFO] <SHELL-CHANNEL> Received kernel_info_request message
2020-08-11 13:34:45 [INFO] <SHELL-CHANNEL> Received comm_info_request message
2020-08-11 13:34:45 [INFO] <KERNEL> Handling kernel_info_request message
2020-08-11 13:34:45 [INFO] <KERNEL> Handling comm_info_request message
2020-08-11 13:35:28 [INFO] <SHELL-CHANNEL> Received execute_request message
2020-08-11 13:35:28 [INFO] <KERNEL> Handling execute_request message
2020-08-11 13:36:15 [INFO] <SHELL-CHANNEL> Received execute_request message
2020-08-11 13:36:15 [INFO] <KERNEL> Handling execute_request message
2020-08-11 13:36:33 [INFO] <SHELL-CHANNEL> Received execute_request message
2020-08-11 13:36:33 [INFO] <KERNEL> Handling execute_request message
2020-08-11 13:37:51 [INFO] <SHELL-CHANNEL> Received execute_request message
2020-08-11 13:37:51 [INFO] <KERNEL> Handling execute_request message
2020-08-11 13:40:30 [INFO] <SHELL-CHANNEL> Received execute_request message
2020-08-11 13:40:30 [INFO] <KERNEL> Handling execute_request message
2020-08-11 13:42:34 [INFO] <SHELL-CHANNEL> Received execute_request message
2020-08-11 13:42:34 [INFO] <KERNEL> Handling execute_request message
2020-08-11 13:50:32 [INFO] <SHELL-CHANNEL> Received execute_request message
2020-08-11 13:50:32 [INFO] <KERNEL> Handling execute_request message
2020-08-11 14:12:55 [INFO] <SHELL-CHANNEL> Received execute_request message
2020-08-11 14:12:55 [INFO] <KERNEL> Handling execute_request message
2020-08-11 14:14:41 [INFO] <SHELL-CHANNEL> Received execute_request message
2020-08-11 14:14:41 [INFO] <KERNEL> Handling execute_request message
2020-08-11 15:01:27 [INFO] <SHELL-CHANNEL> Received execute_request message
2020-08-11 15:01:28 [INFO] <KERNEL> Handling execute_request message
2020-08-11 15:01:44 [INFO] <SHELL-CHANNEL> Received complete_request message
2020-08-11 15:01:44 [INFO] <KERNEL> Handling complete_request message
2020-08-11 15:01:45 [INFO] <SHELL-CHANNEL> Received complete_request message
2020-08-11 15:01:45 [INFO] <KERNEL> Handling complete_request message
2020-08-11 15:01:45 [INFO] <SHELL-CHANNEL> Received complete_request message
2020-08-11 15:01:45 [INFO] <KERNEL> Handling complete_request message
2020-08-11 15:01:45 [INFO] <SHELL-CHANNEL> Received complete_request message
2020-08-11 15:01:45 [INFO] <KERNEL> Handling complete_request message
2020-08-11 15:01:47 [INFO] <SHELL-CHANNEL> Received complete_request message
2020-08-11 15:01:47 [INFO] <KERNEL> Handling complete_request message
2020-08-11 15:02:02 [INFO] <SHELL-CHANNEL> Received execute_request message
2020-08-11 15:02:02 [INFO] <KERNEL> Handling execute_request message
2020-08-11 15:02:13 [INFO] <SHELL-CHANNEL> Received execute_request message
2020-08-11 15:02:13 [INFO] <KERNEL> Handling execute_request message
2020-08-11 15:09:39 [INFO] <CONTROL-CHANNEL> Received shutdown_request message
2020-08-11 15:09:39 [INFO] <KERNEL> Handling shutdown_request message
2020-08-11 15:09:39 [INFO] <KERNEL> Stopping common-lisp kernel
2020-08-11 15:09:39 [INFO] <HB-CHANNEL> Stopping thread
2020-08-11 15:09:39 [INFO] <HB-CHANNEL> Stopping channel
2020-08-11 15:09:39 [INFO] <IOPUB-CHANNEL> Stopping channel
2020-08-11 15:09:39 [INFO] <SHELL-CHANNEL> Stopping thread
2020-08-11 15:09:39 [INFO] <SHELL-CHANNEL> Stopping channel
2020-08-11 15:09:39 [INFO] <STDIN-CHANNEL> Stopping channel
2020-08-11 15:09:39 [INFO] <CONTROL-CHANNEL> Stopping thread
2020-08-11 15:09:39 [INFO] <CONTROL-CHANNEL> Stopping channel
2020-08-11 15:09:39 [INFO] <MAC> Stopping message authentification
2020-08-11 15:09:39 [INFO] <HISTORY> Stopping history
