2020-08-18 17:37:48 [INFO] <KERNEL> Starting common-lisp kernel
2020-08-18 17:37:48 [INFO] <KERNEL> Parsing connection file /Users/yonkunas/Library/Jupyter/runtime/kernel-c4ab3d04-1586-46fb-955f-2ca17a8f02d3.json
2020-08-18 17:37:48 [INFO] <KERNEL> (OBJ (shell_port . 51419)
                                     (iopub_port . 51420) (stdin_port . 51421)
                                     (control_port . 51423) (hb_port . 51422)
                                     (ip . 127.0.0.1)
                                     (key . d9709a3c-869d3816d77ab32225974ffa)
                                     (transport . tcp)
                                     (signature_scheme . hmac-sha256)
                                     (kernel_name . cando))
2020-08-18 17:37:48 [INFO] <MAC> Starting message authentification
2020-08-18 17:37:48 [INFO] <MAC> Using signature scheme hmac-sha256 for message signing.
2020-08-18 17:37:48 [INFO] <HB-CHANNEL> Starting channel on tcp://127.0.0.1:51422
2020-08-18 17:37:48 [INFO] <HB-CHANNEL> Starting thread
2020-08-18 17:37:48 [INFO] <IOPUB-CHANNEL> Starting channel on tcp://127.0.0.1:51420
2020-08-18 17:37:48 [INFO] <SHELL-CHANNEL> Starting channel on tcp://127.0.0.1:51419
2020-08-18 17:37:48 [INFO] <STDIN-CHANNEL> Starting channel on tcp://127.0.0.1:51421
2020-08-18 17:37:48 [INFO] <CONTROL-CHANNEL> Starting channel on tcp://127.0.0.1:51423
2020-08-18 17:37:48 [INFO] <HISTORY> Starting history
2020-08-18 17:37:48 [INFO] <KERNEL> Loading CLHS map
2020-08-18 17:37:48 [INFO] <KERNEL> Setting amber host pathname translation -> /opt/amber/
2020-08-18 17:37:48 [INFO] <KERNEL> Waiting for control message
2020-08-18 17:37:48 [INFO] <KERNEL> Handling kernel_info_request message
2020-08-18 17:37:48 [INFO] <KERNEL> Handling kernel_info_request message
2020-08-18 17:37:48 [INFO] <KERNEL> Handling kernel_info_request message
2020-08-18 17:37:48 [INFO] <KERNEL> Handling kernel_info_request message
2020-08-18 17:37:48 [INFO] <KERNEL> Handling kernel_info_request message
2020-08-18 17:37:48 [INFO] <KERNEL> Handling kernel_info_request message
2020-08-18 17:37:48 [INFO] <KERNEL> Handling kernel_info_request message
2020-08-18 17:37:48 [INFO] <KERNEL> Handling kernel_info_request message
2020-08-18 17:37:48 [INFO] <KERNEL> Handling kernel_info_request message
2020-08-18 17:37:48 [INFO] <KERNEL> Handling kernel_info_request message
2020-08-18 17:37:48 [INFO] <KERNEL> Handling kernel_info_request message
2020-08-18 17:37:48 [INFO] <KERNEL> Handling kernel_info_request message
2020-08-18 17:37:48 [INFO] <KERNEL> Handling kernel_info_request message
2020-08-18 17:37:48 [INFO] <KERNEL> Handling kernel_info_request message
2020-08-18 17:37:48 [INFO] <KERNEL> Handling kernel_info_request message
2020-08-18 17:37:48 [INFO] <KERNEL> Handling kernel_info_request message
2020-08-18 17:37:48 [INFO] <KERNEL> Handling kernel_info_request message
2020-08-18 17:37:48 [INFO] <KERNEL> Handling kernel_info_request message
2020-08-18 17:37:48 [INFO] <KERNEL> Handling kernel_info_request message
2020-08-18 17:37:48 [INFO] <KERNEL> Handling kernel_info_request message
2020-08-18 17:37:48 [INFO] <KERNEL> Handling kernel_info_request message
2020-08-18 17:37:48 [INFO] <KERNEL> Handling kernel_info_request message
2020-08-18 17:37:48 [INFO] <KERNEL> Handling kernel_info_request message
2020-08-18 17:37:48 [INFO] <KERNEL> Handling kernel_info_request message
2020-08-18 17:37:49 [INFO] <KERNEL> Handling kernel_info_request message
2020-08-18 17:37:49 [INFO] <KERNEL> Handling kernel_info_request message
2020-08-18 17:37:49 [INFO] <KERNEL> Handling kernel_info_request message
2020-08-18 17:37:49 [INFO] <KERNEL> Handling kernel_info_request message
2020-08-18 17:37:49 [INFO] <KERNEL> Handling kernel_info_request message
2020-08-18 17:37:49 [INFO] <KERNEL> Handling kernel_info_request message
2020-08-18 17:37:49 [INFO] <KERNEL> Handling kernel_info_request message
2020-08-18 17:37:49 [INFO] <KERNEL> Handling kernel_info_request message
2020-08-18 17:37:49 [INFO] <KERNEL> Handling kernel_info_request message
2020-08-18 17:37:49 [INFO] <KERNEL> Handling kernel_info_request message
2020-08-18 17:37:49 [INFO] <KERNEL> Handling kernel_info_request message
2020-08-18 17:37:49 [INFO] <KERNEL> Handling kernel_info_request message
2020-08-18 17:37:49 [INFO] <KERNEL> Handling kernel_info_request message
2020-08-18 17:37:49 [INFO] <KERNEL> Handling kernel_info_request message
2020-08-18 17:37:49 [INFO] <KERNEL> Handling kernel_info_request message
2020-08-18 17:37:49 [INFO] <KERNEL> Handling kernel_info_request message
2020-08-18 17:37:49 [INFO] <KERNEL> Handling kernel_info_request message
2020-08-18 17:37:49 [INFO] <KERNEL> Handling kernel_info_request message
2020-08-18 17:37:49 [INFO] <KERNEL> Handling kernel_info_request message
2020-08-18 17:37:49 [INFO] <KERNEL> Handling kernel_info_request message
2020-08-18 17:37:49 [INFO] <KERNEL> Handling kernel_info_request message
2020-08-18 17:37:49 [INFO] <KERNEL> Handling kernel_info_request message
2020-08-18 17:37:49 [INFO] <KERNEL> Handling kernel_info_request message
2020-08-18 17:37:49 [INFO] <KERNEL> Handling kernel_info_request message
2020-08-18 17:37:49 [INFO] <KERNEL> Handling kernel_info_request message
2020-08-18 17:37:49 [INFO] <KERNEL> Handling kernel_info_request message
2020-08-18 17:37:49 [INFO] <KERNEL> Handling kernel_info_request message
2020-08-18 17:37:49 [INFO] <KERNEL> Handling kernel_info_request message
2020-08-18 17:37:49 [INFO] <KERNEL> Handling kernel_info_request message
2020-08-18 17:37:49 [INFO] <KERNEL> Handling kernel_info_request message
2020-08-18 17:37:49 [INFO] <KERNEL> Handling kernel_info_request message
2020-08-18 17:37:49 [INFO] <KERNEL> Handling kernel_info_request message
2020-08-18 17:37:49 [INFO] <KERNEL> Handling kernel_info_request message
2020-08-18 17:37:49 [INFO] <KERNEL> Handling kernel_info_request message
2020-08-18 17:37:49 [INFO] <KERNEL> Handling kernel_info_request message
2020-08-18 17:37:49 [INFO] <KERNEL> Handling comm_info_request message
2020-08-18 17:37:50 [INFO] <KERNEL> Handling kernel_info_request message
2020-08-18 17:37:52 [INFO] <KERNEL> Handling kernel_info_request message
2020-08-18 17:37:52 [INFO] <KERNEL> Handling kernel_info_request message
2020-08-18 17:37:52 [INFO] <KERNEL> Handling kernel_info_request message
2020-08-18 17:37:52 [INFO] <KERNEL> Handling kernel_info_request message
2020-08-18 17:37:52 [INFO] <KERNEL> Handling kernel_info_request message
2020-08-18 17:37:52 [INFO] <KERNEL> Handling kernel_info_request message
2020-08-18 17:37:52 [INFO] <KERNEL> Handling kernel_info_request message
2020-08-18 17:37:52 [INFO] <KERNEL> Handling kernel_info_request message
2020-08-18 17:37:52 [INFO] <KERNEL> Handling kernel_info_request message
2020-08-18 17:37:52 [INFO] <KERNEL> Handling kernel_info_request message
2020-08-18 17:37:52 [INFO] <KERNEL> Handling kernel_info_request message
2020-08-18 17:37:52 [INFO] <KERNEL> Handling kernel_info_request message
2020-08-18 17:37:52 [INFO] <KERNEL> Handling kernel_info_request message
2020-08-18 17:37:52 [INFO] <KERNEL> Handling kernel_info_request message
2020-08-18 17:37:52 [INFO] <KERNEL> Handling kernel_info_request message
2020-08-18 17:37:52 [INFO] <KERNEL> Handling kernel_info_request message
2020-08-18 17:37:52 [INFO] <KERNEL> Handling kernel_info_request message
2020-08-18 17:37:52 [INFO] <KERNEL> Handling kernel_info_request message
2020-08-18 17:37:52 [INFO] <KERNEL> Handling kernel_info_request message
2020-08-18 17:37:52 [INFO] <KERNEL> Handling kernel_info_request message
2020-08-18 17:37:52 [INFO] <KERNEL> Handling kernel_info_request message
2020-08-18 17:37:53 [INFO] <KERNEL> Handling kernel_info_request message
2020-08-18 17:37:53 [INFO] <KERNEL> Handling kernel_info_request message
2020-08-18 17:37:53 [INFO] <KERNEL> Handling kernel_info_request message
2020-08-18 17:37:53 [INFO] <KERNEL> Handling kernel_info_request message
2020-08-18 17:37:53 [INFO] <KERNEL> Handling kernel_info_request message
2020-08-18 17:37:53 [INFO] <KERNEL> Handling kernel_info_request message
2020-08-18 17:37:53 [INFO] <KERNEL> Handling kernel_info_request message
2020-08-18 17:38:00 [INFO] <KERNEL> Handling execute_request message
2020-08-18 17:38:04 [INFO] <KERNEL> Handling execute_request message
2020-08-18 17:38:05 [INFO] <NULL> Setting up the *remote-call-thread-queue* and *remote-call-thread*
2020-08-18 17:38:06 [INFO] <KERNEL> Handling comm_close
2020-08-18 17:38:06 [INFO] <KERNEL> Handling comm_close
2020-08-18 17:38:07 [INFO] <KERNEL> Handling comm_msg message
2020-08-18 17:38:07 [INFO] <KERNEL> Handling comm_msg message
2020-08-18 17:38:07 [INFO] <KERNEL> Handling comm_close
2020-08-18 17:38:07 [INFO] <KERNEL> Handling comm_close
2020-08-18 17:38:07 [INFO] <KERNEL> Handling comm_close
2020-08-18 17:38:07 [INFO] <KERNEL> Handling comm_close
2020-08-18 17:38:07 [INFO] <KERNEL> Handling comm_close
2020-08-18 17:38:25 [INFO] <KERNEL> Handling execute_request message
2020-08-18 17:38:26 [INFO] <KERNEL> Handling comm_close
2020-08-18 17:38:26 [INFO] <KERNEL> Handling comm_close
2020-08-18 17:38:27 [INFO] <KERNEL> Handling comm_close
2020-08-18 17:38:27 [INFO] <KERNEL> Handling comm_close
2020-08-18 17:38:27 [INFO] <KERNEL> Handling comm_close
2020-08-18 17:38:27 [INFO] <KERNEL> Handling comm_close
2020-08-18 17:38:27 [INFO] <KERNEL> Handling comm_close
2020-08-18 17:40:01 [INFO] <KERNEL> Handling kernel_info_request message
2020-08-18 17:40:01 [INFO] <KERNEL> Handling comm_info_request message
2020-08-18 17:40:30 [INFO] <KERNEL> Handling kernel_info_request message
2020-08-18 17:40:36 [INFO] <KERNEL> Handling execute_request message
2020-08-18 17:40:43 [INFO] <KERNEL> Handling execute_request message
2020-08-18 17:40:43 [INFO] <KERNEL> Handling comm_close
2020-08-18 17:40:43 [INFO] <KERNEL> Handling comm_close
2020-08-18 17:40:43 [INFO] <KERNEL> Handling comm_close
2020-08-18 17:40:43 [INFO] <KERNEL> Handling comm_close
2020-08-18 17:40:43 [INFO] <KERNEL> Handling comm_close
2020-08-18 17:40:43 [INFO] <KERNEL> Handling comm_close
2020-08-18 17:40:43 [INFO] <KERNEL> Handling comm_close
2020-08-18 17:41:54 [INFO] <KERNEL> Handling shutdown_request message
2020-08-18 17:41:54 [INFO] <KERNEL> Stopping common-lisp kernel
2020-08-18 17:41:54 [INFO] <HB-CHANNEL> Stopping thread
2020-08-18 17:41:54 [INFO] <HB-CHANNEL> Stopping channel
2020-08-18 17:41:54 [INFO] <IOPUB-CHANNEL> Stopping channel
2020-08-18 17:41:54 [INFO] <SHELL-CHANNEL> Stopping channel
2020-08-18 17:41:54 [INFO] <STDIN-CHANNEL> Stopping channel
2020-08-18 17:41:54 [INFO] <CONTROL-CHANNEL> Stopping channel
2020-08-18 17:41:54 [INFO] <MAC> Stopping message authentification
2020-08-18 17:41:54 [INFO] <HISTORY> Stopping history
