2020-08-19 20:56:11 [INFO] <KERNEL> Starting common-lisp kernel
2020-08-19 20:56:11 [INFO] <KERNEL> Parsing connection file /Users/yonkunas/Library/Jupyter/runtime/kernel-6edfd7a8-2279-426b-8b4e-04e4b2173a63.json
2020-08-19 20:56:11 [INFO] <KERNEL> (OBJ (shell_port . 61751)
                                     (iopub_port . 61752) (stdin_port . 61753)
                                     (control_port . 61755) (hb_port . 61754)
                                     (ip . 127.0.0.1)
                                     (key . 6092db71-be2136328f54e9dee40a7420)
                                     (transport . tcp)
                                     (signature_scheme . hmac-sha256)
                                     (kernel_name . cando))
2020-08-19 20:56:11 [INFO] <MAC> Starting message authentification
2020-08-19 20:56:11 [INFO] <MAC> Using signature scheme hmac-sha256 for message signing.
2020-08-19 20:56:11 [INFO] <HB-CHANNEL> Starting channel on tcp://127.0.0.1:61754
2020-08-19 20:56:11 [INFO] <IOPUB-CHANNEL> Starting channel on tcp://127.0.0.1:61752
2020-08-19 20:56:11 [INFO] <SHELL-CHANNEL> Starting channel on tcp://127.0.0.1:61751
2020-08-19 20:56:11 [INFO] <HB-CHANNEL> Starting thread
2020-08-19 20:56:11 [INFO] <STDIN-CHANNEL> Starting channel on tcp://127.0.0.1:61753
2020-08-19 20:56:11 [INFO] <CONTROL-CHANNEL> Starting channel on tcp://127.0.0.1:61755
2020-08-19 20:56:11 [INFO] <HISTORY> Starting history
2020-08-19 20:56:11 [INFO] <KERNEL> Setting amber host pathname translation -> /opt/amber/
2020-08-19 20:56:11 [INFO] <KERNEL> Waiting for control message
2020-08-19 20:56:11 [INFO] <KERNEL> Loading CLHS map
2020-08-19 20:56:11 [INFO] <KERNEL> Handling kernel_info_request message
2020-08-19 20:56:11 [INFO] <KERNEL> Handling kernel_info_request message
2020-08-19 20:56:11 [INFO] <KERNEL> Handling kernel_info_request message
2020-08-19 20:56:11 [INFO] <KERNEL> Handling comm_info_request message
2020-08-19 20:56:26 [INFO] <KERNEL> Handling execute_request message
2020-08-19 20:56:33 [INFO] <KERNEL> Handling execute_request message
2020-08-19 20:56:33 [INFO] <NULL> Setting up the *remote-call-thread-queue* and *remote-call-thread*
2020-08-19 20:56:34 [INFO] <KERNEL> Handling comm_msg message
2020-08-19 20:56:34 [INFO] <KERNEL> Handling comm_msg message
2020-08-19 20:56:34 [INFO] <KERNEL> Handling comm_close
2020-08-19 20:56:34 [INFO] <KERNEL> Handling comm_msg message
2020-08-19 20:56:34 [INFO] <KERNEL> Handling comm_msg message
2020-08-19 20:56:34 [INFO] <NGLWIDGET> Handling custom message request_loaded
2020-08-19 20:56:34 [INFO] <NULL> entered on-loaded - firing before-loaded callbacks new -> NIL
2020-08-19 20:56:34 [INFO] <NULL> entered on-loaded - firing before-loaded callbacks new -> T
2020-08-19 20:56:34 [INFO] <NULL> %fire-callbacks entered in process #<PROCESS "SHELL Thread" @0x141274eb1 (Running)>
  callbacks: NIL
2020-08-19 20:56:34 [INFO] <NULL> Done %fire-callbacks
2020-08-19 20:56:34 [INFO] <KERNEL> Handling comm_msg message
2020-08-19 20:56:34 [INFO] <NGLWIDGET> Handling custom message updateIDs
2020-08-19 20:56:34 [INFO] <KERNEL> Handling comm_msg message
2020-08-19 20:57:21 [INFO] <KERNEL> Handling comm_msg message
2020-08-19 20:57:24 [INFO] <NULL> In add-structure  (loaded self) -> T
2020-08-19 20:57:24 [INFO] <NULL> entered %load-data NIL
2020-08-19 20:57:24 [INFO] <NGLWIDGET> entered %remote-call loadFile
2020-08-19 20:57:24 [INFO] <NULL> About to make-remote-call-callback remote-call-add
2020-08-19 20:57:24 [INFO] <NULL> enqueing remote-call #<REMOTE-CALL-CALLBACK loadFile remote-call-add>
2020-08-19 20:57:24 [INFO] <NULL> remote-call-add #<REMOTE-CALL-CALLBACK loadFile remote-call-add>
2020-08-19 20:57:24 [INFO] <NULL> About to make-remote-call-callback after-loaded
2020-08-19 20:57:24 [INFO] <NULL> leaving %remote-call loadFile
2020-08-19 20:57:24 [INFO] <NULL> leaving %load-data
2020-08-19 20:57:25 [INFO] <KERNEL> Handling comm_msg message
2020-08-19 20:57:25 [INFO] <NGLWIDGET> Handling custom message async_message
2020-08-19 20:57:25 [INFO] <NGLWIDGET> Setting event
2020-08-19 20:57:25 [INFO] <KERNEL> Handling comm_msg message
2020-08-19 20:57:25 [INFO] <KERNEL> Handling comm_msg message
2020-08-19 20:57:25 [INFO] <NGLWIDGET> Handling custom message request_repr_dict
2020-08-19 20:57:25 [INFO] <KERNEL> Handling comm_msg message
2020-08-19 20:57:25 [INFO] <NGLWIDGET> Handling custom message request_repr_dict
2020-08-19 20:57:25 [INFO] <KERNEL> Handling comm_msg message
2020-08-19 20:57:25 [INFO] <NGLWIDGET> Handling custom message request_repr_dict
2020-08-19 20:57:25 [INFO] <KERNEL> Handling comm_msg message
2020-08-19 20:57:36 [INFO] <KERNEL> Handling execute_request message
2020-08-19 20:57:36 [INFO] <KERNEL> Handling comm_close
2020-08-19 20:57:36 [INFO] <KERNEL> Handling comm_msg message
2020-08-19 20:57:36 [INFO] <KERNEL> Handling comm_msg message
2020-08-19 20:57:36 [INFO] <NGLWIDGET> Handling custom message request_loaded
2020-08-19 20:57:36 [INFO] <NULL> entered on-loaded - firing before-loaded callbacks new -> NIL
2020-08-19 20:57:36 [INFO] <NULL> entered on-loaded - firing before-loaded callbacks new -> T
2020-08-19 20:57:36 [INFO] <NULL> %fire-callbacks entered in process #<PROCESS "SHELL Thread" @0x141274eb1 (Running)>
  callbacks: NIL
2020-08-19 20:57:36 [INFO] <NULL> Done %fire-callbacks
2020-08-19 20:57:36 [INFO] <KERNEL> Handling comm_msg message
2020-08-19 20:57:36 [INFO] <NGLWIDGET> Handling custom message updateIDs
2020-08-19 20:57:36 [INFO] <KERNEL> Handling comm_msg message
2020-08-19 20:57:45 [INFO] <KERNEL> Handling comm_msg message
2020-08-19 20:57:46 [INFO] <NULL> In add-structure  (loaded self) -> T
2020-08-19 20:57:46 [INFO] <NULL> entered %load-data NIL
2020-08-19 20:57:46 [INFO] <NGLWIDGET> entered %remote-call loadFile
2020-08-19 20:57:46 [INFO] <NULL> About to make-remote-call-callback remote-call-add
2020-08-19 20:57:46 [INFO] <NULL> enqueing remote-call #<REMOTE-CALL-CALLBACK loadFile remote-call-add>
2020-08-19 20:57:46 [INFO] <NULL> remote-call-add #<REMOTE-CALL-CALLBACK loadFile remote-call-add>
2020-08-19 20:57:46 [INFO] <NULL> About to make-remote-call-callback after-loaded
2020-08-19 20:57:46 [INFO] <NULL> leaving %remote-call loadFile
2020-08-19 20:57:46 [INFO] <NULL> leaving %load-data
2020-08-19 20:57:46 [INFO] <NULL> In add-structure  (loaded self) -> T
2020-08-19 20:57:46 [INFO] <NULL> entered %load-data NIL
2020-08-19 20:57:46 [INFO] <NGLWIDGET> entered %remote-call loadFile
2020-08-19 20:57:46 [INFO] <NULL> About to make-remote-call-callback remote-call-add
2020-08-19 20:57:46 [INFO] <NULL> enqueing remote-call #<REMOTE-CALL-CALLBACK loadFile remote-call-add>
2020-08-19 20:57:46 [INFO] <NULL> remote-call-add #<REMOTE-CALL-CALLBACK loadFile remote-call-add>
2020-08-19 20:57:46 [INFO] <NULL> About to make-remote-call-callback after-loaded
2020-08-19 20:57:46 [INFO] <NULL> leaving %remote-call loadFile
2020-08-19 20:57:46 [INFO] <NULL> leaving %load-data
2020-08-19 20:57:47 [INFO] <KERNEL> Handling comm_msg message
2020-08-19 20:57:47 [INFO] <NGLWIDGET> Handling custom message async_message
2020-08-19 20:57:47 [INFO] <NGLWIDGET> Setting event
2020-08-19 20:57:47 [INFO] <KERNEL> Handling comm_msg message
2020-08-19 20:57:47 [INFO] <KERNEL> Handling comm_msg message
2020-08-19 20:57:47 [INFO] <NGLWIDGET> Handling custom message request_repr_dict
2020-08-19 20:57:47 [INFO] <KERNEL> Handling comm_msg message
2020-08-19 20:57:47 [INFO] <NGLWIDGET> Handling custom message request_repr_dict
2020-08-19 20:57:47 [INFO] <KERNEL> Handling comm_msg message
2020-08-19 20:57:47 [INFO] <NGLWIDGET> Handling custom message request_repr_dict
2020-08-19 20:57:47 [INFO] <KERNEL> Handling comm_msg message
2020-08-19 20:57:47 [INFO] <KERNEL> Handling comm_msg message
2020-08-19 20:57:47 [INFO] <NGLWIDGET> Handling custom message async_message
2020-08-19 20:57:47 [INFO] <NGLWIDGET> Setting event
2020-08-19 20:57:47 [INFO] <KERNEL> Handling comm_msg message
2020-08-19 20:57:47 [INFO] <KERNEL> Handling comm_msg message
2020-08-19 20:57:47 [INFO] <NGLWIDGET> Handling custom message request_repr_dict
2020-08-19 20:57:54 [INFO] <KERNEL> Handling execute_request message
2020-08-19 20:58:14 [INFO] <KERNEL> Handling comm_msg message
2020-08-19 20:58:14 [INFO] <KERNEL> Handling comm_msg message
2020-08-19 20:58:14 [INFO] <KERNEL> Handling comm_msg message
2020-08-19 20:58:15 [INFO] <KERNEL> Handling comm_msg message
2020-08-19 20:58:15 [INFO] <KERNEL> Handling comm_msg message
2020-08-19 20:58:15 [INFO] <KERNEL> Handling comm_msg message
2020-08-19 20:58:15 [INFO] <KERNEL> Handling comm_msg message
2020-08-19 20:58:15 [INFO] <KERNEL> Handling comm_msg message
2020-08-19 20:58:15 [INFO] <KERNEL> Handling comm_msg message
2020-08-19 20:58:15 [INFO] <KERNEL> Handling comm_msg message
2020-08-19 20:58:15 [INFO] <KERNEL> Handling comm_msg message
2020-08-19 20:58:15 [INFO] <KERNEL> Handling comm_msg message
2020-08-19 20:58:15 [INFO] <KERNEL> Handling comm_msg message
2020-08-19 20:58:15 [INFO] <KERNEL> Handling comm_msg message
2020-08-19 20:58:15 [INFO] <KERNEL> Handling comm_msg message
2020-08-19 20:58:15 [INFO] <KERNEL> Handling comm_msg message
2020-08-19 20:58:15 [INFO] <KERNEL> Handling comm_msg message
2020-08-19 20:58:15 [INFO] <KERNEL> Handling comm_msg message
2020-08-19 20:58:15 [INFO] <KERNEL> Handling comm_msg message
2020-08-19 20:58:15 [INFO] <KERNEL> Handling comm_msg message
2020-08-19 20:58:15 [INFO] <KERNEL> Handling comm_msg message
2020-08-19 20:58:15 [INFO] <KERNEL> Handling comm_msg message
2020-08-19 20:58:15 [INFO] <KERNEL> Handling comm_msg message
2020-08-19 20:58:15 [INFO] <KERNEL> Handling comm_msg message
2020-08-19 20:58:15 [INFO] <KERNEL> Handling comm_msg message
2020-08-19 20:58:15 [INFO] <KERNEL> Handling comm_msg message
2020-08-19 20:58:15 [INFO] <KERNEL> Handling comm_msg message
2020-08-19 20:58:15 [INFO] <KERNEL> Handling comm_msg message
2020-08-19 20:58:15 [INFO] <KERNEL> Handling comm_msg message
2020-08-19 20:58:15 [INFO] <KERNEL> Handling comm_msg message
2020-08-19 20:58:15 [INFO] <KERNEL> Handling comm_msg message
2020-08-19 20:58:15 [INFO] <KERNEL> Handling comm_msg message
2020-08-19 20:58:15 [INFO] <KERNEL> Handling comm_msg message
2020-08-19 20:58:15 [INFO] <KERNEL> Handling comm_msg message
2020-08-19 20:58:15 [INFO] <KERNEL> Handling comm_msg message
2020-08-19 20:58:15 [INFO] <KERNEL> Handling comm_msg message
2020-08-19 20:58:15 [INFO] <KERNEL> Handling comm_msg message
2020-08-19 20:58:16 [INFO] <KERNEL> Handling comm_msg message
2020-08-19 20:58:16 [INFO] <KERNEL> Handling comm_msg message
2020-08-19 20:58:16 [INFO] <KERNEL> Handling comm_msg message
2020-08-19 20:58:16 [INFO] <KERNEL> Handling comm_msg message
2020-08-19 20:58:16 [INFO] <KERNEL> Handling comm_msg message
2020-08-19 20:58:16 [INFO] <KERNEL> Handling comm_msg message
2020-08-19 20:58:32 [INFO] <KERNEL> Handling complete_request message
2020-08-19 20:58:37 [INFO] <KERNEL> Handling execute_request message
2020-08-19 20:58:49 [INFO] <KERNEL> Handling complete_request message
2020-08-19 20:58:51 [INFO] <KERNEL> Handling complete_request message
2020-08-19 20:58:56 [INFO] <KERNEL> Handling execute_request message
2020-08-19 20:58:59 [INFO] <KERNEL> Handling comm_msg message
2020-08-19 20:59:00 [INFO] <KERNEL> Handling comm_msg message
2020-08-19 20:59:00 [INFO] <KERNEL> Handling comm_msg message
2020-08-19 20:59:00 [INFO] <KERNEL> Handling comm_msg message
2020-08-19 20:59:00 [INFO] <KERNEL> Handling comm_msg message
2020-08-19 20:59:00 [INFO] <KERNEL> Handling comm_msg message
2020-08-19 20:59:00 [INFO] <KERNEL> Handling comm_msg message
2020-08-19 20:59:00 [INFO] <KERNEL> Handling comm_msg message
2020-08-19 20:59:00 [INFO] <KERNEL> Handling comm_msg message
2020-08-19 20:59:00 [INFO] <KERNEL> Handling comm_msg message
2020-08-19 20:59:00 [INFO] <KERNEL> Handling comm_msg message
2020-08-19 20:59:00 [INFO] <KERNEL> Handling comm_msg message
2020-08-19 20:59:00 [INFO] <KERNEL> Handling comm_msg message
2020-08-19 20:59:00 [INFO] <KERNEL> Handling comm_msg message
2020-08-19 20:59:00 [INFO] <KERNEL> Handling comm_msg message
2020-08-19 20:59:01 [INFO] <KERNEL> Handling comm_msg message
2020-08-19 20:59:01 [INFO] <KERNEL> Handling comm_msg message
2020-08-19 20:59:04 [INFO] <KERNEL> Handling comm_msg message
2020-08-19 20:59:04 [INFO] <KERNEL> Handling comm_msg message
2020-08-19 20:59:04 [INFO] <KERNEL> Handling comm_msg message
2020-08-19 20:59:04 [INFO] <KERNEL> Handling comm_msg message
2020-08-19 20:59:04 [INFO] <KERNEL> Handling comm_msg message
2020-08-19 20:59:04 [INFO] <KERNEL> Handling comm_msg message
2020-08-19 20:59:04 [INFO] <KERNEL> Handling comm_msg message
2020-08-19 20:59:04 [INFO] <KERNEL> Handling comm_msg message
2020-08-19 20:59:04 [INFO] <KERNEL> Handling comm_msg message
2020-08-19 20:59:04 [INFO] <KERNEL> Handling comm_msg message
2020-08-19 20:59:04 [INFO] <KERNEL> Handling comm_msg message
2020-08-19 20:59:04 [INFO] <KERNEL> Handling comm_msg message
2020-08-19 20:59:04 [INFO] <KERNEL> Handling comm_msg message
2020-08-19 20:59:04 [INFO] <KERNEL> Handling comm_msg message
2020-08-19 20:59:04 [INFO] <KERNEL> Handling comm_msg message
2020-08-19 20:59:04 [INFO] <KERNEL> Handling comm_msg message
2020-08-19 20:59:04 [INFO] <KERNEL> Handling comm_msg message
2020-08-19 20:59:04 [INFO] <KERNEL> Handling comm_msg message
2020-08-19 20:59:04 [INFO] <KERNEL> Handling comm_msg message
2020-08-19 20:59:04 [INFO] <KERNEL> Handling comm_msg message
2020-08-19 20:59:04 [INFO] <KERNEL> Handling comm_msg message
2020-08-19 20:59:04 [INFO] <KERNEL> Handling comm_msg message
2020-08-19 20:59:04 [INFO] <KERNEL> Handling comm_msg message
2020-08-19 20:59:04 [INFO] <KERNEL> Handling comm_msg message
2020-08-19 20:59:04 [INFO] <KERNEL> Handling comm_msg message
2020-08-19 20:59:04 [INFO] <KERNEL> Handling comm_msg message
2020-08-19 20:59:04 [INFO] <KERNEL> Handling comm_msg message
2020-08-19 20:59:04 [INFO] <KERNEL> Handling comm_msg message
2020-08-19 20:59:05 [INFO] <KERNEL> Handling comm_msg message
2020-08-19 20:59:05 [INFO] <KERNEL> Handling comm_msg message
2020-08-19 20:59:05 [INFO] <KERNEL> Handling comm_msg message
2020-08-19 20:59:05 [INFO] <KERNEL> Handling comm_msg message
2020-08-19 20:59:05 [INFO] <KERNEL> Handling comm_msg message
2020-08-19 20:59:05 [INFO] <KERNEL> Handling comm_msg message
2020-08-19 20:59:06 [INFO] <KERNEL> Handling comm_msg message
2020-08-19 20:59:07 [INFO] <KERNEL> Handling comm_msg message
2020-08-19 20:59:28 [INFO] <KERNEL> Handling execute_request message
2020-08-19 20:59:33 [INFO] <KERNEL> Handling comm_msg message
2020-08-19 20:59:47 [INFO] <KERNEL> Handling comm_msg message
2020-08-19 21:00:05 [INFO] <KERNEL> Handling execute_request message
2020-08-19 21:00:24 [INFO] <KERNEL> Handling comm_msg message
2020-08-19 21:00:25 [INFO] <KERNEL> Handling comm_msg message
2020-08-19 21:00:25 [INFO] <KERNEL> Handling comm_msg message
2020-08-19 21:00:25 [INFO] <KERNEL> Handling comm_msg message
2020-08-19 21:00:28 [INFO] <KERNEL> Handling comm_msg message
2020-08-19 21:00:29 [INFO] <KERNEL> Handling comm_msg message
2020-08-19 21:00:29 [INFO] <KERNEL> Handling comm_msg message
2020-08-19 21:00:30 [INFO] <KERNEL> Handling comm_msg message
2020-08-19 21:00:30 [INFO] <KERNEL> Handling comm_msg message
2020-08-19 21:00:32 [INFO] <KERNEL> Handling comm_msg message
2020-08-19 21:00:59 [INFO] <KERNEL> Handling execute_request message
2020-08-19 21:01:30 [INFO] <KERNEL> Handling execute_request message
2020-08-19 21:04:53 [INFO] <KERNEL> Handling shutdown_request message
2020-08-19 21:04:53 [INFO] <KERNEL> Stopping common-lisp kernel
2020-08-19 21:04:53 [INFO] <HB-CHANNEL> Stopping thread
2020-08-19 21:04:53 [INFO] <HB-CHANNEL> Stopping channel
2020-08-19 21:04:53 [INFO] <IOPUB-CHANNEL> Stopping channel
2020-08-19 21:04:53 [INFO] <SHELL-CHANNEL> Stopping channel
2020-08-19 21:04:53 [INFO] <STDIN-CHANNEL> Stopping channel
2020-08-19 21:04:53 [INFO] <CONTROL-CHANNEL> Stopping channel
2020-08-19 21:04:53 [INFO] <MAC> Stopping message authentification
2020-08-19 21:04:53 [INFO] <HISTORY> Stopping history
