2020-08-10 21:40:48 [INFO] <KERNEL> Starting common-lisp kernel
2020-08-10 21:40:48 [INFO] <KERNEL> Parsing connection file /home/app/.local/share/jupyter/runtime/kernel-14b2f52a-5474-47ba-886e-daf160d73667.json
2020-08-10 21:40:48 [INFO] <KERNEL> (OBJ (shell_port . 33555)
                                     (iopub_port . 48855) (stdin_port . 54837)
                                     (control_port . 49445) (hb_port . 58055)
                                     (ip . 127.0.0.1)
                                     (key . 0ed0ce2d-6e6513e9317d0536c859e9fb)
                                     (transport . tcp)
                                     (signature_scheme . hmac-sha256)
                                     (kernel_name . cando))
2020-08-10 21:40:48 [INFO] <MAC> Starting message authentification
2020-08-10 21:40:48 [INFO] <MAC> Using signature scheme hmac-sha256 for message signing.
2020-08-10 21:40:48 [INFO] <HB-CHANNEL> Starting channel on tcp://127.0.0.1:58055
2020-08-10 21:40:48 [INFO] <HB-CHANNEL> Starting thread
2020-08-10 21:40:48 [INFO] <IOPUB-CHANNEL> Starting channel on tcp://127.0.0.1:48855
2020-08-10 21:40:48 [INFO] <SHELL-CHANNEL> Starting channel on tcp://127.0.0.1:33555
2020-08-10 21:40:48 [INFO] <SHELL-CHANNEL> Starting thread
2020-08-10 21:40:48 [INFO] <STDIN-CHANNEL> Starting channel on tcp://127.0.0.1:54837
2020-08-10 21:40:48 [INFO] <CONTROL-CHANNEL> Starting channel on tcp://127.0.0.1:49445
2020-08-10 21:40:48 [INFO] <CONTROL-CHANNEL> Starting thread
2020-08-10 21:40:48 [INFO] <HISTORY> Starting history
2020-08-10 21:40:48 [INFO] <KERNEL> Setting amber host pathname translation -> /opt/amber18/
2020-08-10 21:40:48 [INFO] <KERNEL> Loading CLHS map
2020-08-10 21:40:48 [INFO] <SHELL-CHANNEL> Received kernel_info_request message
2020-08-10 21:40:48 [INFO] <KERNEL> Handling kernel_info_request message
2020-08-10 21:40:48 [INFO] <SHELL-CHANNEL> Received kernel_info_request message
2020-08-10 21:40:48 [INFO] <SHELL-CHANNEL> Received comm_info_request message
2020-08-10 21:40:48 [INFO] <KERNEL> Handling kernel_info_request message
2020-08-10 21:40:48 [INFO] <KERNEL> Handling comm_info_request message
2020-08-10 21:41:04 [INFO] <SHELL-CHANNEL> Received execute_request message
2020-08-10 21:41:04 [INFO] <KERNEL> Handling execute_request message
2020-08-10 21:41:22 [INFO] <SHELL-CHANNEL> Received complete_request message
2020-08-10 21:41:22 [INFO] <KERNEL> Handling complete_request message
2020-08-10 21:41:25 [INFO] <SHELL-CHANNEL> Received execute_request message
2020-08-10 21:41:25 [INFO] <KERNEL> Handling execute_request message
2020-08-10 21:41:44 [INFO] <SHELL-CHANNEL> Received execute_request message
2020-08-10 21:41:44 [INFO] <KERNEL> Handling execute_request message
2020-08-10 21:41:48 [INFO] <SHELL-CHANNEL> Received execute_request message
2020-08-10 21:41:48 [INFO] <KERNEL> Handling execute_request message
2020-08-10 21:42:00 [INFO] <SHELL-CHANNEL> Received execute_request message
2020-08-10 21:42:00 [INFO] <KERNEL> Handling execute_request message
2020-08-10 21:42:07 [INFO] <SHELL-CHANNEL> Received execute_request message
2020-08-10 21:42:07 [INFO] <KERNEL> Handling execute_request message
2020-08-10 21:42:11 [INFO] <SHELL-CHANNEL> Received execute_request message
2020-08-10 21:42:11 [INFO] <KERNEL> Handling execute_request message
2020-08-10 21:42:11 [INFO] <NULL> Setting up the *remote-call-thread-queue* and *remote-call-thread*
2020-08-10 21:42:11 [INFO] <NULL> In add-structure  (loaded self) -> NIL
2020-08-10 21:42:11 [INFO] <NULL> entered %load-data NIL
2020-08-10 21:42:11 [INFO] <NULL> Generating mol2 as string

2020-08-10 21:42:11 [INFO] <NGLWIDGET> entered %remote-call loadFile
2020-08-10 21:42:11 [INFO] <NULL> About to make-remote-call-callback before-loaded
2020-08-10 21:42:11 [INFO] <NULL> About to make-remote-call-callback after-loaded
2020-08-10 21:42:11 [INFO] <NULL> leaving %remote-call loadFile
2020-08-10 21:42:11 [INFO] <NULL> leaving %load-data
2020-08-10 21:42:11 [INFO] <SHELL-CHANNEL> Received comm_msg message
2020-08-10 21:42:11 [INFO] <SHELL-CHANNEL> Received comm_msg message
2020-08-10 21:42:11 [INFO] <SHELL-CHANNEL> Received comm_close message
2020-08-10 21:42:11 [INFO] <KERNEL> Handling comm_msg message
2020-08-10 21:42:11 [INFO] <KERNEL> Handling comm_msg message
2020-08-10 21:42:11 [INFO] <KERNEL> Handling comm_close
2020-08-10 21:42:12 [INFO] <SHELL-CHANNEL> Received comm_msg message
2020-08-10 21:42:12 [INFO] <KERNEL> Handling comm_msg message
2020-08-10 21:42:12 [INFO] <SHELL-CHANNEL> Received comm_msg message
2020-08-10 21:42:12 [INFO] <SHELL-CHANNEL> Received comm_msg message
2020-08-10 21:42:12 [INFO] <KERNEL> Handling comm_msg message
2020-08-10 21:42:12 [INFO] <NGLWIDGET> Handling custom message request_loaded
2020-08-10 21:42:12 [INFO] <NULL> entered on-loaded - firing before-loaded callbacks new -> NIL
2020-08-10 21:42:12 [INFO] <NULL> entered on-loaded - firing before-loaded callbacks new -> T
2020-08-10 21:42:12 [INFO] <NULL> %fire-callbacks entered in process #<PROCESS TOP-LEVEL @0x9d7f911 (Running)>
  callbacks: (("loadFile" "before-loaded"))
2020-08-10 21:42:12 [INFO] <NULL> Done %fire-callbacks
2020-08-10 21:42:12 [INFO] <KERNEL> Handling comm_msg message
2020-08-10 21:42:12 [INFO] <NGLWIDGET> Handling custom message updateIDs
2020-08-10 21:42:12 [INFO] <SHELL-CHANNEL> Received comm_msg message
2020-08-10 21:42:12 [INFO] <SHELL-CHANNEL> Received comm_msg message
2020-08-10 21:42:12 [INFO] <KERNEL> Handling comm_msg message
2020-08-10 21:42:12 [INFO] <SHELL-CHANNEL> Received comm_msg message
2020-08-10 21:42:12 [INFO] <KERNEL> Handling comm_msg message
2020-08-10 21:42:12 [INFO] <NGLWIDGET> Handling custom message async_message
2020-08-10 21:42:12 [INFO] <NGLWIDGET> Setting event
2020-08-10 21:42:12 [INFO] <KERNEL> Handling comm_msg message
2020-08-10 21:42:12 [INFO] <NGLWIDGET> Handling custom message request_repr_dict
2020-08-10 21:42:12 [INFO] <SHELL-CHANNEL> Received comm_msg message
2020-08-10 21:42:12 [INFO] <KERNEL> Handling comm_msg message
2020-08-10 21:42:14 [INFO] <SHELL-CHANNEL> Received comm_msg message
2020-08-10 21:42:14 [INFO] <KERNEL> Handling comm_msg message
2020-08-10 21:42:14 [INFO] <SHELL-CHANNEL> Received comm_msg message
2020-08-10 21:42:14 [INFO] <KERNEL> Handling comm_msg message
2020-08-10 21:42:14 [INFO] <SHELL-CHANNEL> Received comm_msg message
2020-08-10 21:42:14 [INFO] <KERNEL> Handling comm_msg message
2020-08-10 21:42:14 [INFO] <SHELL-CHANNEL> Received comm_msg message
2020-08-10 21:42:14 [INFO] <KERNEL> Handling comm_msg message
2020-08-10 21:42:14 [INFO] <SHELL-CHANNEL> Received comm_msg message
2020-08-10 21:42:14 [INFO] <KERNEL> Handling comm_msg message
2020-08-10 21:42:14 [INFO] <SHELL-CHANNEL> Received comm_msg message
2020-08-10 21:42:14 [INFO] <KERNEL> Handling comm_msg message
2020-08-10 21:42:14 [INFO] <SHELL-CHANNEL> Received comm_msg message
2020-08-10 21:42:14 [INFO] <KERNEL> Handling comm_msg message
2020-08-10 21:42:14 [INFO] <SHELL-CHANNEL> Received comm_msg message
2020-08-10 21:42:14 [INFO] <KERNEL> Handling comm_msg message
2020-08-10 21:42:15 [INFO] <SHELL-CHANNEL> Received comm_msg message
2020-08-10 21:42:15 [INFO] <KERNEL> Handling comm_msg message
2020-08-10 21:42:15 [INFO] <SHELL-CHANNEL> Received comm_msg message
2020-08-10 21:42:15 [INFO] <KERNEL> Handling comm_msg message
2020-08-10 21:42:15 [INFO] <SHELL-CHANNEL> Received comm_msg message
2020-08-10 21:42:15 [INFO] <KERNEL> Handling comm_msg message
2020-08-10 21:42:15 [INFO] <SHELL-CHANNEL> Received comm_msg message
2020-08-10 21:42:15 [INFO] <KERNEL> Handling comm_msg message
2020-08-10 21:42:15 [INFO] <SHELL-CHANNEL> Received comm_msg message
2020-08-10 21:42:15 [INFO] <KERNEL> Handling comm_msg message
2020-08-10 21:42:15 [INFO] <SHELL-CHANNEL> Received comm_msg message
2020-08-10 21:42:15 [INFO] <KERNEL> Handling comm_msg message
2020-08-10 21:42:15 [INFO] <SHELL-CHANNEL> Received comm_msg message
2020-08-10 21:42:15 [INFO] <KERNEL> Handling comm_msg message
2020-08-10 21:42:15 [INFO] <SHELL-CHANNEL> Received comm_msg message
2020-08-10 21:42:15 [INFO] <KERNEL> Handling comm_msg message
2020-08-10 21:42:15 [INFO] <SHELL-CHANNEL> Received comm_msg message
2020-08-10 21:42:15 [INFO] <KERNEL> Handling comm_msg message
2020-08-10 21:42:15 [INFO] <SHELL-CHANNEL> Received comm_msg message
2020-08-10 21:42:15 [INFO] <KERNEL> Handling comm_msg message
2020-08-10 21:42:15 [INFO] <SHELL-CHANNEL> Received comm_msg message
2020-08-10 21:42:15 [INFO] <KERNEL> Handling comm_msg message
2020-08-10 21:42:15 [INFO] <SHELL-CHANNEL> Received comm_msg message
2020-08-10 21:42:15 [INFO] <KERNEL> Handling comm_msg message
2020-08-10 21:42:15 [INFO] <SHELL-CHANNEL> Received comm_msg message
2020-08-10 21:42:15 [INFO] <KERNEL> Handling comm_msg message
2020-08-10 21:42:15 [INFO] <SHELL-CHANNEL> Received comm_msg message
2020-08-10 21:42:15 [INFO] <KERNEL> Handling comm_msg message
2020-08-10 21:42:15 [INFO] <SHELL-CHANNEL> Received comm_msg message
2020-08-10 21:42:15 [INFO] <KERNEL> Handling comm_msg message
2020-08-10 21:42:16 [INFO] <SHELL-CHANNEL> Received comm_msg message
2020-08-10 21:42:16 [INFO] <KERNEL> Handling comm_msg message
2020-08-10 21:42:16 [INFO] <SHELL-CHANNEL> Received comm_msg message
2020-08-10 21:42:16 [INFO] <KERNEL> Handling comm_msg message
2020-08-10 21:42:16 [INFO] <SHELL-CHANNEL> Received comm_msg message
2020-08-10 21:42:16 [INFO] <KERNEL> Handling comm_msg message
2020-08-10 21:42:16 [INFO] <SHELL-CHANNEL> Received comm_msg message
2020-08-10 21:42:16 [INFO] <KERNEL> Handling comm_msg message
2020-08-10 21:42:16 [INFO] <SHELL-CHANNEL> Received comm_msg message
2020-08-10 21:42:16 [INFO] <KERNEL> Handling comm_msg message
2020-08-10 21:42:16 [INFO] <SHELL-CHANNEL> Received comm_msg message
2020-08-10 21:42:16 [INFO] <KERNEL> Handling comm_msg message
2020-08-10 21:42:16 [INFO] <SHELL-CHANNEL> Received comm_msg message
2020-08-10 21:42:16 [INFO] <KERNEL> Handling comm_msg message
2020-08-10 21:42:16 [INFO] <SHELL-CHANNEL> Received comm_msg message
2020-08-10 21:42:16 [INFO] <KERNEL> Handling comm_msg message
2020-08-10 21:42:16 [INFO] <SHELL-CHANNEL> Received comm_msg message
2020-08-10 21:42:16 [INFO] <KERNEL> Handling comm_msg message
2020-08-10 21:42:16 [INFO] <SHELL-CHANNEL> Received comm_msg message
2020-08-10 21:42:16 [INFO] <KERNEL> Handling comm_msg message
2020-08-10 21:42:16 [INFO] <SHELL-CHANNEL> Received comm_msg message
2020-08-10 21:42:16 [INFO] <KERNEL> Handling comm_msg message
2020-08-10 21:42:16 [INFO] <SHELL-CHANNEL> Received comm_msg message
2020-08-10 21:42:16 [INFO] <KERNEL> Handling comm_msg message
2020-08-10 21:42:16 [INFO] <SHELL-CHANNEL> Received comm_msg message
2020-08-10 21:42:16 [INFO] <KERNEL> Handling comm_msg message
2020-08-10 21:42:16 [INFO] <SHELL-CHANNEL> Received comm_msg message
2020-08-10 21:42:16 [INFO] <KERNEL> Handling comm_msg message
2020-08-10 21:42:16 [INFO] <SHELL-CHANNEL> Received comm_msg message
2020-08-10 21:42:17 [INFO] <KERNEL> Handling comm_msg message
2020-08-10 21:42:17 [INFO] <SHELL-CHANNEL> Received comm_msg message
2020-08-10 21:42:17 [INFO] <KERNEL> Handling comm_msg message
2020-08-10 21:42:17 [INFO] <SHELL-CHANNEL> Received comm_msg message
2020-08-10 21:42:17 [INFO] <KERNEL> Handling comm_msg message
2020-08-10 21:42:17 [INFO] <SHELL-CHANNEL> Received comm_msg message
2020-08-10 21:42:17 [INFO] <KERNEL> Handling comm_msg message
2020-08-10 21:42:17 [INFO] <SHELL-CHANNEL> Received comm_msg message
2020-08-10 21:42:17 [INFO] <KERNEL> Handling comm_msg message
2020-08-10 21:42:17 [INFO] <SHELL-CHANNEL> Received comm_msg message
2020-08-10 21:42:17 [INFO] <KERNEL> Handling comm_msg message
2020-08-10 21:42:17 [INFO] <SHELL-CHANNEL> Received comm_msg message
2020-08-10 21:42:17 [INFO] <KERNEL> Handling comm_msg message
2020-08-10 21:42:17 [INFO] <SHELL-CHANNEL> Received comm_msg message
2020-08-10 21:42:17 [INFO] <KERNEL> Handling comm_msg message
2020-08-10 21:42:17 [INFO] <SHELL-CHANNEL> Received comm_msg message
2020-08-10 21:42:17 [INFO] <KERNEL> Handling comm_msg message
2020-08-10 21:42:17 [INFO] <SHELL-CHANNEL> Received comm_msg message
2020-08-10 21:42:17 [INFO] <KERNEL> Handling comm_msg message
2020-08-10 21:42:17 [INFO] <SHELL-CHANNEL> Received comm_msg message
2020-08-10 21:42:17 [INFO] <KERNEL> Handling comm_msg message
2020-08-10 21:42:17 [INFO] <SHELL-CHANNEL> Received comm_msg message
2020-08-10 21:42:17 [INFO] <KERNEL> Handling comm_msg message
2020-08-10 21:42:17 [INFO] <SHELL-CHANNEL> Received comm_msg message
2020-08-10 21:42:17 [INFO] <KERNEL> Handling comm_msg message
2020-08-10 21:42:17 [INFO] <SHELL-CHANNEL> Received comm_msg message
2020-08-10 21:42:17 [INFO] <KERNEL> Handling comm_msg message
2020-08-10 21:42:18 [INFO] <SHELL-CHANNEL> Received comm_msg message
2020-08-10 21:42:18 [INFO] <KERNEL> Handling comm_msg message
2020-08-10 21:42:18 [INFO] <SHELL-CHANNEL> Received comm_msg message
2020-08-10 21:42:18 [INFO] <KERNEL> Handling comm_msg message
2020-08-10 21:42:18 [INFO] <SHELL-CHANNEL> Received comm_msg message
2020-08-10 21:42:18 [INFO] <KERNEL> Handling comm_msg message
2020-08-10 21:42:20 [INFO] <SHELL-CHANNEL> Received comm_msg message
2020-08-10 21:42:20 [INFO] <KERNEL> Handling comm_msg message
2020-08-10 21:42:20 [INFO] <SHELL-CHANNEL> Received comm_msg message
2020-08-10 21:42:20 [INFO] <KERNEL> Handling comm_msg message
2020-08-10 21:42:20 [INFO] <SHELL-CHANNEL> Received comm_msg message
2020-08-10 21:42:20 [INFO] <KERNEL> Handling comm_msg message
2020-08-10 21:42:20 [INFO] <SHELL-CHANNEL> Received comm_msg message
2020-08-10 21:42:20 [INFO] <KERNEL> Handling comm_msg message
2020-08-10 21:42:20 [INFO] <SHELL-CHANNEL> Received comm_msg message
2020-08-10 21:42:20 [INFO] <KERNEL> Handling comm_msg message
2020-08-10 21:42:20 [INFO] <SHELL-CHANNEL> Received comm_msg message
2020-08-10 21:42:20 [INFO] <KERNEL> Handling comm_msg message
2020-08-10 21:42:20 [INFO] <SHELL-CHANNEL> Received comm_msg message
2020-08-10 21:42:20 [INFO] <KERNEL> Handling comm_msg message
2020-08-10 21:42:20 [INFO] <SHELL-CHANNEL> Received comm_msg message
2020-08-10 21:42:20 [INFO] <KERNEL> Handling comm_msg message
2020-08-10 21:42:20 [INFO] <SHELL-CHANNEL> Received comm_msg message
2020-08-10 21:42:20 [INFO] <KERNEL> Handling comm_msg message
2020-08-10 21:42:21 [INFO] <SHELL-CHANNEL> Received comm_msg message
2020-08-10 21:42:21 [INFO] <KERNEL> Handling comm_msg message
2020-08-10 21:42:21 [INFO] <SHELL-CHANNEL> Received comm_msg message
2020-08-10 21:42:21 [INFO] <KERNEL> Handling comm_msg message
2020-08-10 21:42:21 [INFO] <SHELL-CHANNEL> Received comm_msg message
2020-08-10 21:42:21 [INFO] <KERNEL> Handling comm_msg message
2020-08-10 21:42:21 [INFO] <SHELL-CHANNEL> Received comm_msg message
2020-08-10 21:42:21 [INFO] <KERNEL> Handling comm_msg message
2020-08-10 21:42:21 [INFO] <SHELL-CHANNEL> Received comm_msg message
2020-08-10 21:42:21 [INFO] <KERNEL> Handling comm_msg message
2020-08-10 21:42:21 [INFO] <SHELL-CHANNEL> Received comm_msg message
2020-08-10 21:42:21 [INFO] <KERNEL> Handling comm_msg message
2020-08-10 21:42:21 [INFO] <SHELL-CHANNEL> Received comm_msg message
2020-08-10 21:42:21 [INFO] <KERNEL> Handling comm_msg message
2020-08-10 21:42:21 [INFO] <SHELL-CHANNEL> Received comm_msg message
2020-08-10 21:42:21 [INFO] <KERNEL> Handling comm_msg message
2020-08-10 21:42:21 [INFO] <SHELL-CHANNEL> Received comm_msg message
2020-08-10 21:42:21 [INFO] <KERNEL> Handling comm_msg message
2020-08-10 21:42:21 [INFO] <SHELL-CHANNEL> Received comm_msg message
2020-08-10 21:42:21 [INFO] <KERNEL> Handling comm_msg message
2020-08-10 21:42:21 [INFO] <SHELL-CHANNEL> Received comm_msg message
2020-08-10 21:42:21 [INFO] <KERNEL> Handling comm_msg message
2020-08-10 21:42:21 [INFO] <SHELL-CHANNEL> Received comm_msg message
2020-08-10 21:42:21 [INFO] <KERNEL> Handling comm_msg message
2020-08-10 21:42:21 [INFO] <SHELL-CHANNEL> Received comm_msg message
2020-08-10 21:42:21 [INFO] <KERNEL> Handling comm_msg message
2020-08-10 21:42:21 [INFO] <SHELL-CHANNEL> Received comm_msg message
2020-08-10 21:42:21 [INFO] <KERNEL> Handling comm_msg message
2020-08-10 21:42:22 [INFO] <SHELL-CHANNEL> Received comm_msg message
2020-08-10 21:42:22 [INFO] <KERNEL> Handling comm_msg message
2020-08-10 21:42:22 [INFO] <SHELL-CHANNEL> Received comm_msg message
2020-08-10 21:42:22 [INFO] <KERNEL> Handling comm_msg message
2020-08-10 21:42:22 [INFO] <SHELL-CHANNEL> Received comm_msg message
2020-08-10 21:42:22 [INFO] <KERNEL> Handling comm_msg message
2020-08-10 21:42:22 [INFO] <SHELL-CHANNEL> Received comm_msg message
2020-08-10 21:42:22 [INFO] <KERNEL> Handling comm_msg message
2020-08-10 21:42:22 [INFO] <SHELL-CHANNEL> Received comm_msg message
2020-08-10 21:42:22 [INFO] <KERNEL> Handling comm_msg message
2020-08-10 21:42:22 [INFO] <SHELL-CHANNEL> Received comm_msg message
2020-08-10 21:42:22 [INFO] <KERNEL> Handling comm_msg message
2020-08-10 21:42:22 [INFO] <SHELL-CHANNEL> Received comm_msg message
2020-08-10 21:42:22 [INFO] <KERNEL> Handling comm_msg message
2020-08-10 21:42:22 [INFO] <SHELL-CHANNEL> Received comm_msg message
2020-08-10 21:42:22 [INFO] <KERNEL> Handling comm_msg message
2020-08-10 21:42:22 [INFO] <SHELL-CHANNEL> Received comm_msg message
2020-08-10 21:42:22 [INFO] <KERNEL> Handling comm_msg message
2020-08-10 21:42:23 [INFO] <SHELL-CHANNEL> Received comm_msg message
2020-08-10 21:42:23 [INFO] <KERNEL> Handling comm_msg message
2020-08-10 21:42:23 [INFO] <SHELL-CHANNEL> Received comm_msg message
2020-08-10 21:42:23 [INFO] <KERNEL> Handling comm_msg message
2020-08-10 21:42:24 [INFO] <SHELL-CHANNEL> Received comm_msg message
2020-08-10 21:42:24 [INFO] <KERNEL> Handling comm_msg message
2020-08-10 21:42:24 [INFO] <SHELL-CHANNEL> Received comm_msg message
2020-08-10 21:42:24 [INFO] <KERNEL> Handling comm_msg message
2020-08-10 21:42:24 [INFO] <SHELL-CHANNEL> Received comm_msg message
2020-08-10 21:42:24 [INFO] <KERNEL> Handling comm_msg message
2020-08-10 21:42:24 [INFO] <SHELL-CHANNEL> Received comm_msg message
2020-08-10 21:42:24 [INFO] <KERNEL> Handling comm_msg message
2020-08-10 21:42:24 [INFO] <SHELL-CHANNEL> Received comm_msg message
2020-08-10 21:42:24 [INFO] <KERNEL> Handling comm_msg message
2020-08-10 21:42:24 [INFO] <SHELL-CHANNEL> Received comm_msg message
2020-08-10 21:42:24 [INFO] <KERNEL> Handling comm_msg message
2020-08-10 21:42:24 [INFO] <SHELL-CHANNEL> Received comm_msg message
2020-08-10 21:42:24 [INFO] <KERNEL> Handling comm_msg message
2020-08-10 21:42:24 [INFO] <SHELL-CHANNEL> Received comm_msg message
2020-08-10 21:42:24 [INFO] <KERNEL> Handling comm_msg message
2020-08-10 21:42:24 [INFO] <SHELL-CHANNEL> Received comm_msg message
2020-08-10 21:42:24 [INFO] <KERNEL> Handling comm_msg message
2020-08-10 21:42:24 [INFO] <SHELL-CHANNEL> Received comm_msg message
2020-08-10 21:42:24 [INFO] <KERNEL> Handling comm_msg message
2020-08-10 21:42:24 [INFO] <SHELL-CHANNEL> Received comm_msg message
2020-08-10 21:42:24 [INFO] <KERNEL> Handling comm_msg message
2020-08-10 21:42:24 [INFO] <SHELL-CHANNEL> Received comm_msg message
2020-08-10 21:42:24 [INFO] <KERNEL> Handling comm_msg message
2020-08-10 21:42:24 [INFO] <SHELL-CHANNEL> Received comm_msg message
2020-08-10 21:42:24 [INFO] <KERNEL> Handling comm_msg message
2020-08-10 21:42:24 [INFO] <SHELL-CHANNEL> Received comm_msg message
2020-08-10 21:42:24 [INFO] <KERNEL> Handling comm_msg message
2020-08-10 21:42:25 [INFO] <SHELL-CHANNEL> Received comm_msg message
2020-08-10 21:42:25 [INFO] <KERNEL> Handling comm_msg message
2020-08-10 21:42:25 [INFO] <SHELL-CHANNEL> Received comm_msg message
2020-08-10 21:42:25 [INFO] <KERNEL> Handling comm_msg message
2020-08-10 21:42:25 [INFO] <SHELL-CHANNEL> Received comm_msg message
2020-08-10 21:42:25 [INFO] <KERNEL> Handling comm_msg message
2020-08-10 21:42:25 [INFO] <SHELL-CHANNEL> Received comm_msg message
2020-08-10 21:42:25 [INFO] <KERNEL> Handling comm_msg message
2020-08-10 21:42:25 [INFO] <SHELL-CHANNEL> Received comm_msg message
2020-08-10 21:42:25 [INFO] <KERNEL> Handling comm_msg message
2020-08-10 21:42:25 [INFO] <SHELL-CHANNEL> Received comm_msg message
2020-08-10 21:42:25 [INFO] <KERNEL> Handling comm_msg message
2020-08-10 21:42:25 [INFO] <SHELL-CHANNEL> Received comm_msg message
2020-08-10 21:42:25 [INFO] <KERNEL> Handling comm_msg message
2020-08-10 21:42:25 [INFO] <SHELL-CHANNEL> Received comm_msg message
2020-08-10 21:42:25 [INFO] <KERNEL> Handling comm_msg message
2020-08-10 21:42:25 [INFO] <SHELL-CHANNEL> Received comm_msg message
2020-08-10 21:42:25 [INFO] <KERNEL> Handling comm_msg message
2020-08-10 21:42:25 [INFO] <SHELL-CHANNEL> Received comm_msg message
2020-08-10 21:42:25 [INFO] <KERNEL> Handling comm_msg message
2020-08-10 21:42:25 [INFO] <SHELL-CHANNEL> Received comm_msg message
2020-08-10 21:42:25 [INFO] <KERNEL> Handling comm_msg message
2020-08-10 21:42:25 [INFO] <SHELL-CHANNEL> Received comm_msg message
2020-08-10 21:42:25 [INFO] <KERNEL> Handling comm_msg message
2020-08-10 21:42:25 [INFO] <SHELL-CHANNEL> Received comm_msg message
2020-08-10 21:42:25 [INFO] <KERNEL> Handling comm_msg message
2020-08-10 21:42:26 [INFO] <SHELL-CHANNEL> Received comm_msg message
2020-08-10 21:42:26 [INFO] <KERNEL> Handling comm_msg message
2020-08-10 21:42:38 [INFO] <SHELL-CHANNEL> Received execute_request message
2020-08-10 21:42:38 [INFO] <KERNEL> Handling execute_request message
2020-08-10 21:42:39 [INFO] <SHELL-CHANNEL> Received execute_request message
2020-08-10 21:42:39 [INFO] <KERNEL> Handling execute_request message
2020-08-10 21:42:41 [INFO] <SHELL-CHANNEL> Received execute_request message
2020-08-10 21:42:41 [INFO] <KERNEL> Handling execute_request message
2020-08-10 21:42:41 [INFO] <NULL> In add-structure  (loaded self) -> NIL
2020-08-10 21:42:41 [INFO] <NULL> entered %load-data NIL
2020-08-10 21:42:41 [INFO] <NULL> Generating mol2 as string

2020-08-10 21:42:41 [INFO] <NGLWIDGET> entered %remote-call loadFile
2020-08-10 21:42:41 [INFO] <NULL> About to make-remote-call-callback before-loaded
2020-08-10 21:42:41 [INFO] <NULL> About to make-remote-call-callback after-loaded
2020-08-10 21:42:41 [INFO] <NULL> leaving %remote-call loadFile
2020-08-10 21:42:41 [INFO] <NULL> leaving %load-data
2020-08-10 21:42:41 [INFO] <SHELL-CHANNEL> Received comm_close message
2020-08-10 21:42:41 [INFO] <KERNEL> Handling comm_close
2020-08-10 21:42:42 [INFO] <SHELL-CHANNEL> Received comm_msg message
2020-08-10 21:42:42 [INFO] <KERNEL> Handling comm_msg message
2020-08-10 21:42:42 [INFO] <SHELL-CHANNEL> Received comm_msg message
2020-08-10 21:42:42 [INFO] <SHELL-CHANNEL> Received comm_msg message
2020-08-10 21:42:42 [INFO] <KERNEL> Handling comm_msg message
2020-08-10 21:42:42 [INFO] <NGLWIDGET> Handling custom message request_loaded
2020-08-10 21:42:42 [INFO] <NULL> entered on-loaded - firing before-loaded callbacks new -> NIL
2020-08-10 21:42:42 [INFO] <NULL> entered on-loaded - firing before-loaded callbacks new -> T
2020-08-10 21:42:42 [INFO] <NULL> %fire-callbacks entered in process #<PROCESS TOP-LEVEL @0x9d7f911 (Running)>
  callbacks: (("loadFile" "before-loaded"))
2020-08-10 21:42:42 [INFO] <NULL> Done %fire-callbacks
2020-08-10 21:42:42 [INFO] <KERNEL> Handling comm_msg message
2020-08-10 21:42:42 [INFO] <NGLWIDGET> Handling custom message updateIDs
2020-08-10 21:42:42 [INFO] <SHELL-CHANNEL> Received comm_msg message
2020-08-10 21:42:42 [INFO] <SHELL-CHANNEL> Received comm_msg message
2020-08-10 21:42:42 [INFO] <KERNEL> Handling comm_msg message
2020-08-10 21:42:42 [INFO] <SHELL-CHANNEL> Received comm_msg message
2020-08-10 21:42:42 [INFO] <KERNEL> Handling comm_msg message
2020-08-10 21:42:42 [INFO] <NGLWIDGET> Handling custom message async_message
2020-08-10 21:42:42 [INFO] <NGLWIDGET> Setting event
2020-08-10 21:42:42 [INFO] <KERNEL> Handling comm_msg message
2020-08-10 21:42:42 [INFO] <NGLWIDGET> Handling custom message request_repr_dict
2020-08-10 21:42:42 [INFO] <SHELL-CHANNEL> Received comm_msg message
2020-08-10 21:42:42 [INFO] <KERNEL> Handling comm_msg message
2020-08-10 21:43:01 [INFO] <SHELL-CHANNEL> Received comm_msg message
2020-08-10 21:43:01 [INFO] <KERNEL> Handling comm_msg message
2020-08-10 21:43:01 [INFO] <SHELL-CHANNEL> Received comm_msg message
2020-08-10 21:43:01 [INFO] <KERNEL> Handling comm_msg message
2020-08-10 21:43:01 [INFO] <SHELL-CHANNEL> Received comm_msg message
2020-08-10 21:43:01 [INFO] <KERNEL> Handling comm_msg message
2020-08-10 21:43:24 [INFO] <SHELL-CHANNEL> Received comm_msg message
2020-08-10 21:43:24 [INFO] <KERNEL> Handling comm_msg message
2020-08-10 21:43:27 [INFO] <SHELL-CHANNEL> Received comm_msg message
2020-08-10 21:43:27 [INFO] <KERNEL> Handling comm_msg message
2020-08-10 21:43:27 [INFO] <SHELL-CHANNEL> Received comm_msg message
2020-08-10 21:43:27 [INFO] <KERNEL> Handling comm_msg message
2020-08-10 21:43:27 [INFO] <SHELL-CHANNEL> Received comm_msg message
2020-08-10 21:43:27 [INFO] <KERNEL> Handling comm_msg message
2020-08-10 21:43:27 [INFO] <SHELL-CHANNEL> Received comm_msg message
2020-08-10 21:43:27 [INFO] <KERNEL> Handling comm_msg message
2020-08-10 21:43:27 [INFO] <SHELL-CHANNEL> Received comm_msg message
2020-08-10 21:43:27 [INFO] <KERNEL> Handling comm_msg message
2020-08-10 21:43:27 [INFO] <SHELL-CHANNEL> Received comm_msg message
2020-08-10 21:43:27 [INFO] <KERNEL> Handling comm_msg message
2020-08-10 21:43:27 [INFO] <SHELL-CHANNEL> Received comm_msg message
2020-08-10 21:43:27 [INFO] <KERNEL> Handling comm_msg message
2020-08-10 21:43:27 [INFO] <SHELL-CHANNEL> Received comm_msg message
2020-08-10 21:43:27 [INFO] <KERNEL> Handling comm_msg message
2020-08-10 21:43:28 [INFO] <SHELL-CHANNEL> Received comm_msg message
2020-08-10 21:43:28 [INFO] <KERNEL> Handling comm_msg message
2020-08-10 21:43:28 [INFO] <SHELL-CHANNEL> Received comm_msg message
2020-08-10 21:43:28 [INFO] <KERNEL> Handling comm_msg message
2020-08-10 21:43:28 [INFO] <SHELL-CHANNEL> Received comm_msg message
2020-08-10 21:43:28 [INFO] <KERNEL> Handling comm_msg message
2020-08-10 21:43:29 [INFO] <SHELL-CHANNEL> Received comm_msg message
2020-08-10 21:43:29 [INFO] <KERNEL> Handling comm_msg message
2020-08-10 21:43:30 [INFO] <SHELL-CHANNEL> Received comm_msg message
2020-08-10 21:43:30 [INFO] <KERNEL> Handling comm_msg message
2020-08-10 21:43:30 [INFO] <SHELL-CHANNEL> Received comm_msg message
2020-08-10 21:43:30 [INFO] <KERNEL> Handling comm_msg message
2020-08-10 21:43:31 [INFO] <SHELL-CHANNEL> Received comm_msg message
2020-08-10 21:43:31 [INFO] <KERNEL> Handling comm_msg message
2020-08-10 21:43:31 [INFO] <SHELL-CHANNEL> Received comm_msg message
2020-08-10 21:43:31 [INFO] <KERNEL> Handling comm_msg message
2020-08-10 21:43:31 [INFO] <SHELL-CHANNEL> Received comm_msg message
2020-08-10 21:43:31 [INFO] <KERNEL> Handling comm_msg message
2020-08-10 21:43:31 [INFO] <SHELL-CHANNEL> Received comm_msg message
2020-08-10 21:43:31 [INFO] <KERNEL> Handling comm_msg message
2020-08-10 21:43:31 [INFO] <SHELL-CHANNEL> Received comm_msg message
2020-08-10 21:43:31 [INFO] <KERNEL> Handling comm_msg message
2020-08-10 21:43:32 [INFO] <SHELL-CHANNEL> Received comm_msg message
2020-08-10 21:43:32 [INFO] <KERNEL> Handling comm_msg message
2020-08-10 21:43:32 [INFO] <SHELL-CHANNEL> Received comm_msg message
2020-08-10 21:43:32 [INFO] <KERNEL> Handling comm_msg message
2020-08-10 21:43:32 [INFO] <SHELL-CHANNEL> Received comm_msg message
2020-08-10 21:43:32 [INFO] <KERNEL> Handling comm_msg message
2020-08-10 21:43:39 [INFO] <SHELL-CHANNEL> Received execute_request message
2020-08-10 21:43:39 [INFO] <KERNEL> Handling execute_request message
2020-08-10 21:43:44 [INFO] <SHELL-CHANNEL> Received execute_request message
2020-08-10 21:43:44 [INFO] <KERNEL> Handling execute_request message
2020-08-10 21:43:46 [INFO] <SHELL-CHANNEL> Received execute_request message
2020-08-10 21:43:46 [INFO] <KERNEL> Handling execute_request message
2020-08-10 21:43:55 [INFO] <SHELL-CHANNEL> Received execute_request message
2020-08-10 21:43:55 [INFO] <KERNEL> Handling execute_request message
2020-08-10 21:43:55 [INFO] <NULL> In add-structure  (loaded self) -> NIL
2020-08-10 21:43:55 [INFO] <NULL> entered %load-data NIL
2020-08-10 21:43:55 [INFO] <NULL> Generating mol2 as string

2020-08-10 21:43:55 [INFO] <NGLWIDGET> entered %remote-call loadFile
2020-08-10 21:43:55 [INFO] <NULL> About to make-remote-call-callback before-loaded
2020-08-10 21:43:55 [INFO] <NULL> About to make-remote-call-callback after-loaded
2020-08-10 21:43:55 [INFO] <NULL> leaving %remote-call loadFile
2020-08-10 21:43:55 [INFO] <NULL> leaving %load-data
2020-08-10 21:43:55 [INFO] <SHELL-CHANNEL> Received comm_close message
2020-08-10 21:43:55 [INFO] <KERNEL> Handling comm_close
2020-08-10 21:43:56 [INFO] <SHELL-CHANNEL> Received comm_msg message
2020-08-10 21:43:56 [INFO] <KERNEL> Handling comm_msg message
2020-08-10 21:43:56 [INFO] <SHELL-CHANNEL> Received comm_msg message
2020-08-10 21:43:56 [INFO] <SHELL-CHANNEL> Received comm_msg message
2020-08-10 21:43:56 [INFO] <KERNEL> Handling comm_msg message
2020-08-10 21:43:56 [INFO] <NGLWIDGET> Handling custom message request_loaded
2020-08-10 21:43:56 [INFO] <NULL> entered on-loaded - firing before-loaded callbacks new -> NIL
2020-08-10 21:43:56 [INFO] <NULL> entered on-loaded - firing before-loaded callbacks new -> T
2020-08-10 21:43:56 [INFO] <NULL> %fire-callbacks entered in process #<PROCESS TOP-LEVEL @0x9d7f911 (Running)>
  callbacks: (("loadFile" "before-loaded"))
2020-08-10 21:43:56 [INFO] <NULL> Done %fire-callbacks
2020-08-10 21:43:56 [INFO] <SHELL-CHANNEL> Received comm_msg message
2020-08-10 21:43:56 [INFO] <KERNEL> Handling comm_msg message
2020-08-10 21:43:56 [INFO] <NGLWIDGET> Handling custom message updateIDs
2020-08-10 21:43:56 [INFO] <SHELL-CHANNEL> Received comm_msg message
2020-08-10 21:43:56 [INFO] <SHELL-CHANNEL> Received comm_msg message
2020-08-10 21:43:56 [INFO] <KERNEL> Handling comm_msg message
2020-08-10 21:43:56 [INFO] <KERNEL> Handling comm_msg message
2020-08-10 21:43:56 [INFO] <NGLWIDGET> Handling custom message async_message
2020-08-10 21:43:56 [INFO] <NGLWIDGET> Setting event
2020-08-10 21:43:56 [INFO] <KERNEL> Handling comm_msg message
2020-08-10 21:43:56 [INFO] <NGLWIDGET> Handling custom message request_repr_dict
2020-08-10 21:43:56 [INFO] <SHELL-CHANNEL> Received comm_msg message
2020-08-10 21:43:56 [INFO] <KERNEL> Handling comm_msg message
2020-08-10 21:43:58 [INFO] <SHELL-CHANNEL> Received comm_msg message
2020-08-10 21:43:58 [INFO] <KERNEL> Handling comm_msg message
2020-08-10 21:43:58 [INFO] <SHELL-CHANNEL> Received comm_msg message
2020-08-10 21:43:58 [INFO] <KERNEL> Handling comm_msg message
2020-08-10 21:43:59 [INFO] <SHELL-CHANNEL> Received comm_msg message
2020-08-10 21:43:59 [INFO] <KERNEL> Handling comm_msg message
2020-08-10 21:43:59 [INFO] <SHELL-CHANNEL> Received comm_msg message
2020-08-10 21:43:59 [INFO] <KERNEL> Handling comm_msg message
2020-08-10 21:43:59 [INFO] <SHELL-CHANNEL> Received comm_msg message
2020-08-10 21:43:59 [INFO] <KERNEL> Handling comm_msg message
2020-08-10 21:43:59 [INFO] <SHELL-CHANNEL> Received comm_msg message
2020-08-10 21:43:59 [INFO] <KERNEL> Handling comm_msg message
2020-08-10 21:43:59 [INFO] <SHELL-CHANNEL> Received comm_msg message
2020-08-10 21:43:59 [INFO] <KERNEL> Handling comm_msg message
2020-08-10 21:43:59 [INFO] <SHELL-CHANNEL> Received comm_msg message
2020-08-10 21:43:59 [INFO] <KERNEL> Handling comm_msg message
2020-08-10 21:43:59 [INFO] <SHELL-CHANNEL> Received comm_msg message
2020-08-10 21:43:59 [INFO] <KERNEL> Handling comm_msg message
2020-08-10 21:43:59 [INFO] <SHELL-CHANNEL> Received comm_msg message
2020-08-10 21:43:59 [INFO] <KERNEL> Handling comm_msg message
2020-08-10 21:43:59 [INFO] <SHELL-CHANNEL> Received comm_msg message
2020-08-10 21:43:59 [INFO] <KERNEL> Handling comm_msg message
2020-08-10 21:43:59 [INFO] <SHELL-CHANNEL> Received comm_msg message
2020-08-10 21:43:59 [INFO] <KERNEL> Handling comm_msg message
2020-08-10 21:43:59 [INFO] <SHELL-CHANNEL> Received comm_msg message
2020-08-10 21:43:59 [INFO] <KERNEL> Handling comm_msg message
2020-08-10 21:43:59 [INFO] <SHELL-CHANNEL> Received comm_msg message
2020-08-10 21:43:59 [INFO] <KERNEL> Handling comm_msg message
2020-08-10 21:43:59 [INFO] <SHELL-CHANNEL> Received comm_msg message
2020-08-10 21:43:59 [INFO] <KERNEL> Handling comm_msg message
2020-08-10 21:43:59 [INFO] <SHELL-CHANNEL> Received comm_msg message
2020-08-10 21:43:59 [INFO] <KERNEL> Handling comm_msg message
2020-08-10 21:43:59 [INFO] <SHELL-CHANNEL> Received comm_msg message
2020-08-10 21:43:59 [INFO] <KERNEL> Handling comm_msg message
2020-08-10 21:44:00 [INFO] <SHELL-CHANNEL> Received comm_msg message
2020-08-10 21:44:00 [INFO] <KERNEL> Handling comm_msg message
2020-08-10 21:44:00 [INFO] <SHELL-CHANNEL> Received comm_msg message
2020-08-10 21:44:00 [INFO] <KERNEL> Handling comm_msg message
2020-08-10 21:44:00 [INFO] <SHELL-CHANNEL> Received comm_msg message
2020-08-10 21:44:00 [INFO] <KERNEL> Handling comm_msg message
2020-08-10 21:44:00 [INFO] <SHELL-CHANNEL> Received comm_msg message
2020-08-10 21:44:00 [INFO] <KERNEL> Handling comm_msg message
2020-08-10 21:44:00 [INFO] <SHELL-CHANNEL> Received comm_msg message
2020-08-10 21:44:00 [INFO] <KERNEL> Handling comm_msg message
2020-08-10 21:44:00 [INFO] <SHELL-CHANNEL> Received comm_msg message
2020-08-10 21:44:00 [INFO] <KERNEL> Handling comm_msg message
2020-08-10 21:44:00 [INFO] <SHELL-CHANNEL> Received comm_msg message
2020-08-10 21:44:00 [INFO] <KERNEL> Handling comm_msg message
2020-08-10 21:44:00 [INFO] <SHELL-CHANNEL> Received comm_msg message
2020-08-10 21:44:00 [INFO] <KERNEL> Handling comm_msg message
2020-08-10 21:44:00 [INFO] <SHELL-CHANNEL> Received comm_msg message
2020-08-10 21:44:00 [INFO] <KERNEL> Handling comm_msg message
2020-08-10 21:44:00 [INFO] <SHELL-CHANNEL> Received comm_msg message
2020-08-10 21:44:00 [INFO] <KERNEL> Handling comm_msg message
2020-08-10 21:44:00 [INFO] <SHELL-CHANNEL> Received comm_msg message
2020-08-10 21:44:00 [INFO] <KERNEL> Handling comm_msg message
2020-08-10 21:44:00 [INFO] <SHELL-CHANNEL> Received comm_msg message
2020-08-10 21:44:00 [INFO] <KERNEL> Handling comm_msg message
2020-08-10 21:44:00 [INFO] <SHELL-CHANNEL> Received comm_msg message
2020-08-10 21:44:00 [INFO] <KERNEL> Handling comm_msg message
2020-08-10 21:44:00 [INFO] <SHELL-CHANNEL> Received comm_msg message
2020-08-10 21:44:00 [INFO] <KERNEL> Handling comm_msg message
2020-08-10 21:44:00 [INFO] <SHELL-CHANNEL> Received comm_msg message
2020-08-10 21:44:00 [INFO] <KERNEL> Handling comm_msg message
2020-08-10 21:44:01 [INFO] <SHELL-CHANNEL> Received comm_msg message
2020-08-10 21:44:01 [INFO] <KERNEL> Handling comm_msg message
2020-08-10 21:44:01 [INFO] <SHELL-CHANNEL> Received comm_msg message
2020-08-10 21:44:01 [INFO] <KERNEL> Handling comm_msg message
2020-08-10 21:44:01 [INFO] <SHELL-CHANNEL> Received comm_msg message
2020-08-10 21:44:01 [INFO] <KERNEL> Handling comm_msg message
2020-08-10 21:44:01 [INFO] <SHELL-CHANNEL> Received comm_msg message
2020-08-10 21:44:01 [INFO] <KERNEL> Handling comm_msg message
2020-08-10 21:44:01 [INFO] <SHELL-CHANNEL> Received comm_msg message
2020-08-10 21:44:01 [INFO] <KERNEL> Handling comm_msg message
2020-08-10 21:44:01 [INFO] <SHELL-CHANNEL> Received comm_msg message
2020-08-10 21:44:01 [INFO] <KERNEL> Handling comm_msg message
2020-08-10 21:44:01 [INFO] <SHELL-CHANNEL> Received comm_msg message
2020-08-10 21:44:01 [INFO] <KERNEL> Handling comm_msg message
2020-08-10 21:44:01 [INFO] <SHELL-CHANNEL> Received comm_msg message
2020-08-10 21:44:01 [INFO] <KERNEL> Handling comm_msg message
2020-08-10 21:44:01 [INFO] <SHELL-CHANNEL> Received comm_msg message
2020-08-10 21:44:01 [INFO] <KERNEL> Handling comm_msg message
2020-08-10 21:44:01 [INFO] <SHELL-CHANNEL> Received comm_msg message
2020-08-10 21:44:01 [INFO] <KERNEL> Handling comm_msg message
2020-08-10 21:44:01 [INFO] <SHELL-CHANNEL> Received comm_msg message
2020-08-10 21:44:01 [INFO] <KERNEL> Handling comm_msg message
2020-08-10 21:44:01 [INFO] <SHELL-CHANNEL> Received comm_msg message
2020-08-10 21:44:01 [INFO] <KERNEL> Handling comm_msg message
2020-08-10 21:44:01 [INFO] <SHELL-CHANNEL> Received comm_msg message
2020-08-10 21:44:01 [INFO] <KERNEL> Handling comm_msg message
2020-08-10 21:44:02 [INFO] <SHELL-CHANNEL> Received comm_msg message
2020-08-10 21:44:02 [INFO] <KERNEL> Handling comm_msg message
2020-08-10 21:44:02 [INFO] <SHELL-CHANNEL> Received comm_msg message
2020-08-10 21:44:02 [INFO] <KERNEL> Handling comm_msg message
2020-08-10 21:44:02 [INFO] <SHELL-CHANNEL> Received comm_msg message
2020-08-10 21:44:02 [INFO] <KERNEL> Handling comm_msg message
2020-08-10 21:44:02 [INFO] <SHELL-CHANNEL> Received comm_msg message
2020-08-10 21:44:02 [INFO] <KERNEL> Handling comm_msg message
2020-08-10 21:44:02 [INFO] <SHELL-CHANNEL> Received comm_msg message
2020-08-10 21:44:02 [INFO] <KERNEL> Handling comm_msg message
2020-08-10 21:44:02 [INFO] <SHELL-CHANNEL> Received comm_msg message
2020-08-10 21:44:02 [INFO] <KERNEL> Handling comm_msg message
2020-08-10 21:44:02 [INFO] <SHELL-CHANNEL> Received comm_msg message
2020-08-10 21:44:02 [INFO] <KERNEL> Handling comm_msg message
2020-08-10 21:44:02 [INFO] <SHELL-CHANNEL> Received comm_msg message
2020-08-10 21:44:02 [INFO] <KERNEL> Handling comm_msg message
2020-08-10 21:44:09 [INFO] <SHELL-CHANNEL> Received execute_request message
2020-08-10 21:44:09 [INFO] <KERNEL> Handling execute_request message
2020-08-10 21:44:12 [INFO] <SHELL-CHANNEL> Received execute_request message
2020-08-10 21:44:12 [INFO] <KERNEL> Handling execute_request message
2020-08-10 21:44:12 [INFO] <NULL> In add-structure  (loaded self) -> NIL
2020-08-10 21:44:12 [INFO] <NULL> entered %load-data NIL
2020-08-10 21:44:12 [INFO] <NULL> Generating mol2 as string

2020-08-10 21:44:12 [INFO] <NGLWIDGET> entered %remote-call loadFile
2020-08-10 21:44:12 [INFO] <NULL> About to make-remote-call-callback before-loaded
2020-08-10 21:44:12 [INFO] <NULL> About to make-remote-call-callback after-loaded
2020-08-10 21:44:12 [INFO] <NULL> leaving %remote-call loadFile
2020-08-10 21:44:12 [INFO] <NULL> leaving %load-data
2020-08-10 21:44:12 [INFO] <SHELL-CHANNEL> Received comm_close message
2020-08-10 21:44:12 [INFO] <KERNEL> Handling comm_close
2020-08-10 21:44:12 [INFO] <SHELL-CHANNEL> Received comm_msg message
2020-08-10 21:44:12 [INFO] <KERNEL> Handling comm_msg message
2020-08-10 21:44:12 [INFO] <SHELL-CHANNEL> Received comm_msg message
2020-08-10 21:44:12 [INFO] <KERNEL> Handling comm_msg message
2020-08-10 21:44:12 [INFO] <SHELL-CHANNEL> Received comm_msg message
2020-08-10 21:44:12 [INFO] <NGLWIDGET> Handling custom message request_loaded
2020-08-10 21:44:12 [INFO] <NULL> entered on-loaded - firing before-loaded callbacks new -> NIL
2020-08-10 21:44:12 [INFO] <NULL> entered on-loaded - firing before-loaded callbacks new -> T
2020-08-10 21:44:12 [INFO] <NULL> %fire-callbacks entered in process #<PROCESS TOP-LEVEL @0x9d7f911 (Running)>
  callbacks: (("loadFile" "before-loaded"))
2020-08-10 21:44:12 [INFO] <NULL> Done %fire-callbacks
2020-08-10 21:44:12 [INFO] <SHELL-CHANNEL> Received comm_msg message
2020-08-10 21:44:12 [INFO] <KERNEL> Handling comm_msg message
2020-08-10 21:44:12 [INFO] <NGLWIDGET> Handling custom message updateIDs
2020-08-10 21:44:12 [INFO] <SHELL-CHANNEL> Received comm_msg message
2020-08-10 21:44:12 [INFO] <SHELL-CHANNEL> Received comm_msg message
2020-08-10 21:44:12 [INFO] <KERNEL> Handling comm_msg message
2020-08-10 21:44:12 [INFO] <KERNEL> Handling comm_msg message
2020-08-10 21:44:12 [INFO] <NGLWIDGET> Handling custom message async_message
2020-08-10 21:44:12 [INFO] <NGLWIDGET> Setting event
2020-08-10 21:44:12 [INFO] <KERNEL> Handling comm_msg message
2020-08-10 21:44:12 [INFO] <NGLWIDGET> Handling custom message request_repr_dict
2020-08-10 21:44:12 [INFO] <SHELL-CHANNEL> Received comm_msg message
2020-08-10 21:44:12 [INFO] <KERNEL> Handling comm_msg message
2020-08-10 21:44:16 [INFO] <SHELL-CHANNEL> Received comm_msg message
2020-08-10 21:44:16 [INFO] <KERNEL> Handling comm_msg message
2020-08-10 21:44:16 [INFO] <SHELL-CHANNEL> Received comm_msg message
2020-08-10 21:44:16 [INFO] <KERNEL> Handling comm_msg message
2020-08-10 21:44:16 [INFO] <SHELL-CHANNEL> Received comm_msg message
2020-08-10 21:44:16 [INFO] <KERNEL> Handling comm_msg message
2020-08-10 21:44:16 [INFO] <SHELL-CHANNEL> Received comm_msg message
2020-08-10 21:44:16 [INFO] <KERNEL> Handling comm_msg message
2020-08-10 21:44:16 [INFO] <SHELL-CHANNEL> Received comm_msg message
2020-08-10 21:44:16 [INFO] <KERNEL> Handling comm_msg message
2020-08-10 21:44:16 [INFO] <SHELL-CHANNEL> Received comm_msg message
2020-08-10 21:44:16 [INFO] <KERNEL> Handling comm_msg message
2020-08-10 21:44:16 [INFO] <SHELL-CHANNEL> Received comm_msg message
2020-08-10 21:44:16 [INFO] <KERNEL> Handling comm_msg message
2020-08-10 21:44:16 [INFO] <SHELL-CHANNEL> Received comm_msg message
2020-08-10 21:44:16 [INFO] <KERNEL> Handling comm_msg message
2020-08-10 21:44:16 [INFO] <SHELL-CHANNEL> Received comm_msg message
2020-08-10 21:44:16 [INFO] <KERNEL> Handling comm_msg message
2020-08-10 21:44:16 [INFO] <SHELL-CHANNEL> Received comm_msg message
2020-08-10 21:44:16 [INFO] <KERNEL> Handling comm_msg message
2020-08-10 21:44:17 [INFO] <SHELL-CHANNEL> Received comm_msg message
2020-08-10 21:44:17 [INFO] <KERNEL> Handling comm_msg message
2020-08-10 21:44:17 [INFO] <SHELL-CHANNEL> Received comm_msg message
2020-08-10 21:44:17 [INFO] <KERNEL> Handling comm_msg message
2020-08-10 21:44:17 [INFO] <SHELL-CHANNEL> Received comm_msg message
2020-08-10 21:44:17 [INFO] <KERNEL> Handling comm_msg message
2020-08-10 21:44:17 [INFO] <SHELL-CHANNEL> Received comm_msg message
2020-08-10 21:44:17 [INFO] <KERNEL> Handling comm_msg message
2020-08-10 21:44:17 [INFO] <SHELL-CHANNEL> Received comm_msg message
2020-08-10 21:44:17 [INFO] <KERNEL> Handling comm_msg message
2020-08-10 21:44:17 [INFO] <SHELL-CHANNEL> Received comm_msg message
2020-08-10 21:44:17 [INFO] <KERNEL> Handling comm_msg message
2020-08-10 21:44:26 [INFO] <SHELL-CHANNEL> Received execute_request message
2020-08-10 21:44:26 [INFO] <KERNEL> Handling execute_request message
2020-08-10 21:44:30 [INFO] <SHELL-CHANNEL> Received execute_request message
2020-08-10 21:44:30 [INFO] <KERNEL> Handling execute_request message
2020-08-10 21:44:35 [INFO] <SHELL-CHANNEL> Received execute_request message
2020-08-10 21:44:35 [INFO] <KERNEL> Handling execute_request message
2020-08-10 21:44:42 [INFO] <SHELL-CHANNEL> Received execute_request message
2020-08-10 21:44:42 [INFO] <KERNEL> Handling execute_request message
2020-08-10 21:44:47 [INFO] <SHELL-CHANNEL> Received execute_request message
2020-08-10 21:44:47 [INFO] <KERNEL> Handling execute_request message
2020-08-10 21:45:02 [INFO] <SHELL-CHANNEL> Received execute_request message
2020-08-10 21:45:02 [INFO] <KERNEL> Handling execute_request message
2020-08-10 21:45:11 [INFO] <SHELL-CHANNEL> Received execute_request message
2020-08-10 21:45:11 [INFO] <KERNEL> Handling execute_request message
2020-08-10 21:45:34 [INFO] <SHELL-CHANNEL> Received execute_request message
2020-08-10 21:45:34 [INFO] <KERNEL> Handling execute_request message
2020-08-10 21:45:43 [INFO] <SHELL-CHANNEL> Received execute_request message
2020-08-10 21:45:43 [INFO] <KERNEL> Handling execute_request message
2020-08-10 21:46:30 [INFO] <SHELL-CHANNEL> Received complete_request message
2020-08-10 21:46:30 [INFO] <KERNEL> Handling complete_request message
2020-08-10 21:46:34 [INFO] <SHELL-CHANNEL> Received complete_request message
2020-08-10 21:46:34 [INFO] <KERNEL> Handling complete_request message
2020-08-10 21:47:17 [INFO] <SHELL-CHANNEL> Received execute_request message
2020-08-10 21:47:17 [INFO] <KERNEL> Handling execute_request message
2020-08-10 21:48:00 [INFO] <SHELL-CHANNEL> Received execute_request message
2020-08-10 21:48:00 [INFO] <KERNEL> Handling execute_request message
2020-08-10 21:48:26 [INFO] <SHELL-CHANNEL> Received execute_request message
2020-08-10 21:48:26 [INFO] <KERNEL> Handling execute_request message
2020-08-10 21:48:40 [INFO] <SHELL-CHANNEL> Received complete_request message
2020-08-10 21:48:40 [INFO] <KERNEL> Handling complete_request message
2020-08-10 21:48:40 [INFO] <SHELL-CHANNEL> Received complete_request message
2020-08-10 21:48:40 [INFO] <KERNEL> Handling complete_request message
2020-08-10 21:48:42 [INFO] <SHELL-CHANNEL> Received complete_request message
2020-08-10 21:48:42 [INFO] <KERNEL> Handling complete_request message
2020-08-10 21:48:55 [INFO] <SHELL-CHANNEL> Received complete_request message
2020-08-10 21:48:55 [INFO] <KERNEL> Handling complete_request message
2020-08-10 21:49:23 [INFO] <SHELL-CHANNEL> Received complete_request message
2020-08-10 21:49:23 [INFO] <KERNEL> Handling complete_request message
2020-08-10 21:49:29 [INFO] <SHELL-CHANNEL> Received complete_request message
2020-08-10 21:49:29 [INFO] <KERNEL> Handling complete_request message
2020-08-10 21:49:38 [INFO] <SHELL-CHANNEL> Received complete_request message
2020-08-10 21:49:38 [INFO] <KERNEL> Handling complete_request message
2020-08-10 21:49:41 [INFO] <SHELL-CHANNEL> Received complete_request message
2020-08-10 21:49:41 [INFO] <KERNEL> Handling complete_request message
2020-08-10 21:49:41 [INFO] <SHELL-CHANNEL> Received complete_request message
2020-08-10 21:49:41 [INFO] <KERNEL> Handling complete_request message
2020-08-10 21:49:42 [INFO] <SHELL-CHANNEL> Received complete_request message
2020-08-10 21:49:42 [INFO] <KERNEL> Handling complete_request message
2020-08-10 21:49:42 [INFO] <SHELL-CHANNEL> Received complete_request message
2020-08-10 21:49:42 [INFO] <KERNEL> Handling complete_request message
2020-08-10 21:49:42 [INFO] <SHELL-CHANNEL> Received complete_request message
2020-08-10 21:49:42 [INFO] <KERNEL> Handling complete_request message
2020-08-10 21:49:42 [INFO] <SHELL-CHANNEL> Received complete_request message
2020-08-10 21:49:42 [INFO] <KERNEL> Handling complete_request message
2020-08-10 21:49:43 [INFO] <SHELL-CHANNEL> Received complete_request message
2020-08-10 21:49:43 [INFO] <KERNEL> Handling complete_request message
2020-08-10 21:49:43 [INFO] <SHELL-CHANNEL> Received complete_request message
2020-08-10 21:49:43 [INFO] <KERNEL> Handling complete_request message
2020-08-10 21:49:43 [INFO] <SHELL-CHANNEL> Received complete_request message
2020-08-10 21:49:43 [INFO] <KERNEL> Handling complete_request message
2020-08-10 21:49:44 [INFO] <SHELL-CHANNEL> Received complete_request message
2020-08-10 21:49:44 [INFO] <KERNEL> Handling complete_request message
2020-08-10 21:49:44 [INFO] <SHELL-CHANNEL> Received complete_request message
2020-08-10 21:49:44 [INFO] <KERNEL> Handling complete_request message
2020-08-10 21:49:44 [INFO] <SHELL-CHANNEL> Received complete_request message
2020-08-10 21:49:44 [INFO] <KERNEL> Handling complete_request message
2020-08-10 21:49:44 [INFO] <SHELL-CHANNEL> Received complete_request message
2020-08-10 21:49:44 [INFO] <KERNEL> Handling complete_request message
2020-08-10 21:49:45 [INFO] <SHELL-CHANNEL> Received complete_request message
2020-08-10 21:49:45 [INFO] <KERNEL> Handling complete_request message
2020-08-10 21:49:49 [INFO] <SHELL-CHANNEL> Received complete_request message
2020-08-10 21:49:49 [INFO] <KERNEL> Handling complete_request message
2020-08-10 21:49:49 [INFO] <SHELL-CHANNEL> Received complete_request message
2020-08-10 21:49:49 [INFO] <KERNEL> Handling complete_request message
2020-08-10 21:49:49 [INFO] <SHELL-CHANNEL> Received complete_request message
2020-08-10 21:49:49 [INFO] <KERNEL> Handling complete_request message
2020-08-10 21:49:51 [INFO] <SHELL-CHANNEL> Received complete_request message
2020-08-10 21:49:51 [INFO] <KERNEL> Handling complete_request message
2020-08-10 21:49:52 [INFO] <SHELL-CHANNEL> Received complete_request message
2020-08-10 21:49:52 [INFO] <KERNEL> Handling complete_request message
2020-08-10 21:49:52 [INFO] <SHELL-CHANNEL> Received complete_request message
2020-08-10 21:49:52 [INFO] <KERNEL> Handling complete_request message
2020-08-10 21:49:52 [INFO] <SHELL-CHANNEL> Received complete_request message
2020-08-10 21:49:52 [INFO] <KERNEL> Handling complete_request message
2020-08-10 21:49:54 [INFO] <SHELL-CHANNEL> Received complete_request message
2020-08-10 21:49:54 [INFO] <KERNEL> Handling complete_request message
2020-08-10 21:49:54 [INFO] <SHELL-CHANNEL> Received complete_request message
2020-08-10 21:49:54 [INFO] <KERNEL> Handling complete_request message
2020-08-10 21:49:55 [INFO] <SHELL-CHANNEL> Received complete_request message
2020-08-10 21:49:55 [INFO] <KERNEL> Handling complete_request message
2020-08-10 21:49:55 [INFO] <SHELL-CHANNEL> Received complete_request message
2020-08-10 21:49:55 [INFO] <KERNEL> Handling complete_request message
2020-08-10 21:49:56 [INFO] <SHELL-CHANNEL> Received complete_request message
2020-08-10 21:49:56 [INFO] <KERNEL> Handling complete_request message
2020-08-10 21:49:56 [INFO] <SHELL-CHANNEL> Received complete_request message
2020-08-10 21:49:56 [INFO] <KERNEL> Handling complete_request message
2020-08-10 21:49:56 [INFO] <SHELL-CHANNEL> Received complete_request message
2020-08-10 21:49:56 [INFO] <KERNEL> Handling complete_request message
2020-08-10 21:49:57 [INFO] <SHELL-CHANNEL> Received complete_request message
2020-08-10 21:49:57 [INFO] <KERNEL> Handling complete_request message
2020-08-10 21:49:57 [INFO] <SHELL-CHANNEL> Received complete_request message
2020-08-10 21:49:57 [INFO] <KERNEL> Handling complete_request message
2020-08-10 21:49:58 [INFO] <SHELL-CHANNEL> Received complete_request message
2020-08-10 21:49:58 [INFO] <KERNEL> Handling complete_request message
2020-08-10 21:49:59 [INFO] <SHELL-CHANNEL> Received complete_request message
2020-08-10 21:49:59 [INFO] <KERNEL> Handling complete_request message
2020-08-10 21:50:34 [INFO] <SHELL-CHANNEL> Received execute_request message
2020-08-10 21:50:34 [INFO] <KERNEL> Handling execute_request message
2020-08-10 21:50:34 [INFO] <NULL> entered %load-data NIL
2020-08-10 21:50:34 [INFO] <NGLWIDGET> entered %remote-call loadFile
2020-08-10 21:50:34 [INFO] <NULL> About to make-remote-call-callback before-loaded
2020-08-10 21:50:34 [INFO] <NULL> About to make-remote-call-callback after-loaded
2020-08-10 21:50:34 [INFO] <NULL> leaving %remote-call loadFile
2020-08-10 21:50:34 [INFO] <NULL> leaving %load-data
2020-08-10 21:50:34 [INFO] <SHELL-CHANNEL> Received comm_close message
2020-08-10 21:50:34 [INFO] <KERNEL> Handling comm_close
2020-08-10 21:50:34 [INFO] <SHELL-CHANNEL> Received comm_msg message
2020-08-10 21:50:34 [INFO] <KERNEL> Handling comm_msg message
2020-08-10 21:50:34 [INFO] <SHELL-CHANNEL> Received comm_msg message
2020-08-10 21:50:34 [INFO] <SHELL-CHANNEL> Received comm_msg message
2020-08-10 21:50:34 [INFO] <KERNEL> Handling comm_msg message
2020-08-10 21:50:34 [INFO] <NGLWIDGET> Handling custom message request_loaded
2020-08-10 21:50:34 [INFO] <NULL> entered on-loaded - firing before-loaded callbacks new -> NIL
2020-08-10 21:50:34 [INFO] <NULL> entered on-loaded - firing before-loaded callbacks new -> T
2020-08-10 21:50:34 [INFO] <NULL> %fire-callbacks entered in process #<PROCESS TOP-LEVEL @0x9d7f911 (Running)>
  callbacks: (("loadFile" "before-loaded"))
2020-08-10 21:50:35 [INFO] <NULL> Done %fire-callbacks
2020-08-10 21:50:35 [INFO] <SHELL-CHANNEL> Received comm_msg message
2020-08-10 21:50:35 [INFO] <KERNEL> Handling comm_msg message
2020-08-10 21:50:35 [INFO] <NGLWIDGET> Handling custom message updateIDs
2020-08-10 21:50:35 [INFO] <SHELL-CHANNEL> Received comm_msg message
2020-08-10 21:50:35 [INFO] <KERNEL> Handling comm_msg message
2020-08-10 21:50:35 [INFO] <SHELL-CHANNEL> Received comm_msg message
2020-08-10 21:50:35 [INFO] <KERNEL> Handling comm_msg message
2020-08-10 21:50:35 [INFO] <NGLWIDGET> Handling custom message async_message
2020-08-10 21:50:35 [INFO] <NGLWIDGET> Setting event
2020-08-10 21:50:35 [INFO] <KERNEL> Handling comm_msg message
2020-08-10 21:50:35 [INFO] <NGLWIDGET> Handling custom message request_repr_dict
2020-08-10 21:50:35 [INFO] <SHELL-CHANNEL> Received comm_msg message
2020-08-10 21:50:35 [INFO] <KERNEL> Handling comm_msg message
2020-08-10 21:50:38 [INFO] <SHELL-CHANNEL> Received comm_msg message
2020-08-10 21:50:38 [INFO] <KERNEL> Handling comm_msg message
2020-08-10 21:50:38 [INFO] <SHELL-CHANNEL> Received comm_msg message
2020-08-10 21:50:38 [INFO] <KERNEL> Handling comm_msg message
2020-08-10 21:50:38 [INFO] <SHELL-CHANNEL> Received comm_msg message
2020-08-10 21:50:38 [INFO] <KERNEL> Handling comm_msg message
2020-08-10 21:50:38 [INFO] <SHELL-CHANNEL> Received comm_msg message
2020-08-10 21:50:38 [INFO] <KERNEL> Handling comm_msg message
2020-08-10 21:50:38 [INFO] <SHELL-CHANNEL> Received comm_msg message
2020-08-10 21:50:38 [INFO] <KERNEL> Handling comm_msg message
2020-08-10 21:50:38 [INFO] <SHELL-CHANNEL> Received comm_msg message
2020-08-10 21:50:38 [INFO] <KERNEL> Handling comm_msg message
2020-08-10 21:50:38 [INFO] <SHELL-CHANNEL> Received comm_msg message
2020-08-10 21:50:38 [INFO] <KERNEL> Handling comm_msg message
2020-08-10 21:50:39 [INFO] <SHELL-CHANNEL> Received comm_msg message
2020-08-10 21:50:39 [INFO] <KERNEL> Handling comm_msg message
2020-08-10 21:50:39 [INFO] <SHELL-CHANNEL> Received comm_msg message
2020-08-10 21:50:39 [INFO] <KERNEL> Handling comm_msg message
2020-08-10 21:50:39 [INFO] <SHELL-CHANNEL> Received comm_msg message
2020-08-10 21:50:39 [INFO] <KERNEL> Handling comm_msg message
2020-08-10 21:50:39 [INFO] <SHELL-CHANNEL> Received comm_msg message
2020-08-10 21:50:39 [INFO] <KERNEL> Handling comm_msg message
2020-08-10 21:50:39 [INFO] <SHELL-CHANNEL> Received comm_msg message
2020-08-10 21:50:39 [INFO] <KERNEL> Handling comm_msg message
2020-08-10 21:50:39 [INFO] <SHELL-CHANNEL> Received comm_msg message
2020-08-10 21:50:39 [INFO] <KERNEL> Handling comm_msg message
2020-08-10 21:50:39 [INFO] <SHELL-CHANNEL> Received comm_msg message
2020-08-10 21:50:39 [INFO] <KERNEL> Handling comm_msg message
2020-08-10 21:50:39 [INFO] <SHELL-CHANNEL> Received comm_msg message
2020-08-10 21:50:39 [INFO] <KERNEL> Handling comm_msg message
2020-08-10 21:50:39 [INFO] <SHELL-CHANNEL> Received comm_msg message
2020-08-10 21:50:39 [INFO] <KERNEL> Handling comm_msg message
2020-08-10 21:50:39 [INFO] <SHELL-CHANNEL> Received comm_msg message
2020-08-10 21:50:39 [INFO] <KERNEL> Handling comm_msg message
2020-08-10 21:50:39 [INFO] <SHELL-CHANNEL> Received comm_msg message
2020-08-10 21:50:39 [INFO] <KERNEL> Handling comm_msg message
2020-08-10 21:50:39 [INFO] <SHELL-CHANNEL> Received comm_msg message
2020-08-10 21:50:39 [INFO] <KERNEL> Handling comm_msg message
2020-08-10 21:50:39 [INFO] <SHELL-CHANNEL> Received comm_msg message
2020-08-10 21:50:39 [INFO] <KERNEL> Handling comm_msg message
2020-08-10 21:50:39 [INFO] <SHELL-CHANNEL> Received comm_msg message
2020-08-10 21:50:39 [INFO] <KERNEL> Handling comm_msg message
2020-08-10 21:50:39 [INFO] <SHELL-CHANNEL> Received comm_msg message
2020-08-10 21:50:39 [INFO] <KERNEL> Handling comm_msg message
2020-08-10 21:50:40 [INFO] <SHELL-CHANNEL> Received comm_msg message
2020-08-10 21:50:40 [INFO] <KERNEL> Handling comm_msg message
2020-08-10 21:50:40 [INFO] <SHELL-CHANNEL> Received comm_msg message
2020-08-10 21:50:40 [INFO] <KERNEL> Handling comm_msg message
2020-08-10 21:50:40 [INFO] <SHELL-CHANNEL> Received comm_msg message
2020-08-10 21:50:40 [INFO] <KERNEL> Handling comm_msg message
2020-08-10 21:50:40 [INFO] <SHELL-CHANNEL> Received comm_msg message
2020-08-10 21:50:40 [INFO] <KERNEL> Handling comm_msg message
2020-08-10 21:50:41 [INFO] <SHELL-CHANNEL> Received comm_msg message
2020-08-10 21:50:41 [INFO] <KERNEL> Handling comm_msg message
2020-08-10 21:50:41 [INFO] <SHELL-CHANNEL> Received comm_msg message
2020-08-10 21:50:41 [INFO] <KERNEL> Handling comm_msg message
2020-08-10 21:50:41 [INFO] <SHELL-CHANNEL> Received comm_msg message
2020-08-10 21:50:41 [INFO] <KERNEL> Handling comm_msg message
2020-08-10 21:50:41 [INFO] <SHELL-CHANNEL> Received comm_msg message
2020-08-10 21:50:41 [INFO] <KERNEL> Handling comm_msg message
2020-08-10 21:50:41 [INFO] <SHELL-CHANNEL> Received comm_msg message
2020-08-10 21:50:41 [INFO] <KERNEL> Handling comm_msg message
2020-08-10 21:50:41 [INFO] <SHELL-CHANNEL> Received comm_msg message
2020-08-10 21:50:41 [INFO] <KERNEL> Handling comm_msg message
2020-08-10 21:50:41 [INFO] <SHELL-CHANNEL> Received comm_msg message
2020-08-10 21:50:41 [INFO] <KERNEL> Handling comm_msg message
2020-08-10 21:50:41 [INFO] <SHELL-CHANNEL> Received comm_msg message
2020-08-10 21:50:41 [INFO] <KERNEL> Handling comm_msg message
2020-08-10 21:50:44 [INFO] <SHELL-CHANNEL> Received comm_msg message
2020-08-10 21:50:44 [INFO] <SHELL-CHANNEL> Received comm_msg message
2020-08-10 21:50:44 [INFO] <KERNEL> Handling comm_msg message
2020-08-10 21:50:44 [INFO] <KERNEL> Handling comm_msg message
2020-08-10 21:50:44 [INFO] <NULL> In nglview set-coordinates
2020-08-10 21:50:44 [INFO] <SHELL-CHANNEL> Received comm_msg message
2020-08-10 21:50:44 [INFO] <SHELL-CHANNEL> Received comm_msg message
2020-08-10 21:50:44 [INFO] <KERNEL> Handling comm_msg message
2020-08-10 21:50:44 [INFO] <KERNEL> Handling comm_msg message
2020-08-10 21:50:44 [INFO] <NULL> In nglview set-coordinates
2020-08-10 21:50:44 [INFO] <SHELL-CHANNEL> Received comm_msg message
2020-08-10 21:50:44 [INFO] <SHELL-CHANNEL> Received comm_msg message
2020-08-10 21:50:44 [INFO] <KERNEL> Handling comm_msg message
2020-08-10 21:50:44 [INFO] <KERNEL> Handling comm_msg message
2020-08-10 21:50:44 [INFO] <NULL> In nglview set-coordinates
2020-08-10 21:50:44 [INFO] <SHELL-CHANNEL> Received comm_msg message
2020-08-10 21:50:44 [INFO] <SHELL-CHANNEL> Received comm_msg message
2020-08-10 21:50:44 [INFO] <KERNEL> Handling comm_msg message
2020-08-10 21:50:44 [INFO] <KERNEL> Handling comm_msg message
2020-08-10 21:50:44 [INFO] <NULL> In nglview set-coordinates
2020-08-10 21:50:44 [INFO] <SHELL-CHANNEL> Received comm_msg message
2020-08-10 21:50:44 [INFO] <KERNEL> Handling comm_msg message
2020-08-10 21:50:44 [INFO] <SHELL-CHANNEL> Received comm_msg message
2020-08-10 21:50:44 [INFO] <KERNEL> Handling comm_msg message
2020-08-10 21:50:44 [INFO] <NULL> In nglview set-coordinates
2020-08-10 21:50:44 [INFO] <SHELL-CHANNEL> Received comm_msg message
2020-08-10 21:50:44 [INFO] <SHELL-CHANNEL> Received comm_msg message
2020-08-10 21:50:44 [INFO] <KERNEL> Handling comm_msg message
2020-08-10 21:50:44 [INFO] <KERNEL> Handling comm_msg message
2020-08-10 21:50:44 [INFO] <NULL> In nglview set-coordinates
2020-08-10 21:50:44 [INFO] <SHELL-CHANNEL> Received comm_msg message
2020-08-10 21:50:44 [INFO] <KERNEL> Handling comm_msg message
2020-08-10 21:50:44 [INFO] <SHELL-CHANNEL> Received comm_msg message
2020-08-10 21:50:44 [INFO] <KERNEL> Handling comm_msg message
2020-08-10 21:50:45 [INFO] <NULL> In nglview set-coordinates
2020-08-10 21:50:45 [INFO] <SHELL-CHANNEL> Received comm_msg message
2020-08-10 21:50:45 [INFO] <KERNEL> Handling comm_msg message
2020-08-10 21:50:45 [INFO] <SHELL-CHANNEL> Received comm_msg message
2020-08-10 21:50:45 [INFO] <KERNEL> Handling comm_msg message
2020-08-10 21:50:45 [INFO] <NULL> In nglview set-coordinates
2020-08-10 21:50:45 [INFO] <SHELL-CHANNEL> Received comm_msg message
2020-08-10 21:50:45 [INFO] <SHELL-CHANNEL> Received comm_msg message
2020-08-10 21:50:45 [INFO] <KERNEL> Handling comm_msg message
2020-08-10 21:50:45 [INFO] <KERNEL> Handling comm_msg message
2020-08-10 21:50:45 [INFO] <NULL> In nglview set-coordinates
2020-08-10 21:50:45 [INFO] <SHELL-CHANNEL> Received comm_msg message
2020-08-10 21:50:45 [INFO] <SHELL-CHANNEL> Received comm_msg message
2020-08-10 21:50:45 [INFO] <KERNEL> Handling comm_msg message
2020-08-10 21:50:45 [INFO] <KERNEL> Handling comm_msg message
2020-08-10 21:50:45 [INFO] <NULL> In nglview set-coordinates
2020-08-10 21:50:45 [INFO] <SHELL-CHANNEL> Received comm_msg message
2020-08-10 21:50:45 [INFO] <SHELL-CHANNEL> Received comm_msg message
2020-08-10 21:50:45 [INFO] <KERNEL> Handling comm_msg message
2020-08-10 21:50:45 [INFO] <KERNEL> Handling comm_msg message
2020-08-10 21:50:45 [INFO] <NULL> In nglview set-coordinates
2020-08-10 21:50:45 [INFO] <SHELL-CHANNEL> Received comm_msg message
2020-08-10 21:50:45 [INFO] <SHELL-CHANNEL> Received comm_msg message
2020-08-10 21:50:45 [INFO] <KERNEL> Handling comm_msg message
2020-08-10 21:50:45 [INFO] <KERNEL> Handling comm_msg message
2020-08-10 21:50:45 [INFO] <NULL> In nglview set-coordinates
2020-08-10 21:50:45 [INFO] <SHELL-CHANNEL> Received comm_msg message
2020-08-10 21:50:45 [INFO] <SHELL-CHANNEL> Received comm_msg message
2020-08-10 21:50:45 [INFO] <KERNEL> Handling comm_msg message
2020-08-10 21:50:45 [INFO] <KERNEL> Handling comm_msg message
2020-08-10 21:50:45 [INFO] <NULL> In nglview set-coordinates
2020-08-10 21:50:45 [INFO] <SHELL-CHANNEL> Received comm_msg message
2020-08-10 21:50:45 [INFO] <SHELL-CHANNEL> Received comm_msg message
2020-08-10 21:50:45 [INFO] <KERNEL> Handling comm_msg message
2020-08-10 21:50:45 [INFO] <KERNEL> Handling comm_msg message
2020-08-10 21:50:45 [INFO] <NULL> In nglview set-coordinates
2020-08-10 21:50:45 [INFO] <SHELL-CHANNEL> Received comm_msg message
2020-08-10 21:50:45 [INFO] <SHELL-CHANNEL> Received comm_msg message
2020-08-10 21:50:45 [INFO] <KERNEL> Handling comm_msg message
2020-08-10 21:50:45 [INFO] <KERNEL> Handling comm_msg message
2020-08-10 21:50:45 [INFO] <NULL> In nglview set-coordinates
2020-08-10 21:50:45 [INFO] <SHELL-CHANNEL> Received comm_msg message
2020-08-10 21:50:45 [INFO] <SHELL-CHANNEL> Received comm_msg message
2020-08-10 21:50:45 [INFO] <KERNEL> Handling comm_msg message
2020-08-10 21:50:45 [INFO] <KERNEL> Handling comm_msg message
2020-08-10 21:50:45 [INFO] <NULL> In nglview set-coordinates
2020-08-10 21:50:45 [INFO] <SHELL-CHANNEL> Received comm_msg message
2020-08-10 21:50:45 [INFO] <KERNEL> Handling comm_msg message
2020-08-10 21:50:45 [INFO] <SHELL-CHANNEL> Received comm_msg message
2020-08-10 21:50:45 [INFO] <KERNEL> Handling comm_msg message
2020-08-10 21:50:46 [INFO] <NULL> In nglview set-coordinates
2020-08-10 21:50:46 [INFO] <SHELL-CHANNEL> Received comm_msg message
2020-08-10 21:50:46 [INFO] <SHELL-CHANNEL> Received comm_msg message
2020-08-10 21:50:46 [INFO] <KERNEL> Handling comm_msg message
2020-08-10 21:50:46 [INFO] <KERNEL> Handling comm_msg message
2020-08-10 21:50:46 [INFO] <NULL> In nglview set-coordinates
2020-08-10 21:50:46 [INFO] <SHELL-CHANNEL> Received comm_msg message
2020-08-10 21:50:46 [INFO] <SHELL-CHANNEL> Received comm_msg message
2020-08-10 21:50:46 [INFO] <KERNEL> Handling comm_msg message
2020-08-10 21:50:46 [INFO] <KERNEL> Handling comm_msg message
2020-08-10 21:50:46 [INFO] <NULL> In nglview set-coordinates
2020-08-10 21:50:46 [INFO] <SHELL-CHANNEL> Received comm_msg message
2020-08-10 21:50:46 [INFO] <SHELL-CHANNEL> Received comm_msg message
2020-08-10 21:50:46 [INFO] <KERNEL> Handling comm_msg message
2020-08-10 21:50:46 [INFO] <KERNEL> Handling comm_msg message
2020-08-10 21:50:46 [INFO] <NULL> In nglview set-coordinates
2020-08-10 21:50:46 [INFO] <SHELL-CHANNEL> Received comm_msg message
2020-08-10 21:50:46 [INFO] <SHELL-CHANNEL> Received comm_msg message
2020-08-10 21:50:46 [INFO] <KERNEL> Handling comm_msg message
2020-08-10 21:50:46 [INFO] <KERNEL> Handling comm_msg message
2020-08-10 21:50:46 [INFO] <NULL> In nglview set-coordinates
2020-08-10 21:50:46 [INFO] <SHELL-CHANNEL> Received comm_msg message
2020-08-10 21:50:46 [INFO] <SHELL-CHANNEL> Received comm_msg message
2020-08-10 21:50:46 [INFO] <KERNEL> Handling comm_msg message
2020-08-10 21:50:46 [INFO] <KERNEL> Handling comm_msg message
2020-08-10 21:50:46 [INFO] <NULL> In nglview set-coordinates
2020-08-10 21:50:46 [INFO] <SHELL-CHANNEL> Received comm_msg message
2020-08-10 21:50:46 [INFO] <KERNEL> Handling comm_msg message
2020-08-10 21:50:46 [INFO] <SHELL-CHANNEL> Received comm_msg message
2020-08-10 21:50:46 [INFO] <KERNEL> Handling comm_msg message
2020-08-10 21:50:46 [INFO] <NULL> In nglview set-coordinates
2020-08-10 21:50:46 [INFO] <SHELL-CHANNEL> Received comm_msg message
2020-08-10 21:50:46 [INFO] <SHELL-CHANNEL> Received comm_msg message
2020-08-10 21:50:46 [INFO] <KERNEL> Handling comm_msg message
2020-08-10 21:50:46 [INFO] <KERNEL> Handling comm_msg message
2020-08-10 21:50:46 [INFO] <NULL> In nglview set-coordinates
2020-08-10 21:50:46 [INFO] <SHELL-CHANNEL> Received comm_msg message
2020-08-10 21:50:46 [INFO] <SHELL-CHANNEL> Received comm_msg message
2020-08-10 21:50:46 [INFO] <KERNEL> Handling comm_msg message
2020-08-10 21:50:46 [INFO] <KERNEL> Handling comm_msg message
2020-08-10 21:50:46 [INFO] <NULL> In nglview set-coordinates
2020-08-10 21:50:46 [INFO] <SHELL-CHANNEL> Received comm_msg message
2020-08-10 21:50:46 [INFO] <SHELL-CHANNEL> Received comm_msg message
2020-08-10 21:50:46 [INFO] <KERNEL> Handling comm_msg message
2020-08-10 21:50:46 [INFO] <KERNEL> Handling comm_msg message
2020-08-10 21:50:46 [INFO] <NULL> In nglview set-coordinates
2020-08-10 21:50:46 [INFO] <SHELL-CHANNEL> Received comm_msg message
2020-08-10 21:50:46 [INFO] <SHELL-CHANNEL> Received comm_msg message
2020-08-10 21:50:46 [INFO] <KERNEL> Handling comm_msg message
2020-08-10 21:50:47 [INFO] <KERNEL> Handling comm_msg message
2020-08-10 21:50:47 [INFO] <NULL> In nglview set-coordinates
2020-08-10 21:50:47 [INFO] <SHELL-CHANNEL> Received comm_msg message
2020-08-10 21:50:47 [INFO] <SHELL-CHANNEL> Received comm_msg message
2020-08-10 21:50:47 [INFO] <KERNEL> Handling comm_msg message
2020-08-10 21:50:47 [INFO] <KERNEL> Handling comm_msg message
2020-08-10 21:50:47 [INFO] <NULL> In nglview set-coordinates
2020-08-10 21:50:47 [INFO] <SHELL-CHANNEL> Received comm_msg message
2020-08-10 21:50:47 [INFO] <SHELL-CHANNEL> Received comm_msg message
2020-08-10 21:50:47 [INFO] <KERNEL> Handling comm_msg message
2020-08-10 21:50:47 [INFO] <KERNEL> Handling comm_msg message
2020-08-10 21:50:47 [INFO] <NULL> In nglview set-coordinates
2020-08-10 21:50:47 [INFO] <SHELL-CHANNEL> Received comm_msg message
2020-08-10 21:50:47 [INFO] <SHELL-CHANNEL> Received comm_msg message
2020-08-10 21:50:47 [INFO] <KERNEL> Handling comm_msg message
2020-08-10 21:50:47 [INFO] <KERNEL> Handling comm_msg message
2020-08-10 21:50:47 [INFO] <NULL> In nglview set-coordinates
2020-08-10 21:50:47 [INFO] <SHELL-CHANNEL> Received comm_msg message
2020-08-10 21:50:47 [INFO] <SHELL-CHANNEL> Received comm_msg message
2020-08-10 21:50:47 [INFO] <KERNEL> Handling comm_msg message
2020-08-10 21:50:47 [INFO] <KERNEL> Handling comm_msg message
2020-08-10 21:50:47 [INFO] <NULL> In nglview set-coordinates
2020-08-10 21:50:47 [INFO] <SHELL-CHANNEL> Received comm_msg message
2020-08-10 21:50:47 [INFO] <SHELL-CHANNEL> Received comm_msg message
2020-08-10 21:50:47 [INFO] <KERNEL> Handling comm_msg message
2020-08-10 21:50:47 [INFO] <KERNEL> Handling comm_msg message
2020-08-10 21:50:47 [INFO] <NULL> In nglview set-coordinates
2020-08-10 21:50:47 [INFO] <SHELL-CHANNEL> Received comm_msg message
2020-08-10 21:50:47 [INFO] <SHELL-CHANNEL> Received comm_msg message
2020-08-10 21:50:47 [INFO] <KERNEL> Handling comm_msg message
2020-08-10 21:50:47 [INFO] <KERNEL> Handling comm_msg message
2020-08-10 21:50:47 [INFO] <NULL> In nglview set-coordinates
2020-08-10 21:50:47 [INFO] <SHELL-CHANNEL> Received comm_msg message
2020-08-10 21:50:47 [INFO] <SHELL-CHANNEL> Received comm_msg message
2020-08-10 21:50:47 [INFO] <KERNEL> Handling comm_msg message
2020-08-10 21:50:47 [INFO] <KERNEL> Handling comm_msg message
2020-08-10 21:50:47 [INFO] <NULL> In nglview set-coordinates
2020-08-10 21:50:47 [INFO] <SHELL-CHANNEL> Received comm_msg message
2020-08-10 21:50:47 [INFO] <SHELL-CHANNEL> Received comm_msg message
2020-08-10 21:50:47 [INFO] <KERNEL> Handling comm_msg message
2020-08-10 21:50:47 [INFO] <KERNEL> Handling comm_msg message
2020-08-10 21:50:47 [INFO] <NULL> In nglview set-coordinates
2020-08-10 21:50:48 [INFO] <SHELL-CHANNEL> Received comm_msg message
2020-08-10 21:50:48 [INFO] <KERNEL> Handling comm_msg message
2020-08-10 21:50:48 [INFO] <SHELL-CHANNEL> Received comm_msg message
2020-08-10 21:50:48 [INFO] <KERNEL> Handling comm_msg message
2020-08-10 21:50:48 [INFO] <SHELL-CHANNEL> Received comm_msg message
2020-08-10 21:50:48 [INFO] <NULL> In nglview set-coordinates
2020-08-10 21:50:48 [INFO] <KERNEL> Handling comm_msg message
2020-08-10 21:50:48 [INFO] <SHELL-CHANNEL> Received comm_msg message
2020-08-10 21:50:48 [INFO] <KERNEL> Handling comm_msg message
2020-08-10 21:50:48 [INFO] <NULL> In nglview set-coordinates
2020-08-10 21:50:48 [INFO] <SHELL-CHANNEL> Received comm_msg message
2020-08-10 21:50:48 [INFO] <KERNEL> Handling comm_msg message
2020-08-10 21:50:48 [INFO] <SHELL-CHANNEL> Received comm_msg message
2020-08-10 21:50:48 [INFO] <KERNEL> Handling comm_msg message
2020-08-10 21:50:48 [INFO] <NULL> In nglview set-coordinates
2020-08-10 21:50:48 [INFO] <SHELL-CHANNEL> Received comm_msg message
2020-08-10 21:50:48 [INFO] <KERNEL> Handling comm_msg message
2020-08-10 21:50:48 [INFO] <SHELL-CHANNEL> Received comm_msg message
2020-08-10 21:50:48 [INFO] <KERNEL> Handling comm_msg message
2020-08-10 21:50:48 [INFO] <NULL> In nglview set-coordinates
2020-08-10 21:50:48 [INFO] <SHELL-CHANNEL> Received comm_msg message
2020-08-10 21:50:48 [INFO] <SHELL-CHANNEL> Received comm_msg message
2020-08-10 21:50:48 [INFO] <KERNEL> Handling comm_msg message
2020-08-10 21:50:48 [INFO] <KERNEL> Handling comm_msg message
2020-08-10 21:50:48 [INFO] <NULL> In nglview set-coordinates
2020-08-10 21:50:48 [INFO] <SHELL-CHANNEL> Received comm_msg message
2020-08-10 21:50:48 [INFO] <SHELL-CHANNEL> Received comm_msg message
2020-08-10 21:50:48 [INFO] <KERNEL> Handling comm_msg message
2020-08-10 21:50:48 [INFO] <KERNEL> Handling comm_msg message
2020-08-10 21:50:48 [INFO] <NULL> In nglview set-coordinates
2020-08-10 21:50:48 [INFO] <SHELL-CHANNEL> Received comm_msg message
2020-08-10 21:50:48 [INFO] <KERNEL> Handling comm_msg message
2020-08-10 21:50:48 [INFO] <SHELL-CHANNEL> Received comm_msg message
2020-08-10 21:50:48 [INFO] <KERNEL> Handling comm_msg message
2020-08-10 21:50:48 [INFO] <NULL> In nglview set-coordinates
2020-08-10 21:50:48 [INFO] <SHELL-CHANNEL> Received comm_msg message
2020-08-10 21:50:48 [INFO] <SHELL-CHANNEL> Received comm_msg message
2020-08-10 21:50:48 [INFO] <KERNEL> Handling comm_msg message
2020-08-10 21:50:48 [INFO] <KERNEL> Handling comm_msg message
2020-08-10 21:50:48 [INFO] <NULL> In nglview set-coordinates
2020-08-10 21:50:48 [INFO] <SHELL-CHANNEL> Received comm_msg message
2020-08-10 21:50:48 [INFO] <SHELL-CHANNEL> Received comm_msg message
2020-08-10 21:50:48 [INFO] <KERNEL> Handling comm_msg message
2020-08-10 21:50:48 [INFO] <KERNEL> Handling comm_msg message
2020-08-10 21:50:48 [INFO] <NULL> In nglview set-coordinates
2020-08-10 21:50:48 [INFO] <SHELL-CHANNEL> Received comm_msg message
2020-08-10 21:50:48 [INFO] <KERNEL> Handling comm_msg message
2020-08-10 21:50:48 [INFO] <SHELL-CHANNEL> Received comm_msg message
2020-08-10 21:50:48 [INFO] <KERNEL> Handling comm_msg message
2020-08-10 21:50:49 [INFO] <NULL> In nglview set-coordinates
2020-08-10 21:50:49 [INFO] <SHELL-CHANNEL> Received comm_msg message
2020-08-10 21:50:49 [INFO] <SHELL-CHANNEL> Received comm_msg message
2020-08-10 21:50:49 [INFO] <KERNEL> Handling comm_msg message
2020-08-10 21:50:49 [INFO] <KERNEL> Handling comm_msg message
2020-08-10 21:50:49 [INFO] <NULL> In nglview set-coordinates
2020-08-10 21:50:49 [INFO] <SHELL-CHANNEL> Received comm_msg message
2020-08-10 21:50:49 [INFO] <KERNEL> Handling comm_msg message
2020-08-10 21:50:49 [INFO] <SHELL-CHANNEL> Received comm_msg message
2020-08-10 21:50:49 [INFO] <KERNEL> Handling comm_msg message
2020-08-10 21:50:49 [INFO] <NULL> In nglview set-coordinates
2020-08-10 21:50:49 [INFO] <SHELL-CHANNEL> Received comm_msg message
2020-08-10 21:50:49 [INFO] <SHELL-CHANNEL> Received comm_msg message
2020-08-10 21:50:49 [INFO] <KERNEL> Handling comm_msg message
2020-08-10 21:50:49 [INFO] <KERNEL> Handling comm_msg message
2020-08-10 21:50:49 [INFO] <NULL> In nglview set-coordinates
2020-08-10 21:50:49 [INFO] <SHELL-CHANNEL> Received comm_msg message
2020-08-10 21:50:49 [INFO] <SHELL-CHANNEL> Received comm_msg message
2020-08-10 21:50:49 [INFO] <KERNEL> Handling comm_msg message
2020-08-10 21:50:49 [INFO] <KERNEL> Handling comm_msg message
2020-08-10 21:50:49 [INFO] <NULL> In nglview set-coordinates
2020-08-10 21:50:49 [INFO] <SHELL-CHANNEL> Received comm_msg message
2020-08-10 21:50:49 [INFO] <SHELL-CHANNEL> Received comm_msg message
2020-08-10 21:50:49 [INFO] <KERNEL> Handling comm_msg message
2020-08-10 21:50:49 [INFO] <KERNEL> Handling comm_msg message
2020-08-10 21:50:49 [INFO] <NULL> In nglview set-coordinates
2020-08-10 21:50:49 [INFO] <SHELL-CHANNEL> Received comm_msg message
2020-08-10 21:50:49 [INFO] <KERNEL> Handling comm_msg message
2020-08-10 21:50:49 [INFO] <SHELL-CHANNEL> Received comm_msg message
2020-08-10 21:50:49 [INFO] <KERNEL> Handling comm_msg message
2020-08-10 21:50:49 [INFO] <NULL> In nglview set-coordinates
2020-08-10 21:50:49 [INFO] <SHELL-CHANNEL> Received comm_msg message
2020-08-10 21:50:49 [INFO] <SHELL-CHANNEL> Received comm_msg message
2020-08-10 21:50:49 [INFO] <KERNEL> Handling comm_msg message
2020-08-10 21:50:49 [INFO] <KERNEL> Handling comm_msg message
2020-08-10 21:50:49 [INFO] <NULL> In nglview set-coordinates
2020-08-10 21:50:49 [INFO] <SHELL-CHANNEL> Received comm_msg message
2020-08-10 21:50:49 [INFO] <SHELL-CHANNEL> Received comm_msg message
2020-08-10 21:50:49 [INFO] <KERNEL> Handling comm_msg message
2020-08-10 21:50:49 [INFO] <KERNEL> Handling comm_msg message
2020-08-10 21:50:49 [INFO] <NULL> In nglview set-coordinates
2020-08-10 21:50:49 [INFO] <SHELL-CHANNEL> Received comm_msg message
2020-08-10 21:50:49 [INFO] <SHELL-CHANNEL> Received comm_msg message
2020-08-10 21:50:49 [INFO] <KERNEL> Handling comm_msg message
2020-08-10 21:50:49 [INFO] <KERNEL> Handling comm_msg message
2020-08-10 21:50:49 [INFO] <NULL> In nglview set-coordinates
2020-08-10 21:50:49 [INFO] <SHELL-CHANNEL> Received comm_msg message
2020-08-10 21:50:49 [INFO] <SHELL-CHANNEL> Received comm_msg message
2020-08-10 21:50:49 [INFO] <KERNEL> Handling comm_msg message
2020-08-10 21:50:50 [INFO] <KERNEL> Handling comm_msg message
2020-08-10 21:50:50 [INFO] <NULL> In nglview set-coordinates
2020-08-10 21:50:50 [INFO] <SHELL-CHANNEL> Received comm_msg message
2020-08-10 21:50:50 [INFO] <SHELL-CHANNEL> Received comm_msg message
2020-08-10 21:50:50 [INFO] <KERNEL> Handling comm_msg message
2020-08-10 21:50:50 [INFO] <KERNEL> Handling comm_msg message
2020-08-10 21:50:50 [INFO] <NULL> In nglview set-coordinates
2020-08-10 21:50:50 [INFO] <SHELL-CHANNEL> Received comm_msg message
2020-08-10 21:50:50 [INFO] <SHELL-CHANNEL> Received comm_msg message
2020-08-10 21:50:50 [INFO] <KERNEL> Handling comm_msg message
2020-08-10 21:50:50 [INFO] <KERNEL> Handling comm_msg message
2020-08-10 21:50:50 [INFO] <NULL> In nglview set-coordinates
2020-08-10 21:50:50 [INFO] <SHELL-CHANNEL> Received comm_msg message
2020-08-10 21:50:50 [INFO] <SHELL-CHANNEL> Received comm_msg message
2020-08-10 21:50:50 [INFO] <KERNEL> Handling comm_msg message
2020-08-10 21:50:50 [INFO] <KERNEL> Handling comm_msg message
2020-08-10 21:50:50 [INFO] <NULL> In nglview set-coordinates
2020-08-10 21:50:50 [INFO] <SHELL-CHANNEL> Received comm_msg message
2020-08-10 21:50:50 [INFO] <SHELL-CHANNEL> Received comm_msg message
2020-08-10 21:50:50 [INFO] <KERNEL> Handling comm_msg message
2020-08-10 21:50:50 [INFO] <KERNEL> Handling comm_msg message
2020-08-10 21:50:50 [INFO] <NULL> In nglview set-coordinates
2020-08-10 21:50:50 [INFO] <SHELL-CHANNEL> Received comm_msg message
2020-08-10 21:50:50 [INFO] <SHELL-CHANNEL> Received comm_msg message
2020-08-10 21:50:50 [INFO] <KERNEL> Handling comm_msg message
2020-08-10 21:50:50 [INFO] <KERNEL> Handling comm_msg message
2020-08-10 21:50:50 [INFO] <NULL> In nglview set-coordinates
2020-08-10 21:50:50 [INFO] <SHELL-CHANNEL> Received comm_msg message
2020-08-10 21:50:50 [INFO] <SHELL-CHANNEL> Received comm_msg message
2020-08-10 21:50:50 [INFO] <KERNEL> Handling comm_msg message
2020-08-10 21:50:50 [INFO] <KERNEL> Handling comm_msg message
2020-08-10 21:50:50 [INFO] <NULL> In nglview set-coordinates
2020-08-10 21:50:50 [INFO] <SHELL-CHANNEL> Received comm_msg message
2020-08-10 21:50:50 [INFO] <SHELL-CHANNEL> Received comm_msg message
2020-08-10 21:50:50 [INFO] <KERNEL> Handling comm_msg message
2020-08-10 21:50:50 [INFO] <KERNEL> Handling comm_msg message
2020-08-10 21:50:50 [INFO] <NULL> In nglview set-coordinates
2020-08-10 21:50:50 [INFO] <SHELL-CHANNEL> Received comm_msg message
2020-08-10 21:50:50 [INFO] <SHELL-CHANNEL> Received comm_msg message
2020-08-10 21:50:50 [INFO] <KERNEL> Handling comm_msg message
2020-08-10 21:50:50 [INFO] <KERNEL> Handling comm_msg message
2020-08-10 21:50:50 [INFO] <NULL> In nglview set-coordinates
2020-08-10 21:50:50 [INFO] <SHELL-CHANNEL> Received comm_msg message
2020-08-10 21:50:50 [INFO] <SHELL-CHANNEL> Received comm_msg message
2020-08-10 21:50:50 [INFO] <KERNEL> Handling comm_msg message
2020-08-10 21:50:50 [INFO] <KERNEL> Handling comm_msg message
2020-08-10 21:50:50 [INFO] <NULL> In nglview set-coordinates
2020-08-10 21:50:51 [INFO] <SHELL-CHANNEL> Received comm_msg message
2020-08-10 21:50:51 [INFO] <SHELL-CHANNEL> Received comm_msg message
2020-08-10 21:50:51 [INFO] <KERNEL> Handling comm_msg message
2020-08-10 21:50:51 [INFO] <KERNEL> Handling comm_msg message
2020-08-10 21:50:51 [INFO] <NULL> In nglview set-coordinates
2020-08-10 21:50:51 [INFO] <SHELL-CHANNEL> Received comm_msg message
2020-08-10 21:50:51 [INFO] <SHELL-CHANNEL> Received comm_msg message
2020-08-10 21:50:51 [INFO] <KERNEL> Handling comm_msg message
2020-08-10 21:50:51 [INFO] <KERNEL> Handling comm_msg message
2020-08-10 21:50:51 [INFO] <NULL> In nglview set-coordinates
2020-08-10 21:50:51 [INFO] <SHELL-CHANNEL> Received comm_msg message
2020-08-10 21:50:51 [INFO] <SHELL-CHANNEL> Received comm_msg message
2020-08-10 21:50:51 [INFO] <KERNEL> Handling comm_msg message
2020-08-10 21:50:51 [INFO] <KERNEL> Handling comm_msg message
2020-08-10 21:50:51 [INFO] <NULL> In nglview set-coordinates
2020-08-10 21:50:51 [INFO] <SHELL-CHANNEL> Received comm_msg message
2020-08-10 21:50:51 [INFO] <SHELL-CHANNEL> Received comm_msg message
2020-08-10 21:50:51 [INFO] <KERNEL> Handling comm_msg message
2020-08-10 21:50:51 [INFO] <KERNEL> Handling comm_msg message
2020-08-10 21:50:51 [INFO] <NULL> In nglview set-coordinates
2020-08-10 21:50:51 [INFO] <SHELL-CHANNEL> Received comm_msg message
2020-08-10 21:50:51 [INFO] <SHELL-CHANNEL> Received comm_msg message
2020-08-10 21:50:51 [INFO] <KERNEL> Handling comm_msg message
2020-08-10 21:50:51 [INFO] <KERNEL> Handling comm_msg message
2020-08-10 21:50:51 [INFO] <NULL> In nglview set-coordinates
2020-08-10 21:50:51 [INFO] <SHELL-CHANNEL> Received comm_msg message
2020-08-10 21:50:51 [INFO] <SHELL-CHANNEL> Received comm_msg message
2020-08-10 21:50:51 [INFO] <KERNEL> Handling comm_msg message
2020-08-10 21:50:51 [INFO] <KERNEL> Handling comm_msg message
2020-08-10 21:50:51 [INFO] <NULL> In nglview set-coordinates
2020-08-10 21:50:51 [INFO] <SHELL-CHANNEL> Received comm_msg message
2020-08-10 21:50:51 [INFO] <SHELL-CHANNEL> Received comm_msg message
2020-08-10 21:50:51 [INFO] <KERNEL> Handling comm_msg message
2020-08-10 21:50:51 [INFO] <KERNEL> Handling comm_msg message
2020-08-10 21:50:51 [INFO] <NULL> In nglview set-coordinates
2020-08-10 21:50:51 [INFO] <SHELL-CHANNEL> Received comm_msg message
2020-08-10 21:50:51 [INFO] <SHELL-CHANNEL> Received comm_msg message
2020-08-10 21:50:51 [INFO] <KERNEL> Handling comm_msg message
2020-08-10 21:50:51 [INFO] <KERNEL> Handling comm_msg message
2020-08-10 21:50:51 [INFO] <NULL> In nglview set-coordinates
2020-08-10 21:50:51 [INFO] <SHELL-CHANNEL> Received comm_msg message
2020-08-10 21:50:51 [INFO] <SHELL-CHANNEL> Received comm_msg message
2020-08-10 21:50:51 [INFO] <KERNEL> Handling comm_msg message
2020-08-10 21:50:51 [INFO] <KERNEL> Handling comm_msg message
2020-08-10 21:50:51 [INFO] <NULL> In nglview set-coordinates
2020-08-10 21:50:51 [INFO] <SHELL-CHANNEL> Received comm_msg message
2020-08-10 21:50:51 [INFO] <SHELL-CHANNEL> Received comm_msg message
2020-08-10 21:50:51 [INFO] <KERNEL> Handling comm_msg message
2020-08-10 21:50:51 [INFO] <KERNEL> Handling comm_msg message
2020-08-10 21:50:51 [INFO] <NULL> In nglview set-coordinates
2020-08-10 21:50:52 [INFO] <SHELL-CHANNEL> Received comm_msg message
2020-08-10 21:50:52 [INFO] <SHELL-CHANNEL> Received comm_msg message
2020-08-10 21:50:52 [INFO] <KERNEL> Handling comm_msg message
2020-08-10 21:50:52 [INFO] <KERNEL> Handling comm_msg message
2020-08-10 21:50:52 [INFO] <NULL> In nglview set-coordinates
2020-08-10 21:50:52 [INFO] <SHELL-CHANNEL> Received comm_msg message
2020-08-10 21:50:52 [INFO] <SHELL-CHANNEL> Received comm_msg message
2020-08-10 21:50:52 [INFO] <KERNEL> Handling comm_msg message
2020-08-10 21:50:52 [INFO] <KERNEL> Handling comm_msg message
2020-08-10 21:50:52 [INFO] <NULL> In nglview set-coordinates
2020-08-10 21:50:52 [INFO] <SHELL-CHANNEL> Received comm_msg message
2020-08-10 21:50:52 [INFO] <SHELL-CHANNEL> Received comm_msg message
2020-08-10 21:50:52 [INFO] <KERNEL> Handling comm_msg message
2020-08-10 21:50:52 [INFO] <KERNEL> Handling comm_msg message
2020-08-10 21:50:52 [INFO] <NULL> In nglview set-coordinates
2020-08-10 21:50:52 [INFO] <SHELL-CHANNEL> Received comm_msg message
2020-08-10 21:50:52 [INFO] <SHELL-CHANNEL> Received comm_msg message
2020-08-10 21:50:52 [INFO] <KERNEL> Handling comm_msg message
2020-08-10 21:50:52 [INFO] <KERNEL> Handling comm_msg message
2020-08-10 21:50:52 [INFO] <NULL> In nglview set-coordinates
2020-08-10 21:50:52 [INFO] <SHELL-CHANNEL> Received comm_msg message
2020-08-10 21:50:52 [INFO] <SHELL-CHANNEL> Received comm_msg message
2020-08-10 21:50:52 [INFO] <KERNEL> Handling comm_msg message
2020-08-10 21:50:52 [INFO] <KERNEL> Handling comm_msg message
2020-08-10 21:50:52 [INFO] <NULL> In nglview set-coordinates
2020-08-10 21:50:52 [INFO] <SHELL-CHANNEL> Received comm_msg message
2020-08-10 21:50:52 [INFO] <SHELL-CHANNEL> Received comm_msg message
2020-08-10 21:50:52 [INFO] <KERNEL> Handling comm_msg message
2020-08-10 21:50:52 [INFO] <KERNEL> Handling comm_msg message
2020-08-10 21:50:52 [INFO] <NULL> In nglview set-coordinates
2020-08-10 21:50:52 [INFO] <SHELL-CHANNEL> Received comm_msg message
2020-08-10 21:50:52 [INFO] <KERNEL> Handling comm_msg message
2020-08-10 21:50:52 [INFO] <SHELL-CHANNEL> Received comm_msg message
2020-08-10 21:50:52 [INFO] <KERNEL> Handling comm_msg message
2020-08-10 21:50:52 [INFO] <NULL> In nglview set-coordinates
2020-08-10 21:50:52 [INFO] <SHELL-CHANNEL> Received comm_msg message
2020-08-10 21:50:52 [INFO] <SHELL-CHANNEL> Received comm_msg message
2020-08-10 21:50:52 [INFO] <KERNEL> Handling comm_msg message
2020-08-10 21:50:52 [INFO] <KERNEL> Handling comm_msg message
2020-08-10 21:50:52 [INFO] <NULL> In nglview set-coordinates
2020-08-10 21:50:52 [INFO] <SHELL-CHANNEL> Received comm_msg message
2020-08-10 21:50:52 [INFO] <SHELL-CHANNEL> Received comm_msg message
2020-08-10 21:50:52 [INFO] <KERNEL> Handling comm_msg message
2020-08-10 21:50:52 [INFO] <KERNEL> Handling comm_msg message
2020-08-10 21:50:52 [INFO] <NULL> In nglview set-coordinates
2020-08-10 21:50:52 [INFO] <SHELL-CHANNEL> Received comm_msg message
2020-08-10 21:50:52 [INFO] <SHELL-CHANNEL> Received comm_msg message
2020-08-10 21:50:52 [INFO] <KERNEL> Handling comm_msg message
2020-08-10 21:50:53 [INFO] <KERNEL> Handling comm_msg message
2020-08-10 21:50:53 [INFO] <NULL> In nglview set-coordinates
2020-08-10 21:50:53 [INFO] <SHELL-CHANNEL> Received comm_msg message
2020-08-10 21:50:53 [INFO] <SHELL-CHANNEL> Received comm_msg message
2020-08-10 21:50:53 [INFO] <KERNEL> Handling comm_msg message
2020-08-10 21:50:53 [INFO] <KERNEL> Handling comm_msg message
2020-08-10 21:50:53 [INFO] <NULL> In nglview set-coordinates
2020-08-10 21:50:53 [INFO] <SHELL-CHANNEL> Received comm_msg message
2020-08-10 21:50:53 [INFO] <KERNEL> Handling comm_msg message
2020-08-10 21:50:53 [INFO] <SHELL-CHANNEL> Received comm_msg message
2020-08-10 21:50:53 [INFO] <KERNEL> Handling comm_msg message
2020-08-10 21:50:53 [INFO] <NULL> In nglview set-coordinates
2020-08-10 21:50:53 [INFO] <SHELL-CHANNEL> Received comm_msg message
2020-08-10 21:50:53 [INFO] <KERNEL> Handling comm_msg message
2020-08-10 21:50:53 [INFO] <SHELL-CHANNEL> Received comm_msg message
2020-08-10 21:50:53 [INFO] <SHELL-CHANNEL> Received comm_msg message
2020-08-10 21:50:53 [INFO] <KERNEL> Handling comm_msg message
2020-08-10 21:50:53 [INFO] <NULL> In nglview set-coordinates
2020-08-10 21:50:53 [INFO] <KERNEL> Handling comm_msg message
2020-08-10 21:50:53 [INFO] <SHELL-CHANNEL> Received comm_msg message
2020-08-10 21:50:53 [INFO] <KERNEL> Handling comm_msg message
2020-08-10 21:50:53 [INFO] <SHELL-CHANNEL> Received comm_msg message
2020-08-10 21:50:53 [INFO] <NULL> In nglview set-coordinates
2020-08-10 21:50:53 [INFO] <KERNEL> Handling comm_msg message
2020-08-10 21:50:53 [INFO] <SHELL-CHANNEL> Received comm_msg message
2020-08-10 21:50:53 [INFO] <KERNEL> Handling comm_msg message
2020-08-10 21:50:53 [INFO] <SHELL-CHANNEL> Received comm_msg message
2020-08-10 21:50:53 [INFO] <NULL> In nglview set-coordinates
2020-08-10 21:50:53 [INFO] <KERNEL> Handling comm_msg message
2020-08-10 21:50:53 [INFO] <SHELL-CHANNEL> Received comm_msg message
2020-08-10 21:50:53 [INFO] <KERNEL> Handling comm_msg message
2020-08-10 21:50:53 [INFO] <SHELL-CHANNEL> Received comm_msg message
2020-08-10 21:50:53 [INFO] <KERNEL> Handling comm_msg message
2020-08-10 21:50:53 [INFO] <NULL> In nglview set-coordinates
2020-08-10 21:50:53 [INFO] <SHELL-CHANNEL> Received comm_msg message
2020-08-10 21:50:53 [INFO] <SHELL-CHANNEL> Received comm_msg message
2020-08-10 21:50:53 [INFO] <KERNEL> Handling comm_msg message
2020-08-10 21:50:53 [INFO] <KERNEL> Handling comm_msg message
2020-08-10 21:50:53 [INFO] <NULL> In nglview set-coordinates
2020-08-10 21:50:53 [INFO] <SHELL-CHANNEL> Received comm_msg message
2020-08-10 21:50:53 [INFO] <SHELL-CHANNEL> Received comm_msg message
2020-08-10 21:50:53 [INFO] <KERNEL> Handling comm_msg message
2020-08-10 21:50:53 [INFO] <KERNEL> Handling comm_msg message
2020-08-10 21:50:53 [INFO] <NULL> In nglview set-coordinates
2020-08-10 21:50:54 [INFO] <SHELL-CHANNEL> Received comm_msg message
2020-08-10 21:50:54 [INFO] <SHELL-CHANNEL> Received comm_msg message
2020-08-10 21:50:54 [INFO] <KERNEL> Handling comm_msg message
2020-08-10 21:50:54 [INFO] <KERNEL> Handling comm_msg message
2020-08-10 21:50:54 [INFO] <NULL> In nglview set-coordinates
2020-08-10 21:50:54 [INFO] <SHELL-CHANNEL> Received comm_msg message
2020-08-10 21:50:54 [INFO] <SHELL-CHANNEL> Received comm_msg message
2020-08-10 21:50:54 [INFO] <KERNEL> Handling comm_msg message
2020-08-10 21:50:54 [INFO] <KERNEL> Handling comm_msg message
2020-08-10 21:50:54 [INFO] <NULL> In nglview set-coordinates
2020-08-10 21:50:54 [INFO] <SHELL-CHANNEL> Received comm_msg message
2020-08-10 21:50:54 [INFO] <SHELL-CHANNEL> Received comm_msg message
2020-08-10 21:50:54 [INFO] <KERNEL> Handling comm_msg message
2020-08-10 21:50:54 [INFO] <KERNEL> Handling comm_msg message
2020-08-10 21:50:54 [INFO] <NULL> In nglview set-coordinates
2020-08-10 21:50:54 [INFO] <SHELL-CHANNEL> Received comm_msg message
2020-08-10 21:50:54 [INFO] <SHELL-CHANNEL> Received comm_msg message
2020-08-10 21:50:54 [INFO] <KERNEL> Handling comm_msg message
2020-08-10 21:50:54 [INFO] <KERNEL> Handling comm_msg message
2020-08-10 21:50:54 [INFO] <NULL> In nglview set-coordinates
2020-08-10 21:50:54 [INFO] <SHELL-CHANNEL> Received comm_msg message
2020-08-10 21:50:54 [INFO] <SHELL-CHANNEL> Received comm_msg message
2020-08-10 21:50:54 [INFO] <KERNEL> Handling comm_msg message
2020-08-10 21:50:54 [INFO] <KERNEL> Handling comm_msg message
2020-08-10 21:50:54 [INFO] <NULL> In nglview set-coordinates
2020-08-10 21:50:54 [INFO] <SHELL-CHANNEL> Received comm_msg message
2020-08-10 21:50:54 [INFO] <SHELL-CHANNEL> Received comm_msg message
2020-08-10 21:50:54 [INFO] <KERNEL> Handling comm_msg message
2020-08-10 21:50:54 [INFO] <KERNEL> Handling comm_msg message
2020-08-10 21:50:54 [INFO] <NULL> In nglview set-coordinates
2020-08-10 21:50:54 [INFO] <SHELL-CHANNEL> Received comm_msg message
2020-08-10 21:50:54 [INFO] <SHELL-CHANNEL> Received comm_msg message
2020-08-10 21:50:54 [INFO] <KERNEL> Handling comm_msg message
2020-08-10 21:50:54 [INFO] <KERNEL> Handling comm_msg message
2020-08-10 21:50:54 [INFO] <SHELL-CHANNEL> Received comm_msg message
2020-08-10 21:50:54 [INFO] <NULL> In nglview set-coordinates
2020-08-10 21:50:54 [INFO] <KERNEL> Handling comm_msg message
2020-08-10 21:50:54 [INFO] <SHELL-CHANNEL> Received comm_msg message
2020-08-10 21:50:54 [INFO] <KERNEL> Handling comm_msg message
2020-08-10 21:50:54 [INFO] <SHELL-CHANNEL> Received comm_msg message
2020-08-10 21:50:54 [INFO] <NULL> In nglview set-coordinates
2020-08-10 21:50:54 [INFO] <KERNEL> Handling comm_msg message
2020-08-10 21:50:54 [INFO] <SHELL-CHANNEL> Received comm_msg message
2020-08-10 21:50:54 [INFO] <KERNEL> Handling comm_msg message
2020-08-10 21:50:54 [INFO] <SHELL-CHANNEL> Received comm_msg message
2020-08-10 21:50:54 [INFO] <NULL> In nglview set-coordinates
2020-08-10 21:50:54 [INFO] <KERNEL> Handling comm_msg message
2020-08-10 21:50:54 [INFO] <SHELL-CHANNEL> Received comm_msg message
2020-08-10 21:50:54 [INFO] <KERNEL> Handling comm_msg message
2020-08-10 21:50:54 [INFO] <SHELL-CHANNEL> Received comm_msg message
2020-08-10 21:50:54 [INFO] <NULL> In nglview set-coordinates
2020-08-10 21:50:54 [INFO] <KERNEL> Handling comm_msg message
2020-08-10 21:50:55 [INFO] <SHELL-CHANNEL> Received comm_msg message
2020-08-10 21:50:55 [INFO] <SHELL-CHANNEL> Received comm_msg message
2020-08-10 21:50:55 [INFO] <KERNEL> Handling comm_msg message
2020-08-10 21:50:55 [INFO] <NULL> In nglview set-coordinates
2020-08-10 21:50:55 [INFO] <KERNEL> Handling comm_msg message
2020-08-10 21:50:55 [INFO] <SHELL-CHANNEL> Received comm_msg message
2020-08-10 21:50:55 [INFO] <KERNEL> Handling comm_msg message
2020-08-10 21:50:55 [INFO] <SHELL-CHANNEL> Received comm_msg message
2020-08-10 21:50:55 [INFO] <NULL> In nglview set-coordinates
2020-08-10 21:50:55 [INFO] <KERNEL> Handling comm_msg message
2020-08-10 21:50:55 [INFO] <SHELL-CHANNEL> Received comm_msg message
2020-08-10 21:50:55 [INFO] <KERNEL> Handling comm_msg message
2020-08-10 21:50:55 [INFO] <NULL> In nglview set-coordinates
2020-08-10 21:50:55 [INFO] <SHELL-CHANNEL> Received comm_msg message
2020-08-10 21:50:55 [INFO] <KERNEL> Handling comm_msg message
2020-08-10 21:50:55 [INFO] <SHELL-CHANNEL> Received comm_msg message
2020-08-10 21:50:55 [INFO] <KERNEL> Handling comm_msg message
2020-08-10 21:50:55 [INFO] <SHELL-CHANNEL> Received comm_msg message
2020-08-10 21:50:55 [INFO] <NULL> In nglview set-coordinates
2020-08-10 21:50:55 [INFO] <KERNEL> Handling comm_msg message
2020-08-10 21:50:55 [INFO] <SHELL-CHANNEL> Received comm_msg message
2020-08-10 21:50:55 [INFO] <KERNEL> Handling comm_msg message
2020-08-10 21:50:55 [INFO] <SHELL-CHANNEL> Received comm_msg message
2020-08-10 21:50:55 [INFO] <NULL> In nglview set-coordinates
2020-08-10 21:50:55 [INFO] <KERNEL> Handling comm_msg message
2020-08-10 21:50:55 [INFO] <SHELL-CHANNEL> Received comm_msg message
2020-08-10 21:50:55 [INFO] <KERNEL> Handling comm_msg message
2020-08-10 21:50:55 [INFO] <SHELL-CHANNEL> Received comm_msg message
2020-08-10 21:50:55 [INFO] <NULL> In nglview set-coordinates
2020-08-10 21:50:55 [INFO] <KERNEL> Handling comm_msg message
2020-08-10 21:50:55 [INFO] <SHELL-CHANNEL> Received comm_msg message
2020-08-10 21:50:55 [INFO] <KERNEL> Handling comm_msg message
2020-08-10 21:52:02 [INFO] <SHELL-CHANNEL> Received complete_request message
2020-08-10 21:52:02 [INFO] <KERNEL> Handling complete_request message
2020-08-10 21:53:14 [INFO] <SHELL-CHANNEL> Received execute_request message
2020-08-10 21:53:14 [INFO] <KERNEL> Handling execute_request message
2020-08-10 21:54:09 [INFO] <SHELL-CHANNEL> Received execute_request message
2020-08-10 21:54:09 [INFO] <KERNEL> Handling execute_request message
2020-08-10 21:54:23 [INFO] <SHELL-CHANNEL> Received execute_request message
2020-08-10 21:54:23 [INFO] <KERNEL> Handling execute_request message
2020-08-10 21:57:09 [INFO] <SHELL-CHANNEL> Received inspect_request message
2020-08-10 21:57:09 [INFO] <KERNEL> Handling inspect_request message
2020-08-10 21:59:58 [INFO] <SHELL-CHANNEL> Received complete_request message
2020-08-10 21:59:58 [INFO] <KERNEL> Handling complete_request message
2020-08-10 22:00:07 [INFO] <SHELL-CHANNEL> Received complete_request message
2020-08-10 22:00:07 [INFO] <KERNEL> Handling complete_request message
2020-08-10 22:01:49 [INFO] <SHELL-CHANNEL> Received execute_request message
2020-08-10 22:01:49 [INFO] <KERNEL> Handling execute_request message
2020-08-10 22:02:07 [INFO] <SHELL-CHANNEL> Received execute_request message
2020-08-10 22:02:07 [INFO] <KERNEL> Handling execute_request message
2020-08-10 22:02:17 [INFO] <SHELL-CHANNEL> Received execute_request message
2020-08-10 22:02:17 [INFO] <KERNEL> Handling execute_request message
2020-08-10 22:03:25 [INFO] <SHELL-CHANNEL> Received complete_request message
2020-08-10 22:03:25 [INFO] <KERNEL> Handling complete_request message
2020-08-10 22:03:26 [INFO] <SHELL-CHANNEL> Received complete_request message
2020-08-10 22:03:26 [INFO] <KERNEL> Handling complete_request message
2020-08-10 22:03:27 [INFO] <SHELL-CHANNEL> Received complete_request message
2020-08-10 22:03:27 [INFO] <KERNEL> Handling complete_request message
2020-08-10 22:03:31 [INFO] <SHELL-CHANNEL> Received complete_request message
2020-08-10 22:03:31 [INFO] <KERNEL> Handling complete_request message
2020-08-10 22:03:32 [INFO] <SHELL-CHANNEL> Received complete_request message
2020-08-10 22:03:32 [INFO] <KERNEL> Handling complete_request message
2020-08-10 22:03:32 [INFO] <SHELL-CHANNEL> Received complete_request message
2020-08-10 22:03:32 [INFO] <KERNEL> Handling complete_request message
2020-08-10 22:03:33 [INFO] <SHELL-CHANNEL> Received complete_request message
2020-08-10 22:03:33 [INFO] <KERNEL> Handling complete_request message
2020-08-10 22:03:33 [INFO] <SHELL-CHANNEL> Received complete_request message
2020-08-10 22:03:33 [INFO] <KERNEL> Handling complete_request message
2020-08-10 22:03:33 [INFO] <SHELL-CHANNEL> Received complete_request message
2020-08-10 22:03:33 [INFO] <KERNEL> Handling complete_request message
2020-08-10 22:03:34 [INFO] <SHELL-CHANNEL> Received complete_request message
2020-08-10 22:03:34 [INFO] <KERNEL> Handling complete_request message
2020-08-10 22:03:34 [INFO] <SHELL-CHANNEL> Received complete_request message
2020-08-10 22:03:34 [INFO] <KERNEL> Handling complete_request message
2020-08-10 22:03:38 [INFO] <SHELL-CHANNEL> Received complete_request message
2020-08-10 22:03:38 [INFO] <KERNEL> Handling complete_request message
2020-08-10 22:03:55 [INFO] <SHELL-CHANNEL> Received execute_request message
2020-08-10 22:03:55 [INFO] <KERNEL> Handling execute_request message
2020-08-10 22:04:49 [INFO] <CONTROL-CHANNEL> Received shutdown_request message
2020-08-10 22:04:49 [INFO] <KERNEL> Handling shutdown_request message
2020-08-10 22:04:49 [INFO] <KERNEL> Stopping common-lisp kernel
2020-08-10 22:04:49 [INFO] <HB-CHANNEL> Stopping thread
2020-08-10 22:04:49 [INFO] <HB-CHANNEL> Stopping channel
2020-08-10 22:04:49 [INFO] <IOPUB-CHANNEL> Stopping channel
2020-08-10 22:04:49 [INFO] <SHELL-CHANNEL> Stopping thread
2020-08-10 22:04:49 [INFO] <SHELL-CHANNEL> Stopping channel
2020-08-10 22:04:49 [INFO] <STDIN-CHANNEL> Stopping channel
2020-08-10 22:04:49 [INFO] <CONTROL-CHANNEL> Stopping thread
2020-08-10 22:04:49 [INFO] <CONTROL-CHANNEL> Stopping channel
2020-08-10 22:04:49 [INFO] <MAC> Stopping message authentification
2020-08-10 22:04:49 [INFO] <HISTORY> Stopping history
