2020-08-18 17:42:55 [INFO] <KERNEL> Starting common-lisp kernel
2020-08-18 17:42:55 [INFO] <KERNEL> Parsing connection file /Users/yonkunas/Library/Jupyter/runtime/kernel-882e065c-8305-431b-8183-aacc3d04a55e.json
2020-08-18 17:42:55 [INFO] <KERNEL> (OBJ (shell_port . 60067)
                                     (iopub_port . 60068) (stdin_port . 60069)
                                     (control_port . 60071) (hb_port . 60070)
                                     (ip . 127.0.0.1)
                                     (key . 14662163-8399060bd7cae2504cbef9a0)
                                     (transport . tcp)
                                     (signature_scheme . hmac-sha256)
                                     (kernel_name . cando))
2020-08-18 17:42:55 [INFO] <MAC> Starting message authentification
2020-08-18 17:42:55 [INFO] <MAC> Using signature scheme hmac-sha256 for message signing.
2020-08-18 17:42:55 [INFO] <HB-CHANNEL> Starting channel on tcp://127.0.0.1:60070
2020-08-18 17:42:55 [INFO] <IOPUB-CHANNEL> Starting channel on tcp://127.0.0.1:60068
2020-08-18 17:42:55 [INFO] <SHELL-CHANNEL> Starting channel on tcp://127.0.0.1:60067
2020-08-18 17:42:55 [INFO] <STDIN-CHANNEL> Starting channel on tcp://127.0.0.1:60069
2020-08-18 17:42:55 [INFO] <HB-CHANNEL> Starting thread
2020-08-18 17:42:55 [INFO] <CONTROL-CHANNEL> Starting channel on tcp://127.0.0.1:60071
2020-08-18 17:42:55 [INFO] <HISTORY> Starting history
2020-08-18 17:42:55 [INFO] <KERNEL> Setting amber host pathname translation -> /opt/amber/
2020-08-18 17:42:55 [INFO] <KERNEL> Waiting for control message
2020-08-18 17:42:55 [INFO] <KERNEL> Loading CLHS map
2020-08-18 17:42:55 [INFO] <KERNEL> Handling kernel_info_request message
2020-08-18 17:42:55 [INFO] <KERNEL> Handling kernel_info_request message
2020-08-18 17:42:55 [INFO] <KERNEL> Handling kernel_info_request message
2020-08-18 17:42:55 [INFO] <KERNEL> Handling comm_info_request message
2020-08-18 17:43:09 [INFO] <KERNEL> Handling execute_request message
2020-08-18 17:43:15 [INFO] <KERNEL> Handling execute_request message
2020-08-18 17:43:15 [INFO] <NULL> Setting up the *remote-call-thread-queue* and *remote-call-thread*
2020-08-18 17:43:16 [INFO] <KERNEL> Handling comm_close
2020-08-18 17:43:16 [INFO] <KERNEL> Handling comm_close
2020-08-18 17:43:16 [INFO] <KERNEL> Handling comm_msg message
2020-08-18 17:43:16 [INFO] <KERNEL> Handling comm_msg message
2020-08-18 17:43:16 [INFO] <KERNEL> Handling comm_close
2020-08-18 17:43:16 [INFO] <KERNEL> Handling comm_close
2020-08-18 17:43:16 [INFO] <KERNEL> Handling comm_close
2020-08-18 17:43:16 [INFO] <KERNEL> Handling comm_close
2020-08-18 17:43:16 [INFO] <KERNEL> Handling comm_close
2020-08-18 17:43:37 [INFO] <KERNEL> Handling shutdown_request message
2020-08-18 17:43:37 [INFO] <KERNEL> Stopping common-lisp kernel
2020-08-18 17:43:37 [INFO] <HB-CHANNEL> Stopping thread
2020-08-18 17:43:37 [INFO] <HB-CHANNEL> Stopping channel
2020-08-18 17:43:37 [INFO] <IOPUB-CHANNEL> Stopping channel
2020-08-18 17:43:37 [INFO] <SHELL-CHANNEL> Stopping channel
2020-08-18 17:43:37 [INFO] <STDIN-CHANNEL> Stopping channel
2020-08-18 17:43:37 [INFO] <CONTROL-CHANNEL> Stopping channel
2020-08-18 17:43:37 [INFO] <MAC> Stopping message authentification
2020-08-18 17:43:37 [INFO] <HISTORY> Stopping history
