2020-08-18 13:26:50 [INFO] <KERNEL> Starting common-lisp kernel
2020-08-18 13:26:50 [INFO] <KERNEL> Parsing connection file /Users/yonkunas/Library/Jupyter/runtime/kernel-6c4e4bec-21b6-4cac-b7dd-a4a446702d14.json
2020-08-18 13:26:50 [INFO] <KERNEL> (OBJ (shell_port . 65130)
                                     (iopub_port . 65131) (stdin_port . 65132)
                                     (control_port . 65134) (hb_port . 65133)
                                     (ip . 127.0.0.1)
                                     (key . 82f41df5-3c9d64227d31fe41d329280f)
                                     (transport . tcp)
                                     (signature_scheme . hmac-sha256)
                                     (kernel_name . cando))
2020-08-18 13:26:50 [INFO] <MAC> Starting message authentification
2020-08-18 13:26:50 [INFO] <MAC> Using signature scheme hmac-sha256 for message signing.
2020-08-18 13:26:50 [INFO] <HB-CHANNEL> Starting channel on tcp://127.0.0.1:65133
2020-08-18 13:26:50 [INFO] <IOPUB-CHANNEL> Starting channel on tcp://127.0.0.1:65131
2020-08-18 13:26:50 [INFO] <SHELL-CHANNEL> Starting channel on tcp://127.0.0.1:65130
2020-08-18 13:26:50 [INFO] <HB-CHANNEL> Starting thread
2020-08-18 13:26:50 [INFO] <STDIN-CHANNEL> Starting channel on tcp://127.0.0.1:65132
2020-08-18 13:26:50 [INFO] <CONTROL-CHANNEL> Starting channel on tcp://127.0.0.1:65134
2020-08-18 13:26:50 [INFO] <HISTORY> Starting history
2020-08-18 13:26:50 [INFO] <KERNEL> Setting amber host pathname translation -> /opt/amber/
2020-08-18 13:26:50 [INFO] <KERNEL> Waiting for control message
2020-08-18 13:26:50 [INFO] <KERNEL> Loading CLHS map
2020-08-18 13:26:50 [INFO] <KERNEL> Handling kernel_info_request message
2020-08-18 13:26:50 [INFO] <KERNEL> Handling kernel_info_request message
2020-08-18 13:26:50 [INFO] <KERNEL> Handling kernel_info_request message
2020-08-18 13:26:50 [INFO] <KERNEL> Handling comm_info_request message
2020-08-18 13:26:59 [INFO] <KERNEL> Handling execute_request message
2020-08-18 13:27:06 [INFO] <KERNEL> Handling execute_request message
2020-08-18 13:27:06 [INFO] <NULL> Setting up the *remote-call-thread-queue* and *remote-call-thread*
2020-08-18 13:27:06 [INFO] <KERNEL> Handling comm_close
2020-08-18 13:27:06 [INFO] <KERNEL> Handling comm_close
2020-08-18 13:27:06 [INFO] <KERNEL> Handling comm_msg message
2020-08-18 13:27:06 [INFO] <KERNEL> Handling comm_msg message
2020-08-18 13:27:06 [INFO] <KERNEL> Handling comm_close
2020-08-18 13:27:06 [INFO] <KERNEL> Handling comm_close
2020-08-18 13:27:06 [INFO] <KERNEL> Handling comm_close
2020-08-18 13:27:06 [INFO] <KERNEL> Handling comm_close
2020-08-18 13:27:06 [INFO] <KERNEL> Handling comm_close
2020-08-18 13:28:46 [INFO] <KERNEL> Handling shutdown_request message
2020-08-18 13:28:46 [INFO] <KERNEL> Stopping common-lisp kernel
2020-08-18 13:28:46 [INFO] <HB-CHANNEL> Stopping thread
2020-08-18 13:28:46 [INFO] <HB-CHANNEL> Stopping channel
2020-08-18 13:28:46 [INFO] <IOPUB-CHANNEL> Stopping channel
2020-08-18 13:28:46 [INFO] <SHELL-CHANNEL> Stopping channel
2020-08-18 13:28:46 [INFO] <STDIN-CHANNEL> Stopping channel
2020-08-18 13:28:46 [INFO] <CONTROL-CHANNEL> Stopping channel
2020-08-18 13:28:46 [INFO] <MAC> Stopping message authentification
2020-08-18 13:28:46 [INFO] <HISTORY> Stopping history
