2020-08-19 21:06:27 [INFO] <KERNEL> Starting common-lisp kernel
2020-08-19 21:06:27 [INFO] <KERNEL> Parsing connection file /Users/yonkunas/Library/Jupyter/runtime/kernel-91413d9a-c169-4814-a8c7-bcda159c358d.json
2020-08-19 21:06:27 [INFO] <KERNEL> (OBJ (shell_port . 53376)
                                     (iopub_port . 53377) (stdin_port . 53378)
                                     (control_port . 53380) (hb_port . 53379)
                                     (ip . 127.0.0.1)
                                     (key . c118d530-a8b81032d49616b7549f8e38)
                                     (transport . tcp)
                                     (signature_scheme . hmac-sha256)
                                     (kernel_name . cando))
2020-08-19 21:06:27 [INFO] <MAC> Starting message authentification
2020-08-19 21:06:27 [INFO] <MAC> Using signature scheme hmac-sha256 for message signing.
2020-08-19 21:06:27 [INFO] <HB-CHANNEL> Starting channel on tcp://127.0.0.1:53379
2020-08-19 21:06:27 [INFO] <IOPUB-CHANNEL> Starting channel on tcp://127.0.0.1:53377
2020-08-19 21:06:27 [INFO] <SHELL-CHANNEL> Starting channel on tcp://127.0.0.1:53376
2020-08-19 21:06:27 [INFO] <STDIN-CHANNEL> Starting channel on tcp://127.0.0.1:53378
2020-08-19 21:06:27 [INFO] <HB-CHANNEL> Starting thread
2020-08-19 21:06:27 [INFO] <CONTROL-CHANNEL> Starting channel on tcp://127.0.0.1:53380
2020-08-19 21:06:27 [INFO] <HISTORY> Starting history
2020-08-19 21:06:27 [INFO] <KERNEL> Setting amber host pathname translation -> /opt/amber/
2020-08-19 21:06:27 [INFO] <KERNEL> Waiting for control message
2020-08-19 21:06:27 [INFO] <KERNEL> Loading CLHS map
2020-08-19 21:06:28 [INFO] <KERNEL> Handling kernel_info_request message
2020-08-19 21:06:28 [INFO] <KERNEL> Handling kernel_info_request message
2020-08-19 21:06:28 [INFO] <KERNEL> Handling comm_info_request message
2020-08-19 21:26:01 [INFO] <KERNEL> Handling shutdown_request message
2020-08-19 21:26:01 [INFO] <KERNEL> Stopping common-lisp kernel
2020-08-19 21:26:01 [INFO] <HB-CHANNEL> Stopping thread
2020-08-19 21:26:01 [INFO] <HB-CHANNEL> Stopping channel
2020-08-19 21:26:01 [INFO] <IOPUB-CHANNEL> Stopping channel
2020-08-19 21:26:01 [INFO] <SHELL-CHANNEL> Stopping channel
2020-08-19 21:26:01 [INFO] <STDIN-CHANNEL> Stopping channel
2020-08-19 21:26:01 [INFO] <CONTROL-CHANNEL> Stopping channel
2020-08-19 21:26:01 [INFO] <MAC> Stopping message authentification
2020-08-19 21:26:01 [INFO] <HISTORY> Stopping history
