2020-08-19 21:49:05 [INFO] <KERNEL> Starting common-lisp kernel
2020-08-19 21:49:05 [INFO] <KERNEL> Parsing connection file /Users/yonkunas/Library/Jupyter/runtime/kernel-97c7aa4e-1b65-4e4c-b8e4-e758bf6c8e99.json
2020-08-19 21:49:05 [INFO] <KERNEL> (OBJ (shell_port . 64427)
                                     (iopub_port . 64428) (stdin_port . 64429)
                                     (control_port . 64431) (hb_port . 64430)
                                     (ip . 127.0.0.1)
                                     (key . cd9afc6f-4f8f3ea478b4bd3a195f856f)
                                     (transport . tcp)
                                     (signature_scheme . hmac-sha256)
                                     (kernel_name . cando))
2020-08-19 21:49:05 [INFO] <MAC> Starting message authentification
2020-08-19 21:49:05 [INFO] <MAC> Using signature scheme hmac-sha256 for message signing.
2020-08-19 21:49:05 [INFO] <HB-CHANNEL> Starting channel on tcp://127.0.0.1:64430
2020-08-19 21:49:05 [INFO] <IOPUB-CHANNEL> Starting channel on tcp://127.0.0.1:64428
2020-08-19 21:49:05 [INFO] <SHELL-CHANNEL> Starting channel on tcp://127.0.0.1:64427
2020-08-19 21:49:05 [INFO] <HB-CHANNEL> Starting thread
2020-08-19 21:49:05 [INFO] <STDIN-CHANNEL> Starting channel on tcp://127.0.0.1:64429
2020-08-19 21:49:05 [INFO] <CONTROL-CHANNEL> Starting channel on tcp://127.0.0.1:64431
2020-08-19 21:49:05 [INFO] <HISTORY> Starting history
2020-08-19 21:49:05 [INFO] <KERNEL> Setting amber host pathname translation -> /opt/amber/
2020-08-19 21:49:05 [INFO] <KERNEL> Waiting for control message
2020-08-19 21:49:05 [INFO] <KERNEL> Loading CLHS map
2020-08-19 21:49:05 [INFO] <KERNEL> Handling kernel_info_request message
2020-08-19 21:49:05 [INFO] <KERNEL> Handling kernel_info_request message
2020-08-19 21:49:05 [INFO] <KERNEL> Handling kernel_info_request message
2020-08-19 21:49:05 [INFO] <KERNEL> Handling comm_info_request message
2020-08-19 21:49:22 [INFO] <KERNEL> Handling execute_request message
2020-08-19 21:49:29 [INFO] <KERNEL> Handling execute_request message
2020-08-19 21:49:29 [INFO] <NULL> Setting up the *remote-call-thread-queue* and *remote-call-thread*
2020-08-19 21:49:30 [INFO] <KERNEL> Handling comm_msg message
2020-08-19 21:49:30 [INFO] <KERNEL> Handling comm_msg message
2020-08-19 21:49:30 [INFO] <KERNEL> Handling comm_close
2020-08-19 21:49:30 [INFO] <KERNEL> Handling comm_msg message
2020-08-19 21:49:30 [INFO] <KERNEL> Handling comm_msg message
2020-08-19 21:49:30 [INFO] <NGLWIDGET> Handling custom message request_loaded
2020-08-19 21:49:30 [INFO] <NULL> entered on-loaded - firing before-loaded callbacks new -> NIL
2020-08-19 21:49:30 [INFO] <NULL> entered on-loaded - firing before-loaded callbacks new -> T
2020-08-19 21:49:30 [INFO] <NULL> %fire-callbacks entered in process #<PROCESS "SHELL Thread" @0x14067b251 (Running)>
  callbacks: NIL
2020-08-19 21:49:30 [INFO] <NULL> Done %fire-callbacks
2020-08-19 21:49:30 [INFO] <KERNEL> Handling comm_msg message
2020-08-19 21:49:30 [INFO] <NGLWIDGET> Handling custom message updateIDs
2020-08-19 21:49:30 [INFO] <KERNEL> Handling comm_msg message
2020-08-19 21:49:39 [INFO] <KERNEL> Handling comm_msg message
2020-08-19 21:50:10 [INFO] <KERNEL> Handling comm_msg message
2020-08-19 21:50:11 [INFO] <KERNEL> Handling comm_msg message
2020-08-19 21:50:16 [INFO] <KERNEL> Handling comm_msg message
2020-08-19 21:50:16 [INFO] <NULL> In add-structure  (loaded self) -> T
2020-08-19 21:50:16 [INFO] <NULL> entered %load-data NIL
2020-08-19 21:50:16 [INFO] <NGLWIDGET> entered %remote-call loadFile
2020-08-19 21:50:16 [INFO] <NULL> About to make-remote-call-callback remote-call-add
2020-08-19 21:50:16 [INFO] <NULL> enqueing remote-call #<REMOTE-CALL-CALLBACK loadFile remote-call-add>
2020-08-19 21:50:16 [INFO] <NULL> remote-call-add #<REMOTE-CALL-CALLBACK loadFile remote-call-add>
2020-08-19 21:50:16 [INFO] <NULL> About to make-remote-call-callback after-loaded
2020-08-19 21:50:16 [INFO] <NULL> leaving %remote-call loadFile
2020-08-19 21:50:16 [INFO] <NULL> leaving %load-data
2020-08-19 21:50:16 [ERROR] <KERNEL> The variable TIRUN-JUPYTER::*SMALLEST-LIGAND-SKETCH* is unbound.
   [Condition of type UNBOUND-VARIABLE]

#<DISSECT:ENVIRONMENT>
   [Environment of thread #<PROCESS "SHELL Thread" @0x14067b251 (Running)>]

Backtrace:
 8: (#<FUNCTION TIRUN-JUPYTER::OBSERVE-LIGAND-SELECTOR> #<NGLVIEW:NGLWIDGET> #<JUPYTER-WIDGETS:HTML> #<JUPYTER-WIDGETS:TEXT-AREA> #<tirun-calculation> #<JUPYTER-WIDGETS:LABEL> 1)
 9: (#<FUNCTION (LAMBDA (TIRUN-JUPYTER::INSTANCE TYPE TIRUN-JUPYTER::NAME TIRUN-JUPYTER::OLD-VALUE TIRUN-JUPYTER::NEW-VALUE TIRUN-JUPYTER::SOURCE))> #<JUPYTER-WIDGETS:BOUNDED-INT-TEXT> INT VALUE 0 1 NIL)
 10: (#<FUNCTION (METHOD JUPYTER-WIDGETS:ON-TRAIT-CHANGE (:AFTER) (JUPYTER-WIDGETS:HAS-TRAITS T T T T T))> #<JUPYTER-WIDGETS:BOUNDED-INT-TEXT> INT VALUE 0 1 NIL)
 13: (#<FUNCTION CORE:REPL> #<JUPYTER-WIDGETS:BOUNDED-INT-TEXT> INT VALUE 0 1 NIL)
 24: (#<FUNCTION (METHOD (SETF CLOS:SLOT-VALUE-USING-CLASS) (:AROUND) (T JUPYTER-WIDGETS:TRAIT-METACLASS T JUPYTER-WIDGETS::EFFECTIVE-TRAIT))> #<FUNCTION EMF-FROM-CONTF.LAMBDA> 1 #<The JUPYTER-WIDGETS:TRAIT-METACLASS JUPYTER-WIDGETS:BOUNDED-INT-TEXT> #<JUPYTER-WIDGETS:BOUNDED-INT-TEXT> #<EFFECTIVE-TRAIT VALUE>)
 26: (#<FUNCTION CLOS::EMF-FROM-CONTF.LAMBDA> 1 #<The JUPYTER-WIDGETS:TRAIT-METACLASS JUPYTER-WIDGETS:BOUNDED-INT-TEXT> #<JUPYTER-WIDGETS:BOUNDED-INT-TEXT> #<EFFECTIVE-TRAIT VALUE>)
 30: (#<FUNCTION (SETF SLOT-VALUE)> 1 #<JUPYTER-WIDGETS:BOUNDED-INT-TEXT> VALUE)
 31: (#<FUNCTION JUPYTER-WIDGETS::UPDATE-STATE> #<JUPYTER-WIDGETS:BOUNDED-INT-TEXT> (OBJ (method . update) (state OBJ (value . 1)) (buffer_paths)) NIL)
 32: (#<FUNCTION (METHOD JUPYTER:ON-COMM-MESSAGE (JUPYTER-WIDGETS:WIDGET T T T))> #<FUNCTION (METHOD ON-COMM-MESSAGE (T T T T))> #<JUPYTER-WIDGETS:BOUNDED-INT-TEXT> (OBJ (method . update) (state OBJ (value . 1)) (buffer_paths)) (OBJ) NIL)
 34: (#<FUNCTION CLOS::EMF-FROM-CONTF.LAMBDA> #<JUPYTER-WIDGETS:BOUNDED-INT-TEXT> (OBJ (method . update) (state OBJ (value . 1)) (buffer_paths)) (OBJ) NIL)
 44: (#<FUNCTION JUPYTER::HANDLE-COMM-MESSAGE> #<CANDO-JUPYTER:KERNEL> #<JUPYTER::MESSAGE>)
 45: (#<FUNCTION JUPYTER::HANDLE-SHELL-MESSAGE> #<CANDO-JUPYTER:KERNEL> #<JUPYTER::MESSAGE>)
 50: (#<FUNCTION JUPYTER::RUN-SHELL> #<CANDO-JUPYTER:KERNEL>)
 51: (#<FUNCTION (LAMBDA NIL)>)
 54: (#<FUNCTION (LAMBDA NIL)>)
2020-08-19 21:50:16 [INFO] <KERNEL> Handling comm_msg message
2020-08-19 21:50:16 [INFO] <NGLWIDGET> Handling custom message async_message
2020-08-19 21:50:16 [INFO] <NGLWIDGET> Setting event
2020-08-19 21:50:16 [INFO] <KERNEL> Handling comm_msg message
2020-08-19 21:50:16 [INFO] <KERNEL> Handling comm_msg message
2020-08-19 21:50:16 [INFO] <NGLWIDGET> Handling custom message request_repr_dict
2020-08-19 21:50:16 [INFO] <KERNEL> Handling comm_msg message
2020-08-19 21:50:17 [INFO] <KERNEL> Handling comm_msg message
2020-08-19 21:50:17 [INFO] <NULL> In add-structure  (loaded self) -> T
2020-08-19 21:50:17 [INFO] <NULL> entered %load-data NIL
2020-08-19 21:50:17 [INFO] <NGLWIDGET> entered %remote-call loadFile
2020-08-19 21:50:17 [INFO] <NULL> About to make-remote-call-callback remote-call-add
2020-08-19 21:50:17 [INFO] <NULL> enqueing remote-call #<REMOTE-CALL-CALLBACK loadFile remote-call-add>
2020-08-19 21:50:17 [INFO] <NULL> remote-call-add #<REMOTE-CALL-CALLBACK loadFile remote-call-add>
2020-08-19 21:50:17 [INFO] <NULL> About to make-remote-call-callback after-loaded
2020-08-19 21:50:17 [INFO] <NULL> leaving %remote-call loadFile
2020-08-19 21:50:17 [INFO] <NULL> leaving %load-data
2020-08-19 21:50:18 [ERROR] <KERNEL> The variable TIRUN-JUPYTER::*SMALLEST-LIGAND-SKETCH* is unbound.
   [Condition of type UNBOUND-VARIABLE]

#<DISSECT:ENVIRONMENT>
   [Environment of thread #<PROCESS "SHELL Thread" @0x14067b251 (Running)>]

Backtrace:
 8: (#<FUNCTION TIRUN-JUPYTER::OBSERVE-LIGAND-SELECTOR> #<NGLVIEW:NGLWIDGET> #<JUPYTER-WIDGETS:HTML> #<JUPYTER-WIDGETS:TEXT-AREA> #<tirun-calculation> #<JUPYTER-WIDGETS:LABEL> 2)
 9: (#<FUNCTION (LAMBDA (TIRUN-JUPYTER::INSTANCE TYPE TIRUN-JUPYTER::NAME TIRUN-JUPYTER::OLD-VALUE TIRUN-JUPYTER::NEW-VALUE TIRUN-JUPYTER::SOURCE))> #<JUPYTER-WIDGETS:BOUNDED-INT-TEXT> INT VALUE 1 2 NIL)
 10: (#<FUNCTION (METHOD JUPYTER-WIDGETS:ON-TRAIT-CHANGE (:AFTER) (JUPYTER-WIDGETS:HAS-TRAITS T T T T T))> #<JUPYTER-WIDGETS:BOUNDED-INT-TEXT> INT VALUE 1 2 NIL)
 13: (#<FUNCTION CORE:REPL> #<JUPYTER-WIDGETS:BOUNDED-INT-TEXT> INT VALUE 1 2 NIL)
 24: (#<FUNCTION (METHOD (SETF CLOS:SLOT-VALUE-USING-CLASS) (:AROUND) (T JUPYTER-WIDGETS:TRAIT-METACLASS T JUPYTER-WIDGETS::EFFECTIVE-TRAIT))> #<FUNCTION EMF-FROM-CONTF.LAMBDA> 2 #<The JUPYTER-WIDGETS:TRAIT-METACLASS JUPYTER-WIDGETS:BOUNDED-INT-TEXT> #<JUPYTER-WIDGETS:BOUNDED-INT-TEXT> #<EFFECTIVE-TRAIT VALUE>)
 26: (#<FUNCTION CLOS::EMF-FROM-CONTF.LAMBDA> 2 #<The JUPYTER-WIDGETS:TRAIT-METACLASS JUPYTER-WIDGETS:BOUNDED-INT-TEXT> #<JUPYTER-WIDGETS:BOUNDED-INT-TEXT> #<EFFECTIVE-TRAIT VALUE>)
 30: (#<FUNCTION (SETF SLOT-VALUE)> 2 #<JUPYTER-WIDGETS:BOUNDED-INT-TEXT> VALUE)
 31: (#<FUNCTION JUPYTER-WIDGETS::UPDATE-STATE> #<JUPYTER-WIDGETS:BOUNDED-INT-TEXT> (OBJ (method . update) (state OBJ (value . 2)) (buffer_paths)) NIL)
 32: (#<FUNCTION (METHOD JUPYTER:ON-COMM-MESSAGE (JUPYTER-WIDGETS:WIDGET T T T))> #<FUNCTION (METHOD ON-COMM-MESSAGE (T T T T))> #<JUPYTER-WIDGETS:BOUNDED-INT-TEXT> (OBJ (method . update) (state OBJ (value . 2)) (buffer_paths)) (OBJ) NIL)
 34: (#<FUNCTION CLOS::EMF-FROM-CONTF.LAMBDA> #<JUPYTER-WIDGETS:BOUNDED-INT-TEXT> (OBJ (method . update) (state OBJ (value . 2)) (buffer_paths)) (OBJ) NIL)
 38: (#<FUNCTION JUPYTER::HANDLE-COMM-MESSAGE> #<CANDO-JUPYTER:KERNEL> #<JUPYTER::MESSAGE>)
 39: (#<FUNCTION JUPYTER::HANDLE-SHELL-MESSAGE> #<CANDO-JUPYTER:KERNEL> #<JUPYTER::MESSAGE>)
 44: (#<FUNCTION JUPYTER::RUN-SHELL> #<CANDO-JUPYTER:KERNEL>)
 45: (#<FUNCTION (LAMBDA NIL)>)
 48: (#<FUNCTION (LAMBDA NIL)>)
2020-08-19 21:50:18 [INFO] <KERNEL> Handling comm_msg message
2020-08-19 21:50:18 [INFO] <NGLWIDGET> Handling custom message async_message
2020-08-19 21:50:18 [INFO] <NGLWIDGET> Setting event
2020-08-19 21:50:18 [INFO] <KERNEL> Handling comm_msg message
2020-08-19 21:50:18 [INFO] <KERNEL> Handling comm_msg message
2020-08-19 21:50:18 [INFO] <NGLWIDGET> Handling custom message request_repr_dict
2020-08-19 21:50:19 [INFO] <KERNEL> Handling comm_msg message
2020-08-19 21:50:19 [INFO] <NULL> In add-structure  (loaded self) -> T
2020-08-19 21:50:19 [INFO] <NULL> entered %load-data NIL
2020-08-19 21:50:19 [INFO] <NGLWIDGET> entered %remote-call loadFile
2020-08-19 21:50:19 [INFO] <NULL> About to make-remote-call-callback remote-call-add
2020-08-19 21:50:19 [INFO] <NULL> enqueing remote-call #<REMOTE-CALL-CALLBACK loadFile remote-call-add>
2020-08-19 21:50:19 [INFO] <NULL> remote-call-add #<REMOTE-CALL-CALLBACK loadFile remote-call-add>
2020-08-19 21:50:19 [INFO] <NULL> About to make-remote-call-callback after-loaded
2020-08-19 21:50:19 [INFO] <NULL> leaving %remote-call loadFile
2020-08-19 21:50:19 [INFO] <NULL> leaving %load-data
2020-08-19 21:50:19 [INFO] <NGLWIDGET> entered %remote-call autoView
2020-08-19 21:50:19 [INFO] <NULL> About to make-remote-call-callback remote-call-add
2020-08-19 21:50:19 [INFO] <NULL> enqueing remote-call #<REMOTE-CALL-CALLBACK autoView remote-call-add>
2020-08-19 21:50:19 [INFO] <NULL> remote-call-add #<REMOTE-CALL-CALLBACK autoView remote-call-add>
2020-08-19 21:50:19 [INFO] <NULL> leaving %remote-call autoView
2020-08-19 21:50:19 [ERROR] <KERNEL> The variable TIRUN-JUPYTER::*SMALLEST-LIGAND-SKETCH* is unbound.
   [Condition of type UNBOUND-VARIABLE]

#<DISSECT:ENVIRONMENT>
   [Environment of thread #<PROCESS "SHELL Thread" @0x14067b251 (Running)>]

Backtrace:
 8: (#<FUNCTION TIRUN-JUPYTER::OBSERVE-LIGAND-SELECTOR> #<NGLVIEW:NGLWIDGET> #<JUPYTER-WIDGETS:HTML> #<JUPYTER-WIDGETS:TEXT-AREA> #<tirun-calculation> #<JUPYTER-WIDGETS:LABEL> 3)
 9: (#<FUNCTION (LAMBDA (TIRUN-JUPYTER::INSTANCE TYPE TIRUN-JUPYTER::NAME TIRUN-JUPYTER::OLD-VALUE TIRUN-JUPYTER::NEW-VALUE TIRUN-JUPYTER::SOURCE))> #<JUPYTER-WIDGETS:BOUNDED-INT-TEXT> INT VALUE 2 3 NIL)
 10: (#<FUNCTION (METHOD JUPYTER-WIDGETS:ON-TRAIT-CHANGE (:AFTER) (JUPYTER-WIDGETS:HAS-TRAITS T T T T T))> #<JUPYTER-WIDGETS:BOUNDED-INT-TEXT> INT VALUE 2 3 NIL)
 13: (#<FUNCTION CORE:REPL> #<JUPYTER-WIDGETS:BOUNDED-INT-TEXT> INT VALUE 2 3 NIL)
 24: (#<FUNCTION (METHOD (SETF CLOS:SLOT-VALUE-USING-CLASS) (:AROUND) (T JUPYTER-WIDGETS:TRAIT-METACLASS T JUPYTER-WIDGETS::EFFECTIVE-TRAIT))> #<FUNCTION EMF-FROM-CONTF.LAMBDA> 3 #<The JUPYTER-WIDGETS:TRAIT-METACLASS JUPYTER-WIDGETS:BOUNDED-INT-TEXT> #<JUPYTER-WIDGETS:BOUNDED-INT-TEXT> #<EFFECTIVE-TRAIT VALUE>)
 26: (#<FUNCTION CLOS::EMF-FROM-CONTF.LAMBDA> 3 #<The JUPYTER-WIDGETS:TRAIT-METACLASS JUPYTER-WIDGETS:BOUNDED-INT-TEXT> #<JUPYTER-WIDGETS:BOUNDED-INT-TEXT> #<EFFECTIVE-TRAIT VALUE>)
 30: (#<FUNCTION (SETF SLOT-VALUE)> 3 #<JUPYTER-WIDGETS:BOUNDED-INT-TEXT> VALUE)
 31: (#<FUNCTION JUPYTER-WIDGETS::UPDATE-STATE> #<JUPYTER-WIDGETS:BOUNDED-INT-TEXT> (OBJ (method . update) (state OBJ (value . 3)) (buffer_paths)) NIL)
 32: (#<FUNCTION (METHOD JUPYTER:ON-COMM-MESSAGE (JUPYTER-WIDGETS:WIDGET T T T))> #<FUNCTION (METHOD ON-COMM-MESSAGE (T T T T))> #<JUPYTER-WIDGETS:BOUNDED-INT-TEXT> (OBJ (method . update) (state OBJ (value . 3)) (buffer_paths)) (OBJ) NIL)
 34: (#<FUNCTION CLOS::EMF-FROM-CONTF.LAMBDA> #<JUPYTER-WIDGETS:BOUNDED-INT-TEXT> (OBJ (method . update) (state OBJ (value . 3)) (buffer_paths)) (OBJ) NIL)
 38: (#<FUNCTION JUPYTER::HANDLE-COMM-MESSAGE> #<CANDO-JUPYTER:KERNEL> #<JUPYTER::MESSAGE>)
 39: (#<FUNCTION JUPYTER::HANDLE-SHELL-MESSAGE> #<CANDO-JUPYTER:KERNEL> #<JUPYTER::MESSAGE>)
 44: (#<FUNCTION JUPYTER::RUN-SHELL> #<CANDO-JUPYTER:KERNEL>)
 45: (#<FUNCTION (LAMBDA NIL)>)
 48: (#<FUNCTION (LAMBDA NIL)>)
2020-08-19 21:50:19 [INFO] <KERNEL> Handling comm_msg message
2020-08-19 21:50:19 [INFO] <NGLWIDGET> Handling custom message async_message
2020-08-19 21:50:19 [INFO] <NGLWIDGET> Setting event
2020-08-19 21:50:19 [INFO] <KERNEL> Handling comm_msg message
2020-08-19 21:50:19 [INFO] <KERNEL> Handling comm_msg message
2020-08-19 21:50:19 [INFO] <NGLWIDGET> Handling custom message request_repr_dict
2020-08-19 21:52:19 [INFO] <KERNEL> Handling execute_request message
2020-08-19 22:10:32 [INFO] <KERNEL> Handling complete_request message
2020-08-19 22:10:46 [INFO] <KERNEL> Handling execute_request message
2020-08-19 22:12:02 [INFO] <KERNEL> Handling execute_request message
2020-08-19 22:20:35 [INFO] <KERNEL> Handling execute_request message
2020-08-19 22:21:13 [INFO] <KERNEL> Handling shutdown_request message
2020-08-19 22:21:13 [INFO] <KERNEL> Stopping common-lisp kernel
2020-08-19 22:21:13 [INFO] <HB-CHANNEL> Stopping thread
2020-08-19 22:21:13 [INFO] <HB-CHANNEL> Stopping channel
2020-08-19 22:21:13 [INFO] <IOPUB-CHANNEL> Stopping channel
2020-08-19 22:21:13 [INFO] <SHELL-CHANNEL> Stopping channel
2020-08-19 22:21:13 [INFO] <STDIN-CHANNEL> Stopping channel
2020-08-19 22:21:13 [INFO] <CONTROL-CHANNEL> Stopping channel
2020-08-19 22:21:13 [INFO] <MAC> Stopping message authentification
2020-08-19 22:21:13 [INFO] <HISTORY> Stopping history
