2020-08-17 15:07:27 [INFO] <KERNEL> Starting common-lisp kernel
2020-08-17 15:07:27 [INFO] <KERNEL> Parsing connection file /Users/yonkunas/Library/Jupyter/runtime/kernel-47715502-ae05-4ae9-ad59-90bf81333800.json
2020-08-17 15:07:27 [INFO] <KERNEL> (OBJ (shell_port . 53824)
                                     (iopub_port . 53825) (stdin_port . 53826)
                                     (control_port . 53828) (hb_port . 53827)
                                     (ip . 127.0.0.1)
                                     (key . 1e1e4495-9563531554b9e86df3080fef)
                                     (transport . tcp)
                                     (signature_scheme . hmac-sha256)
                                     (kernel_name . cando))
2020-08-17 15:07:27 [INFO] <MAC> Starting message authentification
2020-08-17 15:07:27 [INFO] <MAC> Using signature scheme hmac-sha256 for message signing.
2020-08-17 15:07:27 [INFO] <HB-CHANNEL> Starting channel on tcp://127.0.0.1:53827
2020-08-17 15:07:27 [INFO] <IOPUB-CHANNEL> Starting channel on tcp://127.0.0.1:53825
2020-08-17 15:07:27 [INFO] <SHELL-CHANNEL> Starting channel on tcp://127.0.0.1:53824
2020-08-17 15:07:27 [INFO] <STDIN-CHANNEL> Starting channel on tcp://127.0.0.1:53826
2020-08-17 15:07:27 [INFO] <HB-CHANNEL> Starting thread
2020-08-17 15:07:27 [INFO] <CONTROL-CHANNEL> Starting channel on tcp://127.0.0.1:53828
2020-08-17 15:07:27 [INFO] <HISTORY> Starting history
2020-08-17 15:07:27 [INFO] <KERNEL> Setting amber host pathname translation -> /opt/amber/
2020-08-17 15:07:27 [INFO] <KERNEL> Waiting for control message
2020-08-17 15:07:27 [INFO] <KERNEL> Loading CLHS map
2020-08-17 15:07:27 [INFO] <KERNEL> Handling kernel_info_request message
2020-08-17 15:07:27 [INFO] <KERNEL> Handling kernel_info_request message
2020-08-17 15:07:27 [INFO] <KERNEL> Handling kernel_info_request message
2020-08-17 15:07:27 [INFO] <KERNEL> Handling comm_info_request message
2020-08-17 15:11:07 [INFO] <KERNEL> Handling execute_request message
2020-08-17 15:11:43 [INFO] <KERNEL> Handling execute_request message
2020-08-17 15:12:30 [INFO] <KERNEL> Handling execute_request message
2020-08-17 15:12:33 [INFO] <KERNEL> Handling execute_request message
2020-08-17 15:12:55 [INFO] <KERNEL> Handling execute_request message
2020-08-17 15:12:57 [INFO] <KERNEL> Handling execute_request message
2020-08-17 15:12:59 [INFO] <KERNEL> Handling execute_request message
2020-08-17 15:13:03 [INFO] <KERNEL> Handling execute_request message
2020-08-17 15:13:04 [INFO] <KERNEL> Handling execute_request message
2020-08-17 15:13:05 [INFO] <KERNEL> Handling execute_request message
2020-08-17 15:13:07 [INFO] <KERNEL> Handling execute_request message
2020-08-17 15:13:51 [INFO] <KERNEL> Handling execute_request message
2020-08-17 15:14:53 [INFO] <KERNEL> Handling execute_request message
2020-08-17 15:15:22 [INFO] <KERNEL> Handling execute_request message
2020-08-17 15:15:26 [INFO] <KERNEL> Handling execute_request message
2020-08-17 15:15:34 [INFO] <KERNEL> Handling execute_request message
2020-08-17 15:15:37 [INFO] <KERNEL> Handling execute_request message
2020-08-17 15:15:40 [INFO] <KERNEL> Handling execute_request message
2020-08-17 15:15:51 [INFO] <KERNEL> Handling execute_request message
2020-08-17 15:16:01 [INFO] <KERNEL> Handling execute_request message
2020-08-17 15:16:04 [INFO] <KERNEL> Handling execute_request message
2020-08-17 15:16:07 [INFO] <KERNEL> Handling execute_request message
2020-08-17 15:16:07 [INFO] <NULL> Setting up the *remote-call-thread-queue* and *remote-call-thread*
2020-08-17 15:16:07 [INFO] <NULL> entered %load-data NIL
2020-08-17 15:16:08 [INFO] <NGLWIDGET> entered %remote-call loadFile
2020-08-17 15:16:08 [INFO] <NULL> About to make-remote-call-callback before-loaded
2020-08-17 15:16:08 [INFO] <NULL> About to make-remote-call-callback after-loaded
2020-08-17 15:16:08 [INFO] <NULL> leaving %remote-call loadFile
2020-08-17 15:16:08 [INFO] <NULL> leaving %load-data
2020-08-17 15:16:09 [INFO] <KERNEL> Handling comm_msg message
2020-08-17 15:16:09 [INFO] <KERNEL> Handling comm_msg message
2020-08-17 15:16:09 [INFO] <KERNEL> Handling comm_close
2020-08-17 15:16:14 [INFO] <KERNEL> Handling execute_request message
2020-08-17 15:16:14 [INFO] <KERNEL> Handling comm_msg message
2020-08-17 15:16:14 [INFO] <KERNEL> Handling comm_msg message
2020-08-17 15:16:14 [INFO] <NGLWIDGET> Handling custom message request_loaded
2020-08-17 15:16:14 [INFO] <NULL> entered on-loaded - firing before-loaded callbacks new -> NIL
2020-08-17 15:16:14 [INFO] <NULL> entered on-loaded - firing before-loaded callbacks new -> T
2020-08-17 15:16:14 [INFO] <NULL> %fire-callbacks entered in process #<PROCESS "SHELL Thread" @0x13ecd7011 (Running)>
  callbacks: (("loadFile" "before-loaded"))
2020-08-17 15:16:14 [INFO] <NULL> Done %fire-callbacks
2020-08-17 15:16:14 [INFO] <KERNEL> Handling comm_msg message
2020-08-17 15:16:14 [INFO] <NGLWIDGET> Handling custom message updateIDs
2020-08-17 15:16:14 [INFO] <KERNEL> Handling comm_msg message
2020-08-17 15:16:16 [INFO] <KERNEL> Handling comm_msg message
2020-08-17 15:16:16 [INFO] <NGLWIDGET> Handling custom message async_message
2020-08-17 15:16:16 [INFO] <NGLWIDGET> Setting event
2020-08-17 15:16:16 [INFO] <KERNEL> Handling comm_msg message
2020-08-17 15:16:16 [INFO] <KERNEL> Handling comm_msg message
2020-08-17 15:16:16 [INFO] <NGLWIDGET> Handling custom message request_repr_dict
2020-08-17 15:16:17 [INFO] <KERNEL> Handling comm_msg message
2020-08-17 15:16:17 [INFO] <NGLWIDGET> Handling custom message request_repr_dict
2020-08-17 15:16:17 [INFO] <KERNEL> Handling comm_msg message
2020-08-17 15:16:17 [INFO] <NGLWIDGET> Handling custom message request_repr_dict
2020-08-17 15:16:17 [INFO] <KERNEL> Handling comm_msg message
2020-08-17 15:16:19 [INFO] <KERNEL> Handling comm_msg message
2020-08-17 15:16:19 [INFO] <KERNEL> Handling comm_msg message
2020-08-17 15:16:19 [INFO] <NULL> In nglview set-coordinates
2020-08-17 15:16:20 [INFO] <KERNEL> Handling comm_msg message
2020-08-17 15:16:20 [INFO] <KERNEL> Handling comm_msg message
2020-08-17 15:16:20 [INFO] <NULL> In nglview set-coordinates
2020-08-17 15:16:20 [INFO] <KERNEL> Handling comm_msg message
2020-08-17 15:16:20 [INFO] <KERNEL> Handling comm_msg message
2020-08-17 15:16:20 [INFO] <NULL> In nglview set-coordinates
2020-08-17 15:16:20 [INFO] <KERNEL> Handling comm_msg message
2020-08-17 15:16:20 [INFO] <KERNEL> Handling comm_msg message
2020-08-17 15:16:20 [INFO] <NULL> In nglview set-coordinates
2020-08-17 15:16:20 [INFO] <KERNEL> Handling comm_msg message
2020-08-17 15:16:20 [INFO] <KERNEL> Handling comm_msg message
2020-08-17 15:16:20 [INFO] <NULL> In nglview set-coordinates
2020-08-17 15:16:20 [INFO] <KERNEL> Handling comm_msg message
2020-08-17 15:16:20 [INFO] <KERNEL> Handling comm_msg message
2020-08-17 15:16:20 [INFO] <NULL> In nglview set-coordinates
2020-08-17 15:16:21 [INFO] <KERNEL> Handling comm_msg message
2020-08-17 15:16:21 [INFO] <KERNEL> Handling comm_msg message
2020-08-17 15:16:21 [INFO] <NULL> In nglview set-coordinates
2020-08-17 15:16:21 [INFO] <KERNEL> Handling comm_msg message
2020-08-17 15:16:21 [INFO] <KERNEL> Handling comm_msg message
2020-08-17 15:16:21 [INFO] <NULL> In nglview set-coordinates
2020-08-17 15:16:21 [INFO] <KERNEL> Handling comm_msg message
2020-08-17 15:16:21 [INFO] <KERNEL> Handling comm_msg message
2020-08-17 15:16:21 [INFO] <NULL> In nglview set-coordinates
2020-08-17 15:16:21 [INFO] <KERNEL> Handling comm_msg message
2020-08-17 15:16:21 [INFO] <KERNEL> Handling comm_msg message
2020-08-17 15:16:21 [INFO] <NULL> In nglview set-coordinates
2020-08-17 15:16:21 [INFO] <KERNEL> Handling comm_msg message
2020-08-17 15:16:21 [INFO] <KERNEL> Handling comm_msg message
2020-08-17 15:16:21 [INFO] <NULL> In nglview set-coordinates
2020-08-17 15:16:22 [INFO] <KERNEL> Handling comm_msg message
2020-08-17 15:16:22 [INFO] <KERNEL> Handling comm_msg message
2020-08-17 15:16:22 [INFO] <NULL> In nglview set-coordinates
2020-08-17 15:16:22 [INFO] <KERNEL> Handling comm_msg message
2020-08-17 15:16:22 [INFO] <KERNEL> Handling comm_msg message
2020-08-17 15:16:22 [INFO] <NULL> In nglview set-coordinates
2020-08-17 15:16:22 [INFO] <KERNEL> Handling comm_msg message
2020-08-17 15:16:22 [INFO] <KERNEL> Handling comm_msg message
2020-08-17 15:16:22 [INFO] <NULL> In nglview set-coordinates
2020-08-17 15:16:22 [INFO] <KERNEL> Handling comm_msg message
2020-08-17 15:16:22 [INFO] <KERNEL> Handling comm_msg message
2020-08-17 15:16:22 [INFO] <NULL> In nglview set-coordinates
2020-08-17 15:16:23 [INFO] <KERNEL> Handling comm_msg message
2020-08-17 15:16:23 [INFO] <KERNEL> Handling comm_msg message
2020-08-17 15:16:23 [INFO] <NULL> In nglview set-coordinates
2020-08-17 15:16:23 [INFO] <KERNEL> Handling comm_msg message
2020-08-17 15:16:23 [INFO] <KERNEL> Handling comm_msg message
2020-08-17 15:16:23 [INFO] <NULL> In nglview set-coordinates
2020-08-17 15:16:23 [INFO] <KERNEL> Handling comm_msg message
2020-08-17 15:16:23 [INFO] <KERNEL> Handling comm_msg message
2020-08-17 15:16:23 [INFO] <NULL> In nglview set-coordinates
2020-08-17 15:16:23 [INFO] <KERNEL> Handling comm_msg message
2020-08-17 15:16:23 [INFO] <KERNEL> Handling comm_msg message
2020-08-17 15:16:23 [INFO] <NULL> In nglview set-coordinates
2020-08-17 15:16:23 [INFO] <KERNEL> Handling comm_msg message
2020-08-17 15:16:23 [INFO] <KERNEL> Handling comm_msg message
2020-08-17 15:16:23 [INFO] <NULL> In nglview set-coordinates
2020-08-17 15:16:24 [INFO] <KERNEL> Handling comm_msg message
2020-08-17 15:16:24 [INFO] <KERNEL> Handling comm_msg message
2020-08-17 15:16:24 [INFO] <NULL> In nglview set-coordinates
2020-08-17 15:16:24 [INFO] <KERNEL> Handling comm_msg message
2020-08-17 15:16:24 [INFO] <KERNEL> Handling comm_msg message
2020-08-17 15:16:24 [INFO] <NULL> In nglview set-coordinates
2020-08-17 15:16:24 [INFO] <KERNEL> Handling comm_msg message
2020-08-17 15:16:24 [INFO] <KERNEL> Handling comm_msg message
2020-08-17 15:16:24 [INFO] <NULL> In nglview set-coordinates
2020-08-17 15:16:24 [INFO] <KERNEL> Handling comm_msg message
2020-08-17 15:16:24 [INFO] <KERNEL> Handling comm_msg message
2020-08-17 15:16:24 [INFO] <NULL> In nglview set-coordinates
2020-08-17 15:16:25 [INFO] <KERNEL> Handling comm_msg message
2020-08-17 15:16:25 [INFO] <KERNEL> Handling comm_msg message
2020-08-17 15:16:25 [INFO] <NULL> In nglview set-coordinates
2020-08-17 15:16:25 [INFO] <KERNEL> Handling comm_msg message
2020-08-17 15:16:25 [INFO] <KERNEL> Handling comm_msg message
2020-08-17 15:16:25 [INFO] <NULL> In nglview set-coordinates
2020-08-17 15:16:25 [INFO] <KERNEL> Handling comm_msg message
2020-08-17 15:16:25 [INFO] <KERNEL> Handling comm_msg message
2020-08-17 15:16:25 [INFO] <KERNEL> Handling comm_msg message
2020-08-17 15:16:25 [INFO] <NULL> In nglview set-coordinates
2020-08-17 15:16:25 [INFO] <KERNEL> Handling comm_msg message
2020-08-17 15:16:25 [INFO] <KERNEL> Handling comm_msg message
2020-08-17 15:16:25 [INFO] <KERNEL> Handling comm_msg message
2020-08-17 15:16:25 [INFO] <NULL> In nglview set-coordinates
2020-08-17 15:16:25 [INFO] <KERNEL> Handling comm_msg message
2020-08-17 15:16:25 [INFO] <KERNEL> Handling comm_msg message
2020-08-17 15:16:25 [INFO] <KERNEL> Handling comm_msg message
2020-08-17 15:16:25 [INFO] <NULL> In nglview set-coordinates
2020-08-17 15:16:25 [INFO] <KERNEL> Handling comm_msg message
2020-08-17 15:16:26 [INFO] <KERNEL> Handling comm_msg message
2020-08-17 15:16:26 [INFO] <KERNEL> Handling comm_msg message
2020-08-17 15:16:26 [INFO] <NULL> In nglview set-coordinates
2020-08-17 15:16:26 [INFO] <KERNEL> Handling comm_msg message
2020-08-17 15:16:26 [INFO] <KERNEL> Handling comm_msg message
2020-08-17 15:16:26 [INFO] <KERNEL> Handling comm_msg message
2020-08-17 15:16:26 [INFO] <NULL> In nglview set-coordinates
2020-08-17 15:16:26 [INFO] <KERNEL> Handling comm_msg message
2020-08-17 15:16:26 [INFO] <KERNEL> Handling comm_msg message
2020-08-17 15:16:26 [INFO] <KERNEL> Handling comm_msg message
2020-08-17 15:16:26 [INFO] <NULL> In nglview set-coordinates
2020-08-17 15:16:26 [INFO] <KERNEL> Handling comm_msg message
2020-08-17 15:16:26 [INFO] <KERNEL> Handling comm_msg message
2020-08-17 15:16:26 [INFO] <NULL> In nglview set-coordinates
2020-08-17 15:16:27 [INFO] <KERNEL> Handling comm_msg message
2020-08-17 15:16:27 [INFO] <KERNEL> Handling comm_msg message
2020-08-17 15:16:27 [INFO] <NULL> In nglview set-coordinates
2020-08-17 15:16:27 [INFO] <KERNEL> Handling comm_msg message
2020-08-17 15:16:27 [INFO] <KERNEL> Handling comm_msg message
2020-08-17 15:16:27 [INFO] <NULL> In nglview set-coordinates
2020-08-17 15:16:27 [INFO] <KERNEL> Handling comm_msg message
2020-08-17 15:16:27 [INFO] <KERNEL> Handling comm_msg message
2020-08-17 15:16:27 [INFO] <NULL> In nglview set-coordinates
2020-08-17 15:16:27 [INFO] <KERNEL> Handling comm_msg message
2020-08-17 15:16:27 [INFO] <KERNEL> Handling comm_msg message
2020-08-17 15:16:27 [INFO] <NULL> In nglview set-coordinates
2020-08-17 15:16:27 [INFO] <KERNEL> Handling comm_msg message
2020-08-17 15:16:27 [INFO] <KERNEL> Handling comm_msg message
2020-08-17 15:16:27 [INFO] <NULL> In nglview set-coordinates
2020-08-17 15:16:28 [INFO] <KERNEL> Handling comm_msg message
2020-08-17 15:16:28 [INFO] <KERNEL> Handling comm_msg message
2020-08-17 15:16:28 [INFO] <NULL> In nglview set-coordinates
2020-08-17 15:16:28 [INFO] <KERNEL> Handling comm_msg message
2020-08-17 15:16:28 [INFO] <KERNEL> Handling comm_msg message
2020-08-17 15:16:28 [INFO] <NULL> In nglview set-coordinates
2020-08-17 15:16:28 [INFO] <KERNEL> Handling comm_msg message
2020-08-17 15:16:28 [INFO] <KERNEL> Handling comm_msg message
2020-08-17 15:16:28 [INFO] <NULL> In nglview set-coordinates
2020-08-17 15:16:28 [INFO] <KERNEL> Handling comm_msg message
2020-08-17 15:16:28 [INFO] <KERNEL> Handling comm_msg message
2020-08-17 15:16:28 [INFO] <KERNEL> Handling comm_msg message
2020-08-17 15:16:28 [INFO] <NULL> In nglview set-coordinates
2020-08-17 15:16:28 [INFO] <KERNEL> Handling comm_msg message
2020-08-17 15:16:29 [INFO] <KERNEL> Handling comm_msg message
2020-08-17 15:16:29 [INFO] <KERNEL> Handling comm_msg message
2020-08-17 15:16:29 [INFO] <NULL> In nglview set-coordinates
2020-08-17 15:16:29 [INFO] <KERNEL> Handling comm_msg message
2020-08-17 15:16:29 [INFO] <KERNEL> Handling comm_msg message
2020-08-17 15:16:29 [INFO] <NULL> In nglview set-coordinates
2020-08-17 15:16:29 [INFO] <KERNEL> Handling comm_msg message
2020-08-17 15:16:29 [INFO] <KERNEL> Handling comm_msg message
2020-08-17 15:16:29 [INFO] <NULL> In nglview set-coordinates
2020-08-17 15:16:30 [INFO] <KERNEL> Handling comm_msg message
2020-08-17 15:16:30 [INFO] <KERNEL> Handling comm_msg message
2020-08-17 15:16:30 [INFO] <NULL> In nglview set-coordinates
2020-08-17 15:16:30 [INFO] <KERNEL> Handling comm_msg message
2020-08-17 15:16:30 [INFO] <KERNEL> Handling comm_msg message
2020-08-17 15:16:30 [INFO] <NULL> In nglview set-coordinates
2020-08-17 15:16:30 [INFO] <KERNEL> Handling comm_msg message
2020-08-17 15:16:30 [INFO] <KERNEL> Handling comm_msg message
2020-08-17 15:16:30 [INFO] <NULL> In nglview set-coordinates
2020-08-17 15:16:30 [INFO] <KERNEL> Handling comm_msg message
2020-08-17 15:16:30 [INFO] <KERNEL> Handling comm_msg message
2020-08-17 15:16:30 [INFO] <NULL> In nglview set-coordinates
2020-08-17 15:16:31 [INFO] <KERNEL> Handling comm_msg message
2020-08-17 15:16:31 [INFO] <KERNEL> Handling comm_msg message
2020-08-17 15:16:31 [INFO] <NULL> In nglview set-coordinates
2020-08-17 15:16:31 [INFO] <KERNEL> Handling comm_msg message
2020-08-17 15:16:31 [INFO] <KERNEL> Handling comm_msg message
2020-08-17 15:16:31 [INFO] <KERNEL> Handling comm_msg message
2020-08-17 15:16:32 [INFO] <KERNEL> Handling comm_msg message
2020-08-17 15:16:32 [INFO] <KERNEL> Handling comm_msg message
2020-08-17 15:16:32 [INFO] <KERNEL> Handling comm_msg message
2020-08-17 15:16:33 [INFO] <KERNEL> Handling comm_msg message
2020-08-17 15:16:33 [INFO] <KERNEL> Handling comm_msg message
2020-08-17 15:16:33 [INFO] <KERNEL> Handling comm_msg message
2020-08-17 15:16:33 [INFO] <KERNEL> Handling comm_msg message
2020-08-17 15:16:35 [INFO] <KERNEL> Handling comm_msg message
2020-08-17 15:16:35 [INFO] <KERNEL> Handling comm_msg message
2020-08-17 15:16:35 [INFO] <KERNEL> Handling comm_msg message
2020-08-17 15:16:35 [INFO] <KERNEL> Handling comm_msg message
2020-08-17 15:16:35 [INFO] <KERNEL> Handling comm_msg message
2020-08-17 15:16:35 [INFO] <KERNEL> Handling comm_msg message
2020-08-17 15:16:35 [INFO] <KERNEL> Handling comm_msg message
2020-08-17 15:16:35 [INFO] <KERNEL> Handling comm_msg message
2020-08-17 15:16:35 [INFO] <KERNEL> Handling comm_msg message
2020-08-17 15:16:35 [INFO] <KERNEL> Handling comm_msg message
2020-08-17 15:16:35 [INFO] <KERNEL> Handling comm_msg message
2020-08-17 15:16:35 [INFO] <KERNEL> Handling comm_msg message
2020-08-17 15:16:35 [INFO] <KERNEL> Handling comm_msg message
2020-08-17 15:16:35 [INFO] <KERNEL> Handling comm_msg message
2020-08-17 15:16:35 [INFO] <KERNEL> Handling comm_msg message
2020-08-17 15:16:35 [INFO] <KERNEL> Handling comm_msg message
2020-08-17 15:16:36 [INFO] <KERNEL> Handling comm_msg message
2020-08-17 15:16:36 [INFO] <KERNEL> Handling comm_msg message
2020-08-17 15:16:36 [INFO] <KERNEL> Handling comm_msg message
2020-08-17 15:16:36 [INFO] <KERNEL> Handling comm_msg message
2020-08-17 15:16:36 [INFO] <KERNEL> Handling comm_msg message
2020-08-17 15:16:36 [INFO] <KERNEL> Handling comm_msg message
2020-08-17 15:16:36 [INFO] <KERNEL> Handling comm_msg message
2020-08-17 15:16:36 [INFO] <KERNEL> Handling comm_msg message
2020-08-17 15:16:36 [INFO] <KERNEL> Handling comm_msg message
2020-08-17 15:16:36 [INFO] <KERNEL> Handling comm_msg message
2020-08-17 15:16:36 [INFO] <KERNEL> Handling comm_msg message
2020-08-17 15:16:36 [INFO] <KERNEL> Handling comm_msg message
2020-08-17 15:16:36 [INFO] <KERNEL> Handling comm_msg message
2020-08-17 15:16:36 [INFO] <KERNEL> Handling comm_msg message
2020-08-17 15:16:36 [INFO] <KERNEL> Handling comm_msg message
2020-08-17 15:16:36 [INFO] <KERNEL> Handling comm_msg message
2020-08-17 15:16:36 [INFO] <KERNEL> Handling comm_msg message
2020-08-17 15:16:36 [INFO] <KERNEL> Handling comm_msg message
2020-08-17 15:16:36 [INFO] <KERNEL> Handling comm_msg message
2020-08-17 15:16:36 [INFO] <KERNEL> Handling comm_msg message
2020-08-17 15:16:36 [INFO] <KERNEL> Handling comm_msg message
2020-08-17 15:16:36 [INFO] <KERNEL> Handling comm_msg message
2020-08-17 15:16:36 [INFO] <KERNEL> Handling comm_msg message
2020-08-17 15:16:36 [INFO] <KERNEL> Handling comm_msg message
2020-08-17 15:16:36 [INFO] <KERNEL> Handling comm_msg message
2020-08-17 15:16:36 [INFO] <KERNEL> Handling comm_msg message
2020-08-17 15:16:36 [INFO] <KERNEL> Handling comm_msg message
2020-08-17 15:16:39 [INFO] <KERNEL> Handling comm_msg message
2020-08-17 15:16:39 [INFO] <KERNEL> Handling comm_msg message
2020-08-17 15:16:39 [INFO] <NULL> In nglview set-coordinates
2020-08-17 15:16:39 [INFO] <KERNEL> Handling comm_msg message
2020-08-17 15:16:39 [INFO] <KERNEL> Handling comm_msg message
2020-08-17 15:16:39 [INFO] <NULL> In nglview set-coordinates
2020-08-17 15:16:39 [INFO] <KERNEL> Handling comm_msg message
2020-08-17 15:16:39 [INFO] <KERNEL> Handling comm_msg message
2020-08-17 15:16:39 [INFO] <NULL> In nglview set-coordinates
2020-08-17 15:16:39 [INFO] <KERNEL> Handling comm_msg message
2020-08-17 15:16:39 [INFO] <KERNEL> Handling comm_msg message
2020-08-17 15:16:39 [INFO] <NULL> In nglview set-coordinates
2020-08-17 15:16:39 [INFO] <KERNEL> Handling comm_msg message
2020-08-17 15:16:39 [INFO] <KERNEL> Handling comm_msg message
2020-08-17 15:16:39 [INFO] <NULL> In nglview set-coordinates
2020-08-17 15:16:39 [INFO] <KERNEL> Handling comm_msg message
2020-08-17 15:16:39 [INFO] <KERNEL> Handling comm_msg message
2020-08-17 15:16:40 [INFO] <NULL> In nglview set-coordinates
2020-08-17 15:16:40 [INFO] <KERNEL> Handling comm_msg message
2020-08-17 15:16:40 [INFO] <KERNEL> Handling comm_msg message
2020-08-17 15:16:40 [INFO] <NULL> In nglview set-coordinates
2020-08-17 15:16:40 [INFO] <KERNEL> Handling comm_msg message
2020-08-17 15:16:40 [INFO] <KERNEL> Handling comm_msg message
2020-08-17 15:16:40 [INFO] <NULL> In nglview set-coordinates
2020-08-17 15:16:40 [INFO] <KERNEL> Handling comm_msg message
2020-08-17 15:16:40 [INFO] <KERNEL> Handling comm_msg message
2020-08-17 15:16:40 [INFO] <NULL> In nglview set-coordinates
2020-08-17 15:16:40 [INFO] <KERNEL> Handling comm_msg message
2020-08-17 15:16:40 [INFO] <KERNEL> Handling comm_msg message
2020-08-17 15:16:40 [INFO] <NULL> In nglview set-coordinates
2020-08-17 15:16:40 [INFO] <KERNEL> Handling comm_msg message
2020-08-17 15:16:40 [INFO] <KERNEL> Handling comm_msg message
2020-08-17 15:16:40 [INFO] <NULL> In nglview set-coordinates
2020-08-17 15:16:41 [INFO] <KERNEL> Handling comm_msg message
2020-08-17 15:16:41 [INFO] <KERNEL> Handling comm_msg message
2020-08-17 15:16:41 [INFO] <NULL> In nglview set-coordinates
2020-08-17 15:16:41 [INFO] <KERNEL> Handling comm_msg message
2020-08-17 15:16:41 [INFO] <KERNEL> Handling comm_msg message
2020-08-17 15:16:41 [INFO] <NULL> In nglview set-coordinates
2020-08-17 15:16:41 [INFO] <KERNEL> Handling comm_msg message
2020-08-17 15:16:41 [INFO] <KERNEL> Handling comm_msg message
2020-08-17 15:16:41 [INFO] <NULL> In nglview set-coordinates
2020-08-17 15:16:41 [INFO] <KERNEL> Handling comm_msg message
2020-08-17 15:16:41 [INFO] <KERNEL> Handling comm_msg message
2020-08-17 15:16:41 [INFO] <NULL> In nglview set-coordinates
2020-08-17 15:16:41 [INFO] <KERNEL> Handling comm_msg message
2020-08-17 15:16:41 [INFO] <KERNEL> Handling comm_msg message
2020-08-17 15:16:42 [INFO] <NULL> In nglview set-coordinates
2020-08-17 15:16:42 [INFO] <KERNEL> Handling comm_msg message
2020-08-17 15:16:42 [INFO] <KERNEL> Handling comm_msg message
2020-08-17 15:16:42 [INFO] <NULL> In nglview set-coordinates
2020-08-17 15:16:42 [INFO] <KERNEL> Handling comm_msg message
2020-08-17 15:16:42 [INFO] <KERNEL> Handling comm_msg message
2020-08-17 15:16:42 [INFO] <NULL> In nglview set-coordinates
2020-08-17 15:16:42 [INFO] <KERNEL> Handling comm_msg message
2020-08-17 15:16:42 [INFO] <KERNEL> Handling comm_msg message
2020-08-17 15:16:42 [INFO] <NULL> In nglview set-coordinates
2020-08-17 15:16:43 [INFO] <KERNEL> Handling comm_msg message
2020-08-17 15:16:43 [INFO] <KERNEL> Handling comm_msg message
2020-08-17 15:16:43 [INFO] <NULL> In nglview set-coordinates
2020-08-17 15:16:43 [INFO] <KERNEL> Handling comm_msg message
2020-08-17 15:16:43 [INFO] <KERNEL> Handling comm_msg message
2020-08-17 15:16:43 [INFO] <KERNEL> Handling comm_msg message
2020-08-17 15:16:43 [INFO] <NULL> In nglview set-coordinates
2020-08-17 15:16:43 [INFO] <KERNEL> Handling comm_msg message
2020-08-17 15:16:43 [INFO] <KERNEL> Handling comm_msg message
2020-08-17 15:16:44 [INFO] <KERNEL> Handling comm_msg message
2020-08-17 15:16:44 [INFO] <NULL> In nglview set-coordinates
2020-08-17 15:16:45 [INFO] <KERNEL> Handling comm_msg message
2020-08-17 15:16:45 [INFO] <KERNEL> Handling comm_msg message
2020-08-17 15:16:45 [INFO] <KERNEL> Handling comm_msg message
2020-08-17 15:16:45 [INFO] <NULL> In nglview set-coordinates
2020-08-17 15:16:45 [INFO] <KERNEL> Handling comm_msg message
2020-08-17 15:16:45 [INFO] <KERNEL> Handling comm_msg message
2020-08-17 15:16:45 [INFO] <NULL> In nglview set-coordinates
2020-08-17 15:16:45 [INFO] <KERNEL> Handling comm_msg message
2020-08-17 15:16:45 [INFO] <KERNEL> Handling comm_msg message
2020-08-17 15:16:45 [INFO] <KERNEL> Handling comm_msg message
2020-08-17 15:16:45 [INFO] <NULL> In nglview set-coordinates
2020-08-17 15:16:45 [INFO] <KERNEL> Handling comm_msg message
2020-08-17 15:16:45 [INFO] <KERNEL> Handling comm_msg message
2020-08-17 15:16:45 [INFO] <KERNEL> Handling comm_msg message
2020-08-17 15:16:45 [INFO] <NULL> In nglview set-coordinates
2020-08-17 15:16:46 [INFO] <KERNEL> Handling comm_msg message
2020-08-17 15:16:46 [INFO] <KERNEL> Handling comm_msg message
2020-08-17 15:16:46 [INFO] <NULL> In nglview set-coordinates
2020-08-17 15:16:46 [INFO] <KERNEL> Handling comm_msg message
2020-08-17 15:16:46 [INFO] <KERNEL> Handling comm_msg message
2020-08-17 15:16:46 [INFO] <NULL> In nglview set-coordinates
2020-08-17 15:16:46 [INFO] <KERNEL> Handling comm_msg message
2020-08-17 15:16:46 [INFO] <KERNEL> Handling comm_msg message
2020-08-17 15:16:46 [INFO] <NULL> In nglview set-coordinates
2020-08-17 15:16:46 [INFO] <KERNEL> Handling comm_msg message
2020-08-17 15:16:46 [INFO] <KERNEL> Handling comm_msg message
2020-08-17 15:16:46 [INFO] <NULL> In nglview set-coordinates
2020-08-17 15:16:46 [INFO] <KERNEL> Handling comm_msg message
2020-08-17 15:16:46 [INFO] <KERNEL> Handling comm_msg message
2020-08-17 15:16:46 [INFO] <NULL> In nglview set-coordinates
2020-08-17 15:16:47 [INFO] <KERNEL> Handling comm_msg message
2020-08-17 15:16:47 [INFO] <KERNEL> Handling comm_msg message
2020-08-17 15:16:47 [INFO] <NULL> In nglview set-coordinates
2020-08-17 15:16:47 [INFO] <KERNEL> Handling comm_msg message
2020-08-17 15:16:47 [INFO] <KERNEL> Handling comm_msg message
2020-08-17 15:16:47 [INFO] <NULL> In nglview set-coordinates
2020-08-17 15:16:47 [INFO] <KERNEL> Handling comm_msg message
2020-08-17 15:16:47 [INFO] <KERNEL> Handling comm_msg message
2020-08-17 15:16:47 [INFO] <NULL> In nglview set-coordinates
2020-08-17 15:16:48 [INFO] <KERNEL> Handling comm_msg message
2020-08-17 15:16:48 [INFO] <KERNEL> Handling comm_msg message
2020-08-17 15:16:48 [INFO] <NULL> In nglview set-coordinates
2020-08-17 15:16:48 [INFO] <KERNEL> Handling comm_msg message
2020-08-17 15:16:48 [INFO] <KERNEL> Handling comm_msg message
2020-08-17 15:16:48 [INFO] <NULL> In nglview set-coordinates
2020-08-17 15:16:48 [INFO] <KERNEL> Handling comm_msg message
2020-08-17 15:16:48 [INFO] <KERNEL> Handling comm_msg message
2020-08-17 15:16:48 [INFO] <NULL> In nglview set-coordinates
2020-08-17 15:16:48 [INFO] <KERNEL> Handling comm_msg message
2020-08-17 15:16:48 [INFO] <KERNEL> Handling comm_msg message
2020-08-17 15:16:48 [INFO] <NULL> In nglview set-coordinates
2020-08-17 15:16:48 [INFO] <KERNEL> Handling comm_msg message
2020-08-17 15:16:48 [INFO] <KERNEL> Handling comm_msg message
2020-08-17 15:16:48 [INFO] <NULL> In nglview set-coordinates
2020-08-17 15:16:49 [INFO] <KERNEL> Handling comm_msg message
2020-08-17 15:16:49 [INFO] <KERNEL> Handling comm_msg message
2020-08-17 15:16:49 [INFO] <NULL> In nglview set-coordinates
2020-08-17 15:16:49 [INFO] <KERNEL> Handling comm_msg message
2020-08-17 15:16:49 [INFO] <KERNEL> Handling comm_msg message
2020-08-17 15:16:49 [INFO] <NULL> In nglview set-coordinates
2020-08-17 15:16:49 [INFO] <KERNEL> Handling comm_msg message
2020-08-17 15:16:49 [INFO] <KERNEL> Handling comm_msg message
2020-08-17 15:16:49 [INFO] <NULL> In nglview set-coordinates
2020-08-17 15:16:49 [INFO] <KERNEL> Handling comm_msg message
2020-08-17 15:16:49 [INFO] <KERNEL> Handling comm_msg message
2020-08-17 15:16:49 [INFO] <NULL> In nglview set-coordinates
2020-08-17 15:16:49 [INFO] <KERNEL> Handling comm_msg message
2020-08-17 15:16:49 [INFO] <KERNEL> Handling comm_msg message
2020-08-17 15:16:49 [INFO] <NULL> In nglview set-coordinates
2020-08-17 15:16:49 [INFO] <KERNEL> Handling comm_msg message
2020-08-17 15:16:49 [INFO] <KERNEL> Handling comm_msg message
2020-08-17 15:16:50 [INFO] <NULL> In nglview set-coordinates
2020-08-17 15:16:50 [INFO] <KERNEL> Handling comm_msg message
2020-08-17 15:16:50 [INFO] <KERNEL> Handling comm_msg message
2020-08-17 15:16:50 [INFO] <NULL> In nglview set-coordinates
2020-08-17 15:16:50 [INFO] <KERNEL> Handling comm_msg message
2020-08-17 15:16:50 [INFO] <KERNEL> Handling comm_msg message
2020-08-17 15:16:50 [INFO] <NULL> In nglview set-coordinates
2020-08-17 15:16:50 [INFO] <KERNEL> Handling comm_msg message
2020-08-17 15:16:50 [INFO] <KERNEL> Handling comm_msg message
2020-08-17 15:16:50 [INFO] <NULL> In nglview set-coordinates
2020-08-17 15:16:50 [INFO] <KERNEL> Handling comm_msg message
2020-08-17 15:16:50 [INFO] <KERNEL> Handling comm_msg message
2020-08-17 15:16:50 [INFO] <NULL> In nglview set-coordinates
2020-08-17 15:16:51 [INFO] <KERNEL> Handling comm_msg message
2020-08-17 15:16:51 [INFO] <KERNEL> Handling comm_msg message
2020-08-17 15:16:51 [INFO] <NULL> In nglview set-coordinates
2020-08-17 15:16:51 [INFO] <KERNEL> Handling comm_msg message
2020-08-17 15:16:51 [INFO] <KERNEL> Handling comm_msg message
2020-08-17 15:16:51 [INFO] <NULL> In nglview set-coordinates
2020-08-17 15:16:51 [INFO] <KERNEL> Handling comm_msg message
2020-08-17 15:16:51 [INFO] <KERNEL> Handling comm_msg message
2020-08-17 15:16:51 [INFO] <NULL> In nglview set-coordinates
2020-08-17 15:16:51 [INFO] <KERNEL> Handling comm_msg message
2020-08-17 15:16:51 [INFO] <KERNEL> Handling comm_msg message
2020-08-17 15:16:55 [INFO] <KERNEL> Handling comm_msg message
2020-08-17 15:16:56 [INFO] <KERNEL> Handling comm_msg message
2020-08-17 15:16:56 [INFO] <KERNEL> Handling comm_msg message
2020-08-17 15:16:56 [INFO] <KERNEL> Handling comm_msg message
2020-08-17 15:17:01 [INFO] <KERNEL> Handling execute_request message
2020-08-17 15:17:01 [INFO] <NGLWIDGET> entered %remote-call removeAllRepresentations
2020-08-17 15:17:01 [INFO] <NULL> About to make-remote-call-callback remote-call-add
2020-08-17 15:17:01 [INFO] <NULL> enqueing remote-call #<REMOTE-CALL-CALLBACK removeAllRepresentations remote-call-add>
2020-08-17 15:17:01 [INFO] <NULL> remote-call-add #<REMOTE-CALL-CALLBACK removeAllRepresentations remote-call-add>
2020-08-17 15:17:01 [INFO] <NULL> About to make-remote-call-callback after-loaded
2020-08-17 15:17:01 [INFO] <NULL> leaving %remote-call removeAllRepresentations
2020-08-17 15:17:01 [INFO] <KERNEL> Handling comm_msg message
2020-08-17 15:17:01 [INFO] <NGLWIDGET> Handling custom message request_repr_dict
2020-08-17 15:17:01 [INFO] <KERNEL> Handling comm_msg message
2020-08-17 15:17:01 [INFO] <NGLWIDGET> Handling custom message request_repr_dict
2020-08-17 15:17:01 [INFO] <KERNEL> Handling comm_msg message
2020-08-17 15:17:01 [INFO] <NGLWIDGET> Handling custom message request_repr_dict
2020-08-17 15:17:03 [INFO] <KERNEL> Handling execute_request message
2020-08-17 15:17:03 [INFO] <NGLWIDGET> entered %remote-call addRepresentation
2020-08-17 15:17:03 [INFO] <NULL> About to make-remote-call-callback remote-call-add
2020-08-17 15:17:03 [INFO] <NULL> enqueing remote-call #<REMOTE-CALL-CALLBACK addRepresentation remote-call-add>
2020-08-17 15:17:03 [INFO] <NULL> remote-call-add #<REMOTE-CALL-CALLBACK addRepresentation remote-call-add>
2020-08-17 15:17:03 [INFO] <NULL> About to make-remote-call-callback after-loaded
2020-08-17 15:17:03 [INFO] <NULL> leaving %remote-call addRepresentation
2020-08-17 15:17:03 [INFO] <KERNEL> Handling comm_msg message
2020-08-17 15:17:03 [INFO] <NGLWIDGET> Handling custom message request_repr_dict
2020-08-17 15:17:06 [INFO] <KERNEL> Handling execute_request message
2020-08-17 15:17:06 [INFO] <NGLWIDGET> entered %remote-call addRepresentation
2020-08-17 15:17:06 [INFO] <NULL> About to make-remote-call-callback remote-call-add
2020-08-17 15:17:06 [INFO] <NULL> enqueing remote-call #<REMOTE-CALL-CALLBACK addRepresentation remote-call-add>
2020-08-17 15:17:06 [INFO] <NULL> remote-call-add #<REMOTE-CALL-CALLBACK addRepresentation remote-call-add>
2020-08-17 15:17:06 [INFO] <NULL> About to make-remote-call-callback after-loaded
2020-08-17 15:17:06 [INFO] <NULL> leaving %remote-call addRepresentation
2020-08-17 15:17:06 [INFO] <KERNEL> Handling comm_msg message
2020-08-17 15:17:06 [INFO] <NGLWIDGET> Handling custom message request_repr_dict
2020-08-17 15:17:11 [INFO] <KERNEL> Handling execute_request message
2020-08-17 15:17:11 [INFO] <NGLWIDGET> entered %remote-call removeAllRepresentations
2020-08-17 15:17:11 [INFO] <NULL> About to make-remote-call-callback remote-call-add
2020-08-17 15:17:11 [INFO] <NULL> enqueing remote-call #<REMOTE-CALL-CALLBACK removeAllRepresentations remote-call-add>
2020-08-17 15:17:11 [INFO] <NULL> remote-call-add #<REMOTE-CALL-CALLBACK removeAllRepresentations remote-call-add>
2020-08-17 15:17:11 [INFO] <NULL> About to make-remote-call-callback after-loaded
2020-08-17 15:17:11 [INFO] <NULL> leaving %remote-call removeAllRepresentations
2020-08-17 15:17:11 [INFO] <KERNEL> Handling comm_msg message
2020-08-17 15:17:11 [INFO] <NGLWIDGET> Handling custom message request_repr_dict
2020-08-17 15:17:11 [INFO] <KERNEL> Handling comm_msg message
2020-08-17 15:17:11 [INFO] <NGLWIDGET> Handling custom message request_repr_dict
2020-08-17 15:17:14 [INFO] <KERNEL> Handling execute_request message
2020-08-17 15:17:14 [INFO] <NGLWIDGET> entered %remote-call addRepresentation
2020-08-17 15:17:14 [INFO] <NULL> About to make-remote-call-callback remote-call-add
2020-08-17 15:17:14 [INFO] <NULL> enqueing remote-call #<REMOTE-CALL-CALLBACK addRepresentation remote-call-add>
2020-08-17 15:17:14 [INFO] <NULL> remote-call-add #<REMOTE-CALL-CALLBACK addRepresentation remote-call-add>
2020-08-17 15:17:14 [INFO] <NULL> About to make-remote-call-callback after-loaded
2020-08-17 15:17:14 [INFO] <NULL> leaving %remote-call addRepresentation
2020-08-17 15:17:14 [INFO] <KERNEL> Handling comm_msg message
2020-08-17 15:17:14 [INFO] <NGLWIDGET> Handling custom message request_repr_dict
2020-08-17 15:17:16 [INFO] <KERNEL> Handling comm_msg message
2020-08-17 15:17:16 [INFO] <KERNEL> Handling comm_msg message
2020-08-17 15:17:16 [INFO] <KERNEL> Handling comm_msg message
2020-08-17 15:17:16 [INFO] <KERNEL> Handling comm_msg message
2020-08-17 15:17:16 [INFO] <KERNEL> Handling comm_msg message
2020-08-17 15:17:16 [INFO] <KERNEL> Handling comm_msg message
2020-08-17 15:17:17 [INFO] <KERNEL> Handling comm_msg message
2020-08-17 15:17:17 [INFO] <KERNEL> Handling comm_msg message
2020-08-17 15:17:17 [INFO] <KERNEL> Handling comm_msg message
2020-08-17 15:17:17 [INFO] <KERNEL> Handling comm_msg message
2020-08-17 15:17:17 [INFO] <KERNEL> Handling comm_msg message
2020-08-17 15:17:17 [INFO] <KERNEL> Handling comm_msg message
2020-08-17 15:17:17 [INFO] <KERNEL> Handling comm_msg message
2020-08-17 15:17:17 [INFO] <KERNEL> Handling comm_msg message
2020-08-17 15:17:17 [INFO] <KERNEL> Handling comm_msg message
2020-08-17 15:17:17 [INFO] <KERNEL> Handling comm_msg message
2020-08-17 15:17:17 [INFO] <KERNEL> Handling comm_msg message
2020-08-17 15:17:17 [INFO] <KERNEL> Handling comm_msg message
2020-08-17 15:17:17 [INFO] <KERNEL> Handling comm_msg message
2020-08-17 15:17:17 [INFO] <KERNEL> Handling comm_msg message
2020-08-17 15:17:17 [INFO] <KERNEL> Handling comm_msg message
2020-08-17 15:17:17 [INFO] <KERNEL> Handling comm_msg message
2020-08-17 15:17:17 [INFO] <KERNEL> Handling comm_msg message
2020-08-17 15:17:17 [INFO] <KERNEL> Handling comm_msg message
2020-08-17 15:17:17 [INFO] <KERNEL> Handling comm_msg message
2020-08-17 15:17:17 [INFO] <KERNEL> Handling comm_msg message
2020-08-17 15:17:17 [INFO] <KERNEL> Handling comm_msg message
2020-08-17 15:17:17 [INFO] <KERNEL> Handling comm_msg message
2020-08-17 15:17:17 [INFO] <KERNEL> Handling comm_msg message
2020-08-17 15:17:17 [INFO] <KERNEL> Handling comm_msg message
2020-08-17 15:17:17 [INFO] <KERNEL> Handling comm_msg message
2020-08-17 15:17:17 [INFO] <KERNEL> Handling comm_msg message
2020-08-17 15:17:17 [INFO] <KERNEL> Handling comm_msg message
2020-08-17 15:17:18 [INFO] <KERNEL> Handling comm_msg message
2020-08-17 15:17:18 [INFO] <KERNEL> Handling comm_msg message
2020-08-17 15:17:18 [INFO] <KERNEL> Handling comm_msg message
2020-08-17 15:17:18 [INFO] <KERNEL> Handling comm_msg message
2020-08-17 15:17:18 [INFO] <KERNEL> Handling comm_msg message
2020-08-17 15:17:18 [INFO] <KERNEL> Handling comm_msg message
2020-08-17 15:17:18 [INFO] <KERNEL> Handling comm_msg message
2020-08-17 15:17:18 [INFO] <KERNEL> Handling comm_msg message
2020-08-17 15:17:18 [INFO] <KERNEL> Handling comm_msg message
2020-08-17 15:17:18 [INFO] <KERNEL> Handling comm_msg message
2020-08-17 15:17:18 [INFO] <KERNEL> Handling comm_msg message
2020-08-17 15:17:18 [INFO] <KERNEL> Handling comm_msg message
2020-08-17 15:17:18 [INFO] <KERNEL> Handling comm_msg message
2020-08-17 15:17:18 [INFO] <KERNEL> Handling comm_msg message
2020-08-17 15:17:18 [INFO] <KERNEL> Handling comm_msg message
2020-08-17 15:17:18 [INFO] <KERNEL> Handling comm_msg message
2020-08-17 15:17:18 [INFO] <KERNEL> Handling comm_msg message
2020-08-17 15:17:18 [INFO] <KERNEL> Handling comm_msg message
2020-08-17 15:17:18 [INFO] <KERNEL> Handling comm_msg message
2020-08-17 15:17:18 [INFO] <KERNEL> Handling comm_msg message
2020-08-17 15:17:18 [INFO] <KERNEL> Handling comm_msg message
2020-08-17 15:17:18 [INFO] <KERNEL> Handling comm_msg message
2020-08-17 15:17:18 [INFO] <KERNEL> Handling comm_msg message
2020-08-17 15:17:18 [INFO] <KERNEL> Handling comm_msg message
2020-08-17 15:17:18 [INFO] <KERNEL> Handling comm_msg message
2020-08-17 15:17:18 [INFO] <KERNEL> Handling comm_msg message
2020-08-17 15:17:18 [INFO] <KERNEL> Handling comm_msg message
2020-08-17 15:17:18 [INFO] <KERNEL> Handling comm_msg message
2020-08-17 15:17:18 [INFO] <KERNEL> Handling comm_msg message
2020-08-17 15:17:19 [INFO] <KERNEL> Handling comm_msg message
2020-08-17 15:17:19 [INFO] <KERNEL> Handling comm_msg message
2020-08-17 15:17:19 [INFO] <KERNEL> Handling comm_msg message
2020-08-17 15:17:19 [INFO] <KERNEL> Handling comm_msg message
2020-08-17 15:17:19 [INFO] <KERNEL> Handling comm_msg message
2020-08-17 15:17:19 [INFO] <KERNEL> Handling comm_msg message
2020-08-17 15:17:19 [INFO] <KERNEL> Handling comm_msg message
2020-08-17 15:17:19 [INFO] <KERNEL> Handling comm_msg message
2020-08-17 15:17:19 [INFO] <KERNEL> Handling comm_msg message
2020-08-17 15:17:19 [INFO] <KERNEL> Handling comm_msg message
2020-08-17 15:17:19 [INFO] <KERNEL> Handling comm_msg message
2020-08-17 15:17:19 [INFO] <KERNEL> Handling comm_msg message
2020-08-17 15:17:19 [INFO] <KERNEL> Handling comm_msg message
2020-08-17 15:17:19 [INFO] <KERNEL> Handling comm_msg message
2020-08-17 15:17:19 [INFO] <KERNEL> Handling comm_msg message
2020-08-17 15:17:19 [INFO] <KERNEL> Handling comm_msg message
2020-08-17 15:17:19 [INFO] <KERNEL> Handling comm_msg message
2020-08-17 15:17:19 [INFO] <KERNEL> Handling comm_msg message
2020-08-17 15:17:19 [INFO] <KERNEL> Handling comm_msg message
2020-08-17 15:17:19 [INFO] <KERNEL> Handling comm_msg message
2020-08-17 15:17:19 [INFO] <KERNEL> Handling comm_msg message
2020-08-17 15:17:19 [INFO] <KERNEL> Handling comm_msg message
2020-08-17 15:17:21 [INFO] <KERNEL> Handling comm_msg message
2020-08-17 15:17:21 [INFO] <KERNEL> Handling comm_msg message
2020-08-17 15:17:21 [INFO] <KERNEL> Handling comm_msg message
2020-08-17 15:17:21 [INFO] <KERNEL> Handling comm_msg message
2020-08-17 15:17:21 [INFO] <KERNEL> Handling comm_msg message
2020-08-17 15:17:22 [INFO] <KERNEL> Handling comm_msg message
2020-08-17 15:17:22 [INFO] <KERNEL> Handling comm_msg message
2020-08-17 15:17:22 [INFO] <KERNEL> Handling comm_msg message
2020-08-17 15:17:22 [INFO] <KERNEL> Handling comm_msg message
2020-08-17 15:17:22 [INFO] <KERNEL> Handling comm_msg message
2020-08-17 15:17:22 [INFO] <KERNEL> Handling comm_msg message
2020-08-17 15:17:23 [INFO] <KERNEL> Handling comm_msg message
2020-08-17 15:17:23 [INFO] <KERNEL> Handling comm_msg message
2020-08-17 15:17:23 [INFO] <KERNEL> Handling comm_msg message
2020-08-17 15:17:23 [INFO] <KERNEL> Handling comm_msg message
2020-08-17 15:17:23 [INFO] <KERNEL> Handling comm_msg message
2020-08-17 15:17:23 [INFO] <KERNEL> Handling comm_msg message
2020-08-17 15:17:23 [INFO] <KERNEL> Handling comm_msg message
2020-08-17 15:17:23 [INFO] <KERNEL> Handling comm_msg message
2020-08-17 15:17:23 [INFO] <KERNEL> Handling comm_msg message
2020-08-17 15:17:23 [INFO] <KERNEL> Handling comm_msg message
2020-08-17 15:17:24 [INFO] <KERNEL> Handling comm_msg message
2020-08-17 15:17:24 [INFO] <KERNEL> Handling comm_msg message
2020-08-17 15:17:24 [INFO] <KERNEL> Handling comm_msg message
2020-08-17 15:17:24 [INFO] <KERNEL> Handling comm_msg message
2020-08-17 15:17:24 [INFO] <KERNEL> Handling comm_msg message
2020-08-17 15:17:24 [INFO] <KERNEL> Handling comm_msg message
2020-08-17 15:17:24 [INFO] <KERNEL> Handling comm_msg message
2020-08-17 15:17:25 [INFO] <KERNEL> Handling comm_msg message
2020-08-17 15:17:25 [INFO] <KERNEL> Handling comm_msg message
2020-08-17 15:17:25 [INFO] <KERNEL> Handling comm_msg message
2020-08-17 15:17:25 [INFO] <KERNEL> Handling comm_msg message
2020-08-17 15:17:25 [INFO] <KERNEL> Handling comm_msg message
2020-08-17 15:17:25 [INFO] <KERNEL> Handling comm_msg message
2020-08-17 15:17:25 [INFO] <KERNEL> Handling comm_msg message
2020-08-17 15:17:26 [INFO] <KERNEL> Handling comm_msg message
2020-08-17 15:17:26 [INFO] <KERNEL> Handling comm_msg message
2020-08-17 15:17:26 [INFO] <KERNEL> Handling comm_msg message
2020-08-17 15:17:26 [INFO] <KERNEL> Handling comm_msg message
2020-08-17 15:17:26 [INFO] <KERNEL> Handling comm_msg message
2020-08-17 15:17:27 [INFO] <KERNEL> Handling comm_msg message
2020-08-17 15:17:27 [INFO] <KERNEL> Handling comm_msg message
2020-08-17 15:17:27 [INFO] <KERNEL> Handling comm_msg message
2020-08-17 15:17:27 [INFO] <KERNEL> Handling comm_msg message
2020-08-17 15:17:27 [INFO] <KERNEL> Handling comm_msg message
2020-08-17 15:17:27 [INFO] <KERNEL> Handling comm_msg message
2020-08-17 15:17:27 [INFO] <KERNEL> Handling comm_msg message
2020-08-17 15:17:27 [INFO] <KERNEL> Handling comm_msg message
2020-08-17 15:17:27 [INFO] <KERNEL> Handling comm_msg message
2020-08-17 15:17:27 [INFO] <KERNEL> Handling comm_msg message
2020-08-17 15:17:27 [INFO] <KERNEL> Handling comm_msg message
2020-08-17 15:17:27 [INFO] <KERNEL> Handling comm_msg message
2020-08-17 15:17:27 [INFO] <KERNEL> Handling comm_msg message
2020-08-17 15:17:27 [INFO] <KERNEL> Handling comm_msg message
2020-08-17 15:17:27 [INFO] <KERNEL> Handling comm_msg message
2020-08-17 15:17:27 [INFO] <KERNEL> Handling comm_msg message
2020-08-17 15:17:27 [INFO] <KERNEL> Handling comm_msg message
2020-08-17 15:17:27 [INFO] <KERNEL> Handling comm_msg message
2020-08-17 15:17:27 [INFO] <KERNEL> Handling comm_msg message
2020-08-17 15:17:27 [INFO] <KERNEL> Handling comm_msg message
2020-08-17 15:17:27 [INFO] <KERNEL> Handling comm_msg message
2020-08-17 15:17:27 [INFO] <KERNEL> Handling comm_msg message
2020-08-17 15:17:27 [INFO] <KERNEL> Handling comm_msg message
2020-08-17 15:17:27 [INFO] <KERNEL> Handling comm_msg message
2020-08-17 15:17:27 [INFO] <KERNEL> Handling comm_msg message
2020-08-17 15:17:27 [INFO] <KERNEL> Handling comm_msg message
2020-08-17 15:17:27 [INFO] <KERNEL> Handling comm_msg message
2020-08-17 15:17:28 [INFO] <KERNEL> Handling comm_msg message
2020-08-17 15:17:28 [INFO] <KERNEL> Handling comm_msg message
2020-08-17 15:17:28 [INFO] <KERNEL> Handling comm_msg message
2020-08-17 15:17:28 [INFO] <KERNEL> Handling comm_msg message
2020-08-17 15:17:28 [INFO] <KERNEL> Handling comm_msg message
2020-08-17 15:17:28 [INFO] <KERNEL> Handling comm_msg message
2020-08-17 15:17:28 [INFO] <KERNEL> Handling comm_msg message
2020-08-17 15:17:28 [INFO] <KERNEL> Handling comm_msg message
2020-08-17 15:17:28 [INFO] <KERNEL> Handling comm_msg message
2020-08-17 15:17:28 [INFO] <KERNEL> Handling comm_msg message
2020-08-17 15:17:28 [INFO] <KERNEL> Handling comm_msg message
2020-08-17 15:17:28 [INFO] <KERNEL> Handling comm_msg message
2020-08-17 15:17:28 [INFO] <KERNEL> Handling comm_msg message
2020-08-17 15:17:28 [INFO] <KERNEL> Handling comm_msg message
2020-08-17 15:17:28 [INFO] <KERNEL> Handling comm_msg message
2020-08-17 15:17:28 [INFO] <KERNEL> Handling comm_msg message
2020-08-17 15:17:28 [INFO] <KERNEL> Handling comm_msg message
2020-08-17 15:17:28 [INFO] <KERNEL> Handling comm_msg message
2020-08-17 15:17:28 [INFO] <KERNEL> Handling comm_msg message
2020-08-17 15:17:28 [INFO] <KERNEL> Handling comm_msg message
2020-08-17 15:17:28 [INFO] <KERNEL> Handling comm_msg message
2020-08-17 15:17:28 [INFO] <KERNEL> Handling comm_msg message
2020-08-17 15:17:28 [INFO] <KERNEL> Handling comm_msg message
2020-08-17 15:17:28 [INFO] <KERNEL> Handling comm_msg message
2020-08-17 15:17:28 [INFO] <KERNEL> Handling comm_msg message
2020-08-17 15:17:29 [INFO] <KERNEL> Handling comm_msg message
2020-08-17 15:17:29 [INFO] <KERNEL> Handling comm_msg message
2020-08-17 15:17:29 [INFO] <KERNEL> Handling comm_msg message
2020-08-17 15:17:29 [INFO] <KERNEL> Handling comm_msg message
2020-08-17 15:17:29 [INFO] <KERNEL> Handling comm_msg message
2020-08-17 15:17:29 [INFO] <KERNEL> Handling comm_msg message
2020-08-17 15:17:29 [INFO] <KERNEL> Handling comm_msg message
2020-08-17 15:17:29 [INFO] <KERNEL> Handling comm_msg message
2020-08-17 15:17:29 [INFO] <KERNEL> Handling comm_msg message
2020-08-17 15:17:29 [INFO] <KERNEL> Handling comm_msg message
2020-08-17 15:17:29 [INFO] <KERNEL> Handling comm_msg message
2020-08-17 15:17:29 [INFO] <KERNEL> Handling comm_msg message
2020-08-17 15:17:29 [INFO] <KERNEL> Handling comm_msg message
2020-08-17 15:17:29 [INFO] <KERNEL> Handling comm_msg message
2020-08-17 15:17:29 [INFO] <KERNEL> Handling comm_msg message
2020-08-17 15:17:29 [INFO] <KERNEL> Handling comm_msg message
2020-08-17 15:17:29 [INFO] <KERNEL> Handling comm_msg message
2020-08-17 15:17:29 [INFO] <KERNEL> Handling comm_msg message
2020-08-17 15:17:29 [INFO] <KERNEL> Handling comm_msg message
2020-08-17 15:17:29 [INFO] <KERNEL> Handling comm_msg message
2020-08-17 15:17:29 [INFO] <KERNEL> Handling comm_msg message
2020-08-17 15:17:29 [INFO] <KERNEL> Handling comm_msg message
2020-08-17 15:17:29 [INFO] <KERNEL> Handling comm_msg message
2020-08-17 15:17:29 [INFO] <KERNEL> Handling comm_msg message
2020-08-17 15:17:29 [INFO] <KERNEL> Handling comm_msg message
2020-08-17 15:17:29 [INFO] <KERNEL> Handling comm_msg message
2020-08-17 15:17:30 [INFO] <KERNEL> Handling comm_msg message
2020-08-17 15:17:30 [INFO] <KERNEL> Handling comm_msg message
2020-08-17 15:17:30 [INFO] <KERNEL> Handling comm_msg message
2020-08-17 15:17:30 [INFO] <KERNEL> Handling comm_msg message
2020-08-17 15:17:30 [INFO] <KERNEL> Handling comm_msg message
2020-08-17 15:17:30 [INFO] <KERNEL> Handling comm_msg message
2020-08-17 15:17:30 [INFO] <KERNEL> Handling comm_msg message
2020-08-17 15:17:30 [INFO] <KERNEL> Handling comm_msg message
2020-08-17 15:17:30 [INFO] <KERNEL> Handling comm_msg message
2020-08-17 15:17:30 [INFO] <KERNEL> Handling comm_msg message
2020-08-17 15:17:30 [INFO] <KERNEL> Handling comm_msg message
2020-08-17 15:17:30 [INFO] <KERNEL> Handling comm_msg message
2020-08-17 15:17:30 [INFO] <KERNEL> Handling comm_msg message
2020-08-17 15:17:30 [INFO] <KERNEL> Handling comm_msg message
2020-08-17 15:17:30 [INFO] <KERNEL> Handling comm_msg message
2020-08-17 15:17:30 [INFO] <KERNEL> Handling comm_msg message
2020-08-17 15:17:30 [INFO] <KERNEL> Handling comm_msg message
2020-08-17 15:17:30 [INFO] <KERNEL> Handling comm_msg message
2020-08-17 15:17:30 [INFO] <KERNEL> Handling comm_msg message
2020-08-17 15:17:30 [INFO] <KERNEL> Handling comm_msg message
2020-08-17 15:17:30 [INFO] <KERNEL> Handling comm_msg message
2020-08-17 15:17:30 [INFO] <KERNEL> Handling comm_msg message
2020-08-17 15:17:30 [INFO] <KERNEL> Handling comm_msg message
2020-08-17 15:17:30 [INFO] <KERNEL> Handling comm_msg message
2020-08-17 15:17:31 [INFO] <KERNEL> Handling comm_msg message
2020-08-17 15:17:31 [INFO] <KERNEL> Handling comm_msg message
2020-08-17 15:17:31 [INFO] <KERNEL> Handling comm_msg message
2020-08-17 15:17:31 [INFO] <KERNEL> Handling comm_msg message
2020-08-17 15:17:31 [INFO] <KERNEL> Handling comm_msg message
2020-08-17 15:17:31 [INFO] <KERNEL> Handling comm_msg message
2020-08-17 15:17:31 [INFO] <KERNEL> Handling comm_msg message
2020-08-17 15:17:31 [INFO] <KERNEL> Handling comm_msg message
2020-08-17 15:17:31 [INFO] <KERNEL> Handling comm_msg message
2020-08-17 15:17:31 [INFO] <KERNEL> Handling comm_msg message
2020-08-17 15:17:31 [INFO] <KERNEL> Handling comm_msg message
2020-08-17 15:17:31 [INFO] <KERNEL> Handling comm_msg message
2020-08-17 15:17:32 [INFO] <KERNEL> Handling comm_msg message
2020-08-17 15:17:32 [INFO] <KERNEL> Handling comm_msg message
2020-08-17 15:17:32 [INFO] <KERNEL> Handling comm_msg message
2020-08-17 15:17:32 [INFO] <KERNEL> Handling comm_msg message
2020-08-17 15:17:32 [INFO] <KERNEL> Handling comm_msg message
2020-08-17 15:17:32 [INFO] <KERNEL> Handling comm_msg message
2020-08-17 15:17:32 [INFO] <KERNEL> Handling comm_msg message
2020-08-17 15:17:32 [INFO] <KERNEL> Handling comm_msg message
2020-08-17 15:17:32 [INFO] <KERNEL> Handling comm_msg message
2020-08-17 15:17:32 [INFO] <KERNEL> Handling comm_msg message
2020-08-17 15:17:32 [INFO] <KERNEL> Handling comm_msg message
2020-08-17 15:17:32 [INFO] <KERNEL> Handling comm_msg message
2020-08-17 15:17:32 [INFO] <KERNEL> Handling comm_msg message
2020-08-17 15:17:32 [INFO] <KERNEL> Handling comm_msg message
2020-08-17 15:17:32 [INFO] <KERNEL> Handling comm_msg message
2020-08-17 15:17:32 [INFO] <KERNEL> Handling comm_msg message
2020-08-17 15:17:32 [INFO] <KERNEL> Handling comm_msg message
2020-08-17 15:17:32 [INFO] <KERNEL> Handling comm_msg message
2020-08-17 15:17:32 [INFO] <KERNEL> Handling comm_msg message
2020-08-17 15:17:32 [INFO] <KERNEL> Handling comm_msg message
2020-08-17 15:17:33 [INFO] <KERNEL> Handling comm_msg message
2020-08-17 15:17:33 [INFO] <KERNEL> Handling comm_msg message
2020-08-17 15:17:33 [INFO] <KERNEL> Handling comm_msg message
2020-08-17 15:17:34 [INFO] <KERNEL> Handling comm_msg message
2020-08-17 15:17:34 [INFO] <KERNEL> Handling comm_msg message
2020-08-17 15:17:34 [INFO] <KERNEL> Handling comm_msg message
2020-08-17 15:17:34 [INFO] <KERNEL> Handling comm_msg message
2020-08-17 15:17:34 [INFO] <KERNEL> Handling comm_msg message
2020-08-17 15:17:34 [INFO] <KERNEL> Handling comm_msg message
2020-08-17 15:17:34 [INFO] <KERNEL> Handling comm_msg message
2020-08-17 15:17:34 [INFO] <KERNEL> Handling comm_msg message
2020-08-17 15:17:34 [INFO] <KERNEL> Handling comm_msg message
2020-08-17 15:17:34 [INFO] <KERNEL> Handling comm_msg message
2020-08-17 15:17:34 [INFO] <KERNEL> Handling comm_msg message
2020-08-17 15:17:34 [INFO] <KERNEL> Handling comm_msg message
2020-08-17 15:17:34 [INFO] <KERNEL> Handling comm_msg message
2020-08-17 15:17:34 [INFO] <KERNEL> Handling comm_msg message
2020-08-17 15:17:34 [INFO] <KERNEL> Handling comm_msg message
2020-08-17 15:17:34 [INFO] <KERNEL> Handling comm_msg message
2020-08-17 15:17:34 [INFO] <KERNEL> Handling comm_msg message
2020-08-17 15:17:34 [INFO] <KERNEL> Handling comm_msg message
2020-08-17 15:17:34 [INFO] <KERNEL> Handling comm_msg message
2020-08-17 15:17:34 [INFO] <KERNEL> Handling comm_msg message
2020-08-17 15:17:35 [INFO] <KERNEL> Handling comm_msg message
2020-08-17 15:17:35 [INFO] <KERNEL> Handling comm_msg message
2020-08-17 15:17:35 [INFO] <KERNEL> Handling comm_msg message
2020-08-17 15:17:35 [INFO] <KERNEL> Handling comm_msg message
2020-08-17 15:17:35 [INFO] <KERNEL> Handling comm_msg message
2020-08-17 15:17:35 [INFO] <KERNEL> Handling comm_msg message
2020-08-17 15:17:35 [INFO] <KERNEL> Handling comm_msg message
2020-08-17 15:17:35 [INFO] <KERNEL> Handling comm_msg message
2020-08-17 15:17:35 [INFO] <KERNEL> Handling comm_msg message
2020-08-17 15:17:35 [INFO] <KERNEL> Handling comm_msg message
2020-08-17 15:17:35 [INFO] <KERNEL> Handling comm_msg message
2020-08-17 15:17:35 [INFO] <KERNEL> Handling comm_msg message
2020-08-17 15:17:35 [INFO] <KERNEL> Handling comm_msg message
2020-08-17 15:17:35 [INFO] <KERNEL> Handling comm_msg message
2020-08-17 15:17:35 [INFO] <KERNEL> Handling comm_msg message
2020-08-17 15:17:35 [INFO] <KERNEL> Handling comm_msg message
2020-08-17 15:17:35 [INFO] <KERNEL> Handling comm_msg message
2020-08-17 15:17:35 [INFO] <KERNEL> Handling comm_msg message
2020-08-17 15:17:35 [INFO] <KERNEL> Handling comm_msg message
2020-08-17 15:17:35 [INFO] <KERNEL> Handling comm_msg message
2020-08-17 15:17:35 [INFO] <KERNEL> Handling comm_msg message
2020-08-17 15:17:35 [INFO] <KERNEL> Handling comm_msg message
2020-08-17 15:17:35 [INFO] <KERNEL> Handling comm_msg message
2020-08-17 15:17:36 [INFO] <KERNEL> Handling comm_msg message
2020-08-17 15:17:36 [INFO] <KERNEL> Handling comm_msg message
2020-08-17 15:17:36 [INFO] <KERNEL> Handling comm_msg message
2020-08-17 15:17:36 [INFO] <KERNEL> Handling comm_msg message
2020-08-17 15:17:36 [INFO] <KERNEL> Handling comm_msg message
2020-08-17 15:17:37 [INFO] <KERNEL> Handling comm_msg message
2020-08-17 15:17:37 [INFO] <KERNEL> Handling comm_msg message
2020-08-17 15:17:37 [INFO] <KERNEL> Handling comm_msg message
2020-08-17 15:17:37 [INFO] <KERNEL> Handling comm_msg message
2020-08-17 15:17:37 [INFO] <KERNEL> Handling comm_msg message
2020-08-17 15:17:38 [INFO] <KERNEL> Handling comm_msg message
2020-08-17 15:17:38 [INFO] <KERNEL> Handling comm_msg message
2020-08-17 15:17:38 [INFO] <KERNEL> Handling comm_msg message
2020-08-17 15:17:38 [INFO] <KERNEL> Handling comm_msg message
2020-08-17 15:17:38 [INFO] <KERNEL> Handling comm_msg message
2020-08-17 15:17:38 [INFO] <KERNEL> Handling comm_msg message
2020-08-17 15:17:39 [INFO] <KERNEL> Handling comm_msg message
2020-08-17 15:17:39 [INFO] <KERNEL> Handling comm_msg message
2020-08-17 15:17:39 [INFO] <KERNEL> Handling comm_msg message
2020-08-17 15:17:42 [INFO] <KERNEL> Handling execute_request message
2020-08-17 15:17:42 [INFO] <NGLWIDGET> entered %remote-call removeAllRepresentations
2020-08-17 15:17:42 [INFO] <NULL> About to make-remote-call-callback remote-call-add
2020-08-17 15:17:42 [INFO] <NULL> enqueing remote-call #<REMOTE-CALL-CALLBACK removeAllRepresentations remote-call-add>
2020-08-17 15:17:42 [INFO] <NULL> remote-call-add #<REMOTE-CALL-CALLBACK removeAllRepresentations remote-call-add>
2020-08-17 15:17:42 [INFO] <NULL> About to make-remote-call-callback after-loaded
2020-08-17 15:17:42 [INFO] <NULL> leaving %remote-call removeAllRepresentations
2020-08-17 15:17:42 [INFO] <KERNEL> Handling comm_msg message
2020-08-17 15:17:42 [INFO] <NGLWIDGET> Handling custom message request_repr_dict
2020-08-17 15:17:45 [INFO] <KERNEL> Handling execute_request message
2020-08-17 15:17:45 [INFO] <NGLWIDGET> entered %remote-call addRepresentation
2020-08-17 15:17:45 [INFO] <NULL> About to make-remote-call-callback remote-call-add
2020-08-17 15:17:45 [INFO] <NULL> enqueing remote-call #<REMOTE-CALL-CALLBACK addRepresentation remote-call-add>
2020-08-17 15:17:45 [INFO] <NULL> remote-call-add #<REMOTE-CALL-CALLBACK addRepresentation remote-call-add>
2020-08-17 15:17:45 [INFO] <NULL> About to make-remote-call-callback after-loaded
2020-08-17 15:17:45 [INFO] <NULL> leaving %remote-call addRepresentation
2020-08-17 15:17:45 [INFO] <KERNEL> Handling comm_msg message
2020-08-17 15:17:45 [INFO] <NGLWIDGET> Handling custom message request_repr_dict
2020-08-17 15:17:48 [INFO] <KERNEL> Handling comm_msg message
2020-08-17 15:17:48 [INFO] <KERNEL> Handling comm_msg message
2020-08-17 15:17:48 [INFO] <KERNEL> Handling comm_msg message
2020-08-17 15:17:48 [INFO] <KERNEL> Handling comm_msg message
2020-08-17 15:17:49 [INFO] <KERNEL> Handling comm_msg message
2020-08-17 15:17:49 [INFO] <KERNEL> Handling comm_msg message
2020-08-17 15:17:49 [INFO] <KERNEL> Handling comm_msg message
2020-08-17 15:17:49 [INFO] <KERNEL> Handling comm_msg message
2020-08-17 15:17:49 [INFO] <KERNEL> Handling comm_msg message
2020-08-17 15:17:49 [INFO] <KERNEL> Handling comm_msg message
2020-08-17 15:17:49 [INFO] <KERNEL> Handling comm_msg message
2020-08-17 15:17:49 [INFO] <KERNEL> Handling comm_msg message
2020-08-17 15:17:49 [INFO] <KERNEL> Handling comm_msg message
2020-08-17 15:17:49 [INFO] <KERNEL> Handling comm_msg message
2020-08-17 15:17:49 [INFO] <KERNEL> Handling comm_msg message
2020-08-17 15:17:49 [INFO] <KERNEL> Handling comm_msg message
2020-08-17 15:17:49 [INFO] <KERNEL> Handling comm_msg message
2020-08-17 15:17:49 [INFO] <KERNEL> Handling comm_msg message
2020-08-17 15:17:49 [INFO] <KERNEL> Handling comm_msg message
2020-08-17 15:17:49 [INFO] <KERNEL> Handling comm_msg message
2020-08-17 15:17:49 [INFO] <KERNEL> Handling comm_msg message
2020-08-17 15:17:49 [INFO] <KERNEL> Handling comm_msg message
2020-08-17 15:17:49 [INFO] <KERNEL> Handling comm_msg message
2020-08-17 15:17:49 [INFO] <KERNEL> Handling comm_msg message
2020-08-17 15:17:49 [INFO] <KERNEL> Handling comm_msg message
2020-08-17 15:17:49 [INFO] <KERNEL> Handling comm_msg message
2020-08-17 15:17:49 [INFO] <KERNEL> Handling comm_msg message
2020-08-17 15:17:49 [INFO] <KERNEL> Handling comm_msg message
2020-08-17 15:17:49 [INFO] <KERNEL> Handling comm_msg message
2020-08-17 15:17:49 [INFO] <KERNEL> Handling comm_msg message
2020-08-17 15:17:49 [INFO] <KERNEL> Handling comm_msg message
2020-08-17 15:17:49 [INFO] <KERNEL> Handling comm_msg message
2020-08-17 15:17:50 [INFO] <KERNEL> Handling comm_msg message
2020-08-17 15:17:50 [INFO] <KERNEL> Handling comm_msg message
2020-08-17 15:17:50 [INFO] <KERNEL> Handling comm_msg message
2020-08-17 15:17:50 [INFO] <KERNEL> Handling comm_msg message
2020-08-17 15:17:50 [INFO] <KERNEL> Handling comm_msg message
2020-08-17 15:17:50 [INFO] <KERNEL> Handling comm_msg message
2020-08-17 15:17:50 [INFO] <KERNEL> Handling comm_msg message
2020-08-17 15:17:50 [INFO] <KERNEL> Handling comm_msg message
2020-08-17 15:17:50 [INFO] <KERNEL> Handling comm_msg message
2020-08-17 15:17:50 [INFO] <KERNEL> Handling comm_msg message
2020-08-17 15:17:50 [INFO] <KERNEL> Handling comm_msg message
2020-08-17 15:17:50 [INFO] <KERNEL> Handling comm_msg message
2020-08-17 15:17:50 [INFO] <KERNEL> Handling comm_msg message
2020-08-17 15:17:50 [INFO] <KERNEL> Handling comm_msg message
2020-08-17 15:17:51 [INFO] <KERNEL> Handling comm_msg message
2020-08-17 15:17:51 [INFO] <KERNEL> Handling comm_msg message
2020-08-17 15:17:51 [INFO] <KERNEL> Handling comm_msg message
2020-08-17 15:17:51 [INFO] <KERNEL> Handling comm_msg message
2020-08-17 15:17:51 [INFO] <KERNEL> Handling comm_msg message
2020-08-17 15:17:51 [INFO] <KERNEL> Handling comm_msg message
2020-08-17 15:17:51 [INFO] <KERNEL> Handling comm_msg message
2020-08-17 15:17:51 [INFO] <KERNEL> Handling comm_msg message
2020-08-17 15:17:51 [INFO] <KERNEL> Handling comm_msg message
2020-08-17 15:17:51 [INFO] <KERNEL> Handling comm_msg message
2020-08-17 15:17:51 [INFO] <KERNEL> Handling comm_msg message
2020-08-17 15:17:51 [INFO] <KERNEL> Handling comm_msg message
2020-08-17 15:17:51 [INFO] <KERNEL> Handling comm_msg message
2020-08-17 15:17:51 [INFO] <KERNEL> Handling comm_msg message
2020-08-17 15:17:51 [INFO] <KERNEL> Handling comm_msg message
2020-08-17 15:17:51 [INFO] <KERNEL> Handling comm_msg message
2020-08-17 15:17:51 [INFO] <KERNEL> Handling comm_msg message
2020-08-17 15:17:51 [INFO] <KERNEL> Handling comm_msg message
2020-08-17 15:17:51 [INFO] <KERNEL> Handling comm_msg message
2020-08-17 15:17:51 [INFO] <KERNEL> Handling comm_msg message
2020-08-17 15:17:51 [INFO] <KERNEL> Handling comm_msg message
2020-08-17 15:17:52 [INFO] <KERNEL> Handling comm_msg message
2020-08-17 15:17:52 [INFO] <KERNEL> Handling comm_msg message
2020-08-17 15:17:52 [INFO] <KERNEL> Handling comm_msg message
2020-08-17 15:17:52 [INFO] <KERNEL> Handling comm_msg message
2020-08-17 15:17:52 [INFO] <KERNEL> Handling comm_msg message
2020-08-17 15:17:52 [INFO] <KERNEL> Handling comm_msg message
2020-08-17 15:17:52 [INFO] <KERNEL> Handling comm_msg message
2020-08-17 15:17:52 [INFO] <KERNEL> Handling comm_msg message
2020-08-17 15:17:52 [INFO] <KERNEL> Handling comm_msg message
2020-08-17 15:17:52 [INFO] <KERNEL> Handling comm_msg message
2020-08-17 15:17:52 [INFO] <KERNEL> Handling comm_msg message
2020-08-17 15:17:52 [INFO] <KERNEL> Handling comm_msg message
2020-08-17 15:17:52 [INFO] <KERNEL> Handling comm_msg message
2020-08-17 15:17:52 [INFO] <KERNEL> Handling comm_msg message
2020-08-17 15:17:52 [INFO] <KERNEL> Handling comm_msg message
2020-08-17 15:17:52 [INFO] <KERNEL> Handling comm_msg message
2020-08-17 15:17:52 [INFO] <KERNEL> Handling comm_msg message
2020-08-17 15:17:52 [INFO] <KERNEL> Handling comm_msg message
2020-08-17 15:17:52 [INFO] <KERNEL> Handling comm_msg message
2020-08-17 15:17:52 [INFO] <KERNEL> Handling comm_msg message
2020-08-17 15:17:52 [INFO] <KERNEL> Handling comm_msg message
2020-08-17 15:17:52 [INFO] <KERNEL> Handling comm_msg message
2020-08-17 15:17:53 [INFO] <KERNEL> Handling comm_msg message
2020-08-17 15:17:53 [INFO] <KERNEL> Handling comm_msg message
2020-08-17 15:17:53 [INFO] <KERNEL> Handling comm_msg message
2020-08-17 15:17:53 [INFO] <KERNEL> Handling comm_msg message
2020-08-17 15:17:53 [INFO] <KERNEL> Handling comm_msg message
2020-08-17 15:17:53 [INFO] <KERNEL> Handling comm_msg message
2020-08-17 15:17:53 [INFO] <KERNEL> Handling comm_msg message
2020-08-17 15:17:53 [INFO] <KERNEL> Handling comm_msg message
2020-08-17 15:17:53 [INFO] <KERNEL> Handling comm_msg message
2020-08-17 15:17:53 [INFO] <KERNEL> Handling comm_msg message
2020-08-17 15:17:53 [INFO] <KERNEL> Handling comm_msg message
2020-08-17 15:17:53 [INFO] <KERNEL> Handling comm_msg message
2020-08-17 15:17:53 [INFO] <KERNEL> Handling comm_msg message
2020-08-17 15:17:53 [INFO] <KERNEL> Handling comm_msg message
2020-08-17 15:17:53 [INFO] <KERNEL> Handling comm_msg message
2020-08-17 15:17:53 [INFO] <KERNEL> Handling comm_msg message
2020-08-17 15:17:53 [INFO] <KERNEL> Handling comm_msg message
2020-08-17 15:17:53 [INFO] <KERNEL> Handling comm_msg message
2020-08-17 15:17:53 [INFO] <KERNEL> Handling comm_msg message
2020-08-17 15:17:53 [INFO] <KERNEL> Handling comm_msg message
2020-08-17 15:17:53 [INFO] <KERNEL> Handling comm_msg message
2020-08-17 15:17:53 [INFO] <KERNEL> Handling comm_msg message
2020-08-17 15:17:53 [INFO] <KERNEL> Handling comm_msg message
2020-08-17 15:17:53 [INFO] <KERNEL> Handling comm_msg message
2020-08-17 15:17:53 [INFO] <KERNEL> Handling comm_msg message
2020-08-17 15:17:53 [INFO] <KERNEL> Handling comm_msg message
2020-08-17 15:17:53 [INFO] <KERNEL> Handling comm_msg message
2020-08-17 15:17:53 [INFO] <KERNEL> Handling comm_msg message
2020-08-17 15:17:54 [INFO] <KERNEL> Handling comm_msg message
2020-08-17 15:17:54 [INFO] <KERNEL> Handling comm_msg message
2020-08-17 15:17:54 [INFO] <KERNEL> Handling comm_msg message
2020-08-17 15:17:54 [INFO] <KERNEL> Handling comm_msg message
2020-08-17 15:17:54 [INFO] <KERNEL> Handling comm_msg message
2020-08-17 15:17:54 [INFO] <KERNEL> Handling comm_msg message
2020-08-17 15:17:54 [INFO] <KERNEL> Handling comm_msg message
2020-08-17 15:17:54 [INFO] <KERNEL> Handling comm_msg message
2020-08-17 15:17:54 [INFO] <KERNEL> Handling comm_msg message
2020-08-17 15:17:54 [INFO] <KERNEL> Handling comm_msg message
2020-08-17 15:17:54 [INFO] <KERNEL> Handling comm_msg message
2020-08-17 15:17:54 [INFO] <KERNEL> Handling comm_msg message
2020-08-17 15:17:54 [INFO] <KERNEL> Handling comm_msg message
2020-08-17 15:17:54 [INFO] <KERNEL> Handling comm_msg message
2020-08-17 15:17:54 [INFO] <KERNEL> Handling comm_msg message
2020-08-17 15:17:55 [INFO] <KERNEL> Handling comm_msg message
2020-08-17 15:17:55 [INFO] <KERNEL> Handling comm_msg message
2020-08-17 15:17:55 [INFO] <KERNEL> Handling comm_msg message
2020-08-17 15:17:55 [INFO] <KERNEL> Handling comm_msg message
2020-08-17 15:17:55 [INFO] <KERNEL> Handling comm_msg message
2020-08-17 15:17:55 [INFO] <KERNEL> Handling comm_msg message
2020-08-17 15:17:55 [INFO] <KERNEL> Handling comm_msg message
2020-08-17 15:17:55 [INFO] <KERNEL> Handling comm_msg message
2020-08-17 15:17:55 [INFO] <KERNEL> Handling comm_msg message
2020-08-17 15:17:55 [INFO] <KERNEL> Handling comm_msg message
2020-08-17 15:17:55 [INFO] <KERNEL> Handling comm_msg message
2020-08-17 15:17:55 [INFO] <KERNEL> Handling comm_msg message
2020-08-17 15:17:55 [INFO] <KERNEL> Handling comm_msg message
2020-08-17 15:17:55 [INFO] <KERNEL> Handling comm_msg message
2020-08-17 15:17:55 [INFO] <KERNEL> Handling comm_msg message
2020-08-17 15:17:55 [INFO] <KERNEL> Handling comm_msg message
2020-08-17 15:17:55 [INFO] <KERNEL> Handling comm_msg message
2020-08-17 15:17:55 [INFO] <KERNEL> Handling comm_msg message
2020-08-17 15:17:55 [INFO] <KERNEL> Handling comm_msg message
2020-08-17 15:17:55 [INFO] <KERNEL> Handling comm_msg message
2020-08-17 15:17:55 [INFO] <KERNEL> Handling comm_msg message
2020-08-17 15:17:55 [INFO] <KERNEL> Handling comm_msg message
2020-08-17 15:17:55 [INFO] <KERNEL> Handling comm_msg message
2020-08-17 15:17:55 [INFO] <KERNEL> Handling comm_msg message
2020-08-17 15:17:55 [INFO] <KERNEL> Handling comm_msg message
2020-08-17 15:17:55 [INFO] <KERNEL> Handling comm_msg message
2020-08-17 15:17:55 [INFO] <KERNEL> Handling comm_msg message
2020-08-17 15:17:55 [INFO] <KERNEL> Handling comm_msg message
2020-08-17 15:17:56 [INFO] <KERNEL> Handling comm_msg message
2020-08-17 15:17:56 [INFO] <KERNEL> Handling comm_msg message
2020-08-17 15:17:56 [INFO] <KERNEL> Handling comm_msg message
2020-08-17 15:17:56 [INFO] <KERNEL> Handling comm_msg message
2020-08-17 15:17:56 [INFO] <KERNEL> Handling comm_msg message
2020-08-17 15:17:56 [INFO] <KERNEL> Handling comm_msg message
2020-08-17 15:17:56 [INFO] <KERNEL> Handling comm_msg message
2020-08-17 15:17:56 [INFO] <KERNEL> Handling comm_msg message
2020-08-17 15:17:56 [INFO] <KERNEL> Handling comm_msg message
2020-08-17 15:17:56 [INFO] <KERNEL> Handling comm_msg message
2020-08-17 15:17:56 [INFO] <KERNEL> Handling comm_msg message
2020-08-17 15:17:56 [INFO] <KERNEL> Handling comm_msg message
2020-08-17 15:17:56 [INFO] <KERNEL> Handling comm_msg message
2020-08-17 15:17:56 [INFO] <KERNEL> Handling comm_msg message
2020-08-17 15:17:57 [INFO] <KERNEL> Handling comm_msg message
2020-08-17 15:17:57 [INFO] <KERNEL> Handling comm_msg message
2020-08-17 15:17:57 [INFO] <KERNEL> Handling comm_msg message
2020-08-17 15:17:57 [INFO] <KERNEL> Handling comm_msg message
2020-08-17 15:17:57 [INFO] <KERNEL> Handling comm_msg message
2020-08-17 15:17:57 [INFO] <KERNEL> Handling comm_msg message
2020-08-17 15:17:57 [INFO] <KERNEL> Handling comm_msg message
2020-08-17 15:17:57 [INFO] <KERNEL> Handling comm_msg message
2020-08-17 15:17:57 [INFO] <KERNEL> Handling comm_msg message
2020-08-17 15:17:57 [INFO] <KERNEL> Handling comm_msg message
2020-08-17 15:17:57 [INFO] <KERNEL> Handling comm_msg message
2020-08-17 15:17:57 [INFO] <KERNEL> Handling comm_msg message
2020-08-17 15:17:57 [INFO] <KERNEL> Handling comm_msg message
2020-08-17 15:17:57 [INFO] <KERNEL> Handling comm_msg message
2020-08-17 15:17:57 [INFO] <KERNEL> Handling comm_msg message
2020-08-17 15:17:57 [INFO] <KERNEL> Handling comm_msg message
2020-08-17 15:17:57 [INFO] <KERNEL> Handling comm_msg message
2020-08-17 15:17:57 [INFO] <KERNEL> Handling comm_msg message
2020-08-17 15:17:58 [INFO] <KERNEL> Handling comm_msg message
2020-08-17 15:17:58 [INFO] <KERNEL> Handling comm_msg message
2020-08-17 15:17:58 [INFO] <KERNEL> Handling comm_msg message
2020-08-17 15:17:58 [INFO] <KERNEL> Handling comm_msg message
2020-08-17 15:17:58 [INFO] <KERNEL> Handling comm_msg message
2020-08-17 15:17:58 [INFO] <KERNEL> Handling comm_msg message
2020-08-17 15:17:58 [INFO] <KERNEL> Handling comm_msg message
2020-08-17 15:17:58 [INFO] <KERNEL> Handling comm_msg message
2020-08-17 15:18:01 [INFO] <KERNEL> Handling comm_msg message
2020-08-17 15:18:01 [INFO] <NULL> In nglview set-coordinates
2020-08-17 15:18:02 [INFO] <KERNEL> Handling comm_msg message
2020-08-17 15:18:02 [INFO] <KERNEL> Handling comm_msg message
2020-08-17 15:18:02 [INFO] <NULL> In nglview set-coordinates
2020-08-17 15:18:02 [INFO] <KERNEL> Handling comm_msg message
2020-08-17 15:18:02 [INFO] <KERNEL> Handling comm_msg message
2020-08-17 15:18:02 [INFO] <NULL> In nglview set-coordinates
2020-08-17 15:18:02 [INFO] <KERNEL> Handling comm_msg message
2020-08-17 15:18:02 [INFO] <KERNEL> Handling comm_msg message
2020-08-17 15:18:02 [INFO] <NULL> In nglview set-coordinates
2020-08-17 15:18:02 [INFO] <KERNEL> Handling comm_msg message
2020-08-17 15:18:03 [INFO] <KERNEL> Handling comm_msg message
2020-08-17 15:18:03 [INFO] <NULL> In nglview set-coordinates
2020-08-17 15:18:03 [INFO] <KERNEL> Handling comm_msg message
2020-08-17 15:18:03 [INFO] <KERNEL> Handling comm_msg message
2020-08-17 15:18:03 [INFO] <NULL> In nglview set-coordinates
2020-08-17 15:18:04 [INFO] <KERNEL> Handling comm_msg message
2020-08-17 15:18:04 [INFO] <KERNEL> Handling comm_msg message
2020-08-17 15:18:04 [INFO] <NULL> In nglview set-coordinates
2020-08-17 15:18:04 [INFO] <KERNEL> Handling comm_msg message
2020-08-17 15:18:05 [INFO] <KERNEL> Handling comm_msg message
2020-08-17 15:18:05 [INFO] <NULL> In nglview set-coordinates
2020-08-17 15:18:05 [INFO] <KERNEL> Handling comm_msg message
2020-08-17 15:18:05 [INFO] <KERNEL> Handling comm_msg message
2020-08-17 15:18:05 [INFO] <NULL> In nglview set-coordinates
2020-08-17 15:18:05 [INFO] <KERNEL> Handling comm_msg message
2020-08-17 15:18:05 [INFO] <KERNEL> Handling comm_msg message
2020-08-17 15:18:05 [INFO] <NULL> In nglview set-coordinates
2020-08-17 15:18:05 [INFO] <KERNEL> Handling comm_msg message
2020-08-17 15:18:07 [INFO] <KERNEL> Handling comm_msg message
2020-08-17 15:18:08 [INFO] <KERNEL> Handling comm_msg message
2020-08-17 15:18:08 [INFO] <KERNEL> Handling comm_msg message
2020-08-17 15:18:08 [INFO] <KERNEL> Handling comm_msg message
2020-08-17 15:18:08 [INFO] <KERNEL> Handling comm_msg message
2020-08-17 15:18:08 [INFO] <KERNEL> Handling comm_msg message
2020-08-17 15:18:08 [INFO] <KERNEL> Handling comm_msg message
2020-08-17 15:18:08 [INFO] <KERNEL> Handling comm_msg message
2020-08-17 15:18:08 [INFO] <KERNEL> Handling comm_msg message
2020-08-17 15:18:08 [INFO] <KERNEL> Handling comm_msg message
2020-08-17 15:18:08 [INFO] <KERNEL> Handling comm_msg message
2020-08-17 15:18:08 [INFO] <KERNEL> Handling comm_msg message
2020-08-17 15:18:08 [INFO] <KERNEL> Handling comm_msg message
2020-08-17 15:18:08 [INFO] <KERNEL> Handling comm_msg message
2020-08-17 15:18:08 [INFO] <KERNEL> Handling comm_msg message
2020-08-17 15:18:08 [INFO] <KERNEL> Handling comm_msg message
2020-08-17 15:18:08 [INFO] <KERNEL> Handling comm_msg message
2020-08-17 15:18:08 [INFO] <KERNEL> Handling comm_msg message
2020-08-17 15:18:08 [INFO] <KERNEL> Handling comm_msg message
2020-08-17 15:18:08 [INFO] <KERNEL> Handling comm_msg message
2020-08-17 15:18:08 [INFO] <KERNEL> Handling comm_msg message
2020-08-17 15:18:08 [INFO] <KERNEL> Handling comm_msg message
2020-08-17 15:18:09 [INFO] <KERNEL> Handling comm_msg message
2020-08-17 15:18:09 [INFO] <KERNEL> Handling comm_msg message
2020-08-17 15:18:09 [INFO] <KERNEL> Handling comm_msg message
2020-08-17 15:18:09 [INFO] <KERNEL> Handling comm_msg message
2020-08-17 15:18:09 [INFO] <KERNEL> Handling comm_msg message
2020-08-17 15:18:09 [INFO] <KERNEL> Handling comm_msg message
2020-08-17 15:18:09 [INFO] <KERNEL> Handling comm_msg message
2020-08-17 15:18:09 [INFO] <KERNEL> Handling comm_msg message
2020-08-17 15:18:09 [INFO] <KERNEL> Handling comm_msg message
2020-08-17 15:18:09 [INFO] <KERNEL> Handling comm_msg message
2020-08-17 15:18:09 [INFO] <KERNEL> Handling comm_msg message
2020-08-17 15:18:09 [INFO] <KERNEL> Handling comm_msg message
2020-08-17 15:18:09 [INFO] <KERNEL> Handling comm_msg message
2020-08-17 15:18:09 [INFO] <KERNEL> Handling comm_msg message
2020-08-17 15:18:09 [INFO] <KERNEL> Handling comm_msg message
2020-08-17 15:18:09 [INFO] <KERNEL> Handling comm_msg message
2020-08-17 15:18:09 [INFO] <KERNEL> Handling comm_msg message
2020-08-17 15:18:09 [INFO] <KERNEL> Handling comm_msg message
2020-08-17 15:18:09 [INFO] <KERNEL> Handling comm_msg message
2020-08-17 15:18:09 [INFO] <KERNEL> Handling comm_msg message
2020-08-17 15:18:09 [INFO] <KERNEL> Handling comm_msg message
2020-08-17 15:18:09 [INFO] <KERNEL> Handling comm_msg message
2020-08-17 15:18:09 [INFO] <KERNEL> Handling comm_msg message
2020-08-17 15:18:09 [INFO] <KERNEL> Handling comm_msg message
2020-08-17 15:18:09 [INFO] <KERNEL> Handling comm_msg message
2020-08-17 15:18:09 [INFO] <KERNEL> Handling comm_msg message
2020-08-17 15:18:09 [INFO] <KERNEL> Handling comm_msg message
2020-08-17 15:18:10 [INFO] <KERNEL> Handling comm_msg message
2020-08-17 15:18:10 [INFO] <KERNEL> Handling comm_msg message
2020-08-17 15:18:10 [INFO] <KERNEL> Handling comm_msg message
2020-08-17 15:18:10 [INFO] <KERNEL> Handling comm_msg message
2020-08-17 15:18:10 [INFO] <KERNEL> Handling comm_msg message
2020-08-17 15:18:10 [INFO] <KERNEL> Handling comm_msg message
2020-08-17 15:18:10 [INFO] <KERNEL> Handling comm_msg message
2020-08-17 15:18:10 [INFO] <KERNEL> Handling comm_msg message
2020-08-17 15:18:10 [INFO] <KERNEL> Handling comm_msg message
2020-08-17 15:18:10 [INFO] <KERNEL> Handling comm_msg message
2020-08-17 15:18:10 [INFO] <KERNEL> Handling comm_msg message
2020-08-17 15:18:10 [INFO] <KERNEL> Handling comm_msg message
2020-08-17 15:18:10 [INFO] <KERNEL> Handling comm_msg message
2020-08-17 15:18:11 [INFO] <KERNEL> Handling comm_msg message
2020-08-17 15:18:11 [INFO] <KERNEL> Handling comm_msg message
2020-08-17 15:18:11 [INFO] <KERNEL> Handling comm_msg message
2020-08-17 15:18:11 [INFO] <KERNEL> Handling comm_msg message
2020-08-17 15:18:11 [INFO] <KERNEL> Handling comm_msg message
2020-08-17 15:18:11 [INFO] <KERNEL> Handling comm_msg message
2020-08-17 15:18:11 [INFO] <KERNEL> Handling comm_msg message
2020-08-17 15:18:11 [INFO] <KERNEL> Handling comm_msg message
2020-08-17 15:18:11 [INFO] <KERNEL> Handling comm_msg message
2020-08-17 15:18:11 [INFO] <KERNEL> Handling comm_msg message
2020-08-17 15:18:11 [INFO] <KERNEL> Handling comm_msg message
2020-08-17 15:18:11 [INFO] <KERNEL> Handling comm_msg message
2020-08-17 15:18:11 [INFO] <KERNEL> Handling comm_msg message
2020-08-17 15:18:11 [INFO] <KERNEL> Handling comm_msg message
2020-08-17 15:18:11 [INFO] <KERNEL> Handling comm_msg message
2020-08-17 15:18:11 [INFO] <KERNEL> Handling comm_msg message
2020-08-17 15:18:11 [INFO] <KERNEL> Handling comm_msg message
2020-08-17 15:18:11 [INFO] <KERNEL> Handling comm_msg message
2020-08-17 15:18:11 [INFO] <KERNEL> Handling comm_msg message
2020-08-17 15:18:11 [INFO] <KERNEL> Handling comm_msg message
2020-08-17 15:18:11 [INFO] <KERNEL> Handling comm_msg message
2020-08-17 15:18:11 [INFO] <KERNEL> Handling comm_msg message
2020-08-17 15:18:11 [INFO] <KERNEL> Handling comm_msg message
2020-08-17 15:18:12 [INFO] <KERNEL> Handling comm_msg message
2020-08-17 15:18:12 [INFO] <KERNEL> Handling comm_msg message
2020-08-17 15:18:12 [INFO] <KERNEL> Handling comm_msg message
2020-08-17 15:18:12 [INFO] <KERNEL> Handling comm_msg message
2020-08-17 15:18:12 [INFO] <KERNEL> Handling comm_msg message
2020-08-17 15:18:12 [INFO] <KERNEL> Handling comm_msg message
2020-08-17 15:18:12 [INFO] <KERNEL> Handling comm_msg message
2020-08-17 15:18:12 [INFO] <KERNEL> Handling comm_msg message
2020-08-17 15:18:12 [INFO] <KERNEL> Handling comm_msg message
2020-08-17 15:18:12 [INFO] <KERNEL> Handling comm_msg message
2020-08-17 15:18:12 [INFO] <KERNEL> Handling comm_msg message
2020-08-17 15:18:12 [INFO] <KERNEL> Handling comm_msg message
2020-08-17 15:18:12 [INFO] <KERNEL> Handling comm_msg message
2020-08-17 15:18:12 [INFO] <KERNEL> Handling comm_msg message
2020-08-17 15:18:12 [INFO] <KERNEL> Handling comm_msg message
2020-08-17 15:18:12 [INFO] <KERNEL> Handling comm_msg message
2020-08-17 15:18:12 [INFO] <KERNEL> Handling comm_msg message
2020-08-17 15:18:12 [INFO] <KERNEL> Handling comm_msg message
2020-08-17 15:18:12 [INFO] <KERNEL> Handling comm_msg message
2020-08-17 15:18:12 [INFO] <KERNEL> Handling comm_msg message
2020-08-17 15:18:12 [INFO] <KERNEL> Handling comm_msg message
2020-08-17 15:18:12 [INFO] <KERNEL> Handling comm_msg message
2020-08-17 15:18:12 [INFO] <KERNEL> Handling comm_msg message
2020-08-17 15:18:13 [INFO] <KERNEL> Handling comm_msg message
2020-08-17 15:18:13 [INFO] <KERNEL> Handling comm_msg message
2020-08-17 15:18:13 [INFO] <KERNEL> Handling comm_msg message
2020-08-17 15:18:13 [INFO] <KERNEL> Handling comm_msg message
2020-08-17 15:18:13 [INFO] <KERNEL> Handling comm_msg message
2020-08-17 15:18:13 [INFO] <KERNEL> Handling comm_msg message
2020-08-17 15:18:13 [INFO] <KERNEL> Handling comm_msg message
2020-08-17 15:18:13 [INFO] <KERNEL> Handling comm_msg message
2020-08-17 15:18:13 [INFO] <KERNEL> Handling comm_msg message
2020-08-17 15:18:13 [INFO] <KERNEL> Handling comm_msg message
2020-08-17 15:18:13 [INFO] <KERNEL> Handling comm_msg message
2020-08-17 15:18:13 [INFO] <KERNEL> Handling comm_msg message
2020-08-17 15:18:13 [INFO] <KERNEL> Handling comm_msg message
2020-08-17 15:18:13 [INFO] <KERNEL> Handling comm_msg message
2020-08-17 15:18:13 [INFO] <KERNEL> Handling comm_msg message
2020-08-17 15:18:13 [INFO] <KERNEL> Handling comm_msg message
2020-08-17 15:18:13 [INFO] <KERNEL> Handling comm_msg message
2020-08-17 15:18:13 [INFO] <KERNEL> Handling comm_msg message
2020-08-17 15:18:13 [INFO] <KERNEL> Handling comm_msg message
2020-08-17 15:18:14 [INFO] <KERNEL> Handling comm_msg message
2020-08-17 15:18:14 [INFO] <KERNEL> Handling comm_msg message
2020-08-17 15:18:14 [INFO] <KERNEL> Handling comm_msg message
2020-08-17 15:18:14 [INFO] <KERNEL> Handling comm_msg message
2020-08-17 15:18:14 [INFO] <KERNEL> Handling comm_msg message
2020-08-17 15:18:14 [INFO] <KERNEL> Handling comm_msg message
2020-08-17 15:18:14 [INFO] <KERNEL> Handling comm_msg message
2020-08-17 15:18:14 [INFO] <KERNEL> Handling comm_msg message
2020-08-17 15:18:14 [INFO] <KERNEL> Handling comm_msg message
2020-08-17 15:18:14 [INFO] <KERNEL> Handling comm_msg message
2020-08-17 15:18:14 [INFO] <KERNEL> Handling comm_msg message
2020-08-17 15:18:14 [INFO] <KERNEL> Handling comm_msg message
2020-08-17 15:18:14 [INFO] <KERNEL> Handling comm_msg message
2020-08-17 15:18:14 [INFO] <KERNEL> Handling comm_msg message
2020-08-17 15:18:14 [INFO] <KERNEL> Handling comm_msg message
2020-08-17 15:18:14 [INFO] <KERNEL> Handling comm_msg message
2020-08-17 15:18:14 [INFO] <KERNEL> Handling comm_msg message
2020-08-17 15:18:14 [INFO] <KERNEL> Handling comm_msg message
2020-08-17 15:18:15 [INFO] <KERNEL> Handling comm_msg message
2020-08-17 15:18:15 [INFO] <KERNEL> Handling comm_msg message
2020-08-17 15:18:15 [INFO] <KERNEL> Handling comm_msg message
2020-08-17 15:18:15 [INFO] <KERNEL> Handling comm_msg message
2020-08-17 15:18:15 [INFO] <KERNEL> Handling comm_msg message
2020-08-17 15:18:15 [INFO] <KERNEL> Handling comm_msg message
2020-08-17 15:18:15 [INFO] <KERNEL> Handling comm_msg message
2020-08-17 15:18:15 [INFO] <KERNEL> Handling comm_msg message
2020-08-17 15:18:15 [INFO] <KERNEL> Handling comm_msg message
2020-08-17 15:18:15 [INFO] <KERNEL> Handling comm_msg message
2020-08-17 15:18:15 [INFO] <KERNEL> Handling comm_msg message
2020-08-17 15:18:15 [INFO] <KERNEL> Handling comm_msg message
2020-08-17 15:18:15 [INFO] <KERNEL> Handling comm_msg message
2020-08-17 15:18:48 [INFO] <KERNEL> Handling comm_msg message
2020-08-17 15:18:48 [INFO] <KERNEL> Handling comm_msg message
2020-08-17 15:18:48 [INFO] <KERNEL> Handling comm_msg message
2020-08-17 15:18:49 [INFO] <KERNEL> Handling comm_msg message
2020-08-17 15:18:49 [INFO] <KERNEL> Handling comm_msg message
2020-08-17 15:18:49 [INFO] <KERNEL> Handling comm_msg message
2020-08-17 15:18:49 [INFO] <KERNEL> Handling comm_msg message
2020-08-17 15:18:49 [INFO] <KERNEL> Handling comm_msg message
2020-08-17 15:18:49 [INFO] <KERNEL> Handling comm_msg message
2020-08-17 15:18:49 [INFO] <KERNEL> Handling comm_msg message
2020-08-17 15:18:49 [INFO] <KERNEL> Handling comm_msg message
2020-08-17 15:18:49 [INFO] <KERNEL> Handling comm_msg message
2020-08-17 15:18:49 [INFO] <KERNEL> Handling comm_msg message
2020-08-17 15:18:49 [INFO] <KERNEL> Handling comm_msg message
2020-08-17 15:18:49 [INFO] <KERNEL> Handling comm_msg message
2020-08-17 15:18:49 [INFO] <KERNEL> Handling comm_msg message
2020-08-17 15:18:49 [INFO] <KERNEL> Handling comm_msg message
2020-08-17 15:18:49 [INFO] <KERNEL> Handling comm_msg message
2020-08-17 15:18:49 [INFO] <KERNEL> Handling comm_msg message
2020-08-17 15:18:49 [INFO] <KERNEL> Handling comm_msg message
2020-08-17 15:18:49 [INFO] <KERNEL> Handling comm_msg message
2020-08-17 15:18:49 [INFO] <KERNEL> Handling comm_msg message
2020-08-17 15:18:49 [INFO] <KERNEL> Handling comm_msg message
2020-08-17 15:18:49 [INFO] <KERNEL> Handling comm_msg message
2020-08-17 15:18:49 [INFO] <KERNEL> Handling comm_msg message
2020-08-17 15:18:49 [INFO] <KERNEL> Handling comm_msg message
2020-08-17 15:18:49 [INFO] <KERNEL> Handling comm_msg message
2020-08-17 15:18:49 [INFO] <KERNEL> Handling comm_msg message
2020-08-17 15:18:49 [INFO] <KERNEL> Handling comm_msg message
2020-08-17 15:18:50 [INFO] <KERNEL> Handling comm_msg message
2020-08-17 15:18:50 [INFO] <KERNEL> Handling comm_msg message
2020-08-17 15:18:50 [INFO] <KERNEL> Handling comm_msg message
2020-08-17 15:18:50 [INFO] <KERNEL> Handling comm_msg message
2020-08-17 15:18:53 [INFO] <KERNEL> Handling comm_msg message
2020-08-17 15:18:55 [INFO] <KERNEL> Handling comm_msg message
2020-08-17 15:18:55 [INFO] <KERNEL> Handling comm_msg message
2020-08-17 15:18:55 [INFO] <KERNEL> Handling comm_msg message
2020-08-17 15:18:55 [INFO] <KERNEL> Handling comm_msg message
2020-08-17 15:18:55 [INFO] <KERNEL> Handling comm_msg message
2020-08-17 15:18:55 [INFO] <KERNEL> Handling comm_msg message
2020-08-17 15:18:55 [INFO] <KERNEL> Handling comm_msg message
2020-08-17 15:18:55 [INFO] <KERNEL> Handling comm_msg message
2020-08-17 15:18:55 [INFO] <KERNEL> Handling comm_msg message
2020-08-17 15:18:55 [INFO] <KERNEL> Handling comm_msg message
2020-08-17 15:18:56 [INFO] <KERNEL> Handling comm_msg message
2020-08-17 15:18:56 [INFO] <KERNEL> Handling comm_msg message
2020-08-17 15:18:57 [INFO] <KERNEL> Handling comm_msg message
2020-08-17 15:18:57 [INFO] <KERNEL> Handling comm_msg message
2020-08-17 15:18:57 [INFO] <KERNEL> Handling comm_msg message
2020-08-17 15:18:57 [INFO] <KERNEL> Handling comm_msg message
2020-08-17 15:18:58 [INFO] <KERNEL> Handling comm_msg message
2020-08-17 15:19:01 [INFO] <KERNEL> Handling comm_msg message
2020-08-17 15:19:01 [INFO] <KERNEL> Handling comm_msg message
2020-08-17 15:19:02 [INFO] <KERNEL> Handling comm_msg message
2020-08-17 15:19:04 [INFO] <KERNEL> Handling comm_msg message
2020-08-17 15:19:04 [INFO] <KERNEL> Handling comm_msg message
2020-08-17 15:19:04 [INFO] <KERNEL> Handling comm_msg message
2020-08-17 15:19:05 [INFO] <KERNEL> Handling comm_msg message
2020-08-17 15:19:05 [INFO] <KERNEL> Handling comm_msg message
2020-08-17 15:19:05 [INFO] <KERNEL> Handling comm_msg message
2020-08-17 15:19:05 [INFO] <KERNEL> Handling comm_msg message
2020-08-17 15:19:05 [INFO] <KERNEL> Handling comm_msg message
2020-08-17 15:19:06 [INFO] <KERNEL> Handling comm_msg message
2020-08-17 15:28:00 [INFO] <KERNEL> Handling comm_msg message
2020-08-17 15:28:00 [INFO] <KERNEL> Handling comm_msg message
2020-08-17 15:28:00 [INFO] <KERNEL> Handling comm_msg message
2020-08-17 15:28:00 [INFO] <KERNEL> Handling comm_msg message
2020-08-17 15:28:00 [INFO] <KERNEL> Handling comm_msg message
2020-08-17 15:28:33 [INFO] <KERNEL> Handling shutdown_request message
2020-08-17 15:28:33 [INFO] <KERNEL> Stopping common-lisp kernel
2020-08-17 15:28:33 [INFO] <HB-CHANNEL> Stopping thread
2020-08-17 15:28:33 [INFO] <HB-CHANNEL> Stopping channel
2020-08-17 15:28:33 [INFO] <IOPUB-CHANNEL> Stopping channel
2020-08-17 15:28:33 [INFO] <SHELL-CHANNEL> Stopping channel
2020-08-17 15:28:33 [INFO] <STDIN-CHANNEL> Stopping channel
2020-08-17 15:28:33 [INFO] <CONTROL-CHANNEL> Stopping channel
2020-08-17 15:28:33 [INFO] <MAC> Stopping message authentification
2020-08-17 15:28:33 [INFO] <HISTORY> Stopping history
