2020-08-20 11:38:10 [INFO] <KERNEL> Starting common-lisp kernel
2020-08-20 11:38:10 [INFO] <KERNEL> Parsing connection file /Users/yonkunas/Library/Jupyter/runtime/kernel-f516fe19-e3cd-4c84-bd6c-dd1a669fd998.json
2020-08-20 11:38:10 [INFO] <KERNEL> (OBJ (shell_port . 62054)
                                     (iopub_port . 62055) (stdin_port . 62056)
                                     (control_port . 62058) (hb_port . 62057)
                                     (ip . 127.0.0.1)
                                     (key . 47eff059-3100716713d3c12f06b2b326)
                                     (transport . tcp)
                                     (signature_scheme . hmac-sha256)
                                     (kernel_name . cando))
2020-08-20 11:38:10 [INFO] <MAC> Starting message authentification
2020-08-20 11:38:10 [INFO] <MAC> Using signature scheme hmac-sha256 for message signing.
2020-08-20 11:38:10 [INFO] <HB-CHANNEL> Starting channel on tcp://127.0.0.1:62057
2020-08-20 11:38:10 [INFO] <IOPUB-CHANNEL> Starting channel on tcp://127.0.0.1:62055
2020-08-20 11:38:10 [INFO] <SHELL-CHANNEL> Starting channel on tcp://127.0.0.1:62054
2020-08-20 11:38:10 [INFO] <STDIN-CHANNEL> Starting channel on tcp://127.0.0.1:62056
2020-08-20 11:38:10 [INFO] <HB-CHANNEL> Starting thread
2020-08-20 11:38:10 [INFO] <CONTROL-CHANNEL> Starting channel on tcp://127.0.0.1:62058
2020-08-20 11:38:10 [INFO] <HISTORY> Starting history
2020-08-20 11:38:10 [INFO] <KERNEL> Setting amber host pathname translation -> /opt/amber/
2020-08-20 11:38:10 [INFO] <KERNEL> Waiting for control message
2020-08-20 11:38:10 [INFO] <KERNEL> Loading CLHS map
2020-08-20 11:38:10 [INFO] <KERNEL> Handling kernel_info_request message
2020-08-20 11:38:10 [INFO] <KERNEL> Handling kernel_info_request message
2020-08-20 11:38:10 [INFO] <KERNEL> Handling comm_info_request message
2020-08-20 11:57:36 [INFO] <KERNEL> Handling execute_request message
2020-08-20 11:58:02 [INFO] <KERNEL> Handling execute_request message
2020-08-20 12:13:41 [INFO] <KERNEL> Handling execute_request message
2020-08-20 12:13:45 [INFO] <KERNEL> Handling execute_request message
2020-08-20 12:14:12 [INFO] <KERNEL> Handling execute_request message
2020-08-20 12:14:18 [INFO] <KERNEL> Handling execute_request message
2020-08-20 12:14:26 [INFO] <KERNEL> Handling execute_request message
2020-08-20 12:14:32 [INFO] <KERNEL> Handling execute_request message
2020-08-20 12:14:37 [INFO] <KERNEL> Handling execute_request message
2020-08-20 12:19:01 [INFO] <KERNEL> Handling execute_request message
2020-08-20 12:20:17 [INFO] <KERNEL> Handling execute_request message
2020-08-20 12:20:29 [INFO] <KERNEL> Handling execute_request message
2020-08-20 12:24:19 [INFO] <KERNEL> Handling execute_request message
2020-08-20 12:28:24 [INFO] <KERNEL> Handling execute_request message
2020-08-20 12:28:38 [INFO] <KERNEL> Handling execute_request message
2020-08-20 12:33:22 [INFO] <KERNEL> Handling execute_request message
2020-08-20 12:39:04 [INFO] <KERNEL> Handling execute_request message
2020-08-20 12:43:18 [INFO] <KERNEL> Handling complete_request message
2020-08-20 12:43:36 [INFO] <KERNEL> Handling complete_request message
2020-08-20 12:47:50 [INFO] <KERNEL> Handling execute_request message
2020-08-20 12:48:28 [INFO] <KERNEL> Handling complete_request message
2020-08-20 12:48:29 [INFO] <KERNEL> Handling complete_request message
2020-08-20 12:48:29 [INFO] <KERNEL> Handling complete_request message
2020-08-20 12:48:30 [INFO] <KERNEL> Handling complete_request message
2020-08-20 12:48:30 [INFO] <KERNEL> Handling complete_request message
2020-08-20 12:48:30 [INFO] <KERNEL> Handling complete_request message
2020-08-20 12:48:35 [INFO] <KERNEL> Handling complete_request message
2020-08-20 12:48:51 [INFO] <KERNEL> Handling execute_request message
2020-08-20 12:50:09 [INFO] <KERNEL> Handling execute_request message
2020-08-20 12:55:37 [INFO] <KERNEL> Handling execute_request message
2020-08-20 12:55:55 [INFO] <KERNEL> Handling execute_request message
2020-08-20 12:57:29 [INFO] <KERNEL> Handling shutdown_request message
2020-08-20 12:57:29 [INFO] <KERNEL> Stopping common-lisp kernel
2020-08-20 12:57:29 [INFO] <HB-CHANNEL> Stopping thread
2020-08-20 12:57:29 [INFO] <HB-CHANNEL> Stopping channel
2020-08-20 12:57:29 [INFO] <IOPUB-CHANNEL> Stopping channel
2020-08-20 12:57:29 [INFO] <SHELL-CHANNEL> Stopping channel
2020-08-20 12:57:29 [INFO] <STDIN-CHANNEL> Stopping channel
2020-08-20 12:57:29 [INFO] <CONTROL-CHANNEL> Stopping channel
2020-08-20 12:57:29 [INFO] <MAC> Stopping message authentification
2020-08-20 12:57:29 [INFO] <HISTORY> Stopping history
