2020-08-18 13:19:28 [INFO] <KERNEL> Starting common-lisp kernel
2020-08-18 13:19:28 [INFO] <KERNEL> Parsing connection file /Users/yonkunas/Library/Jupyter/runtime/kernel-f3b049e9-3b9c-4d3f-aaf6-0b58ce48d5e2.json
2020-08-18 13:19:28 [INFO] <KERNEL> (OBJ (shell_port . 63268)
                                     (iopub_port . 63269) (stdin_port . 63270)
                                     (control_port . 63272) (hb_port . 63271)
                                     (ip . 127.0.0.1)
                                     (key . 77aa3e65-4d6130df7989eb40f7e476c1)
                                     (transport . tcp)
                                     (signature_scheme . hmac-sha256)
                                     (kernel_name . cando))
2020-08-18 13:19:28 [INFO] <MAC> Starting message authentification
2020-08-18 13:19:28 [INFO] <MAC> Using signature scheme hmac-sha256 for message signing.
2020-08-18 13:19:28 [INFO] <HB-CHANNEL> Starting channel on tcp://127.0.0.1:63271
2020-08-18 13:19:28 [INFO] <IOPUB-CHANNEL> Starting channel on tcp://127.0.0.1:63269
2020-08-18 13:19:28 [INFO] <HB-CHANNEL> Starting thread
2020-08-18 13:19:28 [INFO] <SHELL-CHANNEL> Starting channel on tcp://127.0.0.1:63268
2020-08-18 13:19:28 [INFO] <STDIN-CHANNEL> Starting channel on tcp://127.0.0.1:63270
2020-08-18 13:19:28 [INFO] <CONTROL-CHANNEL> Starting channel on tcp://127.0.0.1:63272
2020-08-18 13:19:28 [INFO] <HISTORY> Starting history
2020-08-18 13:19:28 [INFO] <KERNEL> Loading CLHS map
2020-08-18 13:19:28 [INFO] <KERNEL> Setting amber host pathname translation -> /opt/amber/
2020-08-18 13:19:28 [INFO] <KERNEL> Waiting for control message
2020-08-18 13:19:28 [INFO] <KERNEL> Handling kernel_info_request message
2020-08-18 13:19:28 [INFO] <KERNEL> Handling comm_info_request message
2020-08-18 13:19:28 [INFO] <KERNEL> Handling kernel_info_request message
2020-08-18 13:19:28 [INFO] <KERNEL> Handling kernel_info_request message
2020-08-18 13:19:28 [INFO] <KERNEL> Handling kernel_info_request message
2020-08-18 13:19:29 [INFO] <KERNEL> Handling kernel_info_request message
2020-08-18 13:19:29 [INFO] <KERNEL> Handling kernel_info_request message
2020-08-18 13:19:49 [INFO] <KERNEL> Handling execute_request message
2020-08-18 13:19:59 [INFO] <KERNEL> Handling execute_request message
2020-08-18 13:19:59 [INFO] <NULL> Setting up the *remote-call-thread-queue* and *remote-call-thread*
2020-08-18 13:19:59 [INFO] <KERNEL> Handling comm_close
2020-08-18 13:19:59 [INFO] <KERNEL> Handling comm_close
2020-08-18 13:19:59 [INFO] <KERNEL> Handling comm_msg message
2020-08-18 13:19:59 [INFO] <KERNEL> Handling comm_msg message
2020-08-18 13:20:00 [INFO] <KERNEL> Handling comm_close
2020-08-18 13:20:00 [INFO] <KERNEL> Handling comm_close
2020-08-18 13:20:00 [INFO] <KERNEL> Handling comm_close
2020-08-18 13:20:00 [INFO] <KERNEL> Handling comm_close
2020-08-18 13:20:00 [INFO] <KERNEL> Handling comm_close
2020-08-18 13:20:34 [INFO] <KERNEL> Handling shutdown_request message
2020-08-18 13:20:34 [INFO] <KERNEL> Stopping common-lisp kernel
2020-08-18 13:20:34 [INFO] <HB-CHANNEL> Stopping thread
2020-08-18 13:20:34 [INFO] <HB-CHANNEL> Stopping channel
2020-08-18 13:20:34 [INFO] <IOPUB-CHANNEL> Stopping channel
2020-08-18 13:20:34 [INFO] <SHELL-CHANNEL> Stopping channel
2020-08-18 13:20:34 [INFO] <STDIN-CHANNEL> Stopping channel
2020-08-18 13:20:34 [INFO] <CONTROL-CHANNEL> Stopping channel
2020-08-18 13:20:34 [INFO] <MAC> Stopping message authentification
2020-08-18 13:20:34 [INFO] <HISTORY> Stopping history
