2020-08-18 14:59:21 [INFO] <KERNEL> Starting common-lisp kernel
2020-08-18 14:59:21 [INFO] <KERNEL> Parsing connection file /Users/yonkunas/Library/Jupyter/runtime/kernel-2adf60b2-1855-4ec2-a667-e5e2a70b872e.json
2020-08-18 14:59:21 [INFO] <KERNEL> (OBJ (shell_port . 52761)
                                     (iopub_port . 52762) (stdin_port . 52763)
                                     (control_port . 52765) (hb_port . 52764)
                                     (ip . 127.0.0.1)
                                     (key . ff393a7d-2bc9c9bce32e5adaa1020f71)
                                     (transport . tcp)
                                     (signature_scheme . hmac-sha256)
                                     (kernel_name . cando))
2020-08-18 14:59:21 [INFO] <MAC> Starting message authentification
2020-08-18 14:59:21 [INFO] <MAC> Using signature scheme hmac-sha256 for message signing.
2020-08-18 14:59:21 [INFO] <HB-CHANNEL> Starting channel on tcp://127.0.0.1:52764
2020-08-18 14:59:21 [INFO] <IOPUB-CHANNEL> Starting channel on tcp://127.0.0.1:52762
2020-08-18 14:59:21 [INFO] <SHELL-CHANNEL> Starting channel on tcp://127.0.0.1:52761
2020-08-18 14:59:21 [INFO] <STDIN-CHANNEL> Starting channel on tcp://127.0.0.1:52763
2020-08-18 14:59:21 [INFO] <HB-CHANNEL> Starting thread
2020-08-18 14:59:21 [INFO] <CONTROL-CHANNEL> Starting channel on tcp://127.0.0.1:52765
2020-08-18 14:59:21 [INFO] <HISTORY> Starting history
2020-08-18 14:59:21 [INFO] <KERNEL> Setting amber host pathname translation -> /opt/amber/
2020-08-18 14:59:21 [INFO] <KERNEL> Waiting for control message
2020-08-18 14:59:21 [INFO] <KERNEL> Loading CLHS map
2020-08-18 14:59:22 [INFO] <KERNEL> Handling kernel_info_request message
2020-08-18 14:59:22 [INFO] <KERNEL> Handling kernel_info_request message
2020-08-18 14:59:22 [INFO] <KERNEL> Handling kernel_info_request message
2020-08-18 14:59:22 [INFO] <KERNEL> Handling comm_info_request message
2020-08-18 15:03:05 [INFO] <KERNEL> Handling complete_request message
2020-08-18 15:03:20 [INFO] <KERNEL> Handling execute_request message
2020-08-18 15:04:07 [INFO] <KERNEL> Handling execute_request message
2020-08-18 15:04:15 [INFO] <KERNEL> Handling complete_request message
2020-08-18 15:04:17 [INFO] <KERNEL> Handling execute_request message
2020-08-18 15:06:29 [INFO] <KERNEL> Handling execute_request message
2020-08-18 15:07:58 [INFO] <KERNEL> Handling complete_request message
2020-08-18 15:08:05 [INFO] <KERNEL> Handling execute_request message
2020-08-18 15:09:04 [INFO] <KERNEL> Handling execute_request message
2020-08-18 15:09:04 [INFO] <NULL> Setting up the *remote-call-thread-queue* and *remote-call-thread*
2020-08-18 15:09:04 [INFO] <KERNEL> Handling comm_msg message
2020-08-18 15:09:04 [INFO] <KERNEL> Handling comm_msg message
2020-08-18 15:09:04 [INFO] <KERNEL> Handling comm_close
2020-08-18 15:09:04 [INFO] <KERNEL> Handling comm_msg message
2020-08-18 15:09:04 [INFO] <KERNEL> Handling comm_msg message
2020-08-18 15:09:04 [INFO] <NGLWIDGET> Handling custom message request_loaded
2020-08-18 15:09:04 [INFO] <NULL> entered on-loaded - firing before-loaded callbacks new -> NIL
2020-08-18 15:09:04 [INFO] <NULL> entered on-loaded - firing before-loaded callbacks new -> T
2020-08-18 15:09:04 [INFO] <NULL> %fire-callbacks entered in process #<PROCESS "SHELL Thread" @0x1480d3d91 (Running)>
  callbacks: NIL
2020-08-18 15:09:04 [INFO] <NULL> Done %fire-callbacks
2020-08-18 15:09:04 [INFO] <KERNEL> Handling comm_msg message
2020-08-18 15:09:04 [INFO] <NGLWIDGET> Handling custom message updateIDs
2020-08-18 15:09:04 [INFO] <KERNEL> Handling comm_msg message
2020-08-18 15:09:06 [INFO] <KERNEL> Handling comm_msg message
2020-08-18 15:09:06 [INFO] <KERNEL> Handling comm_msg message
2020-08-18 15:09:06 [INFO] <KERNEL> Handling comm_msg message
2020-08-18 15:09:06 [INFO] <KERNEL> Handling comm_msg message
2020-08-18 15:09:06 [INFO] <KERNEL> Handling comm_msg message
2020-08-18 15:09:06 [INFO] <KERNEL> Handling comm_msg message
2020-08-18 15:09:06 [INFO] <KERNEL> Handling comm_msg message
2020-08-18 15:10:29 [INFO] <KERNEL> Handling execute_request message
2020-08-18 15:11:02 [INFO] <KERNEL> Handling execute_request message
2020-08-18 15:12:05 [INFO] <KERNEL> Handling execute_request message
2020-08-18 15:12:12 [INFO] <KERNEL> Handling complete_request message
2020-08-18 15:12:15 [INFO] <KERNEL> Handling execute_request message
2020-08-18 15:12:15 [INFO] <KERNEL> Handling execute_request message
2020-08-18 15:13:52 [INFO] <KERNEL> Handling complete_request message
2020-08-18 15:13:55 [INFO] <KERNEL> Handling execute_request message
2020-08-18 15:14:00 [INFO] <KERNEL> Handling execute_request message
2020-08-18 15:14:00 [INFO] <KERNEL> Handling comm_close
2020-08-18 15:14:00 [INFO] <KERNEL> Handling comm_close
2020-08-18 15:14:00 [INFO] <KERNEL> Handling comm_close
2020-08-18 15:14:00 [INFO] <KERNEL> Handling comm_close
2020-08-18 15:14:00 [INFO] <KERNEL> Handling comm_close
2020-08-18 15:14:00 [INFO] <KERNEL> Handling comm_close
2020-08-18 15:14:00 [INFO] <KERNEL> Handling comm_close
2020-08-18 15:15:58 [INFO] <KERNEL> Handling execute_request message
2020-08-18 15:16:06 [INFO] <KERNEL> Handling complete_request message
2020-08-18 15:16:13 [INFO] <KERNEL> Handling complete_request message
2020-08-18 15:16:23 [INFO] <KERNEL> Handling complete_request message
2020-08-18 15:16:31 [INFO] <KERNEL> Handling complete_request message
2020-08-18 15:16:42 [INFO] <KERNEL> Handling complete_request message
2020-08-18 15:16:49 [INFO] <KERNEL> Handling complete_request message
2020-08-18 15:16:55 [INFO] <KERNEL> Handling execute_request message
2020-08-18 15:17:11 [INFO] <KERNEL> Handling execute_request message
2020-08-18 15:18:30 [INFO] <KERNEL> Handling execute_request message
2020-08-18 15:18:37 [INFO] <KERNEL> Handling complete_request message
2020-08-18 15:18:40 [INFO] <KERNEL> Handling execute_request message
2020-08-18 15:18:44 [INFO] <KERNEL> Handling execute_request message
2020-08-18 15:19:19 [INFO] <KERNEL> Handling execute_request message
2020-08-18 15:19:25 [INFO] <KERNEL> Handling complete_request message
2020-08-18 15:19:28 [INFO] <KERNEL> Handling execute_request message
2020-08-18 15:19:35 [INFO] <KERNEL> Handling execute_request message
2020-08-18 15:19:35 [INFO] <KERNEL> Handling comm_close
2020-08-18 15:30:40 [INFO] <KERNEL> Handling shutdown_request message
2020-08-18 15:30:40 [INFO] <KERNEL> Stopping common-lisp kernel
2020-08-18 15:30:40 [INFO] <HB-CHANNEL> Stopping thread
2020-08-18 15:30:40 [INFO] <HB-CHANNEL> Stopping channel
2020-08-18 15:30:40 [INFO] <IOPUB-CHANNEL> Stopping channel
2020-08-18 15:30:40 [INFO] <SHELL-CHANNEL> Stopping channel
2020-08-18 15:30:40 [INFO] <STDIN-CHANNEL> Stopping channel
2020-08-18 15:30:40 [INFO] <CONTROL-CHANNEL> Stopping channel
2020-08-18 15:30:40 [INFO] <MAC> Stopping message authentification
2020-08-18 15:30:40 [INFO] <HISTORY> Stopping history
