2020-08-18 13:33:26 [INFO] <KERNEL> Starting common-lisp kernel
2020-08-18 13:33:26 [INFO] <KERNEL> Parsing connection file /Users/yonkunas/Library/Jupyter/runtime/kernel-38cd9f4c-45c5-4540-a491-afec607de813.json
2020-08-18 13:33:26 [INFO] <KERNEL> (OBJ (shell_port . 53668)
                                     (iopub_port . 53669) (stdin_port . 53670)
                                     (control_port . 53672) (hb_port . 53671)
                                     (ip . 127.0.0.1)
                                     (key . b3250e12-38cd945dc203db2404b2d1be)
                                     (transport . tcp)
                                     (signature_scheme . hmac-sha256)
                                     (kernel_name . cando))
2020-08-18 13:33:27 [INFO] <MAC> Starting message authentification
2020-08-18 13:33:27 [INFO] <MAC> Using signature scheme hmac-sha256 for message signing.
2020-08-18 13:33:27 [INFO] <HB-CHANNEL> Starting channel on tcp://127.0.0.1:53671
2020-08-18 13:33:27 [INFO] <IOPUB-CHANNEL> Starting channel on tcp://127.0.0.1:53669
2020-08-18 13:33:27 [INFO] <SHELL-CHANNEL> Starting channel on tcp://127.0.0.1:53668
2020-08-18 13:33:27 [INFO] <STDIN-CHANNEL> Starting channel on tcp://127.0.0.1:53670
2020-08-18 13:33:27 [INFO] <HB-CHANNEL> Starting thread
2020-08-18 13:33:27 [INFO] <CONTROL-CHANNEL> Starting channel on tcp://127.0.0.1:53672
2020-08-18 13:33:27 [INFO] <HISTORY> Starting history
2020-08-18 13:33:27 [INFO] <KERNEL> Setting amber host pathname translation -> /opt/amber/
2020-08-18 13:33:27 [INFO] <KERNEL> Waiting for control message
2020-08-18 13:33:27 [INFO] <KERNEL> Loading CLHS map
2020-08-18 13:33:27 [INFO] <KERNEL> Handling kernel_info_request message
2020-08-18 13:33:27 [INFO] <KERNEL> Handling kernel_info_request message
2020-08-18 13:33:27 [INFO] <KERNEL> Handling kernel_info_request message
2020-08-18 13:33:27 [INFO] <KERNEL> Handling comm_info_request message
2020-08-18 13:34:14 [INFO] <KERNEL> Handling execute_request message
2020-08-18 13:34:20 [INFO] <KERNEL> Handling execute_request message
2020-08-18 13:34:20 [INFO] <NULL> Setting up the *remote-call-thread-queue* and *remote-call-thread*
2020-08-18 13:34:21 [INFO] <KERNEL> Handling comm_close
2020-08-18 13:34:21 [INFO] <KERNEL> Handling comm_close
2020-08-18 13:34:21 [INFO] <KERNEL> Handling comm_msg message
2020-08-18 13:34:21 [INFO] <KERNEL> Handling comm_msg message
2020-08-18 13:34:21 [INFO] <KERNEL> Handling comm_close
2020-08-18 13:34:21 [INFO] <KERNEL> Handling comm_close
2020-08-18 13:34:21 [INFO] <KERNEL> Handling comm_close
2020-08-18 13:34:21 [INFO] <KERNEL> Handling comm_close
2020-08-18 13:34:21 [INFO] <KERNEL> Handling comm_close
2020-08-18 13:52:00 [INFO] <KERNEL> Handling shutdown_request message
2020-08-18 13:52:00 [INFO] <KERNEL> Stopping common-lisp kernel
2020-08-18 13:52:00 [INFO] <HB-CHANNEL> Stopping thread
2020-08-18 13:52:00 [INFO] <HB-CHANNEL> Stopping channel
2020-08-18 13:52:00 [INFO] <IOPUB-CHANNEL> Stopping channel
2020-08-18 13:52:00 [INFO] <SHELL-CHANNEL> Stopping channel
2020-08-18 13:52:00 [INFO] <STDIN-CHANNEL> Stopping channel
2020-08-18 13:52:00 [INFO] <CONTROL-CHANNEL> Stopping channel
2020-08-18 13:52:00 [INFO] <MAC> Stopping message authentification
2020-08-18 13:52:00 [INFO] <HISTORY> Stopping history
