2020-08-17 22:28:38 [INFO] <KERNEL> Starting common-lisp kernel
2020-08-17 22:28:38 [INFO] <KERNEL> Parsing connection file /Users/yonkunas/Library/Jupyter/runtime/kernel-8b73613e-ead3-448c-bb8b-7baf4666e54b.json
2020-08-17 22:28:38 [INFO] <KERNEL> (OBJ (shell_port . 54090)
                                     (iopub_port . 54091) (stdin_port . 54092)
                                     (control_port . 54094) (hb_port . 54093)
                                     (ip . 127.0.0.1)
                                     (key . 1cc9b379-9aad05df6f2c1041921a8eb0)
                                     (transport . tcp)
                                     (signature_scheme . hmac-sha256)
                                     (kernel_name . cando))
2020-08-17 22:28:38 [INFO] <MAC> Starting message authentification
2020-08-17 22:28:38 [INFO] <MAC> Using signature scheme hmac-sha256 for message signing.
2020-08-17 22:28:38 [INFO] <HB-CHANNEL> Starting channel on tcp://127.0.0.1:54093
2020-08-17 22:28:38 [INFO] <IOPUB-CHANNEL> Starting channel on tcp://127.0.0.1:54091
2020-08-17 22:28:38 [INFO] <SHELL-CHANNEL> Starting channel on tcp://127.0.0.1:54090
2020-08-17 22:28:38 [INFO] <HB-CHANNEL> Starting thread
2020-08-17 22:28:38 [INFO] <STDIN-CHANNEL> Starting channel on tcp://127.0.0.1:54092
2020-08-17 22:28:38 [INFO] <CONTROL-CHANNEL> Starting channel on tcp://127.0.0.1:54094
2020-08-17 22:28:38 [INFO] <HISTORY> Starting history
2020-08-17 22:28:38 [INFO] <KERNEL> Setting amber host pathname translation -> /opt/amber/
2020-08-17 22:28:38 [INFO] <KERNEL> Waiting for control message
2020-08-17 22:28:38 [INFO] <KERNEL> Loading CLHS map
2020-08-17 22:28:38 [INFO] <KERNEL> Handling kernel_info_request message
2020-08-17 22:28:38 [INFO] <KERNEL> Handling kernel_info_request message
2020-08-17 22:28:38 [INFO] <KERNEL> Handling kernel_info_request message
2020-08-17 22:28:38 [INFO] <KERNEL> Handling comm_info_request message
2020-08-17 22:29:46 [INFO] <KERNEL> Handling execute_request message
2020-08-17 22:31:00 [INFO] <KERNEL> Handling complete_request message
2020-08-17 22:31:06 [INFO] <KERNEL> Handling complete_request message
2020-08-17 22:31:26 [INFO] <KERNEL> Handling execute_request message
2020-08-17 22:31:40 [INFO] <KERNEL> Handling execute_request message
2020-08-17 22:31:50 [INFO] <KERNEL> Handling complete_request message
2020-08-17 22:31:53 [INFO] <KERNEL> Handling complete_request message
2020-08-17 22:32:02 [INFO] <KERNEL> Handling execute_request message
2020-08-17 22:32:02 [INFO] <NULL> Setting up the *remote-call-thread-queue* and *remote-call-thread*
2020-08-17 22:32:02 [INFO] <KERNEL> Handling comm_close
2020-08-17 22:32:02 [INFO] <KERNEL> Handling comm_close
2020-08-17 22:32:02 [INFO] <KERNEL> Handling comm_msg message
2020-08-17 22:32:02 [INFO] <KERNEL> Handling comm_msg message
2020-08-17 22:32:02 [INFO] <KERNEL> Handling comm_close
2020-08-17 22:32:02 [INFO] <KERNEL> Handling comm_close
2020-08-17 22:32:02 [INFO] <KERNEL> Handling comm_close
2020-08-17 22:32:02 [INFO] <KERNEL> Handling comm_close
2020-08-17 22:32:02 [INFO] <KERNEL> Handling comm_close
2020-08-17 22:33:02 [INFO] <KERNEL> Handling execute_request message
2020-08-17 22:33:02 [INFO] <KERNEL> Handling comm_close
2020-08-17 22:33:02 [INFO] <KERNEL> Handling comm_close
2020-08-17 22:33:02 [INFO] <KERNEL> Handling comm_close
2020-08-17 22:33:02 [INFO] <KERNEL> Handling comm_close
2020-08-17 22:33:02 [INFO] <KERNEL> Handling comm_close
2020-08-17 22:33:02 [INFO] <KERNEL> Handling comm_close
2020-08-17 22:33:02 [INFO] <KERNEL> Handling comm_close
2020-08-17 22:33:16 [INFO] <KERNEL> Handling execute_request message
2020-08-17 22:33:16 [INFO] <KERNEL> Handling comm_close
2020-08-17 22:33:16 [INFO] <KERNEL> Handling comm_close
2020-08-17 22:33:16 [INFO] <KERNEL> Handling comm_close
2020-08-17 22:33:16 [INFO] <KERNEL> Handling comm_close
2020-08-17 22:33:16 [INFO] <KERNEL> Handling comm_close
2020-08-17 22:33:51 [INFO] <KERNEL> Handling shutdown_request message
2020-08-17 22:33:51 [INFO] <KERNEL> Stopping common-lisp kernel
2020-08-17 22:33:51 [INFO] <HB-CHANNEL> Stopping thread
2020-08-17 22:33:51 [INFO] <HB-CHANNEL> Stopping channel
2020-08-17 22:33:51 [INFO] <IOPUB-CHANNEL> Stopping channel
2020-08-17 22:33:51 [INFO] <SHELL-CHANNEL> Stopping channel
2020-08-17 22:33:51 [INFO] <STDIN-CHANNEL> Stopping channel
2020-08-17 22:33:51 [INFO] <CONTROL-CHANNEL> Stopping channel
2020-08-17 22:33:51 [INFO] <MAC> Stopping message authentification
2020-08-17 22:33:51 [INFO] <HISTORY> Stopping history
