2020-08-13 20:25:05 [INFO] <KERNEL> Starting common-lisp kernel
2020-08-13 20:25:05 [INFO] <KERNEL> Parsing connection file /home/app/.local/share/jupyter/runtime/kernel-9746c284-d5d6-4f64-8fba-bbce1af1ae9c.json
2020-08-13 20:25:05 [INFO] <KERNEL> (OBJ (shell_port . 59939)
                                     (iopub_port . 56057) (stdin_port . 60469)
                                     (control_port . 60039) (hb_port . 34311)
                                     (ip . 127.0.0.1)
                                     (key . b18f854f-5454c3accce86270a14ad6c2)
                                     (transport . tcp)
                                     (signature_scheme . hmac-sha256)
                                     (kernel_name . cando))
2020-08-13 20:25:06 [INFO] <MAC> Starting message authentification
2020-08-13 20:25:06 [INFO] <MAC> Using signature scheme hmac-sha256 for message signing.
2020-08-13 20:25:06 [INFO] <HB-CHANNEL> Starting channel on tcp://127.0.0.1:34311
2020-08-13 20:25:06 [INFO] <HB-CHANNEL> Starting thread
2020-08-13 20:25:06 [INFO] <IOPUB-CHANNEL> Starting channel on tcp://127.0.0.1:56057
2020-08-13 20:25:06 [INFO] <SHELL-CHANNEL> Starting channel on tcp://127.0.0.1:59939
2020-08-13 20:25:06 [INFO] <SHELL-CHANNEL> Starting thread
2020-08-13 20:25:06 [INFO] <STDIN-CHANNEL> Starting channel on tcp://127.0.0.1:60469
2020-08-13 20:25:06 [INFO] <CONTROL-CHANNEL> Starting channel on tcp://127.0.0.1:60039
2020-08-13 20:25:06 [INFO] <CONTROL-CHANNEL> Starting thread
2020-08-13 20:25:06 [INFO] <HISTORY> Starting history
2020-08-13 20:25:06 [INFO] <KERNEL> Loading CLHS map
2020-08-13 20:25:06 [INFO] <KERNEL> Setting amber host pathname translation -> /opt/amber18/
2020-08-13 20:25:06 [INFO] <SHELL-CHANNEL> Received kernel_info_request message
2020-08-13 20:25:06 [INFO] <KERNEL> Handling kernel_info_request message
2020-08-13 20:25:29 [INFO] <CONTROL-CHANNEL> Received shutdown_request message
2020-08-13 20:25:29 [INFO] <KERNEL> Handling shutdown_request message
2020-08-13 20:25:29 [INFO] <KERNEL> Stopping common-lisp kernel
2020-08-13 20:25:29 [INFO] <HB-CHANNEL> Stopping thread
2020-08-13 20:25:29 [INFO] <HB-CHANNEL> Stopping channel
2020-08-13 20:25:29 [INFO] <IOPUB-CHANNEL> Stopping channel
2020-08-13 20:25:29 [INFO] <SHELL-CHANNEL> Stopping thread
2020-08-13 20:25:29 [INFO] <SHELL-CHANNEL> Stopping channel
2020-08-13 20:25:29 [INFO] <STDIN-CHANNEL> Stopping channel
2020-08-13 20:25:29 [INFO] <CONTROL-CHANNEL> Stopping thread
2020-08-13 20:25:29 [INFO] <CONTROL-CHANNEL> Stopping channel
2020-08-13 20:25:29 [INFO] <MAC> Stopping message authentification
2020-08-13 20:25:29 [INFO] <HISTORY> Stopping history
