2020-08-19 21:05:30 [INFO] <KERNEL> Starting common-lisp kernel
2020-08-19 21:05:30 [INFO] <KERNEL> Parsing connection file /Users/yonkunas/Library/Jupyter/runtime/kernel-246abc43-0e78-484c-8442-733c468f4dfe.json
2020-08-19 21:05:30 [INFO] <KERNEL> (OBJ (shell_port . 52084)
                                     (iopub_port . 52085) (stdin_port . 52086)
                                     (control_port . 52088) (hb_port . 52087)
                                     (ip . 127.0.0.1)
                                     (key . c8c395ae-2d025cfb4558e61a2b5083b2)
                                     (transport . tcp)
                                     (signature_scheme . hmac-sha256)
                                     (kernel_name . cando))
2020-08-19 21:05:31 [INFO] <MAC> Starting message authentification
2020-08-19 21:05:31 [INFO] <MAC> Using signature scheme hmac-sha256 for message signing.
2020-08-19 21:05:31 [INFO] <HB-CHANNEL> Starting channel on tcp://127.0.0.1:52087
2020-08-19 21:05:31 [INFO] <IOPUB-CHANNEL> Starting channel on tcp://127.0.0.1:52085
2020-08-19 21:05:31 [INFO] <SHELL-CHANNEL> Starting channel on tcp://127.0.0.1:52084
2020-08-19 21:05:31 [INFO] <HB-CHANNEL> Starting thread
2020-08-19 21:05:31 [INFO] <STDIN-CHANNEL> Starting channel on tcp://127.0.0.1:52086
2020-08-19 21:05:31 [INFO] <CONTROL-CHANNEL> Starting channel on tcp://127.0.0.1:52088
2020-08-19 21:05:31 [INFO] <HISTORY> Starting history
2020-08-19 21:05:31 [INFO] <KERNEL> Setting amber host pathname translation -> /opt/amber/
2020-08-19 21:05:31 [INFO] <KERNEL> Waiting for control message
2020-08-19 21:05:31 [INFO] <KERNEL> Loading CLHS map
2020-08-19 21:05:31 [INFO] <KERNEL> Handling kernel_info_request message
2020-08-19 21:05:31 [INFO] <KERNEL> Handling kernel_info_request message
2020-08-19 21:05:31 [INFO] <KERNEL> Handling comm_info_request message
2020-08-19 21:16:18 [INFO] <KERNEL> Handling execute_request message
2020-08-19 21:17:14 [INFO] <KERNEL> Handling complete_request message
2020-08-19 21:17:29 [INFO] <KERNEL> Handling execute_request message
2020-08-19 21:17:30 [INFO] <NULL> Setting up the *remote-call-thread-queue* and *remote-call-thread*
2020-08-19 21:17:30 [INFO] <KERNEL> Handling comm_msg message
2020-08-19 21:17:30 [INFO] <KERNEL> Handling comm_msg message
2020-08-19 21:17:30 [INFO] <KERNEL> Handling comm_close
2020-08-19 21:17:30 [INFO] <KERNEL> Handling comm_msg message
2020-08-19 21:17:30 [INFO] <KERNEL> Handling comm_msg message
2020-08-19 21:17:30 [INFO] <NGLWIDGET> Handling custom message request_loaded
2020-08-19 21:17:30 [INFO] <NULL> entered on-loaded - firing before-loaded callbacks new -> NIL
2020-08-19 21:17:30 [INFO] <NULL> entered on-loaded - firing before-loaded callbacks new -> T
2020-08-19 21:17:30 [INFO] <NULL> %fire-callbacks entered in process #<PROCESS "SHELL Thread" @0x127110491 (Running)>
  callbacks: NIL
2020-08-19 21:17:30 [INFO] <NULL> Done %fire-callbacks
2020-08-19 21:17:30 [INFO] <KERNEL> Handling comm_msg message
2020-08-19 21:17:30 [INFO] <NGLWIDGET> Handling custom message updateIDs
2020-08-19 21:17:30 [INFO] <KERNEL> Handling comm_msg message
2020-08-19 21:17:36 [INFO] <KERNEL> Handling comm_msg message
2020-08-19 21:17:36 [INFO] <KERNEL> Handling comm_msg message
2020-08-19 21:17:37 [INFO] <KERNEL> Handling comm_msg message
2020-08-19 21:17:37 [INFO] <KERNEL> Handling comm_msg message
2020-08-19 21:17:37 [INFO] <KERNEL> Handling comm_msg message
2020-08-19 21:17:37 [INFO] <KERNEL> Handling comm_msg message
2020-08-19 21:17:37 [INFO] <KERNEL> Handling comm_msg message
2020-08-19 21:17:37 [INFO] <KERNEL> Handling comm_msg message
2020-08-19 21:17:37 [INFO] <KERNEL> Handling comm_msg message
2020-08-19 21:17:37 [INFO] <KERNEL> Handling comm_msg message
2020-08-19 21:17:37 [INFO] <KERNEL> Handling comm_msg message
2020-08-19 21:17:37 [INFO] <KERNEL> Handling comm_msg message
2020-08-19 21:17:37 [INFO] <KERNEL> Handling comm_msg message
2020-08-19 21:17:37 [INFO] <KERNEL> Handling comm_msg message
2020-08-19 21:17:37 [INFO] <KERNEL> Handling comm_msg message
2020-08-19 21:17:37 [INFO] <KERNEL> Handling comm_msg message
2020-08-19 21:17:37 [INFO] <KERNEL> Handling comm_msg message
2020-08-19 21:17:37 [INFO] <KERNEL> Handling comm_msg message
2020-08-19 21:17:37 [INFO] <KERNEL> Handling comm_msg message
2020-08-19 21:17:37 [INFO] <KERNEL> Handling comm_msg message
2020-08-19 21:17:37 [INFO] <KERNEL> Handling comm_msg message
2020-08-19 21:17:37 [INFO] <KERNEL> Handling comm_msg message
2020-08-19 21:17:37 [INFO] <KERNEL> Handling comm_msg message
2020-08-19 21:17:37 [INFO] <KERNEL> Handling comm_msg message
2020-08-19 21:17:37 [INFO] <KERNEL> Handling comm_msg message
2020-08-19 21:19:37 [INFO] <KERNEL> Handling comm_msg message
2020-08-19 21:21:03 [INFO] <KERNEL> Handling comm_msg message
2020-08-19 21:21:05 [INFO] <KERNEL> Handling comm_msg message
2020-08-19 21:21:08 [INFO] <KERNEL> Handling comm_msg message
2020-08-19 21:21:08 [INFO] <NULL> In add-structure  (loaded self) -> T
2020-08-19 21:21:08 [INFO] <NULL> entered %load-data NIL
2020-08-19 21:21:08 [INFO] <NGLWIDGET> entered %remote-call loadFile
2020-08-19 21:21:08 [INFO] <NULL> About to make-remote-call-callback remote-call-add
2020-08-19 21:21:08 [INFO] <NULL> enqueing remote-call #<REMOTE-CALL-CALLBACK loadFile remote-call-add>
2020-08-19 21:21:08 [INFO] <NULL> remote-call-add #<REMOTE-CALL-CALLBACK loadFile remote-call-add>
2020-08-19 21:21:08 [INFO] <NULL> About to make-remote-call-callback after-loaded
2020-08-19 21:21:08 [INFO] <NULL> leaving %remote-call loadFile
2020-08-19 21:21:08 [INFO] <NULL> leaving %load-data
2020-08-19 21:21:08 [ERROR] <KERNEL> The variable TIRUN-JUPYTER::*SMALLEST-LIGAND-SKETCH* is unbound.
   [Condition of type UNBOUND-VARIABLE]

#<DISSECT:ENVIRONMENT>
   [Environment of thread #<PROCESS "SHELL Thread" @0x127110491 (Running)>]

Backtrace:
 8: (#<FUNCTION TIRUN-JUPYTER::OBSERVE-LIGAND-SELECTOR> #<NGLVIEW:NGLWIDGET> #<JUPYTER-WIDGETS:HTML> #<JUPYTER-WIDGETS:TEXT-AREA> #<tirun-calculation> #<JUPYTER-WIDGETS:LABEL> 1)
 9: (#<FUNCTION (LAMBDA (TIRUN-JUPYTER::INSTANCE TYPE TIRUN-JUPYTER::NAME TIRUN-JUPYTER::OLD-VALUE TIRUN-JUPYTER::NEW-VALUE TIRUN-JUPYTER::SOURCE))> #<JUPYTER-WIDGETS:BOUNDED-INT-TEXT> INT VALUE 0 1 NIL)
 10: (#<FUNCTION (METHOD JUPYTER-WIDGETS:ON-TRAIT-CHANGE (:AFTER) (JUPYTER-WIDGETS:HAS-TRAITS T T T T T))> #<JUPYTER-WIDGETS:BOUNDED-INT-TEXT> INT VALUE 0 1 NIL)
 13: (#<FUNCTION CORE:REPL> #<JUPYTER-WIDGETS:BOUNDED-INT-TEXT> INT VALUE 0 1 NIL)
 24: (#<FUNCTION (METHOD (SETF CLOS:SLOT-VALUE-USING-CLASS) (:AROUND) (T JUPYTER-WIDGETS:TRAIT-METACLASS T JUPYTER-WIDGETS::EFFECTIVE-TRAIT))> #<FUNCTION EMF-FROM-CONTF.LAMBDA> 1 #<The JUPYTER-WIDGETS:TRAIT-METACLASS JUPYTER-WIDGETS:BOUNDED-INT-TEXT> #<JUPYTER-WIDGETS:BOUNDED-INT-TEXT> #<EFFECTIVE-TRAIT VALUE>)
 26: (#<FUNCTION CLOS::EMF-FROM-CONTF.LAMBDA> 1 #<The JUPYTER-WIDGETS:TRAIT-METACLASS JUPYTER-WIDGETS:BOUNDED-INT-TEXT> #<JUPYTER-WIDGETS:BOUNDED-INT-TEXT> #<EFFECTIVE-TRAIT VALUE>)
 30: (#<FUNCTION (SETF SLOT-VALUE)> 1 #<JUPYTER-WIDGETS:BOUNDED-INT-TEXT> VALUE)
 31: (#<FUNCTION JUPYTER-WIDGETS::UPDATE-STATE> #<JUPYTER-WIDGETS:BOUNDED-INT-TEXT> (OBJ (method . update) (state OBJ (value . 1)) (buffer_paths)) NIL)
 32: (#<FUNCTION (METHOD JUPYTER:ON-COMM-MESSAGE (JUPYTER-WIDGETS:WIDGET T T T))> #<FUNCTION (METHOD ON-COMM-MESSAGE (T T T T))> #<JUPYTER-WIDGETS:BOUNDED-INT-TEXT> (OBJ (method . update) (state OBJ (value . 1)) (buffer_paths)) (OBJ) NIL)
 34: (#<FUNCTION CLOS::EMF-FROM-CONTF.LAMBDA> #<JUPYTER-WIDGETS:BOUNDED-INT-TEXT> (OBJ (method . update) (state OBJ (value . 1)) (buffer_paths)) (OBJ) NIL)
 44: (#<FUNCTION JUPYTER::HANDLE-COMM-MESSAGE> #<CANDO-JUPYTER:KERNEL> #<JUPYTER::MESSAGE>)
 45: (#<FUNCTION JUPYTER::HANDLE-SHELL-MESSAGE> #<CANDO-JUPYTER:KERNEL> #<JUPYTER::MESSAGE>)
 50: (#<FUNCTION JUPYTER::RUN-SHELL> #<CANDO-JUPYTER:KERNEL>)
 51: (#<FUNCTION (LAMBDA NIL)>)
 54: (#<FUNCTION (LAMBDA NIL)>)
2020-08-19 21:21:08 [INFO] <KERNEL> Handling comm_msg message
2020-08-19 21:21:08 [INFO] <NGLWIDGET> Handling custom message async_message
2020-08-19 21:21:08 [INFO] <NGLWIDGET> Setting event
2020-08-19 21:21:08 [INFO] <KERNEL> Handling comm_msg message
2020-08-19 21:21:08 [INFO] <KERNEL> Handling comm_msg message
2020-08-19 21:21:08 [INFO] <NGLWIDGET> Handling custom message request_repr_dict
2020-08-19 21:21:08 [INFO] <KERNEL> Handling comm_msg message
2020-08-19 21:21:09 [INFO] <KERNEL> Handling comm_msg message
2020-08-19 21:21:09 [INFO] <NULL> In add-structure  (loaded self) -> T
2020-08-19 21:21:09 [INFO] <NULL> entered %load-data NIL
2020-08-19 21:21:09 [INFO] <NGLWIDGET> entered %remote-call loadFile
2020-08-19 21:21:09 [INFO] <NULL> About to make-remote-call-callback remote-call-add
2020-08-19 21:21:09 [INFO] <NULL> enqueing remote-call #<REMOTE-CALL-CALLBACK loadFile remote-call-add>
2020-08-19 21:21:09 [INFO] <NULL> remote-call-add #<REMOTE-CALL-CALLBACK loadFile remote-call-add>
2020-08-19 21:21:09 [INFO] <NULL> About to make-remote-call-callback after-loaded
2020-08-19 21:21:09 [INFO] <NULL> leaving %remote-call loadFile
2020-08-19 21:21:09 [INFO] <NULL> leaving %load-data
2020-08-19 21:21:09 [ERROR] <KERNEL> The variable TIRUN-JUPYTER::*SMALLEST-LIGAND-SKETCH* is unbound.
   [Condition of type UNBOUND-VARIABLE]

#<DISSECT:ENVIRONMENT>
   [Environment of thread #<PROCESS "SHELL Thread" @0x127110491 (Running)>]

Backtrace:
 8: (#<FUNCTION TIRUN-JUPYTER::OBSERVE-LIGAND-SELECTOR> #<NGLVIEW:NGLWIDGET> #<JUPYTER-WIDGETS:HTML> #<JUPYTER-WIDGETS:TEXT-AREA> #<tirun-calculation> #<JUPYTER-WIDGETS:LABEL> 2)
 9: (#<FUNCTION (LAMBDA (TIRUN-JUPYTER::INSTANCE TYPE TIRUN-JUPYTER::NAME TIRUN-JUPYTER::OLD-VALUE TIRUN-JUPYTER::NEW-VALUE TIRUN-JUPYTER::SOURCE))> #<JUPYTER-WIDGETS:BOUNDED-INT-TEXT> INT VALUE 1 2 NIL)
 10: (#<FUNCTION (METHOD JUPYTER-WIDGETS:ON-TRAIT-CHANGE (:AFTER) (JUPYTER-WIDGETS:HAS-TRAITS T T T T T))> #<JUPYTER-WIDGETS:BOUNDED-INT-TEXT> INT VALUE 1 2 NIL)
 13: (#<FUNCTION CORE:REPL> #<JUPYTER-WIDGETS:BOUNDED-INT-TEXT> INT VALUE 1 2 NIL)
 24: (#<FUNCTION (METHOD (SETF CLOS:SLOT-VALUE-USING-CLASS) (:AROUND) (T JUPYTER-WIDGETS:TRAIT-METACLASS T JUPYTER-WIDGETS::EFFECTIVE-TRAIT))> #<FUNCTION EMF-FROM-CONTF.LAMBDA> 2 #<The JUPYTER-WIDGETS:TRAIT-METACLASS JUPYTER-WIDGETS:BOUNDED-INT-TEXT> #<JUPYTER-WIDGETS:BOUNDED-INT-TEXT> #<EFFECTIVE-TRAIT VALUE>)
 26: (#<FUNCTION CLOS::EMF-FROM-CONTF.LAMBDA> 2 #<The JUPYTER-WIDGETS:TRAIT-METACLASS JUPYTER-WIDGETS:BOUNDED-INT-TEXT> #<JUPYTER-WIDGETS:BOUNDED-INT-TEXT> #<EFFECTIVE-TRAIT VALUE>)
 30: (#<FUNCTION (SETF SLOT-VALUE)> 2 #<JUPYTER-WIDGETS:BOUNDED-INT-TEXT> VALUE)
 31: (#<FUNCTION JUPYTER-WIDGETS::UPDATE-STATE> #<JUPYTER-WIDGETS:BOUNDED-INT-TEXT> (OBJ (method . update) (state OBJ (value . 2)) (buffer_paths)) NIL)
 32: (#<FUNCTION (METHOD JUPYTER:ON-COMM-MESSAGE (JUPYTER-WIDGETS:WIDGET T T T))> #<FUNCTION (METHOD ON-COMM-MESSAGE (T T T T))> #<JUPYTER-WIDGETS:BOUNDED-INT-TEXT> (OBJ (method . update) (state OBJ (value . 2)) (buffer_paths)) (OBJ) NIL)
 34: (#<FUNCTION CLOS::EMF-FROM-CONTF.LAMBDA> #<JUPYTER-WIDGETS:BOUNDED-INT-TEXT> (OBJ (method . update) (state OBJ (value . 2)) (buffer_paths)) (OBJ) NIL)
 38: (#<FUNCTION JUPYTER::HANDLE-COMM-MESSAGE> #<CANDO-JUPYTER:KERNEL> #<JUPYTER::MESSAGE>)
 39: (#<FUNCTION JUPYTER::HANDLE-SHELL-MESSAGE> #<CANDO-JUPYTER:KERNEL> #<JUPYTER::MESSAGE>)
 44: (#<FUNCTION JUPYTER::RUN-SHELL> #<CANDO-JUPYTER:KERNEL>)
 45: (#<FUNCTION (LAMBDA NIL)>)
 48: (#<FUNCTION (LAMBDA NIL)>)
2020-08-19 21:21:09 [INFO] <KERNEL> Handling comm_msg message
2020-08-19 21:21:09 [INFO] <NGLWIDGET> Handling custom message async_message
2020-08-19 21:21:09 [INFO] <NGLWIDGET> Setting event
2020-08-19 21:21:09 [INFO] <KERNEL> Handling comm_msg message
2020-08-19 21:21:09 [INFO] <KERNEL> Handling comm_msg message
2020-08-19 21:21:09 [INFO] <NGLWIDGET> Handling custom message request_repr_dict
2020-08-19 21:21:09 [INFO] <KERNEL> Handling comm_msg message
2020-08-19 21:21:10 [INFO] <KERNEL> Handling comm_msg message
2020-08-19 21:21:10 [INFO] <NULL> In add-structure  (loaded self) -> T
2020-08-19 21:21:10 [INFO] <NULL> entered %load-data NIL
2020-08-19 21:21:10 [INFO] <NGLWIDGET> entered %remote-call loadFile
2020-08-19 21:21:10 [INFO] <NULL> About to make-remote-call-callback remote-call-add
2020-08-19 21:21:10 [INFO] <NULL> enqueing remote-call #<REMOTE-CALL-CALLBACK loadFile remote-call-add>
2020-08-19 21:21:10 [INFO] <NULL> remote-call-add #<REMOTE-CALL-CALLBACK loadFile remote-call-add>
2020-08-19 21:21:10 [INFO] <NULL> About to make-remote-call-callback after-loaded
2020-08-19 21:21:10 [INFO] <NULL> leaving %remote-call loadFile
2020-08-19 21:21:10 [INFO] <NULL> leaving %load-data
2020-08-19 21:21:10 [INFO] <NGLWIDGET> entered %remote-call autoView
2020-08-19 21:21:10 [INFO] <NULL> About to make-remote-call-callback remote-call-add
2020-08-19 21:21:10 [INFO] <NULL> enqueing remote-call #<REMOTE-CALL-CALLBACK autoView remote-call-add>
2020-08-19 21:21:10 [INFO] <NULL> remote-call-add #<REMOTE-CALL-CALLBACK autoView remote-call-add>
2020-08-19 21:21:10 [INFO] <NULL> leaving %remote-call autoView
2020-08-19 21:21:11 [ERROR] <KERNEL> The variable TIRUN-JUPYTER::*SMALLEST-LIGAND-SKETCH* is unbound.
   [Condition of type UNBOUND-VARIABLE]

#<DISSECT:ENVIRONMENT>
   [Environment of thread #<PROCESS "SHELL Thread" @0x127110491 (Running)>]

Backtrace:
 8: (#<FUNCTION TIRUN-JUPYTER::OBSERVE-LIGAND-SELECTOR> #<NGLVIEW:NGLWIDGET> #<JUPYTER-WIDGETS:HTML> #<JUPYTER-WIDGETS:TEXT-AREA> #<tirun-calculation> #<JUPYTER-WIDGETS:LABEL> 3)
 9: (#<FUNCTION (LAMBDA (TIRUN-JUPYTER::INSTANCE TYPE TIRUN-JUPYTER::NAME TIRUN-JUPYTER::OLD-VALUE TIRUN-JUPYTER::NEW-VALUE TIRUN-JUPYTER::SOURCE))> #<JUPYTER-WIDGETS:BOUNDED-INT-TEXT> INT VALUE 2 3 NIL)
 10: (#<FUNCTION (METHOD JUPYTER-WIDGETS:ON-TRAIT-CHANGE (:AFTER) (JUPYTER-WIDGETS:HAS-TRAITS T T T T T))> #<JUPYTER-WIDGETS:BOUNDED-INT-TEXT> INT VALUE 2 3 NIL)
 13: (#<FUNCTION CORE:REPL> #<JUPYTER-WIDGETS:BOUNDED-INT-TEXT> INT VALUE 2 3 NIL)
 24: (#<FUNCTION (METHOD (SETF CLOS:SLOT-VALUE-USING-CLASS) (:AROUND) (T JUPYTER-WIDGETS:TRAIT-METACLASS T JUPYTER-WIDGETS::EFFECTIVE-TRAIT))> #<FUNCTION EMF-FROM-CONTF.LAMBDA> 3 #<The JUPYTER-WIDGETS:TRAIT-METACLASS JUPYTER-WIDGETS:BOUNDED-INT-TEXT> #<JUPYTER-WIDGETS:BOUNDED-INT-TEXT> #<EFFECTIVE-TRAIT VALUE>)
 26: (#<FUNCTION CLOS::EMF-FROM-CONTF.LAMBDA> 3 #<The JUPYTER-WIDGETS:TRAIT-METACLASS JUPYTER-WIDGETS:BOUNDED-INT-TEXT> #<JUPYTER-WIDGETS:BOUNDED-INT-TEXT> #<EFFECTIVE-TRAIT VALUE>)
 30: (#<FUNCTION (SETF SLOT-VALUE)> 3 #<JUPYTER-WIDGETS:BOUNDED-INT-TEXT> VALUE)
 31: (#<FUNCTION JUPYTER-WIDGETS::UPDATE-STATE> #<JUPYTER-WIDGETS:BOUNDED-INT-TEXT> (OBJ (method . update) (state OBJ (value . 3)) (buffer_paths)) NIL)
 32: (#<FUNCTION (METHOD JUPYTER:ON-COMM-MESSAGE (JUPYTER-WIDGETS:WIDGET T T T))> #<FUNCTION (METHOD ON-COMM-MESSAGE (T T T T))> #<JUPYTER-WIDGETS:BOUNDED-INT-TEXT> (OBJ (method . update) (state OBJ (value . 3)) (buffer_paths)) (OBJ) NIL)
 34: (#<FUNCTION CLOS::EMF-FROM-CONTF.LAMBDA> #<JUPYTER-WIDGETS:BOUNDED-INT-TEXT> (OBJ (method . update) (state OBJ (value . 3)) (buffer_paths)) (OBJ) NIL)
 38: (#<FUNCTION JUPYTER::HANDLE-COMM-MESSAGE> #<CANDO-JUPYTER:KERNEL> #<JUPYTER::MESSAGE>)
 39: (#<FUNCTION JUPYTER::HANDLE-SHELL-MESSAGE> #<CANDO-JUPYTER:KERNEL> #<JUPYTER::MESSAGE>)
 44: (#<FUNCTION JUPYTER::RUN-SHELL> #<CANDO-JUPYTER:KERNEL>)
 45: (#<FUNCTION (LAMBDA NIL)>)
 48: (#<FUNCTION (LAMBDA NIL)>)
2020-08-19 21:21:11 [INFO] <KERNEL> Handling comm_msg message
2020-08-19 21:21:11 [INFO] <NGLWIDGET> Handling custom message async_message
2020-08-19 21:21:11 [INFO] <NGLWIDGET> Setting event
2020-08-19 21:21:11 [INFO] <KERNEL> Handling comm_msg message
2020-08-19 21:21:11 [INFO] <KERNEL> Handling comm_msg message
2020-08-19 21:21:11 [INFO] <NGLWIDGET> Handling custom message request_repr_dict
2020-08-19 21:21:11 [INFO] <KERNEL> Handling comm_msg message
2020-08-19 21:21:11 [INFO] <NULL> In add-structure  (loaded self) -> T
2020-08-19 21:21:11 [INFO] <NULL> entered %load-data NIL
2020-08-19 21:21:11 [INFO] <NGLWIDGET> entered %remote-call loadFile
2020-08-19 21:21:11 [INFO] <NULL> About to make-remote-call-callback remote-call-add
2020-08-19 21:21:11 [INFO] <NULL> enqueing remote-call #<REMOTE-CALL-CALLBACK loadFile remote-call-add>
2020-08-19 21:21:11 [INFO] <NULL> remote-call-add #<REMOTE-CALL-CALLBACK loadFile remote-call-add>
2020-08-19 21:21:11 [INFO] <NULL> About to make-remote-call-callback after-loaded
2020-08-19 21:21:11 [INFO] <NULL> leaving %remote-call loadFile
2020-08-19 21:21:11 [INFO] <NULL> leaving %load-data
2020-08-19 21:21:11 [INFO] <NGLWIDGET> entered %remote-call autoView
2020-08-19 21:21:11 [INFO] <NULL> About to make-remote-call-callback remote-call-add
2020-08-19 21:21:11 [INFO] <NULL> enqueing remote-call #<REMOTE-CALL-CALLBACK autoView remote-call-add>
2020-08-19 21:21:11 [INFO] <NULL> remote-call-add #<REMOTE-CALL-CALLBACK autoView remote-call-add>
2020-08-19 21:21:11 [INFO] <NULL> leaving %remote-call autoView
2020-08-19 21:21:12 [ERROR] <KERNEL> The variable TIRUN-JUPYTER::*SMALLEST-LIGAND-SKETCH* is unbound.
   [Condition of type UNBOUND-VARIABLE]

#<DISSECT:ENVIRONMENT>
   [Environment of thread #<PROCESS "SHELL Thread" @0x127110491 (Running)>]

Backtrace:
 8: (#<FUNCTION TIRUN-JUPYTER::OBSERVE-LIGAND-SELECTOR> #<NGLVIEW:NGLWIDGET> #<JUPYTER-WIDGETS:HTML> #<JUPYTER-WIDGETS:TEXT-AREA> #<tirun-calculation> #<JUPYTER-WIDGETS:LABEL> 4)
 9: (#<FUNCTION (LAMBDA (TIRUN-JUPYTER::INSTANCE TYPE TIRUN-JUPYTER::NAME TIRUN-JUPYTER::OLD-VALUE TIRUN-JUPYTER::NEW-VALUE TIRUN-JUPYTER::SOURCE))> #<JUPYTER-WIDGETS:BOUNDED-INT-TEXT> INT VALUE 3 4 NIL)
 10: (#<FUNCTION (METHOD JUPYTER-WIDGETS:ON-TRAIT-CHANGE (:AFTER) (JUPYTER-WIDGETS:HAS-TRAITS T T T T T))> #<JUPYTER-WIDGETS:BOUNDED-INT-TEXT> INT VALUE 3 4 NIL)
 13: (#<FUNCTION CORE:REPL> #<JUPYTER-WIDGETS:BOUNDED-INT-TEXT> INT VALUE 3 4 NIL)
 24: (#<FUNCTION (METHOD (SETF CLOS:SLOT-VALUE-USING-CLASS) (:AROUND) (T JUPYTER-WIDGETS:TRAIT-METACLASS T JUPYTER-WIDGETS::EFFECTIVE-TRAIT))> #<FUNCTION EMF-FROM-CONTF.LAMBDA> 4 #<The JUPYTER-WIDGETS:TRAIT-METACLASS JUPYTER-WIDGETS:BOUNDED-INT-TEXT> #<JUPYTER-WIDGETS:BOUNDED-INT-TEXT> #<EFFECTIVE-TRAIT VALUE>)
 26: (#<FUNCTION CLOS::EMF-FROM-CONTF.LAMBDA> 4 #<The JUPYTER-WIDGETS:TRAIT-METACLASS JUPYTER-WIDGETS:BOUNDED-INT-TEXT> #<JUPYTER-WIDGETS:BOUNDED-INT-TEXT> #<EFFECTIVE-TRAIT VALUE>)
 30: (#<FUNCTION (SETF SLOT-VALUE)> 4 #<JUPYTER-WIDGETS:BOUNDED-INT-TEXT> VALUE)
 31: (#<FUNCTION JUPYTER-WIDGETS::UPDATE-STATE> #<JUPYTER-WIDGETS:BOUNDED-INT-TEXT> (OBJ (method . update) (state OBJ (value . 4)) (buffer_paths)) NIL)
 32: (#<FUNCTION (METHOD JUPYTER:ON-COMM-MESSAGE (JUPYTER-WIDGETS:WIDGET T T T))> #<FUNCTION (METHOD ON-COMM-MESSAGE (T T T T))> #<JUPYTER-WIDGETS:BOUNDED-INT-TEXT> (OBJ (method . update) (state OBJ (value . 4)) (buffer_paths)) (OBJ) NIL)
 34: (#<FUNCTION CLOS::EMF-FROM-CONTF.LAMBDA> #<JUPYTER-WIDGETS:BOUNDED-INT-TEXT> (OBJ (method . update) (state OBJ (value . 4)) (buffer_paths)) (OBJ) NIL)
 38: (#<FUNCTION JUPYTER::HANDLE-COMM-MESSAGE> #<CANDO-JUPYTER:KERNEL> #<JUPYTER::MESSAGE>)
 39: (#<FUNCTION JUPYTER::HANDLE-SHELL-MESSAGE> #<CANDO-JUPYTER:KERNEL> #<JUPYTER::MESSAGE>)
 44: (#<FUNCTION JUPYTER::RUN-SHELL> #<CANDO-JUPYTER:KERNEL>)
 45: (#<FUNCTION (LAMBDA NIL)>)
 48: (#<FUNCTION (LAMBDA NIL)>)
2020-08-19 21:21:12 [INFO] <KERNEL> Handling comm_msg message
2020-08-19 21:21:12 [INFO] <NGLWIDGET> Handling custom message async_message
2020-08-19 21:21:12 [INFO] <NGLWIDGET> Setting event
2020-08-19 21:21:12 [INFO] <KERNEL> Handling comm_msg message
2020-08-19 21:21:12 [INFO] <KERNEL> Handling comm_msg message
2020-08-19 21:21:12 [INFO] <NGLWIDGET> Handling custom message request_repr_dict
2020-08-19 21:21:12 [INFO] <KERNEL> Handling comm_msg message
2020-08-19 21:21:12 [INFO] <NULL> In add-structure  (loaded self) -> T
2020-08-19 21:21:12 [INFO] <NULL> entered %load-data NIL
2020-08-19 21:21:12 [INFO] <NGLWIDGET> entered %remote-call loadFile
2020-08-19 21:21:12 [INFO] <NULL> About to make-remote-call-callback remote-call-add
2020-08-19 21:21:12 [INFO] <NULL> enqueing remote-call #<REMOTE-CALL-CALLBACK loadFile remote-call-add>
2020-08-19 21:21:12 [INFO] <NULL> remote-call-add #<REMOTE-CALL-CALLBACK loadFile remote-call-add>
2020-08-19 21:21:12 [INFO] <NULL> About to make-remote-call-callback after-loaded
2020-08-19 21:21:12 [INFO] <NULL> leaving %remote-call loadFile
2020-08-19 21:21:12 [INFO] <NULL> leaving %load-data
2020-08-19 21:21:12 [INFO] <NGLWIDGET> entered %remote-call autoView
2020-08-19 21:21:12 [INFO] <NULL> About to make-remote-call-callback remote-call-add
2020-08-19 21:21:12 [INFO] <NULL> enqueing remote-call #<REMOTE-CALL-CALLBACK autoView remote-call-add>
2020-08-19 21:21:12 [INFO] <NULL> remote-call-add #<REMOTE-CALL-CALLBACK autoView remote-call-add>
2020-08-19 21:21:12 [INFO] <NULL> leaving %remote-call autoView
2020-08-19 21:21:13 [ERROR] <KERNEL> The variable TIRUN-JUPYTER::*SMALLEST-LIGAND-SKETCH* is unbound.
   [Condition of type UNBOUND-VARIABLE]

#<DISSECT:ENVIRONMENT>
   [Environment of thread #<PROCESS "SHELL Thread" @0x127110491 (Running)>]

Backtrace:
 8: (#<FUNCTION TIRUN-JUPYTER::OBSERVE-LIGAND-SELECTOR> #<NGLVIEW:NGLWIDGET> #<JUPYTER-WIDGETS:HTML> #<JUPYTER-WIDGETS:TEXT-AREA> #<tirun-calculation> #<JUPYTER-WIDGETS:LABEL> 5)
 9: (#<FUNCTION (LAMBDA (TIRUN-JUPYTER::INSTANCE TYPE TIRUN-JUPYTER::NAME TIRUN-JUPYTER::OLD-VALUE TIRUN-JUPYTER::NEW-VALUE TIRUN-JUPYTER::SOURCE))> #<JUPYTER-WIDGETS:BOUNDED-INT-TEXT> INT VALUE 4 5 NIL)
 10: (#<FUNCTION (METHOD JUPYTER-WIDGETS:ON-TRAIT-CHANGE (:AFTER) (JUPYTER-WIDGETS:HAS-TRAITS T T T T T))> #<JUPYTER-WIDGETS:BOUNDED-INT-TEXT> INT VALUE 4 5 NIL)
 13: (#<FUNCTION CORE:REPL> #<JUPYTER-WIDGETS:BOUNDED-INT-TEXT> INT VALUE 4 5 NIL)
 24: (#<FUNCTION (METHOD (SETF CLOS:SLOT-VALUE-USING-CLASS) (:AROUND) (T JUPYTER-WIDGETS:TRAIT-METACLASS T JUPYTER-WIDGETS::EFFECTIVE-TRAIT))> #<FUNCTION EMF-FROM-CONTF.LAMBDA> 5 #<The JUPYTER-WIDGETS:TRAIT-METACLASS JUPYTER-WIDGETS:BOUNDED-INT-TEXT> #<JUPYTER-WIDGETS:BOUNDED-INT-TEXT> #<EFFECTIVE-TRAIT VALUE>)
 26: (#<FUNCTION CLOS::EMF-FROM-CONTF.LAMBDA> 5 #<The JUPYTER-WIDGETS:TRAIT-METACLASS JUPYTER-WIDGETS:BOUNDED-INT-TEXT> #<JUPYTER-WIDGETS:BOUNDED-INT-TEXT> #<EFFECTIVE-TRAIT VALUE>)
 30: (#<FUNCTION (SETF SLOT-VALUE)> 5 #<JUPYTER-WIDGETS:BOUNDED-INT-TEXT> VALUE)
 31: (#<FUNCTION JUPYTER-WIDGETS::UPDATE-STATE> #<JUPYTER-WIDGETS:BOUNDED-INT-TEXT> (OBJ (method . update) (state OBJ (value . 5)) (buffer_paths)) NIL)
 32: (#<FUNCTION (METHOD JUPYTER:ON-COMM-MESSAGE (JUPYTER-WIDGETS:WIDGET T T T))> #<FUNCTION (METHOD ON-COMM-MESSAGE (T T T T))> #<JUPYTER-WIDGETS:BOUNDED-INT-TEXT> (OBJ (method . update) (state OBJ (value . 5)) (buffer_paths)) (OBJ) NIL)
 34: (#<FUNCTION CLOS::EMF-FROM-CONTF.LAMBDA> #<JUPYTER-WIDGETS:BOUNDED-INT-TEXT> (OBJ (method . update) (state OBJ (value . 5)) (buffer_paths)) (OBJ) NIL)
 38: (#<FUNCTION JUPYTER::HANDLE-COMM-MESSAGE> #<CANDO-JUPYTER:KERNEL> #<JUPYTER::MESSAGE>)
 39: (#<FUNCTION JUPYTER::HANDLE-SHELL-MESSAGE> #<CANDO-JUPYTER:KERNEL> #<JUPYTER::MESSAGE>)
 44: (#<FUNCTION JUPYTER::RUN-SHELL> #<CANDO-JUPYTER:KERNEL>)
 45: (#<FUNCTION (LAMBDA NIL)>)
 48: (#<FUNCTION (LAMBDA NIL)>)
2020-08-19 21:21:13 [INFO] <KERNEL> Handling comm_msg message
2020-08-19 21:21:13 [INFO] <NGLWIDGET> Handling custom message async_message
2020-08-19 21:21:13 [INFO] <NGLWIDGET> Setting event
2020-08-19 21:21:13 [INFO] <KERNEL> Handling comm_msg message
2020-08-19 21:21:13 [INFO] <KERNEL> Handling comm_msg message
2020-08-19 21:21:13 [INFO] <NGLWIDGET> Handling custom message request_repr_dict
2020-08-19 21:21:13 [INFO] <KERNEL> Handling comm_msg message
2020-08-19 21:21:13 [INFO] <NULL> In add-structure  (loaded self) -> T
2020-08-19 21:21:13 [INFO] <NULL> entered %load-data NIL
2020-08-19 21:21:13 [INFO] <NGLWIDGET> entered %remote-call loadFile
2020-08-19 21:21:13 [INFO] <NULL> About to make-remote-call-callback remote-call-add
2020-08-19 21:21:13 [INFO] <NULL> enqueing remote-call #<REMOTE-CALL-CALLBACK loadFile remote-call-add>
2020-08-19 21:21:13 [INFO] <NULL> remote-call-add #<REMOTE-CALL-CALLBACK loadFile remote-call-add>
2020-08-19 21:21:13 [INFO] <NULL> About to make-remote-call-callback after-loaded
2020-08-19 21:21:13 [INFO] <NULL> leaving %remote-call loadFile
2020-08-19 21:21:13 [INFO] <NULL> leaving %load-data
2020-08-19 21:21:13 [INFO] <NGLWIDGET> entered %remote-call autoView
2020-08-19 21:21:13 [INFO] <NULL> About to make-remote-call-callback remote-call-add
2020-08-19 21:21:13 [INFO] <NULL> enqueing remote-call #<REMOTE-CALL-CALLBACK autoView remote-call-add>
2020-08-19 21:21:13 [INFO] <NULL> remote-call-add #<REMOTE-CALL-CALLBACK autoView remote-call-add>
2020-08-19 21:21:13 [INFO] <NULL> leaving %remote-call autoView
2020-08-19 21:21:13 [ERROR] <KERNEL> The variable TIRUN-JUPYTER::*SMALLEST-LIGAND-SKETCH* is unbound.
   [Condition of type UNBOUND-VARIABLE]

#<DISSECT:ENVIRONMENT>
   [Environment of thread #<PROCESS "SHELL Thread" @0x127110491 (Running)>]

Backtrace:
 8: (#<FUNCTION TIRUN-JUPYTER::OBSERVE-LIGAND-SELECTOR> #<NGLVIEW:NGLWIDGET> #<JUPYTER-WIDGETS:HTML> #<JUPYTER-WIDGETS:TEXT-AREA> #<tirun-calculation> #<JUPYTER-WIDGETS:LABEL> 6)
 9: (#<FUNCTION (LAMBDA (TIRUN-JUPYTER::INSTANCE TYPE TIRUN-JUPYTER::NAME TIRUN-JUPYTER::OLD-VALUE TIRUN-JUPYTER::NEW-VALUE TIRUN-JUPYTER::SOURCE))> #<JUPYTER-WIDGETS:BOUNDED-INT-TEXT> INT VALUE 5 6 NIL)
 10: (#<FUNCTION (METHOD JUPYTER-WIDGETS:ON-TRAIT-CHANGE (:AFTER) (JUPYTER-WIDGETS:HAS-TRAITS T T T T T))> #<JUPYTER-WIDGETS:BOUNDED-INT-TEXT> INT VALUE 5 6 NIL)
 13: (#<FUNCTION CORE:REPL> #<JUPYTER-WIDGETS:BOUNDED-INT-TEXT> INT VALUE 5 6 NIL)
 24: (#<FUNCTION (METHOD (SETF CLOS:SLOT-VALUE-USING-CLASS) (:AROUND) (T JUPYTER-WIDGETS:TRAIT-METACLASS T JUPYTER-WIDGETS::EFFECTIVE-TRAIT))> #<FUNCTION EMF-FROM-CONTF.LAMBDA> 6 #<The JUPYTER-WIDGETS:TRAIT-METACLASS JUPYTER-WIDGETS:BOUNDED-INT-TEXT> #<JUPYTER-WIDGETS:BOUNDED-INT-TEXT> #<EFFECTIVE-TRAIT VALUE>)
 26: (#<FUNCTION CLOS::EMF-FROM-CONTF.LAMBDA> 6 #<The JUPYTER-WIDGETS:TRAIT-METACLASS JUPYTER-WIDGETS:BOUNDED-INT-TEXT> #<JUPYTER-WIDGETS:BOUNDED-INT-TEXT> #<EFFECTIVE-TRAIT VALUE>)
 30: (#<FUNCTION (SETF SLOT-VALUE)> 6 #<JUPYTER-WIDGETS:BOUNDED-INT-TEXT> VALUE)
 31: (#<FUNCTION JUPYTER-WIDGETS::UPDATE-STATE> #<JUPYTER-WIDGETS:BOUNDED-INT-TEXT> (OBJ (method . update) (state OBJ (value . 6)) (buffer_paths)) NIL)
 32: (#<FUNCTION (METHOD JUPYTER:ON-COMM-MESSAGE (JUPYTER-WIDGETS:WIDGET T T T))> #<FUNCTION (METHOD ON-COMM-MESSAGE (T T T T))> #<JUPYTER-WIDGETS:BOUNDED-INT-TEXT> (OBJ (method . update) (state OBJ (value . 6)) (buffer_paths)) (OBJ) NIL)
 34: (#<FUNCTION CLOS::EMF-FROM-CONTF.LAMBDA> #<JUPYTER-WIDGETS:BOUNDED-INT-TEXT> (OBJ (method . update) (state OBJ (value . 6)) (buffer_paths)) (OBJ) NIL)
 38: (#<FUNCTION JUPYTER::HANDLE-COMM-MESSAGE> #<CANDO-JUPYTER:KERNEL> #<JUPYTER::MESSAGE>)
 39: (#<FUNCTION JUPYTER::HANDLE-SHELL-MESSAGE> #<CANDO-JUPYTER:KERNEL> #<JUPYTER::MESSAGE>)
 44: (#<FUNCTION JUPYTER::RUN-SHELL> #<CANDO-JUPYTER:KERNEL>)
 45: (#<FUNCTION (LAMBDA NIL)>)
 48: (#<FUNCTION (LAMBDA NIL)>)
2020-08-19 21:21:13 [INFO] <KERNEL> Handling comm_msg message
2020-08-19 21:21:13 [INFO] <NULL> In add-structure  (loaded self) -> T
2020-08-19 21:21:13 [INFO] <NULL> entered %load-data NIL
2020-08-19 21:21:13 [INFO] <NGLWIDGET> entered %remote-call loadFile
2020-08-19 21:21:13 [INFO] <NULL> About to make-remote-call-callback remote-call-add
2020-08-19 21:21:13 [INFO] <NULL> enqueing remote-call #<REMOTE-CALL-CALLBACK loadFile remote-call-add>
2020-08-19 21:21:13 [INFO] <NULL> remote-call-add #<REMOTE-CALL-CALLBACK loadFile remote-call-add>
2020-08-19 21:21:13 [INFO] <NULL> About to make-remote-call-callback after-loaded
2020-08-19 21:21:13 [INFO] <NULL> leaving %remote-call loadFile
2020-08-19 21:21:13 [INFO] <NULL> leaving %load-data
2020-08-19 21:21:13 [INFO] <NGLWIDGET> entered %remote-call autoView
2020-08-19 21:21:13 [INFO] <NULL> About to make-remote-call-callback remote-call-add
2020-08-19 21:21:13 [INFO] <NULL> enqueing remote-call #<REMOTE-CALL-CALLBACK autoView remote-call-add>
2020-08-19 21:21:13 [INFO] <NULL> remote-call-add #<REMOTE-CALL-CALLBACK autoView remote-call-add>
2020-08-19 21:21:13 [INFO] <NULL> leaving %remote-call autoView
2020-08-19 21:21:14 [ERROR] <KERNEL> The variable TIRUN-JUPYTER::*SMALLEST-LIGAND-SKETCH* is unbound.
   [Condition of type UNBOUND-VARIABLE]

#<DISSECT:ENVIRONMENT>
   [Environment of thread #<PROCESS "SHELL Thread" @0x127110491 (Running)>]

Backtrace:
 8: (#<FUNCTION TIRUN-JUPYTER::OBSERVE-LIGAND-SELECTOR> #<NGLVIEW:NGLWIDGET> #<JUPYTER-WIDGETS:HTML> #<JUPYTER-WIDGETS:TEXT-AREA> #<tirun-calculation> #<JUPYTER-WIDGETS:LABEL> 7)
 9: (#<FUNCTION (LAMBDA (TIRUN-JUPYTER::INSTANCE TYPE TIRUN-JUPYTER::NAME TIRUN-JUPYTER::OLD-VALUE TIRUN-JUPYTER::NEW-VALUE TIRUN-JUPYTER::SOURCE))> #<JUPYTER-WIDGETS:BOUNDED-INT-TEXT> INT VALUE 6 7 NIL)
 10: (#<FUNCTION (METHOD JUPYTER-WIDGETS:ON-TRAIT-CHANGE (:AFTER) (JUPYTER-WIDGETS:HAS-TRAITS T T T T T))> #<JUPYTER-WIDGETS:BOUNDED-INT-TEXT> INT VALUE 6 7 NIL)
 13: (#<FUNCTION CORE:REPL> #<JUPYTER-WIDGETS:BOUNDED-INT-TEXT> INT VALUE 6 7 NIL)
 24: (#<FUNCTION (METHOD (SETF CLOS:SLOT-VALUE-USING-CLASS) (:AROUND) (T JUPYTER-WIDGETS:TRAIT-METACLASS T JUPYTER-WIDGETS::EFFECTIVE-TRAIT))> #<FUNCTION EMF-FROM-CONTF.LAMBDA> 7 #<The JUPYTER-WIDGETS:TRAIT-METACLASS JUPYTER-WIDGETS:BOUNDED-INT-TEXT> #<JUPYTER-WIDGETS:BOUNDED-INT-TEXT> #<EFFECTIVE-TRAIT VALUE>)
 26: (#<FUNCTION CLOS::EMF-FROM-CONTF.LAMBDA> 7 #<The JUPYTER-WIDGETS:TRAIT-METACLASS JUPYTER-WIDGETS:BOUNDED-INT-TEXT> #<JUPYTER-WIDGETS:BOUNDED-INT-TEXT> #<EFFECTIVE-TRAIT VALUE>)
 30: (#<FUNCTION (SETF SLOT-VALUE)> 7 #<JUPYTER-WIDGETS:BOUNDED-INT-TEXT> VALUE)
 31: (#<FUNCTION JUPYTER-WIDGETS::UPDATE-STATE> #<JUPYTER-WIDGETS:BOUNDED-INT-TEXT> (OBJ (method . update) (state OBJ (value . 7)) (buffer_paths)) NIL)
 32: (#<FUNCTION (METHOD JUPYTER:ON-COMM-MESSAGE (JUPYTER-WIDGETS:WIDGET T T T))> #<FUNCTION (METHOD ON-COMM-MESSAGE (T T T T))> #<JUPYTER-WIDGETS:BOUNDED-INT-TEXT> (OBJ (method . update) (state OBJ (value . 7)) (buffer_paths)) (OBJ) NIL)
 34: (#<FUNCTION CLOS::EMF-FROM-CONTF.LAMBDA> #<JUPYTER-WIDGETS:BOUNDED-INT-TEXT> (OBJ (method . update) (state OBJ (value . 7)) (buffer_paths)) (OBJ) NIL)
 38: (#<FUNCTION JUPYTER::HANDLE-COMM-MESSAGE> #<CANDO-JUPYTER:KERNEL> #<JUPYTER::MESSAGE>)
 39: (#<FUNCTION JUPYTER::HANDLE-SHELL-MESSAGE> #<CANDO-JUPYTER:KERNEL> #<JUPYTER::MESSAGE>)
 44: (#<FUNCTION JUPYTER::RUN-SHELL> #<CANDO-JUPYTER:KERNEL>)
 45: (#<FUNCTION (LAMBDA NIL)>)
 48: (#<FUNCTION (LAMBDA NIL)>)
2020-08-19 21:21:14 [INFO] <KERNEL> Handling comm_msg message
2020-08-19 21:21:14 [INFO] <NGLWIDGET> Handling custom message async_message
2020-08-19 21:21:14 [INFO] <NGLWIDGET> Setting event
2020-08-19 21:21:14 [INFO] <KERNEL> Handling comm_msg message
2020-08-19 21:21:14 [INFO] <KERNEL> Handling comm_msg message
2020-08-19 21:21:14 [INFO] <NGLWIDGET> Handling custom message request_repr_dict
2020-08-19 21:21:14 [INFO] <KERNEL> Handling comm_msg message
2020-08-19 21:21:15 [ERROR] <KERNEL> Sequence index 8 is out of bounds (INTEGER 0 7).
   [Condition of type CORE:SEQUENCE-OUT-OF-BOUNDS]

#<DISSECT:ENVIRONMENT>
   [Environment of thread #<PROCESS "SHELL Thread" @0x127110491 (Running)>]

Backtrace:
 4: (#<FUNCTION TIRUN-JUPYTER::OBSERVE-LIGAND-SELECTOR> #<NGLVIEW:NGLWIDGET> #<JUPYTER-WIDGETS:HTML> #<JUPYTER-WIDGETS:TEXT-AREA> #<tirun-calculation> #<JUPYTER-WIDGETS:LABEL> 8)
 5: (#<FUNCTION (LAMBDA (TIRUN-JUPYTER::INSTANCE TYPE TIRUN-JUPYTER::NAME TIRUN-JUPYTER::OLD-VALUE TIRUN-JUPYTER::NEW-VALUE TIRUN-JUPYTER::SOURCE))> #<JUPYTER-WIDGETS:BOUNDED-INT-TEXT> INT VALUE 7 8 NIL)
 6: (#<FUNCTION (METHOD JUPYTER-WIDGETS:ON-TRAIT-CHANGE (:AFTER) (JUPYTER-WIDGETS:HAS-TRAITS T T T T T))> #<JUPYTER-WIDGETS:BOUNDED-INT-TEXT> INT VALUE 7 8 NIL)
 9: (#<FUNCTION CORE:REPL> #<JUPYTER-WIDGETS:BOUNDED-INT-TEXT> INT VALUE 7 8 NIL)
 20: (#<FUNCTION (METHOD (SETF CLOS:SLOT-VALUE-USING-CLASS) (:AROUND) (T JUPYTER-WIDGETS:TRAIT-METACLASS T JUPYTER-WIDGETS::EFFECTIVE-TRAIT))> #<FUNCTION EMF-FROM-CONTF.LAMBDA> 8 #<The JUPYTER-WIDGETS:TRAIT-METACLASS JUPYTER-WIDGETS:BOUNDED-INT-TEXT> #<JUPYTER-WIDGETS:BOUNDED-INT-TEXT> #<EFFECTIVE-TRAIT VALUE>)
 22: (#<FUNCTION CLOS::EMF-FROM-CONTF.LAMBDA> 8 #<The JUPYTER-WIDGETS:TRAIT-METACLASS JUPYTER-WIDGETS:BOUNDED-INT-TEXT> #<JUPYTER-WIDGETS:BOUNDED-INT-TEXT> #<EFFECTIVE-TRAIT VALUE>)
 26: (#<FUNCTION (SETF SLOT-VALUE)> 8 #<JUPYTER-WIDGETS:BOUNDED-INT-TEXT> VALUE)
 27: (#<FUNCTION JUPYTER-WIDGETS::UPDATE-STATE> #<JUPYTER-WIDGETS:BOUNDED-INT-TEXT> (OBJ (method . update) (state OBJ (value . 8)) (buffer_paths)) NIL)
 28: (#<FUNCTION (METHOD JUPYTER:ON-COMM-MESSAGE (JUPYTER-WIDGETS:WIDGET T T T))> #<FUNCTION (METHOD ON-COMM-MESSAGE (T T T T))> #<JUPYTER-WIDGETS:BOUNDED-INT-TEXT> (OBJ (method . update) (state OBJ (value . 8)) (buffer_paths)) (OBJ) NIL)
 30: (#<FUNCTION CLOS::EMF-FROM-CONTF.LAMBDA> #<JUPYTER-WIDGETS:BOUNDED-INT-TEXT> (OBJ (method . update) (state OBJ (value . 8)) (buffer_paths)) (OBJ) NIL)
 34: (#<FUNCTION JUPYTER::HANDLE-COMM-MESSAGE> #<CANDO-JUPYTER:KERNEL> #<JUPYTER::MESSAGE>)
 35: (#<FUNCTION JUPYTER::HANDLE-SHELL-MESSAGE> #<CANDO-JUPYTER:KERNEL> #<JUPYTER::MESSAGE>)
 40: (#<FUNCTION JUPYTER::RUN-SHELL> #<CANDO-JUPYTER:KERNEL>)
 41: (#<FUNCTION (LAMBDA NIL)>)
 44: (#<FUNCTION (LAMBDA NIL)>)
2020-08-19 21:21:15 [INFO] <KERNEL> Handling comm_msg message
2020-08-19 21:21:15 [INFO] <NGLWIDGET> Handling custom message async_message
2020-08-19 21:21:15 [INFO] <NGLWIDGET> Setting event
2020-08-19 21:21:15 [INFO] <KERNEL> Handling comm_msg message
2020-08-19 21:21:15 [INFO] <KERNEL> Handling comm_msg message
2020-08-19 21:21:15 [INFO] <NGLWIDGET> Handling custom message request_repr_dict
2020-08-19 21:21:18 [INFO] <KERNEL> Handling comm_msg message
2020-08-19 21:21:18 [INFO] <KERNEL> Handling comm_msg message
2020-08-19 21:21:18 [INFO] <KERNEL> Handling comm_msg message
2020-08-19 21:21:18 [INFO] <KERNEL> Handling comm_msg message
2020-08-19 21:21:18 [INFO] <KERNEL> Handling comm_msg message
2020-08-19 21:21:18 [INFO] <KERNEL> Handling comm_msg message
2020-08-19 21:21:18 [INFO] <KERNEL> Handling comm_msg message
2020-08-19 21:21:18 [INFO] <KERNEL> Handling comm_msg message
2020-08-19 21:21:18 [INFO] <KERNEL> Handling comm_msg message
2020-08-19 21:21:18 [INFO] <KERNEL> Handling comm_msg message
2020-08-19 21:21:18 [INFO] <KERNEL> Handling comm_msg message
2020-08-19 21:21:40 [INFO] <KERNEL> Handling execute_request message
2020-08-19 21:21:42 [INFO] <KERNEL> Handling comm_msg message
2020-08-19 21:21:48 [INFO] <KERNEL> Handling comm_msg message
2020-08-19 21:21:49 [INFO] <KERNEL> Handling comm_msg message
2020-08-19 21:21:49 [INFO] <KERNEL> Handling comm_msg message
2020-08-19 21:21:49 [INFO] <KERNEL> Handling comm_msg message
2020-08-19 21:21:49 [INFO] <KERNEL> Handling comm_msg message
2020-08-19 21:21:49 [INFO] <KERNEL> Handling comm_msg message
2020-08-19 21:21:49 [INFO] <KERNEL> Handling comm_msg message
2020-08-19 21:21:49 [INFO] <KERNEL> Handling comm_msg message
2020-08-19 21:21:49 [INFO] <KERNEL> Handling comm_msg message
2020-08-19 21:21:49 [INFO] <KERNEL> Handling comm_msg message
2020-08-19 21:21:49 [INFO] <KERNEL> Handling comm_msg message
2020-08-19 21:21:49 [INFO] <KERNEL> Handling comm_msg message
2020-08-19 21:21:49 [INFO] <KERNEL> Handling comm_msg message
2020-08-19 21:21:49 [INFO] <KERNEL> Handling comm_msg message
2020-08-19 21:21:49 [INFO] <KERNEL> Handling comm_msg message
2020-08-19 21:21:49 [INFO] <KERNEL> Handling comm_msg message
2020-08-19 21:21:49 [INFO] <KERNEL> Handling comm_msg message
2020-08-19 21:21:49 [INFO] <KERNEL> Handling comm_msg message
2020-08-19 21:21:49 [INFO] <KERNEL> Handling comm_msg message
2020-08-19 21:21:49 [INFO] <KERNEL> Handling comm_msg message
2020-08-19 21:21:49 [INFO] <KERNEL> Handling comm_msg message
2020-08-19 21:21:49 [INFO] <KERNEL> Handling comm_msg message
2020-08-19 21:21:49 [INFO] <KERNEL> Handling comm_msg message
2020-08-19 21:21:49 [INFO] <KERNEL> Handling comm_msg message
2020-08-19 21:21:49 [INFO] <KERNEL> Handling comm_msg message
2020-08-19 21:21:49 [INFO] <KERNEL> Handling comm_msg message
2020-08-19 21:21:49 [INFO] <KERNEL> Handling comm_msg message
2020-08-19 21:21:49 [INFO] <KERNEL> Handling comm_msg message
2020-08-19 21:21:49 [INFO] <KERNEL> Handling comm_msg message
2020-08-19 21:21:49 [INFO] <KERNEL> Handling comm_msg message
2020-08-19 21:21:49 [INFO] <KERNEL> Handling comm_msg message
2020-08-19 21:21:50 [INFO] <KERNEL> Handling comm_msg message
2020-08-19 21:21:50 [INFO] <KERNEL> Handling comm_msg message
2020-08-19 21:21:50 [INFO] <KERNEL> Handling comm_msg message
2020-08-19 21:21:52 [INFO] <KERNEL> Handling comm_msg message
2020-08-19 21:21:52 [INFO] <KERNEL> Handling comm_msg message
2020-08-19 21:21:52 [INFO] <KERNEL> Handling comm_msg message
2020-08-19 21:21:52 [INFO] <KERNEL> Handling comm_msg message
2020-08-19 21:21:52 [INFO] <KERNEL> Handling comm_msg message
2020-08-19 21:21:52 [INFO] <KERNEL> Handling comm_msg message
2020-08-19 21:21:52 [INFO] <KERNEL> Handling comm_msg message
2020-08-19 21:21:52 [INFO] <KERNEL> Handling comm_msg message
2020-08-19 21:21:52 [INFO] <KERNEL> Handling comm_msg message
2020-08-19 21:21:52 [INFO] <KERNEL> Handling comm_msg message
2020-08-19 21:21:52 [INFO] <KERNEL> Handling comm_msg message
2020-08-19 21:21:52 [INFO] <KERNEL> Handling comm_msg message
2020-08-19 21:21:52 [INFO] <KERNEL> Handling comm_msg message
2020-08-19 21:21:52 [INFO] <KERNEL> Handling comm_msg message
2020-08-19 21:21:52 [INFO] <KERNEL> Handling comm_msg message
2020-08-19 21:21:52 [INFO] <KERNEL> Handling comm_msg message
2020-08-19 21:21:52 [INFO] <KERNEL> Handling comm_msg message
2020-08-19 21:21:52 [INFO] <KERNEL> Handling comm_msg message
2020-08-19 21:21:52 [INFO] <KERNEL> Handling comm_msg message
2020-08-19 21:21:52 [INFO] <KERNEL> Handling comm_msg message
2020-08-19 21:21:52 [INFO] <KERNEL> Handling comm_msg message
2020-08-19 21:21:57 [INFO] <KERNEL> Handling comm_msg message
2020-08-19 21:21:57 [INFO] <KERNEL> Handling comm_msg message
2020-08-19 21:21:57 [INFO] <KERNEL> Handling comm_msg message
2020-08-19 21:21:57 [INFO] <KERNEL> Handling comm_msg message
2020-08-19 21:21:57 [INFO] <KERNEL> Handling comm_msg message
2020-08-19 21:21:57 [INFO] <KERNEL> Handling comm_msg message
2020-08-19 21:21:57 [INFO] <KERNEL> Handling comm_msg message
2020-08-19 21:21:57 [INFO] <KERNEL> Handling comm_msg message
2020-08-19 21:21:57 [INFO] <KERNEL> Handling comm_msg message
2020-08-19 21:21:57 [INFO] <KERNEL> Handling comm_msg message
2020-08-19 21:21:57 [INFO] <KERNEL> Handling comm_msg message
2020-08-19 21:21:57 [INFO] <KERNEL> Handling comm_msg message
2020-08-19 21:21:58 [INFO] <KERNEL> Handling comm_msg message
2020-08-19 21:21:58 [INFO] <KERNEL> Handling comm_msg message
2020-08-19 21:21:58 [INFO] <KERNEL> Handling comm_msg message
2020-08-19 21:21:58 [INFO] <KERNEL> Handling comm_msg message
2020-08-19 21:21:58 [INFO] <KERNEL> Handling comm_msg message
2020-08-19 21:21:58 [INFO] <KERNEL> Handling comm_msg message
2020-08-19 21:21:58 [INFO] <KERNEL> Handling comm_msg message
2020-08-19 21:21:58 [INFO] <KERNEL> Handling comm_msg message
2020-08-19 21:21:58 [INFO] <KERNEL> Handling comm_msg message
2020-08-19 21:21:58 [INFO] <KERNEL> Handling comm_msg message
2020-08-19 21:21:58 [INFO] <KERNEL> Handling comm_msg message
2020-08-19 21:21:58 [INFO] <KERNEL> Handling comm_msg message
2020-08-19 21:21:58 [INFO] <KERNEL> Handling comm_msg message
2020-08-19 21:21:58 [INFO] <KERNEL> Handling comm_msg message
2020-08-19 21:21:58 [INFO] <KERNEL> Handling comm_msg message
2020-08-19 21:21:58 [INFO] <KERNEL> Handling comm_msg message
2020-08-19 21:21:58 [INFO] <KERNEL> Handling comm_msg message
2020-08-19 21:21:58 [INFO] <KERNEL> Handling comm_msg message
2020-08-19 21:21:58 [INFO] <KERNEL> Handling comm_msg message
2020-08-19 21:21:59 [INFO] <KERNEL> Handling comm_msg message
2020-08-19 21:21:59 [INFO] <KERNEL> Handling comm_msg message
2020-08-19 21:21:59 [INFO] <KERNEL> Handling comm_msg message
2020-08-19 21:21:59 [INFO] <KERNEL> Handling comm_msg message
2020-08-19 21:21:59 [INFO] <KERNEL> Handling comm_msg message
2020-08-19 21:21:59 [INFO] <KERNEL> Handling comm_msg message
2020-08-19 21:21:59 [INFO] <KERNEL> Handling comm_msg message
2020-08-19 21:21:59 [INFO] <KERNEL> Handling comm_msg message
2020-08-19 21:21:59 [INFO] <KERNEL> Handling comm_msg message
2020-08-19 21:21:59 [INFO] <KERNEL> Handling comm_msg message
2020-08-19 21:21:59 [INFO] <KERNEL> Handling comm_msg message
2020-08-19 21:21:59 [INFO] <KERNEL> Handling comm_msg message
2020-08-19 21:21:59 [INFO] <KERNEL> Handling comm_msg message
2020-08-19 21:21:59 [INFO] <KERNEL> Handling comm_msg message
2020-08-19 21:21:59 [INFO] <KERNEL> Handling comm_msg message
2020-08-19 21:21:59 [INFO] <KERNEL> Handling comm_msg message
2020-08-19 21:21:59 [INFO] <KERNEL> Handling comm_msg message
2020-08-19 21:21:59 [INFO] <KERNEL> Handling comm_msg message
2020-08-19 21:21:59 [INFO] <KERNEL> Handling comm_msg message
2020-08-19 21:22:04 [INFO] <KERNEL> Handling comm_msg message
2020-08-19 21:22:04 [INFO] <KERNEL> Handling comm_msg message
2020-08-19 21:22:04 [INFO] <KERNEL> Handling comm_msg message
2020-08-19 21:22:04 [INFO] <KERNEL> Handling comm_msg message
2020-08-19 21:22:04 [INFO] <KERNEL> Handling comm_msg message
2020-08-19 21:22:04 [INFO] <KERNEL> Handling comm_msg message
2020-08-19 21:22:04 [INFO] <KERNEL> Handling comm_msg message
2020-08-19 21:22:04 [INFO] <KERNEL> Handling comm_msg message
2020-08-19 21:22:04 [INFO] <KERNEL> Handling comm_msg message
2020-08-19 21:22:04 [INFO] <KERNEL> Handling comm_msg message
2020-08-19 21:22:04 [INFO] <KERNEL> Handling comm_msg message
2020-08-19 21:22:04 [INFO] <KERNEL> Handling comm_msg message
2020-08-19 21:22:04 [INFO] <KERNEL> Handling comm_msg message
2020-08-19 21:22:04 [INFO] <KERNEL> Handling comm_msg message
2020-08-19 21:22:04 [INFO] <KERNEL> Handling comm_msg message
2020-08-19 21:22:04 [INFO] <KERNEL> Handling comm_msg message
2020-08-19 21:22:10 [INFO] <KERNEL> Handling comm_msg message
2020-08-19 21:22:10 [INFO] <KERNEL> Handling comm_msg message
2020-08-19 21:22:10 [INFO] <KERNEL> Handling comm_msg message
2020-08-19 21:22:10 [INFO] <KERNEL> Handling comm_msg message
2020-08-19 21:22:10 [INFO] <KERNEL> Handling comm_msg message
2020-08-19 21:22:10 [INFO] <KERNEL> Handling comm_msg message
2020-08-19 21:22:10 [INFO] <KERNEL> Handling comm_msg message
2020-08-19 21:22:10 [INFO] <KERNEL> Handling comm_msg message
2020-08-19 21:22:10 [INFO] <KERNEL> Handling comm_msg message
2020-08-19 21:22:10 [INFO] <KERNEL> Handling comm_msg message
2020-08-19 21:22:10 [INFO] <KERNEL> Handling comm_msg message
2020-08-19 21:22:10 [INFO] <KERNEL> Handling comm_msg message
2020-08-19 21:22:10 [INFO] <KERNEL> Handling comm_msg message
2020-08-19 21:22:10 [INFO] <KERNEL> Handling comm_msg message
2020-08-19 21:22:10 [INFO] <KERNEL> Handling comm_msg message
2020-08-19 21:22:10 [INFO] <KERNEL> Handling comm_msg message
2020-08-19 21:22:10 [INFO] <KERNEL> Handling comm_msg message
2020-08-19 21:22:10 [INFO] <KERNEL> Handling comm_msg message
2020-08-19 21:22:10 [INFO] <KERNEL> Handling comm_msg message
2020-08-19 21:22:10 [INFO] <KERNEL> Handling comm_msg message
2020-08-19 21:22:10 [INFO] <KERNEL> Handling comm_msg message
2020-08-19 21:22:11 [INFO] <KERNEL> Handling comm_msg message
2020-08-19 21:22:11 [INFO] <KERNEL> Handling comm_msg message
2020-08-19 21:22:27 [INFO] <KERNEL> Handling comm_msg message
2020-08-19 21:22:27 [INFO] <NULL> In add-structure  (loaded self) -> T
2020-08-19 21:22:27 [INFO] <NULL> entered %load-data NIL
2020-08-19 21:22:27 [INFO] <NGLWIDGET> entered %remote-call loadFile
2020-08-19 21:22:27 [INFO] <NULL> About to make-remote-call-callback remote-call-add
2020-08-19 21:22:27 [INFO] <NULL> enqueing remote-call #<REMOTE-CALL-CALLBACK loadFile remote-call-add>
2020-08-19 21:22:27 [INFO] <NULL> remote-call-add #<REMOTE-CALL-CALLBACK loadFile remote-call-add>
2020-08-19 21:22:27 [INFO] <NULL> About to make-remote-call-callback after-loaded
2020-08-19 21:22:27 [INFO] <NULL> leaving %remote-call loadFile
2020-08-19 21:22:27 [INFO] <NULL> leaving %load-data
2020-08-19 21:22:27 [INFO] <NGLWIDGET> entered %remote-call autoView
2020-08-19 21:22:27 [INFO] <NULL> About to make-remote-call-callback remote-call-add
2020-08-19 21:22:27 [INFO] <NULL> enqueing remote-call #<REMOTE-CALL-CALLBACK autoView remote-call-add>
2020-08-19 21:22:27 [INFO] <NULL> remote-call-add #<REMOTE-CALL-CALLBACK autoView remote-call-add>
2020-08-19 21:22:27 [INFO] <NULL> leaving %remote-call autoView
2020-08-19 21:22:27 [ERROR] <KERNEL> The variable TIRUN-JUPYTER::*SMALLEST-LIGAND-SKETCH* is unbound.
   [Condition of type UNBOUND-VARIABLE]

#<DISSECT:ENVIRONMENT>
   [Environment of thread #<PROCESS "SHELL Thread" @0x127110491 (Running)>]

Backtrace:
 8: (#<FUNCTION TIRUN-JUPYTER::OBSERVE-LIGAND-SELECTOR> #<NGLVIEW:NGLWIDGET> #<JUPYTER-WIDGETS:HTML> #<JUPYTER-WIDGETS:TEXT-AREA> #<tirun-calculation> #<JUPYTER-WIDGETS:LABEL> 7)
 9: (#<FUNCTION (LAMBDA (TIRUN-JUPYTER::INSTANCE TYPE TIRUN-JUPYTER::NAME TIRUN-JUPYTER::OLD-VALUE TIRUN-JUPYTER::NEW-VALUE TIRUN-JUPYTER::SOURCE))> #<JUPYTER-WIDGETS:BOUNDED-INT-TEXT> INT VALUE 8 7 NIL)
 10: (#<FUNCTION (METHOD JUPYTER-WIDGETS:ON-TRAIT-CHANGE (:AFTER) (JUPYTER-WIDGETS:HAS-TRAITS T T T T T))> #<JUPYTER-WIDGETS:BOUNDED-INT-TEXT> INT VALUE 8 7 NIL)
 13: (#<FUNCTION CORE:REPL> #<JUPYTER-WIDGETS:BOUNDED-INT-TEXT> INT VALUE 8 7 NIL)
 24: (#<FUNCTION (METHOD (SETF CLOS:SLOT-VALUE-USING-CLASS) (:AROUND) (T JUPYTER-WIDGETS:TRAIT-METACLASS T JUPYTER-WIDGETS::EFFECTIVE-TRAIT))> #<FUNCTION EMF-FROM-CONTF.LAMBDA> 7 #<The JUPYTER-WIDGETS:TRAIT-METACLASS JUPYTER-WIDGETS:BOUNDED-INT-TEXT> #<JUPYTER-WIDGETS:BOUNDED-INT-TEXT> #<EFFECTIVE-TRAIT VALUE>)
 26: (#<FUNCTION CLOS::EMF-FROM-CONTF.LAMBDA> 7 #<The JUPYTER-WIDGETS:TRAIT-METACLASS JUPYTER-WIDGETS:BOUNDED-INT-TEXT> #<JUPYTER-WIDGETS:BOUNDED-INT-TEXT> #<EFFECTIVE-TRAIT VALUE>)
 30: (#<FUNCTION (SETF SLOT-VALUE)> 7 #<JUPYTER-WIDGETS:BOUNDED-INT-TEXT> VALUE)
 31: (#<FUNCTION JUPYTER-WIDGETS::UPDATE-STATE> #<JUPYTER-WIDGETS:BOUNDED-INT-TEXT> (OBJ (method . update) (state OBJ (value . 7)) (buffer_paths)) NIL)
 32: (#<FUNCTION (METHOD JUPYTER:ON-COMM-MESSAGE (JUPYTER-WIDGETS:WIDGET T T T))> #<FUNCTION (METHOD ON-COMM-MESSAGE (T T T T))> #<JUPYTER-WIDGETS:BOUNDED-INT-TEXT> (OBJ (method . update) (state OBJ (value . 7)) (buffer_paths)) (OBJ) NIL)
 34: (#<FUNCTION CLOS::EMF-FROM-CONTF.LAMBDA> #<JUPYTER-WIDGETS:BOUNDED-INT-TEXT> (OBJ (method . update) (state OBJ (value . 7)) (buffer_paths)) (OBJ) NIL)
 38: (#<FUNCTION JUPYTER::HANDLE-COMM-MESSAGE> #<CANDO-JUPYTER:KERNEL> #<JUPYTER::MESSAGE>)
 39: (#<FUNCTION JUPYTER::HANDLE-SHELL-MESSAGE> #<CANDO-JUPYTER:KERNEL> #<JUPYTER::MESSAGE>)
 44: (#<FUNCTION JUPYTER::RUN-SHELL> #<CANDO-JUPYTER:KERNEL>)
 45: (#<FUNCTION (LAMBDA NIL)>)
 48: (#<FUNCTION (LAMBDA NIL)>)
2020-08-19 21:22:27 [INFO] <KERNEL> Handling comm_msg message
2020-08-19 21:22:27 [INFO] <NGLWIDGET> Handling custom message async_message
2020-08-19 21:22:27 [INFO] <NGLWIDGET> Setting event
2020-08-19 21:22:27 [INFO] <KERNEL> Handling comm_msg message
2020-08-19 21:22:27 [INFO] <KERNEL> Handling comm_msg message
2020-08-19 21:22:27 [INFO] <NGLWIDGET> Handling custom message request_repr_dict
2020-08-19 21:22:27 [INFO] <KERNEL> Handling comm_msg message
2020-08-19 21:22:27 [INFO] <KERNEL> Handling comm_msg message
2020-08-19 21:22:27 [INFO] <NULL> In add-structure  (loaded self) -> T
2020-08-19 21:22:27 [INFO] <NULL> entered %load-data NIL
2020-08-19 21:22:27 [INFO] <NGLWIDGET> entered %remote-call loadFile
2020-08-19 21:22:27 [INFO] <NULL> About to make-remote-call-callback remote-call-add
2020-08-19 21:22:27 [INFO] <NULL> enqueing remote-call #<REMOTE-CALL-CALLBACK loadFile remote-call-add>
2020-08-19 21:22:27 [INFO] <NULL> remote-call-add #<REMOTE-CALL-CALLBACK loadFile remote-call-add>
2020-08-19 21:22:27 [INFO] <NULL> About to make-remote-call-callback after-loaded
2020-08-19 21:22:27 [INFO] <NULL> leaving %remote-call loadFile
2020-08-19 21:22:27 [INFO] <NULL> leaving %load-data
2020-08-19 21:22:27 [INFO] <NGLWIDGET> entered %remote-call autoView
2020-08-19 21:22:27 [INFO] <NULL> About to make-remote-call-callback remote-call-add
2020-08-19 21:22:27 [INFO] <NULL> enqueing remote-call #<REMOTE-CALL-CALLBACK autoView remote-call-add>
2020-08-19 21:22:27 [INFO] <NULL> remote-call-add #<REMOTE-CALL-CALLBACK autoView remote-call-add>
2020-08-19 21:22:27 [INFO] <NULL> leaving %remote-call autoView
2020-08-19 21:22:28 [ERROR] <KERNEL> The variable TIRUN-JUPYTER::*SMALLEST-LIGAND-SKETCH* is unbound.
   [Condition of type UNBOUND-VARIABLE]

#<DISSECT:ENVIRONMENT>
   [Environment of thread #<PROCESS "SHELL Thread" @0x127110491 (Running)>]

Backtrace:
 8: (#<FUNCTION TIRUN-JUPYTER::OBSERVE-LIGAND-SELECTOR> #<NGLVIEW:NGLWIDGET> #<JUPYTER-WIDGETS:HTML> #<JUPYTER-WIDGETS:TEXT-AREA> #<tirun-calculation> #<JUPYTER-WIDGETS:LABEL> 6)
 9: (#<FUNCTION (LAMBDA (TIRUN-JUPYTER::INSTANCE TYPE TIRUN-JUPYTER::NAME TIRUN-JUPYTER::OLD-VALUE TIRUN-JUPYTER::NEW-VALUE TIRUN-JUPYTER::SOURCE))> #<JUPYTER-WIDGETS:BOUNDED-INT-TEXT> INT VALUE 7 6 NIL)
 10: (#<FUNCTION (METHOD JUPYTER-WIDGETS:ON-TRAIT-CHANGE (:AFTER) (JUPYTER-WIDGETS:HAS-TRAITS T T T T T))> #<JUPYTER-WIDGETS:BOUNDED-INT-TEXT> INT VALUE 7 6 NIL)
 13: (#<FUNCTION CORE:REPL> #<JUPYTER-WIDGETS:BOUNDED-INT-TEXT> INT VALUE 7 6 NIL)
 24: (#<FUNCTION (METHOD (SETF CLOS:SLOT-VALUE-USING-CLASS) (:AROUND) (T JUPYTER-WIDGETS:TRAIT-METACLASS T JUPYTER-WIDGETS::EFFECTIVE-TRAIT))> #<FUNCTION EMF-FROM-CONTF.LAMBDA> 6 #<The JUPYTER-WIDGETS:TRAIT-METACLASS JUPYTER-WIDGETS:BOUNDED-INT-TEXT> #<JUPYTER-WIDGETS:BOUNDED-INT-TEXT> #<EFFECTIVE-TRAIT VALUE>)
 26: (#<FUNCTION CLOS::EMF-FROM-CONTF.LAMBDA> 6 #<The JUPYTER-WIDGETS:TRAIT-METACLASS JUPYTER-WIDGETS:BOUNDED-INT-TEXT> #<JUPYTER-WIDGETS:BOUNDED-INT-TEXT> #<EFFECTIVE-TRAIT VALUE>)
 30: (#<FUNCTION (SETF SLOT-VALUE)> 6 #<JUPYTER-WIDGETS:BOUNDED-INT-TEXT> VALUE)
 31: (#<FUNCTION JUPYTER-WIDGETS::UPDATE-STATE> #<JUPYTER-WIDGETS:BOUNDED-INT-TEXT> (OBJ (method . update) (state OBJ (value . 6)) (buffer_paths)) NIL)
 32: (#<FUNCTION (METHOD JUPYTER:ON-COMM-MESSAGE (JUPYTER-WIDGETS:WIDGET T T T))> #<FUNCTION (METHOD ON-COMM-MESSAGE (T T T T))> #<JUPYTER-WIDGETS:BOUNDED-INT-TEXT> (OBJ (method . update) (state OBJ (value . 6)) (buffer_paths)) (OBJ) NIL)
 34: (#<FUNCTION CLOS::EMF-FROM-CONTF.LAMBDA> #<JUPYTER-WIDGETS:BOUNDED-INT-TEXT> (OBJ (method . update) (state OBJ (value . 6)) (buffer_paths)) (OBJ) NIL)
 38: (#<FUNCTION JUPYTER::HANDLE-COMM-MESSAGE> #<CANDO-JUPYTER:KERNEL> #<JUPYTER::MESSAGE>)
 39: (#<FUNCTION JUPYTER::HANDLE-SHELL-MESSAGE> #<CANDO-JUPYTER:KERNEL> #<JUPYTER::MESSAGE>)
 44: (#<FUNCTION JUPYTER::RUN-SHELL> #<CANDO-JUPYTER:KERNEL>)
 45: (#<FUNCTION (LAMBDA NIL)>)
 48: (#<FUNCTION (LAMBDA NIL)>)
2020-08-19 21:22:28 [INFO] <KERNEL> Handling comm_msg message
2020-08-19 21:22:28 [INFO] <NGLWIDGET> Handling custom message async_message
2020-08-19 21:22:28 [INFO] <NGLWIDGET> Setting event
2020-08-19 21:22:28 [INFO] <KERNEL> Handling comm_msg message
2020-08-19 21:22:28 [INFO] <KERNEL> Handling comm_msg message
2020-08-19 21:22:28 [INFO] <NGLWIDGET> Handling custom message request_repr_dict
2020-08-19 21:22:28 [INFO] <KERNEL> Handling comm_msg message
2020-08-19 21:22:28 [INFO] <NULL> In add-structure  (loaded self) -> T
2020-08-19 21:22:28 [INFO] <NULL> entered %load-data NIL
2020-08-19 21:22:28 [INFO] <NGLWIDGET> entered %remote-call loadFile
2020-08-19 21:22:28 [INFO] <NULL> About to make-remote-call-callback remote-call-add
2020-08-19 21:22:28 [INFO] <NULL> enqueing remote-call #<REMOTE-CALL-CALLBACK loadFile remote-call-add>
2020-08-19 21:22:28 [INFO] <NULL> remote-call-add #<REMOTE-CALL-CALLBACK loadFile remote-call-add>
2020-08-19 21:22:28 [INFO] <NULL> About to make-remote-call-callback after-loaded
2020-08-19 21:22:28 [INFO] <NULL> leaving %remote-call loadFile
2020-08-19 21:22:28 [INFO] <NULL> leaving %load-data
2020-08-19 21:22:28 [INFO] <NGLWIDGET> entered %remote-call autoView
2020-08-19 21:22:28 [INFO] <NULL> About to make-remote-call-callback remote-call-add
2020-08-19 21:22:28 [INFO] <NULL> enqueing remote-call #<REMOTE-CALL-CALLBACK autoView remote-call-add>
2020-08-19 21:22:28 [INFO] <NULL> remote-call-add #<REMOTE-CALL-CALLBACK autoView remote-call-add>
2020-08-19 21:22:28 [INFO] <NULL> leaving %remote-call autoView
2020-08-19 21:22:28 [ERROR] <KERNEL> The variable TIRUN-JUPYTER::*SMALLEST-LIGAND-SKETCH* is unbound.
   [Condition of type UNBOUND-VARIABLE]

#<DISSECT:ENVIRONMENT>
   [Environment of thread #<PROCESS "SHELL Thread" @0x127110491 (Running)>]

Backtrace:
 8: (#<FUNCTION TIRUN-JUPYTER::OBSERVE-LIGAND-SELECTOR> #<NGLVIEW:NGLWIDGET> #<JUPYTER-WIDGETS:HTML> #<JUPYTER-WIDGETS:TEXT-AREA> #<tirun-calculation> #<JUPYTER-WIDGETS:LABEL> 5)
 9: (#<FUNCTION (LAMBDA (TIRUN-JUPYTER::INSTANCE TYPE TIRUN-JUPYTER::NAME TIRUN-JUPYTER::OLD-VALUE TIRUN-JUPYTER::NEW-VALUE TIRUN-JUPYTER::SOURCE))> #<JUPYTER-WIDGETS:BOUNDED-INT-TEXT> INT VALUE 6 5 NIL)
 10: (#<FUNCTION (METHOD JUPYTER-WIDGETS:ON-TRAIT-CHANGE (:AFTER) (JUPYTER-WIDGETS:HAS-TRAITS T T T T T))> #<JUPYTER-WIDGETS:BOUNDED-INT-TEXT> INT VALUE 6 5 NIL)
 13: (#<FUNCTION CORE:REPL> #<JUPYTER-WIDGETS:BOUNDED-INT-TEXT> INT VALUE 6 5 NIL)
 24: (#<FUNCTION (METHOD (SETF CLOS:SLOT-VALUE-USING-CLASS) (:AROUND) (T JUPYTER-WIDGETS:TRAIT-METACLASS T JUPYTER-WIDGETS::EFFECTIVE-TRAIT))> #<FUNCTION EMF-FROM-CONTF.LAMBDA> 5 #<The JUPYTER-WIDGETS:TRAIT-METACLASS JUPYTER-WIDGETS:BOUNDED-INT-TEXT> #<JUPYTER-WIDGETS:BOUNDED-INT-TEXT> #<EFFECTIVE-TRAIT VALUE>)
 26: (#<FUNCTION CLOS::EMF-FROM-CONTF.LAMBDA> 5 #<The JUPYTER-WIDGETS:TRAIT-METACLASS JUPYTER-WIDGETS:BOUNDED-INT-TEXT> #<JUPYTER-WIDGETS:BOUNDED-INT-TEXT> #<EFFECTIVE-TRAIT VALUE>)
 30: (#<FUNCTION (SETF SLOT-VALUE)> 5 #<JUPYTER-WIDGETS:BOUNDED-INT-TEXT> VALUE)
 31: (#<FUNCTION JUPYTER-WIDGETS::UPDATE-STATE> #<JUPYTER-WIDGETS:BOUNDED-INT-TEXT> (OBJ (method . update) (state OBJ (value . 5)) (buffer_paths)) NIL)
 32: (#<FUNCTION (METHOD JUPYTER:ON-COMM-MESSAGE (JUPYTER-WIDGETS:WIDGET T T T))> #<FUNCTION (METHOD ON-COMM-MESSAGE (T T T T))> #<JUPYTER-WIDGETS:BOUNDED-INT-TEXT> (OBJ (method . update) (state OBJ (value . 5)) (buffer_paths)) (OBJ) NIL)
 34: (#<FUNCTION CLOS::EMF-FROM-CONTF.LAMBDA> #<JUPYTER-WIDGETS:BOUNDED-INT-TEXT> (OBJ (method . update) (state OBJ (value . 5)) (buffer_paths)) (OBJ) NIL)
 38: (#<FUNCTION JUPYTER::HANDLE-COMM-MESSAGE> #<CANDO-JUPYTER:KERNEL> #<JUPYTER::MESSAGE>)
 39: (#<FUNCTION JUPYTER::HANDLE-SHELL-MESSAGE> #<CANDO-JUPYTER:KERNEL> #<JUPYTER::MESSAGE>)
 44: (#<FUNCTION JUPYTER::RUN-SHELL> #<CANDO-JUPYTER:KERNEL>)
 45: (#<FUNCTION (LAMBDA NIL)>)
 48: (#<FUNCTION (LAMBDA NIL)>)
2020-08-19 21:22:29 [INFO] <KERNEL> Handling comm_msg message
2020-08-19 21:22:29 [INFO] <NULL> In add-structure  (loaded self) -> T
2020-08-19 21:22:29 [INFO] <NULL> entered %load-data NIL
2020-08-19 21:22:29 [INFO] <NGLWIDGET> entered %remote-call loadFile
2020-08-19 21:22:29 [INFO] <NULL> About to make-remote-call-callback remote-call-add
2020-08-19 21:22:29 [INFO] <NULL> enqueing remote-call #<REMOTE-CALL-CALLBACK loadFile remote-call-add>
2020-08-19 21:22:29 [INFO] <NULL> remote-call-add #<REMOTE-CALL-CALLBACK loadFile remote-call-add>
2020-08-19 21:22:29 [INFO] <NULL> About to make-remote-call-callback after-loaded
2020-08-19 21:22:29 [INFO] <NULL> leaving %remote-call loadFile
2020-08-19 21:22:29 [INFO] <NULL> leaving %load-data
2020-08-19 21:22:29 [INFO] <NGLWIDGET> entered %remote-call autoView
2020-08-19 21:22:29 [INFO] <NULL> About to make-remote-call-callback remote-call-add
2020-08-19 21:22:29 [INFO] <NULL> enqueing remote-call #<REMOTE-CALL-CALLBACK autoView remote-call-add>
2020-08-19 21:22:29 [INFO] <NULL> remote-call-add #<REMOTE-CALL-CALLBACK autoView remote-call-add>
2020-08-19 21:22:29 [INFO] <NULL> leaving %remote-call autoView
2020-08-19 21:22:29 [ERROR] <KERNEL> The variable TIRUN-JUPYTER::*SMALLEST-LIGAND-SKETCH* is unbound.
   [Condition of type UNBOUND-VARIABLE]

#<DISSECT:ENVIRONMENT>
   [Environment of thread #<PROCESS "SHELL Thread" @0x127110491 (Running)>]

Backtrace:
 8: (#<FUNCTION TIRUN-JUPYTER::OBSERVE-LIGAND-SELECTOR> #<NGLVIEW:NGLWIDGET> #<JUPYTER-WIDGETS:HTML> #<JUPYTER-WIDGETS:TEXT-AREA> #<tirun-calculation> #<JUPYTER-WIDGETS:LABEL> 4)
 9: (#<FUNCTION (LAMBDA (TIRUN-JUPYTER::INSTANCE TYPE TIRUN-JUPYTER::NAME TIRUN-JUPYTER::OLD-VALUE TIRUN-JUPYTER::NEW-VALUE TIRUN-JUPYTER::SOURCE))> #<JUPYTER-WIDGETS:BOUNDED-INT-TEXT> INT VALUE 5 4 NIL)
 10: (#<FUNCTION (METHOD JUPYTER-WIDGETS:ON-TRAIT-CHANGE (:AFTER) (JUPYTER-WIDGETS:HAS-TRAITS T T T T T))> #<JUPYTER-WIDGETS:BOUNDED-INT-TEXT> INT VALUE 5 4 NIL)
 13: (#<FUNCTION CORE:REPL> #<JUPYTER-WIDGETS:BOUNDED-INT-TEXT> INT VALUE 5 4 NIL)
 24: (#<FUNCTION (METHOD (SETF CLOS:SLOT-VALUE-USING-CLASS) (:AROUND) (T JUPYTER-WIDGETS:TRAIT-METACLASS T JUPYTER-WIDGETS::EFFECTIVE-TRAIT))> #<FUNCTION EMF-FROM-CONTF.LAMBDA> 4 #<The JUPYTER-WIDGETS:TRAIT-METACLASS JUPYTER-WIDGETS:BOUNDED-INT-TEXT> #<JUPYTER-WIDGETS:BOUNDED-INT-TEXT> #<EFFECTIVE-TRAIT VALUE>)
 26: (#<FUNCTION CLOS::EMF-FROM-CONTF.LAMBDA> 4 #<The JUPYTER-WIDGETS:TRAIT-METACLASS JUPYTER-WIDGETS:BOUNDED-INT-TEXT> #<JUPYTER-WIDGETS:BOUNDED-INT-TEXT> #<EFFECTIVE-TRAIT VALUE>)
 30: (#<FUNCTION (SETF SLOT-VALUE)> 4 #<JUPYTER-WIDGETS:BOUNDED-INT-TEXT> VALUE)
 31: (#<FUNCTION JUPYTER-WIDGETS::UPDATE-STATE> #<JUPYTER-WIDGETS:BOUNDED-INT-TEXT> (OBJ (method . update) (state OBJ (value . 4)) (buffer_paths)) NIL)
 32: (#<FUNCTION (METHOD JUPYTER:ON-COMM-MESSAGE (JUPYTER-WIDGETS:WIDGET T T T))> #<FUNCTION (METHOD ON-COMM-MESSAGE (T T T T))> #<JUPYTER-WIDGETS:BOUNDED-INT-TEXT> (OBJ (method . update) (state OBJ (value . 4)) (buffer_paths)) (OBJ) NIL)
 34: (#<FUNCTION CLOS::EMF-FROM-CONTF.LAMBDA> #<JUPYTER-WIDGETS:BOUNDED-INT-TEXT> (OBJ (method . update) (state OBJ (value . 4)) (buffer_paths)) (OBJ) NIL)
 38: (#<FUNCTION JUPYTER::HANDLE-COMM-MESSAGE> #<CANDO-JUPYTER:KERNEL> #<JUPYTER::MESSAGE>)
 39: (#<FUNCTION JUPYTER::HANDLE-SHELL-MESSAGE> #<CANDO-JUPYTER:KERNEL> #<JUPYTER::MESSAGE>)
 44: (#<FUNCTION JUPYTER::RUN-SHELL> #<CANDO-JUPYTER:KERNEL>)
 45: (#<FUNCTION (LAMBDA NIL)>)
 48: (#<FUNCTION (LAMBDA NIL)>)
2020-08-19 21:22:29 [INFO] <KERNEL> Handling comm_msg message
2020-08-19 21:22:29 [INFO] <NGLWIDGET> Handling custom message async_message
2020-08-19 21:22:29 [INFO] <NGLWIDGET> Setting event
2020-08-19 21:22:29 [INFO] <KERNEL> Handling comm_msg message
2020-08-19 21:22:29 [INFO] <KERNEL> Handling comm_msg message
2020-08-19 21:22:29 [INFO] <NGLWIDGET> Handling custom message request_repr_dict
2020-08-19 21:22:30 [INFO] <KERNEL> Handling comm_msg message
2020-08-19 21:22:30 [INFO] <NGLWIDGET> Handling custom message async_message
2020-08-19 21:22:30 [INFO] <NGLWIDGET> Setting event
2020-08-19 21:22:30 [INFO] <KERNEL> Handling comm_msg message
2020-08-19 21:22:30 [INFO] <KERNEL> Handling comm_msg message
2020-08-19 21:22:30 [INFO] <NGLWIDGET> Handling custom message request_repr_dict
2020-08-19 21:26:14 [INFO] <KERNEL> Handling shutdown_request message
2020-08-19 21:26:14 [INFO] <KERNEL> Stopping common-lisp kernel
2020-08-19 21:26:14 [INFO] <HB-CHANNEL> Stopping thread
2020-08-19 21:26:14 [INFO] <HB-CHANNEL> Stopping channel
2020-08-19 21:26:14 [INFO] <IOPUB-CHANNEL> Stopping channel
2020-08-19 21:26:14 [INFO] <SHELL-CHANNEL> Stopping channel
2020-08-19 21:26:14 [INFO] <STDIN-CHANNEL> Stopping channel
2020-08-19 21:26:14 [INFO] <CONTROL-CHANNEL> Stopping channel
2020-08-19 21:26:14 [INFO] <MAC> Stopping message authentification
2020-08-19 21:26:14 [INFO] <HISTORY> Stopping history
