2020-08-14 13:35:05 [INFO] <KERNEL> Starting common-lisp kernel
2020-08-14 13:35:05 [INFO] <KERNEL> Parsing connection file /Users/yonkunas/Library/Jupyter/runtime/kernel-e8c0fc78-2b28-459a-aa0e-bf9aac49268b.json
2020-08-14 13:35:05 [INFO] <KERNEL> (OBJ (shell_port . 52144)
                                     (iopub_port . 52145) (stdin_port . 52146)
                                     (control_port . 52148) (hb_port . 52147)
                                     (ip . 127.0.0.1)
                                     (key . 08b73260-8ca87d1650a965dccaf839a8)
                                     (transport . tcp)
                                     (signature_scheme . hmac-sha256)
                                     (kernel_name . cando))
2020-08-14 13:35:05 [INFO] <MAC> Starting message authentification
2020-08-14 13:35:05 [INFO] <MAC> Using signature scheme hmac-sha256 for message signing.
2020-08-14 13:35:05 [INFO] <HB-CHANNEL> Starting channel on tcp://127.0.0.1:52147
2020-08-14 13:35:05 [INFO] <IOPUB-CHANNEL> Starting channel on tcp://127.0.0.1:52145
2020-08-14 13:35:05 [INFO] <HB-CHANNEL> Starting thread
2020-08-14 13:35:05 [INFO] <SHELL-CHANNEL> Starting channel on tcp://127.0.0.1:52144
2020-08-14 13:35:05 [INFO] <STDIN-CHANNEL> Starting channel on tcp://127.0.0.1:52146
2020-08-14 13:35:05 [INFO] <CONTROL-CHANNEL> Starting channel on tcp://127.0.0.1:52148
2020-08-14 13:35:05 [INFO] <HISTORY> Starting history
2020-08-14 13:35:05 [INFO] <KERNEL> Loading CLHS map
2020-08-14 13:35:05 [INFO] <KERNEL> Setting amber host pathname translation -> /opt/amber/
2020-08-14 13:35:05 [INFO] <KERNEL> Waiting for control message
2020-08-14 13:35:05 [INFO] <KERNEL> Handling kernel_info_request message
2020-08-14 13:35:05 [INFO] <KERNEL> Handling kernel_info_request message
2020-08-14 13:35:05 [INFO] <KERNEL> Handling comm_info_request message
2020-08-14 13:35:28 [INFO] <KERNEL> Handling shutdown_request message
2020-08-14 13:35:28 [INFO] <KERNEL> Stopping common-lisp kernel
2020-08-14 13:35:28 [INFO] <HB-CHANNEL> Stopping thread
2020-08-14 13:35:28 [INFO] <HB-CHANNEL> Stopping channel
2020-08-14 13:35:28 [INFO] <IOPUB-CHANNEL> Stopping channel
2020-08-14 13:35:28 [INFO] <SHELL-CHANNEL> Stopping channel
2020-08-14 13:35:28 [INFO] <STDIN-CHANNEL> Stopping channel
2020-08-14 13:35:28 [INFO] <CONTROL-CHANNEL> Stopping channel
2020-08-14 13:35:28 [INFO] <MAC> Stopping message authentification
2020-08-14 13:35:28 [INFO] <HISTORY> Stopping history
