2020-08-20 14:14:21 [INFO] <KERNEL> Starting common-lisp kernel
2020-08-20 14:14:21 [INFO] <KERNEL> Parsing connection file /Users/yonkunas/Library/Jupyter/runtime/kernel-539a6b6a-18a1-47a1-a873-0ef5aa46b556.json
2020-08-20 14:14:21 [INFO] <KERNEL> (OBJ (shell_port . 58069)
                                     (iopub_port . 58070) (stdin_port . 58071)
                                     (control_port . 58073) (hb_port . 58072)
                                     (ip . 127.0.0.1)
                                     (key . 989303ef-d25447a66c907e2ae327e266)
                                     (transport . tcp)
                                     (signature_scheme . hmac-sha256)
                                     (kernel_name . cando))
2020-08-20 14:14:21 [INFO] <MAC> Starting message authentification
2020-08-20 14:14:21 [INFO] <MAC> Using signature scheme hmac-sha256 for message signing.
2020-08-20 14:14:21 [INFO] <HB-CHANNEL> Starting channel on tcp://127.0.0.1:58072
2020-08-20 14:14:21 [INFO] <IOPUB-CHANNEL> Starting channel on tcp://127.0.0.1:58070
2020-08-20 14:14:21 [INFO] <SHELL-CHANNEL> Starting channel on tcp://127.0.0.1:58069
2020-08-20 14:14:21 [INFO] <STDIN-CHANNEL> Starting channel on tcp://127.0.0.1:58071
2020-08-20 14:14:21 [INFO] <HB-CHANNEL> Starting thread
2020-08-20 14:14:21 [INFO] <CONTROL-CHANNEL> Starting channel on tcp://127.0.0.1:58073
2020-08-20 14:14:21 [INFO] <HISTORY> Starting history
2020-08-20 14:14:21 [INFO] <KERNEL> Setting amber host pathname translation -> /opt/amber/
2020-08-20 14:14:21 [INFO] <KERNEL> Waiting for control message
2020-08-20 14:14:21 [INFO] <KERNEL> Loading CLHS map
2020-08-20 14:14:21 [INFO] <KERNEL> Handling kernel_info_request message
2020-08-20 14:14:21 [INFO] <KERNEL> Handling kernel_info_request message
2020-08-20 14:14:21 [INFO] <KERNEL> Handling comm_info_request message
2020-08-20 14:27:06 [INFO] <KERNEL> Handling execute_request message
2020-08-20 14:27:20 [INFO] <KERNEL> Handling execute_request message
2020-08-20 14:27:31 [INFO] <KERNEL> Handling execute_request message
2020-08-20 14:27:35 [INFO] <KERNEL> Handling execute_request message
2020-08-20 14:28:08 [INFO] <KERNEL> Handling execute_request message
2020-08-20 14:28:11 [INFO] <KERNEL> Handling execute_request message
2020-08-20 14:28:15 [INFO] <KERNEL> Handling execute_request message
2020-08-20 14:28:18 [INFO] <KERNEL> Handling execute_request message
2020-08-20 14:28:20 [INFO] <KERNEL> Handling execute_request message
2020-08-20 14:29:03 [INFO] <KERNEL> Handling execute_request message
2020-08-20 14:29:08 [INFO] <KERNEL> Handling execute_request message
2020-08-20 14:29:37 [INFO] <KERNEL> Handling execute_request message
2020-08-20 14:30:39 [INFO] <KERNEL> Handling execute_request message
2020-08-20 14:30:41 [INFO] <KERNEL> Handling execute_request message
2020-08-20 14:30:46 [INFO] <KERNEL> Handling execute_request message
2020-08-20 14:51:28 [INFO] <KERNEL> Handling shutdown_request message
2020-08-20 14:51:29 [INFO] <KERNEL> Stopping common-lisp kernel
2020-08-20 14:51:29 [INFO] <HB-CHANNEL> Stopping thread
2020-08-20 14:51:29 [INFO] <HB-CHANNEL> Stopping channel
2020-08-20 14:51:29 [INFO] <IOPUB-CHANNEL> Stopping channel
2020-08-20 14:51:29 [INFO] <SHELL-CHANNEL> Stopping channel
2020-08-20 14:51:29 [INFO] <STDIN-CHANNEL> Stopping channel
2020-08-20 14:51:29 [INFO] <CONTROL-CHANNEL> Stopping channel
2020-08-20 14:51:29 [INFO] <MAC> Stopping message authentification
2020-08-20 14:51:29 [INFO] <HISTORY> Stopping history
