
          -------------------------------------------------------
          Amber 16 PMEMD                              2016
          -------------------------------------------------------

| PMEMD implementation of SANDER, Release 16

| Run on 02/22/2019 at 09:49:07

|   Executable path: pmemd.cuda
| Working directory: /Users/meister/Development/deploy-demos/demos/data/amber-dynamics/jobs
|          Hostname: Unknown
| WARNING: Stack usage limited by a hard resource limit of   67104768 bytes!
|          If segment violations occur, get your sysadmin to increase the limit.
  [-O]verwriting output

File Assignments:
|   MDIN: dynamics.in                                                           
|  MDOUT: dynamics.out                                                          
| INPCRD: pres.rst7                                                             
|   PARM: complex.parm7                                                         
| RESTRT: dynamics.rst7                                                         
|   REFC: pres.rst7                                                             
|  MDVEL: mdvel                                                                 
|   MDEN: dynamics.en                                                           
|  MDCRD: dynamics.nc                                                           
| MDINFO: dynamics.info                                                         
|  MDFRC: mdfrc                                                                 


 Here is the input file:

dynamics                                                                       
 &cntrl                                                                        
   imin = 0, nstlim = 100000, irest = 0, ntx = 1, dt = 0.002,                  
   nmropt = 1,                                                                 
   ntt = 3, temp0 = 300.0, gamma_ln = 2.0, ig = -1,                            
   tempi = 5.0, tautp = 1.0,                                                   
   vlimit = 20,                                                                
   ntb = 1,                                                                    
   ntc = 2, ntf = 1,                                                           
   ioutfm = 1, iwrap = 1,                                                      
   ntwe = 1000, ntwx = 1000, ntpr = 1000, ntwr = 5000,                         
                                                                               
   ntr = 1, restraint_wt = 5.00,                                               
   restraintmask='!:WAT & !@H=',                                               
                                                                               
 /                                                                             
 &ewald                                                                        
 /                                                                             
                                                                               
 &wt                                                                           
   type='TEMP0',                                                               
   istep1 = 0, istep2 = 8000,                                                  
   value1 = 5.0, value2 = 300.0                                                
 /                                                                             
                                                                               
 &wt type = 'END'                                                              
 /                                                                             
                                                                               


Note: ig = -1. Setting random seed to   873966 based on wallclock time in 
      microseconds.
| irandom = 1, using AMBER's internal random number generator (default).
 
 
| Conditional Compilation Defines Used:
| PUBFFT
| BINTRAJ
| EMIL

| Largest sphere to fit in unit cell has radius =    28.957

| New format PARM file being parsed.
| Version =    1.000 Date = 02/22/19 Time = 02:59:15

| Note: 1-4 EEL scale factors are being read from the topology file.

| Note: 1-4 VDW scale factors are being read from the topology file.
| Duplicated    0 dihedrals

| Duplicated    0 dihedrals

--------------------------------------------------------------------------------
   1.  RESOURCE   USE: 
--------------------------------------------------------------------------------

 getting box info from netcdf restart file
 NATOM  =   24916 NTYPES =      16 NBONH =   23615 MBONA  =    1317
 NTHETH =   25276 MTHETA =    1773 NPHIH =    6041 MPHIA  =    5529
 NHPARM =       0 NPARM  =       0 NNB   =   44093 NRES   =    7599
 NBONA  =    1317 NTHETA =    1773 NPHIA =    5529 NUMBND =      69
 NUMANG =     155 NPTRA  =     186 NATYP =      38 NPHB   =       0
 IFBOX  =       1 NMXRS  =      24 IFCAP =       0 NEXTRA =       0
 NCOPY  =       0

| Coordinate Index Table dimensions:    12   13   15
| Direct force subcell size =     4.8262    4.7547    4.6627

     BOX TYPE: RECTILINEAR

--------------------------------------------------------------------------------
   2.  CONTROL  DATA  FOR  THE  RUN
--------------------------------------------------------------------------------

NIL                                                                             

General flags:
     imin    =       0, nmropt  =       1

Nature and format of input:
     ntx     =       1, irest   =       0, ntrx    =       1

Nature and format of output:
     ntxo    =       2, ntpr    =    1000, ntrx    =       1, ntwr    =    5000
     iwrap   =       1, ntwx    =    1000, ntwv    =       0, ntwe    =    1000
     ioutfm  =       1, ntwprt  =       0, idecomp =       0, rbornstat=      0

Potential function:
     ntf     =       1, ntb     =       1, igb     =       0, nsnb    =      25
     ipol    =       0, gbsa    =       0, iesp    =       0
     dielc   =   1.00000, cut     =   8.00000, intdiel =   1.00000

Frozen or restrained atoms:
     ibelly  =       0, ntr     =       1
     restraint_wt =   5.00000

Molecular dynamics:
     nstlim  =    100000, nscm    =         0, nrespa  =         1
     t       =   0.00000, dt      =   0.00200, vlimit  =  20.00000

Langevin dynamics temperature regulation:
     ig      =  873966
     temp0   = 300.00000, tempi   =   5.00000, gamma_ln=   2.00000

SHAKE:
     ntc     =       2, jfastw  =       0
     tol     =   0.00001

NMR refinement options:
     iscale  =       0, noeskp  =       1, ipnlty  =       1, mxsub   =       1
     scalm   = 100.00000, pencut  =   0.10000, tausw   =   0.10000

| Intermolecular bonds treatment:
|     no_intermolecular_bonds =       1

| Energy averages sample interval:
|     ene_avg_sampling =    1000

Ewald parameters:
     verbose =       0, ew_type =       0, nbflag  =       1, use_pme =       1
     vdwmeth =       1, eedmeth =       1, netfrc  =       1
     Box X =   57.914   Box Y =   61.811   Box Z =   69.941
     Alpha =   90.000   Beta  =   90.000   Gamma =   90.000
     NFFT1 =   60       NFFT2 =   64       NFFT3 =   72
     Cutoff=    8.000   Tol   =0.100E-04
     Ewald Coefficient =  0.34864
     Interpolation order =    4

    LOADING THE CONSTRAINED ATOMS AS GROUPS


   5.  REFERENCE ATOM COORDINATES

  NIL                                                                             
     Mask !:WAT & !@H=; matches  1301 atoms

--------------------------------------------------------------------------------
   3.  ATOMIC COORDINATES AND VELOCITIES
--------------------------------------------------------------------------------

NIL                                                                             
 begin time read from input coords =    40.000 ps



           Begin reading energy term weight changes/NMR restraints
 WEIGHT CHANGES:
 TEMP0         0   8000    5.000000  300.000000      0      0

 RESTRAINTS:
                          ** No restraint defined **

                  Done reading weight changes/NMR restraints


 
 Number of triangulated 3-point waters found:     7432

     Sum of charges from parm topology file =   0.00039182
     Forcing neutrality...

| Dynamic Memory, Types Used:
| Reals              849177
| Integers          1048585

| Nonbonded Pairs Initial Allocation:     4161594

--------------------------------------------------------------------------------
   4.  RESULTS
--------------------------------------------------------------------------------

 ---------------------------------------------------
 APPROXIMATING switch and d/dx switch using CUBIC SPLINE INTERPOLATION
 using   5000.0 points per unit in tabled values
 TESTING RELATIVE ERROR over r ranging from 0.0 to cutoff
| CHECK switch(x): max rel err =   0.2738E-14   at   2.422500
| CHECK d/dx switch(x): max rel err =   0.8332E-11   at   2.782960
 ---------------------------------------------------
|---------------------------------------------------
| APPROXIMATING direct energy using CUBIC SPLINE INTERPOLATION
|  with   50.0 points per unit in tabled values
| Relative Error Limit not exceeded for r .gt.   2.47
| APPROXIMATING direct force using CUBIC SPLINE INTERPOLATION
|  with   50.0 points per unit in tabled values
| Relative Error Limit not exceeded for r .gt.   2.89
|---------------------------------------------------

 NSTEP =        0   TIME(PS) =       0.000  TEMP(K) =     7.23  PRESS =     0.0
 Etot   =    -74226.6284  EKtot   =       367.3457  EPtot      =    -74593.9741
 BOND   =       499.5803  ANGLE   =      1195.0286  DIHED      =      2056.2078
 1-4 NB =       655.5821  1-4 EEL =      5990.7262  VDWAALS    =      8907.5238
 EELEC  =    -93898.6230  EHBOND  =         0.0000  RESTRAINT  =         0.0000
 Ewald error estimate:   0.2652E-04
 ------------------------------------------------------------------------------

 NMR restraints: Bond =    0.000   Angle =     0.000   Torsion =     0.000
===============================================================================

 NSTEP =     1000   TIME(PS) =       2.000  TEMP(K) =    39.87  PRESS =     0.0
 Etot   =    -91257.2763  EKtot   =      2025.4725  EPtot      =    -93282.7488
 BOND   =       146.4092  ANGLE   =       347.3809  DIHED      =      1834.2975
 1-4 NB =       596.2019  1-4 EEL =      6003.9380  VDWAALS    =     13420.1932
 EELEC  =   -115728.9896  EHBOND  =         0.0000  RESTRAINT  =        97.8200
 EAMBER (non-restraint)  =    -93380.5688
 Ewald error estimate:   0.2998E-03
 ------------------------------------------------------------------------------

 NMR restraints: Bond =    0.000   Angle =     0.000   Torsion =     0.000
===============================================================================

 NSTEP =     2000   TIME(PS) =       4.000  TEMP(K) =    69.96  PRESS =     0.0
 Etot   =    -88455.1309  EKtot   =      3554.5302  EPtot      =    -92009.6611
 BOND   =       187.0937  ANGLE   =       454.8288  DIHED      =      1853.9934
 1-4 NB =       603.5416  1-4 EEL =      6005.4730  VDWAALS    =     13627.2986
 EELEC  =   -114863.8265  EHBOND  =         0.0000  RESTRAINT  =       121.9364
 EAMBER (non-restraint)  =    -92131.5975
 Ewald error estimate:   0.3724E-03
 ------------------------------------------------------------------------------

 NMR restraints: Bond =    0.000   Angle =     0.000   Torsion =     0.000
===============================================================================

 NSTEP =     3000   TIME(PS) =       6.000  TEMP(K) =   105.81  PRESS =     0.0
 Etot   =    -84770.7717  EKtot   =      5375.6268  EPtot      =    -90146.3985
 BOND   =       231.3564  ANGLE   =       599.0979  DIHED      =      1888.4433
 1-4 NB =       611.5895  1-4 EEL =      6034.1909  VDWAALS    =     13375.7125
 EELEC  =   -113038.2565  EHBOND  =         0.0000  RESTRAINT  =       151.4675
 EAMBER (non-restraint)  =    -90297.8660
 Ewald error estimate:   0.2551E-03
 ------------------------------------------------------------------------------

 NMR restraints: Bond =    0.000   Angle =     0.000   Torsion =     0.000
===============================================================================

 NSTEP =     4000   TIME(PS) =       8.000  TEMP(K) =   145.20  PRESS =     0.0
 Etot   =    -80958.4372  EKtot   =      7376.8176  EPtot      =    -88335.2548
 BOND   =       284.8224  ANGLE   =       703.3616  DIHED      =      1917.8631
 1-4 NB =       616.0702  1-4 EEL =      6023.3419  VDWAALS    =     13262.7657
 EELEC  =   -111307.1040  EHBOND  =         0.0000  RESTRAINT  =       163.6243
 EAMBER (non-restraint)  =    -88498.8791
 Ewald error estimate:   0.3332E-03
 ------------------------------------------------------------------------------

 NMR restraints: Bond =    0.000   Angle =     0.000   Torsion =     0.000
===============================================================================

 NSTEP =     5000   TIME(PS) =      10.000  TEMP(K) =   178.05  PRESS =     0.0
 Etot   =    -77040.0177  EKtot   =      9045.8632  EPtot      =    -86085.8810
 BOND   =       315.4437  ANGLE   =       854.2264  DIHED      =      1952.2439
 1-4 NB =       632.6548  1-4 EEL =      5997.8581  VDWAALS    =     12608.5012
 EELEC  =   -108638.7939  EHBOND  =         0.0000  RESTRAINT  =       191.9849
 EAMBER (non-restraint)  =    -86277.8658
 Ewald error estimate:   0.1407E-03
 ------------------------------------------------------------------------------

 NMR restraints: Bond =    0.000   Angle =     0.000   Torsion =     0.000
===============================================================================

 NSTEP =     6000   TIME(PS) =      12.000  TEMP(K) =   215.51  PRESS =     0.0
 Etot   =    -72545.7193  EKtot   =     10948.8826  EPtot      =    -83494.6019
 BOND   =       373.6352  ANGLE   =       934.4809  DIHED      =      1981.7305
 1-4 NB =       665.9490  1-4 EEL =      6031.6467  VDWAALS    =     12145.6827
 EELEC  =   -105844.0922  EHBOND  =         0.0000  RESTRAINT  =       216.3653
 EAMBER (non-restraint)  =    -83710.9672
 Ewald error estimate:   0.1658E-03
 ------------------------------------------------------------------------------

 NMR restraints: Bond =    0.000   Angle =     0.000   Torsion =     0.000
===============================================================================

 NSTEP =     7000   TIME(PS) =      14.000  TEMP(K) =   251.55  PRESS =     0.0
 Etot   =    -67573.9125  EKtot   =     12780.1604  EPtot      =    -80354.0729
 BOND   =       413.6184  ANGLE   =      1061.8870  DIHED      =      2004.9559
 1-4 NB =       646.5945  1-4 EEL =      5991.8593  VDWAALS    =     10943.5771
 EELEC  =   -101639.1011  EHBOND  =         0.0000  RESTRAINT  =       222.5361
 EAMBER (non-restraint)  =    -80576.6090
 Ewald error estimate:   0.4178E-04
 ------------------------------------------------------------------------------

 NMR restraints: Bond =    0.000   Angle =     0.000   Torsion =     0.000
===============================================================================

 NSTEP =     8000   TIME(PS) =      16.000  TEMP(K) =   282.85  PRESS =     0.0
 Etot   =    -61992.1513  EKtot   =     14370.3408  EPtot      =    -76362.4921
 BOND   =       487.0358  ANGLE   =      1139.0921  DIHED      =      2017.4793
 1-4 NB =       650.9894  1-4 EEL =      5992.0536  VDWAALS    =      9564.3308
 EELEC  =    -96463.5325  EHBOND  =         0.0000  RESTRAINT  =       250.0593
 EAMBER (non-restraint)  =    -76612.5514
 Ewald error estimate:   0.1711E-03
 ------------------------------------------------------------------------------

 NMR restraints: Bond =    0.000   Angle =     0.000   Torsion =     0.000
===============================================================================

 NSTEP =     9000   TIME(PS) =      18.000  TEMP(K) =   301.63  PRESS =     0.0
 Etot   =    -59325.5632  EKtot   =     15324.6241  EPtot      =    -74650.1873
 BOND   =       495.9629  ANGLE   =      1156.7922  DIHED      =      2058.9232
 1-4 NB =       672.3516  1-4 EEL =      6024.5806  VDWAALS    =      8970.1457
 EELEC  =    -94279.5701  EHBOND  =         0.0000  RESTRAINT  =       250.6267
 EAMBER (non-restraint)  =    -74900.8140
 Ewald error estimate:   0.4077E-04
 ------------------------------------------------------------------------------

 NMR restraints: Bond =    0.000   Angle =     0.000   Torsion =     0.000
===============================================================================

 NSTEP =    10000   TIME(PS) =      20.000  TEMP(K) =   296.01  PRESS =     0.0
 Etot   =    -59317.7697  EKtot   =     15038.9379  EPtot      =    -74356.7075
 BOND   =       521.4700  ANGLE   =      1207.7809  DIHED      =      2048.7821
 1-4 NB =       653.6323  1-4 EEL =      6007.5210  VDWAALS    =      8830.6840
 EELEC  =    -93887.6627  EHBOND  =         0.0000  RESTRAINT  =       261.0849
 EAMBER (non-restraint)  =    -74617.7924
 Ewald error estimate:   0.1305E-03
 ------------------------------------------------------------------------------

 NMR restraints: Bond =    0.000   Angle =     0.000   Torsion =     0.000
===============================================================================

 NSTEP =    11000   TIME(PS) =      22.000  TEMP(K) =   297.76  PRESS =     0.0
 Etot   =    -59234.8070  EKtot   =     15127.7888  EPtot      =    -74362.5958
 BOND   =       487.9905  ANGLE   =      1162.2563  DIHED      =      2036.2744
 1-4 NB =       682.7395  1-4 EEL =      6049.8501  VDWAALS    =      8742.0086
 EELEC  =    -93785.5349  EHBOND  =         0.0000  RESTRAINT  =       261.8195
 EAMBER (non-restraint)  =    -74624.4153
 Ewald error estimate:   0.1720E-03
 ------------------------------------------------------------------------------

 NMR restraints: Bond =    0.000   Angle =     0.000   Torsion =     0.000
===============================================================================

 NSTEP =    12000   TIME(PS) =      24.000  TEMP(K) =   298.43  PRESS =     0.0
 Etot   =    -59274.2985  EKtot   =     15161.6885  EPtot      =    -74435.9870
 BOND   =       508.8239  ANGLE   =      1201.4753  DIHED      =      2023.3654
 1-4 NB =       670.1760  1-4 EEL =      6007.1348  VDWAALS    =      8746.8610
 EELEC  =    -93840.3808  EHBOND  =         0.0000  RESTRAINT  =       246.5575
 EAMBER (non-restraint)  =    -74682.5445
 Ewald error estimate:   0.1373E-03
 ------------------------------------------------------------------------------

 NMR restraints: Bond =    0.000   Angle =     0.000   Torsion =     0.000
===============================================================================

 NSTEP =    13000   TIME(PS) =      26.000  TEMP(K) =   298.41  PRESS =     0.0
 Etot   =    -59224.9592  EKtot   =     15161.0882  EPtot      =    -74386.0474
 BOND   =       480.1788  ANGLE   =      1217.3460  DIHED      =      2066.8392
 1-4 NB =       670.4711  1-4 EEL =      6010.3872  VDWAALS    =      8572.2003
 EELEC  =    -93661.3694  EHBOND  =         0.0000  RESTRAINT  =       257.8995
 EAMBER (non-restraint)  =    -74643.9469
 Ewald error estimate:   0.1330E-03
 ------------------------------------------------------------------------------

 NMR restraints: Bond =    0.000   Angle =     0.000   Torsion =     0.000
===============================================================================

 NSTEP =    14000   TIME(PS) =      28.000  TEMP(K) =   297.20  PRESS =     0.0
 Etot   =    -59427.7468  EKtot   =     15099.4029  EPtot      =    -74527.1497
 BOND   =       537.7961  ANGLE   =      1191.8963  DIHED      =      2049.7620
 1-4 NB =       655.9252  1-4 EEL =      5943.4575  VDWAALS    =      8802.5488
 EELEC  =    -93948.7106  EHBOND  =         0.0000  RESTRAINT  =       240.1748
 EAMBER (non-restraint)  =    -74767.3246
 Ewald error estimate:   0.1071E-03
 ------------------------------------------------------------------------------

 NMR restraints: Bond =    0.000   Angle =     0.000   Torsion =     0.000
===============================================================================

 NSTEP =    15000   TIME(PS) =      30.000  TEMP(K) =   300.63  PRESS =     0.0
 Etot   =    -59229.6204  EKtot   =     15273.5982  EPtot      =    -74503.2186
 BOND   =       491.6666  ANGLE   =      1166.0783  DIHED      =      2040.9284
 1-4 NB =       656.5816  1-4 EEL =      5999.1059  VDWAALS    =      8763.1640
 EELEC  =    -93878.8993  EHBOND  =         0.0000  RESTRAINT  =       258.1559
 EAMBER (non-restraint)  =    -74761.3745
 Ewald error estimate:   0.1067E-03
 ------------------------------------------------------------------------------

 NMR restraints: Bond =    0.000   Angle =     0.000   Torsion =     0.000
===============================================================================

 NSTEP =    16000   TIME(PS) =      32.000  TEMP(K) =   296.93  PRESS =     0.0
 Etot   =    -59301.6072  EKtot   =     15085.7112  EPtot      =    -74387.3183
 BOND   =       480.3628  ANGLE   =      1237.6840  DIHED      =      2048.2696
 1-4 NB =       666.9002  1-4 EEL =      5982.4600  VDWAALS    =      8724.8642
 EELEC  =    -93799.5629  EHBOND  =         0.0000  RESTRAINT  =       271.7037
 EAMBER (non-restraint)  =    -74659.0220
 Ewald error estimate:   0.4980E-04
 ------------------------------------------------------------------------------

 NMR restraints: Bond =    0.000   Angle =     0.000   Torsion =     0.000
===============================================================================

 NSTEP =    17000   TIME(PS) =      34.000  TEMP(K) =   301.63  PRESS =     0.0
 Etot   =    -59017.1728  EKtot   =     15324.3028  EPtot      =    -74341.4755
 BOND   =       480.8966  ANGLE   =      1243.4485  DIHED      =      2037.7984
 1-4 NB =       652.2409  1-4 EEL =      5971.5498  VDWAALS    =      8867.5447
 EELEC  =    -93865.7674  EHBOND  =         0.0000  RESTRAINT  =       270.8130
 EAMBER (non-restraint)  =    -74612.2885
 Ewald error estimate:   0.2693E-04
 ------------------------------------------------------------------------------

 NMR restraints: Bond =    0.000   Angle =     0.000   Torsion =     0.000
===============================================================================

 NSTEP =    18000   TIME(PS) =      36.000  TEMP(K) =   298.01  PRESS =     0.0
 Etot   =    -59232.6797  EKtot   =     15140.7907  EPtot      =    -74373.4704
 BOND   =       532.7214  ANGLE   =      1186.3356  DIHED      =      2045.2270
 1-4 NB =       655.6690  1-4 EEL =      6009.1983  VDWAALS    =      8921.5888
 EELEC  =    -93994.5217  EHBOND  =         0.0000  RESTRAINT  =       270.3111
 EAMBER (non-restraint)  =    -74643.7815
 Ewald error estimate:   0.7717E-04
 ------------------------------------------------------------------------------

 NMR restraints: Bond =    0.000   Angle =     0.000   Torsion =     0.000
===============================================================================

 NSTEP =    19000   TIME(PS) =      38.000  TEMP(K) =   298.68  PRESS =     0.0
 Etot   =    -59257.1265  EKtot   =     15174.4606  EPtot      =    -74431.5871
 BOND   =       521.0227  ANGLE   =      1194.7039  DIHED      =      2062.2323
 1-4 NB =       660.5355  1-4 EEL =      5992.5520  VDWAALS    =      8717.8052
 EELEC  =    -93830.4060  EHBOND  =         0.0000  RESTRAINT  =       249.9673
 EAMBER (non-restraint)  =    -74681.5544
 Ewald error estimate:   0.1029E-03
 ------------------------------------------------------------------------------

 NMR restraints: Bond =    0.000   Angle =     0.000   Torsion =     0.000
===============================================================================

 NSTEP =    20000   TIME(PS) =      40.000  TEMP(K) =   301.79  PRESS =     0.0
 Etot   =    -59195.8941  EKtot   =     15332.5416  EPtot      =    -74528.4358
 BOND   =       496.4840  ANGLE   =      1207.9486  DIHED      =      2055.9412
 1-4 NB =       647.2519  1-4 EEL =      5925.8461  VDWAALS    =      8712.4696
 EELEC  =    -93835.4474  EHBOND  =         0.0000  RESTRAINT  =       261.0704
 EAMBER (non-restraint)  =    -74789.5061
 Ewald error estimate:   0.4422E-04
 ------------------------------------------------------------------------------

 NMR restraints: Bond =    0.000   Angle =     0.000   Torsion =     0.000
===============================================================================

 NSTEP =    21000   TIME(PS) =      42.000  TEMP(K) =   299.34  PRESS =     0.0
 Etot   =    -59323.6094  EKtot   =     15208.1591  EPtot      =    -74531.7685
 BOND   =       494.2191  ANGLE   =      1249.1716  DIHED      =      2041.0857
 1-4 NB =       665.6665  1-4 EEL =      5978.6412  VDWAALS    =      8853.7392
 EELEC  =    -94073.6650  EHBOND  =         0.0000  RESTRAINT  =       259.3732
 EAMBER (non-restraint)  =    -74791.1417
 Ewald error estimate:   0.5472E-04
 ------------------------------------------------------------------------------

 NMR restraints: Bond =    0.000   Angle =     0.000   Torsion =     0.000
===============================================================================

 NSTEP =    22000   TIME(PS) =      44.000  TEMP(K) =   298.14  PRESS =     0.0
 Etot   =    -59217.7277  EKtot   =     15146.9183  EPtot      =    -74364.6460
 BOND   =       518.1201  ANGLE   =      1215.8709  DIHED      =      2049.1776
 1-4 NB =       655.8649  1-4 EEL =      5973.8665  VDWAALS    =      8820.8129
 EELEC  =    -93844.9131  EHBOND  =         0.0000  RESTRAINT  =       246.5541
 EAMBER (non-restraint)  =    -74611.2001
 Ewald error estimate:   0.4912E-04
 ------------------------------------------------------------------------------

 NMR restraints: Bond =    0.000   Angle =     0.000   Torsion =     0.000
===============================================================================

 NSTEP =    23000   TIME(PS) =      46.000  TEMP(K) =   298.84  PRESS =     0.0
 Etot   =    -59346.6872  EKtot   =     15182.8094  EPtot      =    -74529.4965
 BOND   =       506.7953  ANGLE   =      1186.8277  DIHED      =      2038.3326
 1-4 NB =       660.8601  1-4 EEL =      5983.8712  VDWAALS    =      8892.3566
 EELEC  =    -94051.0874  EHBOND  =         0.0000  RESTRAINT  =       252.5473
 EAMBER (non-restraint)  =    -74782.0439
 Ewald error estimate:   0.1701E-03
 ------------------------------------------------------------------------------

 NMR restraints: Bond =    0.000   Angle =     0.000   Torsion =     0.000
===============================================================================

 NSTEP =    24000   TIME(PS) =      48.000  TEMP(K) =   300.73  PRESS =     0.0
 Etot   =    -58900.3680  EKtot   =     15278.7830  EPtot      =    -74179.1510
 BOND   =       505.0104  ANGLE   =      1210.1660  DIHED      =      2039.2748
 1-4 NB =       671.3082  1-4 EEL =      6011.0894  VDWAALS    =      8733.9584
 EELEC  =    -93602.1098  EHBOND  =         0.0000  RESTRAINT  =       252.1515
 EAMBER (non-restraint)  =    -74431.3025
 Ewald error estimate:   0.3235E-04
 ------------------------------------------------------------------------------

 NMR restraints: Bond =    0.000   Angle =     0.000   Torsion =     0.000
===============================================================================

 NSTEP =    25000   TIME(PS) =      50.000  TEMP(K) =   299.84  PRESS =     0.0
 Etot   =    -59035.9823  EKtot   =     15233.5746  EPtot      =    -74269.5568
 BOND   =       510.9309  ANGLE   =      1214.2546  DIHED      =      2052.9668
 1-4 NB =       663.3708  1-4 EEL =      5984.5997  VDWAALS    =      8829.4378
 EELEC  =    -93775.4666  EHBOND  =         0.0000  RESTRAINT  =       250.3492
 EAMBER (non-restraint)  =    -74519.9060
 Ewald error estimate:   0.2212E-04
 ------------------------------------------------------------------------------

 NMR restraints: Bond =    0.000   Angle =     0.000   Torsion =     0.000
===============================================================================

 NSTEP =    26000   TIME(PS) =      52.000  TEMP(K) =   303.83  PRESS =     0.0
 Etot   =    -58908.8020  EKtot   =     15436.4958  EPtot      =    -74345.2978
 BOND   =       510.3901  ANGLE   =      1214.0364  DIHED      =      2053.9103
 1-4 NB =       660.8750  1-4 EEL =      6022.3809  VDWAALS    =      8630.5539
 EELEC  =    -93712.0440  EHBOND  =         0.0000  RESTRAINT  =       274.5996
 EAMBER (non-restraint)  =    -74619.8974
 Ewald error estimate:   0.7116E-04
 ------------------------------------------------------------------------------

 NMR restraints: Bond =    0.000   Angle =     0.000   Torsion =     0.000
===============================================================================

 NSTEP =    27000   TIME(PS) =      54.000  TEMP(K) =   296.73  PRESS =     0.0
 Etot   =    -59257.7654  EKtot   =     15075.6407  EPtot      =    -74333.4061
 BOND   =       522.7756  ANGLE   =      1226.7881  DIHED      =      2042.2343
 1-4 NB =       654.9566  1-4 EEL =      5996.3912  VDWAALS    =      9022.5232
 EELEC  =    -94039.1337  EHBOND  =         0.0000  RESTRAINT  =       240.0587
 EAMBER (non-restraint)  =    -74573.4647
 Ewald error estimate:   0.6559E-04
 ------------------------------------------------------------------------------

 NMR restraints: Bond =    0.000   Angle =     0.000   Torsion =     0.000
===============================================================================

 NSTEP =    28000   TIME(PS) =      56.000  TEMP(K) =   302.91  PRESS =     0.0
 Etot   =    -58997.0262  EKtot   =     15389.7072  EPtot      =    -74386.7334
 BOND   =       505.1612  ANGLE   =      1243.3576  DIHED      =      2040.2072
 1-4 NB =       662.2470  1-4 EEL =      6010.6480  VDWAALS    =      8882.6216
 EELEC  =    -93982.2243  EHBOND  =         0.0000  RESTRAINT  =       251.2483
 EAMBER (non-restraint)  =    -74637.9817
 Ewald error estimate:   0.5831E-04
 ------------------------------------------------------------------------------

 NMR restraints: Bond =    0.000   Angle =     0.000   Torsion =     0.000
===============================================================================

 NSTEP =    29000   TIME(PS) =      58.000  TEMP(K) =   300.01  PRESS =     0.0
 Etot   =    -59048.9715  EKtot   =     15242.3874  EPtot      =    -74291.3589
 BOND   =       506.5449  ANGLE   =      1204.5947  DIHED      =      2057.5173
 1-4 NB =       657.9815  1-4 EEL =      6028.5221  VDWAALS    =      8711.2440
 EELEC  =    -93710.2698  EHBOND  =         0.0000  RESTRAINT  =       252.5063
 EAMBER (non-restraint)  =    -74543.8652
 Ewald error estimate:   0.2747E-04
 ------------------------------------------------------------------------------

 NMR restraints: Bond =    0.000   Angle =     0.000   Torsion =     0.000
===============================================================================

 NSTEP =    30000   TIME(PS) =      60.000  TEMP(K) =   300.20  PRESS =     0.0
 Etot   =    -58989.3763  EKtot   =     15251.8848  EPtot      =    -74241.2611
 BOND   =       498.5257  ANGLE   =      1244.4947  DIHED      =      2057.7102
 1-4 NB =       673.9608  1-4 EEL =      5998.3574  VDWAALS    =      8512.5797
 EELEC  =    -93498.1672  EHBOND  =         0.0000  RESTRAINT  =       271.2775
 EAMBER (non-restraint)  =    -74512.5386
 Ewald error estimate:   0.5751E-05
 ------------------------------------------------------------------------------

