
          -------------------------------------------------------
          Amber 16 PMEMD                              2016
          -------------------------------------------------------

| PMEMD implementation of SANDER, Release 16

| Run on 02/22/2019 at 08:42:29

|   Executable path: pmemd.cuda
| Working directory: /Users/meister/Development/deploy-demos/demos/data/amber-dynamics/jobs
|          Hostname: Unknown
| WARNING: Stack usage limited by a hard resource limit of   67104768 bytes!
|          If segment violations occur, get your sysadmin to increase the limit.
  [-O]verwriting output

File Assignments:
|   MDIN: heat.in                                                               
|  MDOUT: heat.out                                                              
| INPCRD: min.rst7                                                              
|   PARM: complex.parm7                                                         
| RESTRT: heat.rst7                                                             
|   REFC: min.rst7                                                              
|  MDVEL: mdvel                                                                 
|   MDEN: heat.en                                                               
|  MDCRD: heat.nc                                                               
| MDINFO: heat.info                                                             
|  MDFRC: mdfrc                                                                 


 Here is the input file:

heating                                                                        
 &cntrl                                                                        
   imin = 0, nstlim = 10000, irest = 0, ntx = 1, dt = 0.002,                   
   nmropt = 1,                                                                 
   ntt = 3, temp0 = 300.0, gamma_ln = 2.0, ig = -1,                            
   tempi = 5.0, tautp = 1.0,                                                   
   vlimit = 20,                                                                
   ntb = 1,                                                                    
   ntc = 2, ntf = 1,                                                           
   ioutfm = 1, iwrap = 1,                                                      
   ntwe = 1000, ntwx = 1000, ntpr = 1000, ntwr = 5000,                         
                                                                               
   ntr = 1, restraint_wt = 5.00,                                               
   restraintmask='!:WAT & !@H=',                                               
                                                                               
 /                                                                             
 &ewald                                                                        
 /                                                                             
                                                                               
 &wt                                                                           
   type='TEMP0',                                                               
   istep1 = 0, istep2 = 8000,                                                  
   value1 = 5.0, value2 = 300.0                                                
 /                                                                             
                                                                               
 &wt type = 'END'                                                              
 /                                                                             
                                                                               


Note: ig = -1. Setting random seed to   281951 based on wallclock time in 
      microseconds.
| irandom = 1, using AMBER's internal random number generator (default).
 
 
| Conditional Compilation Defines Used:
| PUBFFT
| BINTRAJ
| EMIL

| Largest sphere to fit in unit cell has radius =    30.381

| New format PARM file being parsed.
| Version =    1.000 Date = 02/22/19 Time = 02:59:15

| Note: 1-4 EEL scale factors are being read from the topology file.

| Note: 1-4 VDW scale factors are being read from the topology file.
| Duplicated    0 dihedrals

| Duplicated    0 dihedrals

--------------------------------------------------------------------------------
   1.  RESOURCE   USE: 
--------------------------------------------------------------------------------

 getting box info from netcdf restart file
 NATOM  =   24916 NTYPES =      16 NBONH =   23615 MBONA  =    1317
 NTHETH =   25276 MTHETA =    1773 NPHIH =    6041 MPHIA  =    5529
 NHPARM =       0 NPARM  =       0 NNB   =   44093 NRES   =    7599
 NBONA  =    1317 NTHETA =    1773 NPHIA =    5529 NUMBND =      69
 NUMANG =     155 NPTRA  =     186 NATYP =      38 NPHB   =       0
 IFBOX  =       1 NMXRS  =      24 IFCAP =       0 NEXTRA =       0
 NCOPY  =       0

| Coordinate Index Table dimensions:    13   14   16
| Direct force subcell size =     4.6741    4.6323    4.5863

     BOX TYPE: RECTILINEAR

--------------------------------------------------------------------------------
   2.  CONTROL  DATA  FOR  THE  RUN
--------------------------------------------------------------------------------

NIL                                                                             

General flags:
     imin    =       0, nmropt  =       1

Nature and format of input:
     ntx     =       1, irest   =       0, ntrx    =       1

Nature and format of output:
     ntxo    =       2, ntpr    =    1000, ntrx    =       1, ntwr    =    5000
     iwrap   =       1, ntwx    =    1000, ntwv    =       0, ntwe    =    1000
     ioutfm  =       1, ntwprt  =       0, idecomp =       0, rbornstat=      0

Potential function:
     ntf     =       1, ntb     =       1, igb     =       0, nsnb    =      25
     ipol    =       0, gbsa    =       0, iesp    =       0
     dielc   =   1.00000, cut     =   8.00000, intdiel =   1.00000

Frozen or restrained atoms:
     ibelly  =       0, ntr     =       1
     restraint_wt =   5.00000

Molecular dynamics:
     nstlim  =     10000, nscm    =         0, nrespa  =         1
     t       =   0.00000, dt      =   0.00200, vlimit  =  20.00000

Langevin dynamics temperature regulation:
     ig      =  281951
     temp0   = 300.00000, tempi   =   5.00000, gamma_ln=   2.00000

SHAKE:
     ntc     =       2, jfastw  =       0
     tol     =   0.00001

NMR refinement options:
     iscale  =       0, noeskp  =       1, ipnlty  =       1, mxsub   =       1
     scalm   = 100.00000, pencut  =   0.10000, tausw   =   0.10000

| Intermolecular bonds treatment:
|     no_intermolecular_bonds =       1

| Energy averages sample interval:
|     ene_avg_sampling =    1000

Ewald parameters:
     verbose =       0, ew_type =       0, nbflag  =       1, use_pme =       1
     vdwmeth =       1, eedmeth =       1, netfrc  =       1
     Box X =   60.763   Box Y =   64.852   Box Z =   73.381
     Alpha =   90.000   Beta  =   90.000   Gamma =   90.000
     NFFT1 =   64       NFFT2 =   72       NFFT3 =   75
     Cutoff=    8.000   Tol   =0.100E-04
     Ewald Coefficient =  0.34864
     Interpolation order =    4

    LOADING THE CONSTRAINED ATOMS AS GROUPS


   5.  REFERENCE ATOM COORDINATES

  NIL                                                                             
     Mask !:WAT & !@H=; matches  1301 atoms

--------------------------------------------------------------------------------
   3.  ATOMIC COORDINATES AND VELOCITIES
--------------------------------------------------------------------------------

NIL                                                                             
 begin time read from input coords =     0.000 ps



           Begin reading energy term weight changes/NMR restraints
 WEIGHT CHANGES:
 TEMP0         0   8000    5.000000  300.000000      0      0

 RESTRAINTS:
                          ** No restraint defined **

                  Done reading weight changes/NMR restraints


 
 Number of triangulated 3-point waters found:     7432

     Sum of charges from parm topology file =   0.00039182
     Forcing neutrality...

| Dynamic Memory, Types Used:
| Reals              849196
| Integers          1048585

| Nonbonded Pairs Initial Allocation:     4161594

--------------------------------------------------------------------------------
   4.  RESULTS
--------------------------------------------------------------------------------

 ---------------------------------------------------
 APPROXIMATING switch and d/dx switch using CUBIC SPLINE INTERPOLATION
 using   5000.0 points per unit in tabled values
 TESTING RELATIVE ERROR over r ranging from 0.0 to cutoff
| CHECK switch(x): max rel err =   0.2738E-14   at   2.422500
| CHECK d/dx switch(x): max rel err =   0.8332E-11   at   2.782960
 ---------------------------------------------------
|---------------------------------------------------
| APPROXIMATING direct energy using CUBIC SPLINE INTERPOLATION
|  with   50.0 points per unit in tabled values
| Relative Error Limit not exceeded for r .gt.   2.47
| APPROXIMATING direct force using CUBIC SPLINE INTERPOLATION
|  with   50.0 points per unit in tabled values
| Relative Error Limit not exceeded for r .gt.   2.89
|---------------------------------------------------

 NSTEP =        0   TIME(PS) =       0.000  TEMP(K) =     7.34  PRESS =     0.0
 Etot   =    -79311.0467  EKtot   =       372.7408  EPtot      =    -79683.7875
 BOND   =      1435.5300  ANGLE   =      1161.3671  DIHED      =      1877.6256
 1-4 NB =       688.6487  1-4 EEL =      6139.7323  VDWAALS    =      6976.2364
 EELEC  =    -97962.9276  EHBOND  =         0.0000  RESTRAINT  =         0.0000
 Ewald error estimate:   0.4907E-03
 ------------------------------------------------------------------------------

 NMR restraints: Bond =    0.000   Angle =     0.000   Torsion =     0.000
===============================================================================

 NSTEP =     1000   TIME(PS) =       2.000  TEMP(K) =    39.79  PRESS =     0.0
 Etot   =    -88488.5764  EKtot   =      2021.3348  EPtot      =    -90509.9112
 BOND   =       123.5277  ANGLE   =       334.0386  DIHED      =      1827.4629
 1-4 NB =       618.4324  1-4 EEL =      6056.6992  VDWAALS    =     14161.4269
 EELEC  =   -113715.5096  EHBOND  =         0.0000  RESTRAINT  =        84.0106
 EAMBER (non-restraint)  =    -90593.9218
 Ewald error estimate:   0.3103E-03
 ------------------------------------------------------------------------------

 NMR restraints: Bond =    0.000   Angle =     0.000   Torsion =     0.000
===============================================================================

 NSTEP =     2000   TIME(PS) =       4.000  TEMP(K) =    70.34  PRESS =     0.0
 Etot   =    -85872.5552  EKtot   =      3573.6184  EPtot      =    -89446.1736
 BOND   =       179.5489  ANGLE   =       454.4467  DIHED      =      1852.4486
 1-4 NB =       628.8743  1-4 EEL =      6043.6318  VDWAALS    =     14304.9371
 EELEC  =   -113019.7832  EHBOND  =         0.0000  RESTRAINT  =       109.7220
 EAMBER (non-restraint)  =    -89555.8956
 Ewald error estimate:   0.2599E-03
 ------------------------------------------------------------------------------

 NMR restraints: Bond =    0.000   Angle =     0.000   Torsion =     0.000
===============================================================================

 NSTEP =     3000   TIME(PS) =       6.000  TEMP(K) =   106.58  PRESS =     0.0
 Etot   =    -82444.7995  EKtot   =      5414.7421  EPtot      =    -87859.5416
 BOND   =       215.6975  ANGLE   =       587.1906  DIHED      =      1876.5578
 1-4 NB =       645.8063  1-4 EEL =      6048.0148  VDWAALS    =     14098.5771
 EELEC  =   -111466.3817  EHBOND  =         0.0000  RESTRAINT  =       134.9960
 EAMBER (non-restraint)  =    -87994.5375
 Ewald error estimate:   0.3352E-03
 ------------------------------------------------------------------------------

 NMR restraints: Bond =    0.000   Angle =     0.000   Torsion =     0.000
===============================================================================

 NSTEP =     4000   TIME(PS) =       8.000  TEMP(K) =   144.78  PRESS =     0.0
 Etot   =    -78648.7564  EKtot   =      7355.7140  EPtot      =    -86004.4704
 BOND   =       278.7256  ANGLE   =       683.9609  DIHED      =      1908.2054
 1-4 NB =       644.4254  1-4 EEL =      6037.7911  VDWAALS    =     13809.8875
 EELEC  =   -109523.5416  EHBOND  =         0.0000  RESTRAINT  =       156.0753
 EAMBER (non-restraint)  =    -86160.5457
 Ewald error estimate:   0.2557E-03
 ------------------------------------------------------------------------------

 NMR restraints: Bond =    0.000   Angle =     0.000   Torsion =     0.000
===============================================================================

 NSTEP =     5000   TIME(PS) =      10.000  TEMP(K) =   178.46  PRESS =     0.0
 Etot   =    -74750.3152  EKtot   =      9066.7807  EPtot      =    -83817.0959
 BOND   =       317.7321  ANGLE   =       869.3033  DIHED      =      1948.4609
 1-4 NB =       653.5420  1-4 EEL =      6004.3642  VDWAALS    =     12981.7866
 EELEC  =   -106767.2119  EHBOND  =         0.0000  RESTRAINT  =       174.9268
 EAMBER (non-restraint)  =    -83992.0228
 Ewald error estimate:   0.1934E-03
 ------------------------------------------------------------------------------

 NMR restraints: Bond =    0.000   Angle =     0.000   Torsion =     0.000
===============================================================================

 NSTEP =     6000   TIME(PS) =      12.000  TEMP(K) =   214.57  PRESS =     0.0
 Etot   =    -70540.9159  EKtot   =     10901.3812  EPtot      =    -81442.2971
 BOND   =       367.5023  ANGLE   =       910.3214  DIHED      =      1991.8053
 1-4 NB =       665.5345  1-4 EEL =      6046.2242  VDWAALS    =     12139.8922
 EELEC  =   -103774.5548  EHBOND  =         0.0000  RESTRAINT  =       210.9778
 EAMBER (non-restraint)  =    -81653.2748
 Ewald error estimate:   0.1369E-03
 ------------------------------------------------------------------------------

 NMR restraints: Bond =    0.000   Angle =     0.000   Torsion =     0.000
===============================================================================

 NSTEP =     7000   TIME(PS) =      14.000  TEMP(K) =   248.67  PRESS =     0.0
 Etot   =    -65343.7189  EKtot   =     12633.8725  EPtot      =    -77977.5914
 BOND   =       429.7200  ANGLE   =      1060.6886  DIHED      =      2003.0754
 1-4 NB =       670.1833  1-4 EEL =      6029.0108  VDWAALS    =     11153.7896
 EELEC  =    -99549.5766  EHBOND  =         0.0000  RESTRAINT  =       225.5176
 EAMBER (non-restraint)  =    -78203.1090
 Ewald error estimate:   0.3805E-04
 ------------------------------------------------------------------------------

 NMR restraints: Bond =    0.000   Angle =     0.000   Torsion =     0.000
===============================================================================

 NSTEP =     8000   TIME(PS) =      16.000  TEMP(K) =   286.13  PRESS =     0.0
 Etot   =    -59147.0224  EKtot   =     14536.8421  EPtot      =    -73683.8645
 BOND   =       473.3774  ANGLE   =      1195.1751  DIHED      =      2045.6299
 1-4 NB =       683.3256  1-4 EEL =      6048.4055  VDWAALS    =      9187.3878
 EELEC  =    -93578.3188  EHBOND  =         0.0000  RESTRAINT  =       261.1530
 EAMBER (non-restraint)  =    -73945.0175
 Ewald error estimate:   0.1523E-05
 ------------------------------------------------------------------------------

 NMR restraints: Bond =    0.000   Angle =     0.000   Torsion =     0.000
===============================================================================

 NSTEP =     9000   TIME(PS) =      18.000  TEMP(K) =   300.17  PRESS =     0.0
 Etot   =    -56938.0913  EKtot   =     15250.5034  EPtot      =    -72188.5947
 BOND   =       507.6011  ANGLE   =      1208.7132  DIHED      =      2067.5855
 1-4 NB =       668.1520  1-4 EEL =      5996.6701  VDWAALS    =      8511.3580
 EELEC  =    -91411.2716  EHBOND  =         0.0000  RESTRAINT  =       262.5971
 EAMBER (non-restraint)  =    -72451.1918
 Ewald error estimate:   0.4090E-05
 ------------------------------------------------------------------------------

 NMR restraints: Bond =    0.000   Angle =     0.000   Torsion =     0.000
===============================================================================

 NSTEP =    10000   TIME(PS) =      20.000  TEMP(K) =   296.77  PRESS =     0.0
 Etot   =    -56888.6256  EKtot   =     15077.6041  EPtot      =    -71966.2298
 BOND   =       501.5513  ANGLE   =      1178.5159  DIHED      =      2028.4474
 1-4 NB =       674.1806  1-4 EEL =      6023.7019  VDWAALS    =      8418.9091
 EELEC  =    -91055.9549  EHBOND  =         0.0000  RESTRAINT  =       264.4192
 EAMBER (non-restraint)  =    -72230.6489
 Ewald error estimate:   0.8032E-04
 ------------------------------------------------------------------------------

 NMR restraints: Bond =    0.000   Angle =     0.000   Torsion =     0.000
===============================================================================

      A V E R A G E S   O V E R      10 S T E P S


 NSTEP =    10000   TIME(PS) =      20.000  TEMP(K) =   188.63  PRESS =     0.0
 Etot   =    -71906.3377  EKtot   =      9583.2393  EPtot      =    -81489.5770
 BOND   =       339.4984  ANGLE   =       848.2354  DIHED      =      1954.9679
 1-4 NB =       655.2456  1-4 EEL =      6033.4514  VDWAALS    =     11876.7952
 EELEC  =   -103386.2105  EHBOND  =         0.0000  RESTRAINT  =       188.4395
 EAMBER (non-restraint)  =    -81678.0166
 Ewald error estimate:   0.1615E-03
 ------------------------------------------------------------------------------

 NMR restraints: Bond =    0.000   Angle =     0.000   Torsion =     0.000
===============================================================================

      R M S  F L U C T U A T I O N S


 NSTEP =    10000   TIME(PS) =      20.000  TEMP(K) =    91.01  PRESS =     0.0
 Etot   =     11366.3803  EKtot   =      4623.7526  EPtot      =      6793.5245
 BOND   =       131.5630  ANGLE   =       303.8799  DIHED      =        80.6956
 1-4 NB =        19.7543  1-4 EEL =        18.9090  VDWAALS    =      2282.9279
 EELEC  =      8487.5614  EHBOND  =         0.0000  RESTRAINT  =        62.9527
 EAMBER (non-restraint)  =      6730.5719
 Ewald error estimate:   0.1203E-03
 ------------------------------------------------------------------------------


 NMR restraints on final step:

--------------------------------------------------------------------------------
   5.  TIMINGS
--------------------------------------------------------------------------------

|  NonSetup CPU Time in Major Routines:
|
|     Routine           Sec        %
|     ------------------------------
|     Nonbond         527.25   88.11
|     Bond              2.22    0.37
|     Angle            17.05    2.85
|     Dihedral         12.82    2.14
|     Shake             6.60    1.10
|     RunMD            32.45    5.42
|     Other             0.04    0.01
|     ------------------------------
|     Total           598.43

|  PME Nonbond Pairlist CPU Time:
|
|     Routine              Sec        %
|     ---------------------------------
|     Set Up Cit           0.89    0.15
|     Build List          93.46   15.62
|     ---------------------------------
|     Total               94.35   15.77

|  PME Direct Force CPU Time:
|
|     Routine              Sec        %
|     ---------------------------------
|     NonBonded Calc     305.54   51.06
|     Exclude Masked       9.15    1.53
|     Other                2.88    0.48
|     ---------------------------------
|     Total              317.58   53.07

|  PME Reciprocal Force CPU Time:
|
|     Routine              Sec        %
|     ---------------------------------
|     1D bspline           5.11    0.85
|     Grid Charges        11.63    1.94
|     Scalar Sum           3.62    0.61
|     Gradient Sum        21.33    3.56
|     FFT                 73.60   12.30
|     ---------------------------------
|     Total              115.29   19.27

|  Final Performance Info:
|     -----------------------------------------------------
|     Average timings for last       1 steps:
|     Elapsed(s) =       0.00 Per Step(ms) =       0.69
|         ns/day =     249.31   seconds/ns =     346.56
|
|     Average timings for all steps:
|     Elapsed(s) =     599.16 Per Step(ms) =      59.92
|         ns/day =       2.88   seconds/ns =   29958.04
|     -----------------------------------------------------

|  Setup CPU time:            0.13 seconds
|  NonSetup CPU time:       598.43 seconds
|  Total CPU time:          598.55 seconds     0.17 hours

|  Setup wall time:           0    seconds
|  NonSetup wall time:      600    seconds
|  Total wall time:         600    seconds     0.17 hours
