
          -------------------------------------------------------
          Amber 16 PMEMD                              2016
          -------------------------------------------------------

| PMEMD implementation of SANDER, Release 16

| Run on 02/22/2019 at 08:52:28

|   Executable path: pmemd.cuda
| Working directory: /Users/meister/Development/deploy-demos/demos/data/amber-dynamics/jobs
|          Hostname: Unknown
| WARNING: Stack usage limited by a hard resource limit of   67104768 bytes!
|          If segment violations occur, get your sysadmin to increase the limit.
  [-O]verwriting output

File Assignments:
|   MDIN: pres.in                                                               
|  MDOUT: pres.out                                                              
| INPCRD: heat.rst7                                                             
|   PARM: complex.parm7                                                         
| RESTRT: pres.rst7                                                             
|   REFC: heat.rst7                                                             
|  MDVEL: mdvel                                                                 
|   MDEN: pres.en                                                               
|  MDCRD: pres.nc                                                               
| MDINFO: pres.info                                                             
|  MDFRC: mdfrc                                                                 


 Here is the input file:

pressurising                                                                   
 &cntrl                                                                        
   imin = 0, nstlim = 10000, irest = 1, ntx = 5, dt = 0.002,                   
   ntt = 3, temp0 = 300.0, gamma_ln = 2.0, ig = -1,                            
   tautp = 1.0,                                                                
   vlimit = 20,                                                                
   ntp = 1, pres0 = 1.0, taup = 2.0,                                           
   ntb = 2,                                                                    
   ntc = 2, ntf = 1,                                                           
   ioutfm = 1, iwrap = 1,                                                      
   ntwe = 1000, ntwx = 1000, ntpr = 1000, ntwr = 5000,                         
                                                                               
   ntr = 1, restraint_wt = 5.00,                                               
   restraintmask='!:WAT & !@H='                                                
 /                                                                             
 &ewald                                                                        
 /                                                                             
                                                                               


Note: ig = -1. Setting random seed to   593067 based on wallclock time in 
      microseconds.
| irandom = 1, using AMBER's internal random number generator (default).
 
 
| Conditional Compilation Defines Used:
| PUBFFT
| BINTRAJ
| EMIL

| Largest sphere to fit in unit cell has radius =    30.381

| New format PARM file being parsed.
| Version =    1.000 Date = 02/22/19 Time = 02:59:15

| Note: 1-4 EEL scale factors are being read from the topology file.

| Note: 1-4 VDW scale factors are being read from the topology file.
| Duplicated    0 dihedrals

| Duplicated    0 dihedrals

--------------------------------------------------------------------------------
   1.  RESOURCE   USE: 
--------------------------------------------------------------------------------

 getting box info from netcdf restart file
 NATOM  =   24916 NTYPES =      16 NBONH =   23615 MBONA  =    1317
 NTHETH =   25276 MTHETA =    1773 NPHIH =    6041 MPHIA  =    5529
 NHPARM =       0 NPARM  =       0 NNB   =   44093 NRES   =    7599
 NBONA  =    1317 NTHETA =    1773 NPHIA =    5529 NUMBND =      69
 NUMANG =     155 NPTRA  =     186 NATYP =      38 NPHB   =       0
 IFBOX  =       1 NMXRS  =      24 IFCAP =       0 NEXTRA =       0
 NCOPY  =       0

| Coordinate Index Table dimensions:    13   14   16
| Direct force subcell size =     4.6741    4.6323    4.5863

     BOX TYPE: RECTILINEAR

--------------------------------------------------------------------------------
   2.  CONTROL  DATA  FOR  THE  RUN
--------------------------------------------------------------------------------

NIL                                                                             

General flags:
     imin    =       0, nmropt  =       0

Nature and format of input:
     ntx     =       5, irest   =       1, ntrx    =       1

Nature and format of output:
     ntxo    =       2, ntpr    =    1000, ntrx    =       1, ntwr    =    5000
     iwrap   =       1, ntwx    =    1000, ntwv    =       0, ntwe    =    1000
     ioutfm  =       1, ntwprt  =       0, idecomp =       0, rbornstat=      0

Potential function:
     ntf     =       1, ntb     =       2, igb     =       0, nsnb    =      25
     ipol    =       0, gbsa    =       0, iesp    =       0
     dielc   =   1.00000, cut     =   8.00000, intdiel =   1.00000

Frozen or restrained atoms:
     ibelly  =       0, ntr     =       1
     restraint_wt =   5.00000

Molecular dynamics:
     nstlim  =     10000, nscm    =         0, nrespa  =         1
     t       =   0.00000, dt      =   0.00200, vlimit  =  20.00000

Langevin dynamics temperature regulation:
     ig      =  593067
     temp0   = 300.00000, tempi   =   0.00000, gamma_ln=   2.00000

Pressure regulation:
     ntp     =       1
     pres0   =   1.00000, comp    =  44.60000, taup    =   2.00000

SHAKE:
     ntc     =       2, jfastw  =       0
     tol     =   0.00001

| Intermolecular bonds treatment:
|     no_intermolecular_bonds =       1

| Energy averages sample interval:
|     ene_avg_sampling =    1000

Ewald parameters:
     verbose =       0, ew_type =       0, nbflag  =       1, use_pme =       1
     vdwmeth =       1, eedmeth =       1, netfrc  =       1
     Box X =   60.763   Box Y =   64.852   Box Z =   73.381
     Alpha =   90.000   Beta  =   90.000   Gamma =   90.000
     NFFT1 =   64       NFFT2 =   72       NFFT3 =   75
     Cutoff=    8.000   Tol   =0.100E-04
     Ewald Coefficient =  0.34864
     Interpolation order =    4

    LOADING THE CONSTRAINED ATOMS AS GROUPS


   5.  REFERENCE ATOM COORDINATES

  NIL                                                                             
     Mask !:WAT & !@H=; matches  1301 atoms

--------------------------------------------------------------------------------
   3.  ATOMIC COORDINATES AND VELOCITIES
--------------------------------------------------------------------------------

NIL                                                                             
 begin time read from input coords =    20.000 ps

 
 Number of triangulated 3-point waters found:     7432

     Sum of charges from parm topology file =   0.00039182
     Forcing neutrality...

| Dynamic Memory, Types Used:
| Reals             1184988
| Integers          1048556

| Nonbonded Pairs Initial Allocation:     4161594

--------------------------------------------------------------------------------
   4.  RESULTS
--------------------------------------------------------------------------------

 ---------------------------------------------------
 APPROXIMATING switch and d/dx switch using CUBIC SPLINE INTERPOLATION
 using   5000.0 points per unit in tabled values
 TESTING RELATIVE ERROR over r ranging from 0.0 to cutoff
| CHECK switch(x): max rel err =   0.2738E-14   at   2.422500
| CHECK d/dx switch(x): max rel err =   0.8332E-11   at   2.782960
 ---------------------------------------------------
|---------------------------------------------------
| APPROXIMATING direct energy using CUBIC SPLINE INTERPOLATION
|  with   50.0 points per unit in tabled values
| Relative Error Limit not exceeded for r .gt.   2.47
| APPROXIMATING direct force using CUBIC SPLINE INTERPOLATION
|  with   50.0 points per unit in tabled values
| Relative Error Limit not exceeded for r .gt.   2.89
|---------------------------------------------------

 NSTEP =     1000   TIME(PS) =      22.000  TEMP(K) =   300.54  PRESS =  -738.1
 Etot   =    -57229.6198  EKtot   =     15268.8941  EPtot      =    -72498.5139
 BOND   =       520.0685  ANGLE   =      1231.3640  DIHED      =      2043.2616
 1-4 NB =       667.0586  1-4 EEL =      6022.6151  VDWAALS    =      8725.6638
 EELEC  =    -91972.1655  EHBOND  =         0.0000  RESTRAINT  =       263.6199
 EAMBER (non-restraint)  =    -72762.1338
 EKCMT  =      6634.8734  VIRIAL  =     11074.3432  VOLUME     =    278588.5444
                                                    Density    =         0.9088
 Ewald error estimate:   0.8107E-05
 ------------------------------------------------------------------------------


 NSTEP =     2000   TIME(PS) =      24.000  TEMP(K) =   298.12  PRESS =  -659.1
 Etot   =    -57715.4996  EKtot   =     15146.0296  EPtot      =    -72861.5291
 BOND   =       490.5503  ANGLE   =      1225.4419  DIHED      =      2061.7909
 1-4 NB =       669.0046  1-4 EEL =      6034.2369  VDWAALS    =      8664.4555
 EELEC  =    -92272.0176  EHBOND  =         0.0000  RESTRAINT  =       265.0084
 EAMBER (non-restraint)  =    -73126.5376
 EKCMT  =      6557.6077  VIRIAL  =     10407.4183  VOLUME     =    270538.0132
                                                    Density    =         0.9359
 Ewald error estimate:   0.2380E-04
 ------------------------------------------------------------------------------


 NSTEP =     3000   TIME(PS) =      26.000  TEMP(K) =   297.94  PRESS =  -415.3
 Etot   =    -58169.7565  EKtot   =     15136.7496  EPtot      =    -73306.5061
 BOND   =       518.9708  ANGLE   =      1286.6704  DIHED      =      2063.4039
 1-4 NB =       659.7996  1-4 EEL =      5971.4829  VDWAALS    =      8824.9229
 EELEC  =    -92883.4845  EHBOND  =         0.0000  RESTRAINT  =       251.7280
 EAMBER (non-restraint)  =    -73558.2341
 EKCMT  =      6683.0631  VIRIAL  =      9052.5149  VOLUME     =    264242.4691
                                                    Density    =         0.9582
 Ewald error estimate:   0.3603E-04
 ------------------------------------------------------------------------------


 NSTEP =     4000   TIME(PS) =      28.000  TEMP(K) =   297.80  PRESS =  -366.0
 Etot   =    -58772.5685  EKtot   =     15129.7889  EPtot      =    -73902.3574
 BOND   =       493.3945  ANGLE   =      1215.8988  DIHED      =      2050.8141
 1-4 NB =       662.9629  1-4 EEL =      5964.0837  VDWAALS    =      8788.7610
 EELEC  =    -93356.5977  EHBOND  =         0.0000  RESTRAINT  =       278.3255
 EAMBER (non-restraint)  =    -74180.6828
 EKCMT  =      6603.3433  VIRIAL  =      8654.3319  VOLUME     =    259524.4858
                                                    Density    =         0.9756
 Ewald error estimate:   0.2750E-04
 ------------------------------------------------------------------------------


 NSTEP =     5000   TIME(PS) =      30.000  TEMP(K) =   299.83  PRESS =   -86.3
 Etot   =    -58774.4621  EKtot   =     15233.0388  EPtot      =    -74007.5009
 BOND   =       493.6872  ANGLE   =      1191.1844  DIHED      =      2017.0613
 1-4 NB =       671.8950  1-4 EEL =      6007.3548  VDWAALS    =      8872.4811
 EELEC  =    -93512.4456  EHBOND  =         0.0000  RESTRAINT  =       251.2808
 EAMBER (non-restraint)  =    -74258.7817
 EKCMT  =      6582.8468  VIRIAL  =      7059.3975  VOLUME     =    255798.9156
                                                    Density    =         0.9898
 Ewald error estimate:   0.1070E-03
 ------------------------------------------------------------------------------


 NSTEP =     6000   TIME(PS) =      32.000  TEMP(K) =   303.58  PRESS =    98.2
 Etot   =    -58477.5188  EKtot   =     15423.5160  EPtot      =    -73901.0348
 BOND   =       526.2161  ANGLE   =      1225.3030  DIHED      =      2070.1455
 1-4 NB =       659.1275  1-4 EEL =      5995.0777  VDWAALS    =      8874.5842
 EELEC  =    -93506.8813  EHBOND  =         0.0000  RESTRAINT  =       255.3924
 EAMBER (non-restraint)  =    -74156.4272
 EKCMT  =      6753.7898  VIRIAL  =      6215.4358  VOLUME     =    253993.1963
                                                    Density    =         0.9968
 Ewald error estimate:   0.2120E-04
 ------------------------------------------------------------------------------


 NSTEP =     7000   TIME(PS) =      34.000  TEMP(K) =   299.45  PRESS =  -423.3
 Etot   =    -58849.7913  EKtot   =     15213.4812  EPtot      =    -74063.2726
 BOND   =       493.1150  ANGLE   =      1227.4122  DIHED      =      2033.8185
 1-4 NB =       667.2608  1-4 EEL =      6008.8995  VDWAALS    =      8611.8961
 EELEC  =    -93372.6211  EHBOND  =         0.0000  RESTRAINT  =       266.9464
 EAMBER (non-restraint)  =    -74330.2190
 EKCMT  =      6684.3022  VIRIAL  =      8990.5589  VOLUME     =    252334.1188
                                                    Density    =         1.0034
 Ewald error estimate:   0.1314E-03
 ------------------------------------------------------------------------------


 NSTEP =     8000   TIME(PS) =      36.000  TEMP(K) =   300.53  PRESS =    69.8
 Etot   =    -58848.7070  EKtot   =     15268.3373  EPtot      =    -74117.0443
 BOND   =       490.4499  ANGLE   =      1233.3389  DIHED      =      2053.9678
 1-4 NB =       662.9206  1-4 EEL =      6004.9579  VDWAALS    =      8918.9999
 EELEC  =    -93741.3252  EHBOND  =         0.0000  RESTRAINT  =       259.6458
 EAMBER (non-restraint)  =    -74376.6901
 EKCMT  =      6725.1570  VIRIAL  =      6346.0271  VOLUME     =    251442.0161
                                                    Density    =         1.0069
 Ewald error estimate:   0.1254E-03
 ------------------------------------------------------------------------------


 NSTEP =     9000   TIME(PS) =      38.000  TEMP(K) =   297.98  PRESS =  -284.2
 Etot   =    -58883.9025  EKtot   =     15139.1557  EPtot      =    -74023.0582
 BOND   =       465.9430  ANGLE   =      1242.6701  DIHED      =      2067.4547
 1-4 NB =       667.1619  1-4 EEL =      6007.8788  VDWAALS    =      8632.7560
 EELEC  =    -93384.3965  EHBOND  =         0.0000  RESTRAINT  =       277.4737
 EAMBER (non-restraint)  =    -74300.5319
 EKCMT  =      6534.0771  VIRIAL  =      8072.4012  VOLUME     =    250653.2480
                                                    Density    =         1.0101
 Ewald error estimate:   0.1874E-03
 ------------------------------------------------------------------------------


 NSTEP =    10000   TIME(PS) =      40.000  TEMP(K) =   300.75  PRESS =    11.9
 Etot   =    -59037.6295  EKtot   =     15279.7987  EPtot      =    -74317.4281
 BOND   =       497.7371  ANGLE   =      1203.1358  DIHED      =      2052.2547
 1-4 NB =       653.5452  1-4 EEL =      6002.0984  VDWAALS    =      8899.1855
 EELEC  =    -93895.9526  EHBOND  =         0.0000  RESTRAINT  =       270.5679
 EAMBER (non-restraint)  =    -74587.9960
 EKCMT  =      6773.0506  VIRIAL  =      6708.5396  VOLUME     =    250370.9754
                                                    Density    =         1.0113
 Ewald error estimate:   0.2298E-04
 ------------------------------------------------------------------------------


      A V E R A G E S   O V E R      10 S T E P S


 NSTEP =    10000   TIME(PS) =      40.000  TEMP(K) =   299.65  PRESS =  -279.2
 Etot   =    -58475.9456  EKtot   =     15223.8790  EPtot      =    -73699.8245
 BOND   =       499.0132  ANGLE   =      1228.2420  DIHED      =      2051.3973
 1-4 NB =       664.0737  1-4 EEL =      6001.8686  VDWAALS    =      8781.3706
 EELEC  =    -93189.7888  EHBOND  =         0.0000  RESTRAINT  =       263.9989
 EAMBER (non-restraint)  =    -73963.8234
 EKCMT  =      6653.2111  VIRIAL  =      8258.0968  VOLUME     =    258748.5983
                                                    Density    =         0.9797
 Ewald error estimate:   0.6909E-04
 ------------------------------------------------------------------------------


      R M S  F L U C T U A T I O N S


 NSTEP =    10000   TIME(PS) =      40.000  TEMP(K) =     1.73  PRESS =   280.7
 Etot   =       562.4133  EKtot   =        87.6698  EPtot      =       571.7374
 BOND   =        17.0780  ANGLE   =        24.1472  DIHED      =        15.5672
 1-4 NB =         5.1984  1-4 EEL =        20.0012  VDWAALS    =       109.2446
 EELEC  =       593.7485  EHBOND  =         0.0000  RESTRAINT  =         9.1933
 EAMBER (non-restraint)  =       562.5441
 EKCMT  =        79.1320  VIRIAL  =      1599.2622  VOLUME     =      9082.7519
                                                    Density    =         0.0332
 Ewald error estimate:   0.5958E-04
 ------------------------------------------------------------------------------

--------------------------------------------------------------------------------
   5.  TIMINGS
--------------------------------------------------------------------------------

|  NonSetup CPU Time in Major Routines:
|
|     Routine           Sec        %
|     ------------------------------
|     Nonbond         800.20   90.85
|     Bond              2.45    0.28
|     Angle            18.73    2.13
|     Dihedral         14.04    1.59
|     Shake             7.19    0.82
|     RunMD            38.12    4.33
|     Other             0.03    0.00
|     ------------------------------
|     Total           880.75

|  PME Nonbond Pairlist CPU Time:
|
|     Routine              Sec        %
|     ---------------------------------
|     Set Up Cit           1.35    0.15
|     Build List         151.40   17.19
|     ---------------------------------
|     Total              152.75   17.34

|  PME Direct Force CPU Time:
|
|     Routine              Sec        %
|     ---------------------------------
|     NonBonded Calc     484.22   54.98
|     Exclude Masked      10.04    1.14
|     Other                5.21    0.59
|     ---------------------------------
|     Total              499.47   56.71

|  PME Reciprocal Force CPU Time:
|
|     Routine              Sec        %
|     ---------------------------------
|     1D bspline           5.57    0.63
|     Grid Charges        12.75    1.45
|     Scalar Sum          25.10    2.85
|     Gradient Sum        23.47    2.66
|     FFT                 81.03    9.20
|     ---------------------------------
|     Total              147.92   16.80

|  Final Performance Info:
|     -----------------------------------------------------
|     Average timings for last       1 steps:
|     Elapsed(s) =       0.00 Per Step(ms) =       1.32
|         ns/day =     131.12   seconds/ns =     658.94
|
|     Average timings for all steps:
|     Elapsed(s) =    3399.13 Per Step(ms) =     339.91
|         ns/day =       0.51   seconds/ns =  169956.31
|     -----------------------------------------------------

|  Setup CPU time:            0.12 seconds
|  NonSetup CPU time:       880.75 seconds
|  Total CPU time:          880.87 seconds     0.24 hours

|  Setup wall time:           0    seconds
|  NonSetup wall time:     3399    seconds
|  Total wall time:        3399    seconds     0.94 hours
